<?xml version="1.0" encoding="UTF-8"?>
<testsuites tests="74" failures="0" disabled="0" errors="0" time="51.041" timestamp="2025-07-28T08:17:50.706" name="AllTests">
  <testsuite name="SessionTest" tests="38" failures="0" disabled="0" skipped="0" errors="0" time="1.001" timestamp="2025-07-28T08:17:50.758">
    <testcase name="ConstructorSetsName" file="/home/bigattichouse/workspace/headlessweb/tests/session/test_session.cpp" line="23" status="run" result="completed" time="0." timestamp="2025-07-28T08:17:50.758" classname="SessionTest" />
    <testcase name="SetAndGetCurrentUrl" file="/home/bigattichouse/workspace/headlessweb/tests/session/test_session.cpp" line="27" status="run" result="completed" time="0." timestamp="2025-07-28T08:17:50.758" classname="SessionTest" />
    <testcase name="InitialHistoryIsEmpty" file="/home/bigattichouse/workspace/headlessweb/tests/session/test_session.cpp" line="34" status="run" result="completed" time="0." timestamp="2025-07-28T08:17:50.758" classname="SessionTest" />
    <testcase name="AddToHistoryUpdatesState" file="/home/bigattichouse/workspace/headlessweb/tests/session/test_session.cpp" line="41" status="run" result="completed" time="0." timestamp="2025-07-28T08:17:50.758" classname="SessionTest" />
    <testcase name="HistoryNavigationLogic" file="/home/bigattichouse/workspace/headlessweb/tests/session/test_session.cpp" line="52" status="run" result="completed" time="0." timestamp="2025-07-28T08:17:50.758" classname="SessionTest" />
    <testcase name="InitialCookiesEmpty" file="/home/bigattichouse/workspace/headlessweb/tests/session/test_session.cpp" line="75" status="run" result="completed" time="0." timestamp="2025-07-28T08:17:50.758" classname="SessionTest" />
    <testcase name="AddSingleCookie" file="/home/bigattichouse/workspace/headlessweb/tests/session/test_session.cpp" line="79" status="run" result="completed" time="0." timestamp="2025-07-28T08:17:50.758" classname="SessionTest" />
    <testcase name="SetMultipleCookies" file="/home/bigattichouse/workspace/headlessweb/tests/session/test_session.cpp" line="100" status="run" result="completed" time="0." timestamp="2025-07-28T08:17:50.758" classname="SessionTest" />
    <testcase name="ClearCookies" file="/home/bigattichouse/workspace/headlessweb/tests/session/test_session.cpp" line="119" status="run" result="completed" time="0." timestamp="2025-07-28T08:17:50.758" classname="SessionTest" />
    <testcase name="LocalStorageOperations" file="/home/bigattichouse/workspace/headlessweb/tests/session/test_session.cpp" line="133" status="run" result="completed" time="0." timestamp="2025-07-28T08:17:50.758" classname="SessionTest" />
    <testcase name="SessionStorageOperations" file="/home/bigattichouse/workspace/headlessweb/tests/session/test_session.cpp" line="145" status="run" result="completed" time="0." timestamp="2025-07-28T08:17:50.758" classname="SessionTest" />
    <testcase name="SetCompleteStorageMaps" file="/home/bigattichouse/workspace/headlessweb/tests/session/test_session.cpp" line="155" status="run" result="completed" time="0." timestamp="2025-07-28T08:17:50.758" classname="SessionTest" />
    <testcase name="FormFieldOperations" file="/home/bigattichouse/workspace/headlessweb/tests/session/test_session.cpp" line="172" status="run" result="completed" time="0." timestamp="2025-07-28T08:17:50.758" classname="SessionTest" />
    <testcase name="CheckboxFormField" file="/home/bigattichouse/workspace/headlessweb/tests/session/test_session.cpp" line="193" status="run" result="completed" time="0." timestamp="2025-07-28T08:17:50.758" classname="SessionTest" />
    <testcase name="ClearFormFields" file="/home/bigattichouse/workspace/headlessweb/tests/session/test_session.cpp" line="207" status="run" result="completed" time="0." timestamp="2025-07-28T08:17:50.758" classname="SessionTest" />
    <testcase name="ActiveElementsOperations" file="/home/bigattichouse/workspace/headlessweb/tests/session/test_session.cpp" line="220" status="run" result="completed" time="0." timestamp="2025-07-28T08:17:50.758" classname="SessionTest" />
    <testcase name="SetActiveElements" file="/home/bigattichouse/workspace/headlessweb/tests/session/test_session.cpp" line="233" status="run" result="completed" time="0." timestamp="2025-07-28T08:17:50.758" classname="SessionTest" />
    <testcase name="ScrollPositionOperations" file="/home/bigattichouse/workspace/headlessweb/tests/session/test_session.cpp" line="246" status="run" result="completed" time="0." timestamp="2025-07-28T08:17:50.758" classname="SessionTest" />
    <testcase name="DefaultScrollPosition" file="/home/bigattichouse/workspace/headlessweb/tests/session/test_session.cpp" line="262" status="run" result="completed" time="0." timestamp="2025-07-28T08:17:50.758" classname="SessionTest" />
    <testcase name="PageHashOperations" file="/home/bigattichouse/workspace/headlessweb/tests/session/test_session.cpp" line="270" status="run" result="completed" time="0." timestamp="2025-07-28T08:17:50.758" classname="SessionTest" />
    <testcase name="DocumentReadyState" file="/home/bigattichouse/workspace/headlessweb/tests/session/test_session.cpp" line="275" status="run" result="completed" time="0." timestamp="2025-07-28T08:17:50.758" classname="SessionTest" />
    <testcase name="ReadyConditionsOperations" file="/home/bigattichouse/workspace/headlessweb/tests/session/test_session.cpp" line="282" status="run" result="completed" time="0." timestamp="2025-07-28T08:17:50.758" classname="SessionTest" />
    <testcase name="ClearReadyConditions" file="/home/bigattichouse/workspace/headlessweb/tests/session/test_session.cpp" line="306" status="run" result="completed" time="0." timestamp="2025-07-28T08:17:50.758" classname="SessionTest" />
    <testcase name="ViewportOperations" file="/home/bigattichouse/workspace/headlessweb/tests/session/test_session.cpp" line="320" status="run" result="completed" time="0." timestamp="2025-07-28T08:17:50.758" classname="SessionTest" />
    <testcase name="UserAgentOperations" file="/home/bigattichouse/workspace/headlessweb/tests/session/test_session.cpp" line="330" status="run" result="completed" time="0." timestamp="2025-07-28T08:17:50.758" classname="SessionTest" />
    <testcase name="CustomVariableOperations" file="/home/bigattichouse/workspace/headlessweb/tests/session/test_session.cpp" line="338" status="run" result="completed" time="0." timestamp="2025-07-28T08:17:50.758" classname="SessionTest" />
    <testcase name="MultipleCustomVariables" file="/home/bigattichouse/workspace/headlessweb/tests/session/test_session.cpp" line="348" status="run" result="completed" time="0." timestamp="2025-07-28T08:17:50.758" classname="SessionTest" />
    <testcase name="StateExtractorOperations" file="/home/bigattichouse/workspace/headlessweb/tests/session/test_session.cpp" line="365" status="run" result="completed" time="0." timestamp="2025-07-28T08:17:50.758" classname="SessionTest" />
    <testcase name="ExtractedStateOperations" file="/home/bigattichouse/workspace/headlessweb/tests/session/test_session.cpp" line="377" status="run" result="completed" time="0." timestamp="2025-07-28T08:17:50.758" classname="SessionTest" />
    <testcase name="ActionRecordingOperations" file="/home/bigattichouse/workspace/headlessweb/tests/session/test_session.cpp" line="398" status="run" result="completed" time="0." timestamp="2025-07-28T08:17:50.758" classname="SessionTest" />
    <testcase name="ClearRecordedActions" file="/home/bigattichouse/workspace/headlessweb/tests/session/test_session.cpp" line="428" status="run" result="completed" time="0." timestamp="2025-07-28T08:17:50.758" classname="SessionTest" />
    <testcase name="LastAccessedOperations" file="/home/bigattichouse/workspace/headlessweb/tests/session/test_session.cpp" line="445" status="run" result="completed" time="1.001" timestamp="2025-07-28T08:17:50.758" classname="SessionTest" />
    <testcase name="ApproximateSize" file="/home/bigattichouse/workspace/headlessweb/tests/session/test_session.cpp" line="458" status="run" result="completed" time="0." timestamp="2025-07-28T08:17:51.759" classname="SessionTest" />
    <testcase name="SerializationRoundTrip" file="/home/bigattichouse/workspace/headlessweb/tests/session/test_session.cpp" line="474" status="run" result="completed" time="0." timestamp="2025-07-28T08:17:51.759" classname="SessionTest" />
    <testcase name="SerializationWithComplexData" file="/home/bigattichouse/workspace/headlessweb/tests/session/test_session.cpp" line="510" status="run" result="completed" time="0." timestamp="2025-07-28T08:17:51.759" classname="SessionTest" />
    <testcase name="EmptyStringHandling" file="/home/bigattichouse/workspace/headlessweb/tests/session/test_session.cpp" line="566" status="run" result="completed" time="0." timestamp="2025-07-28T08:17:51.759" classname="SessionTest" />
    <testcase name="LargeDataHandling" file="/home/bigattichouse/workspace/headlessweb/tests/session/test_session.cpp" line="576" status="run" result="completed" time="0." timestamp="2025-07-28T08:17:51.759" classname="SessionTest" />
    <testcase name="UnicodeHandling" file="/home/bigattichouse/workspace/headlessweb/tests/session/test_session.cpp" line="594" status="run" result="completed" time="0." timestamp="2025-07-28T08:17:51.759" classname="SessionTest" />
  </testsuite>
  <testsuite name="BrowserCoreTest" tests="17" failures="0" disabled="0" skipped="0" errors="0" time="3.683" timestamp="2025-07-28T08:17:51.759">
    <testcase name="BrowserDefaultConstruction" file="/home/bigattichouse/workspace/headlessweb/tests/browser/test_browser_core.cpp" line="61" status="run" result="completed" time="0.129" timestamp="2025-07-28T08:17:51.759" classname="BrowserCoreTest" />
    <testcase name="BrowserSessionInitialization" file="/home/bigattichouse/workspace/headlessweb/tests/browser/test_browser_core.cpp" line="69" status="run" result="completed" time="0." timestamp="2025-07-28T08:17:51.889" classname="BrowserCoreTest" />
    <testcase name="ValidateHttpUrls" file="/home/bigattichouse/workspace/headlessweb/tests/browser/test_browser_core.cpp" line="79" status="run" result="completed" time="0.001" timestamp="2025-07-28T08:17:51.890" classname="BrowserCoreTest" />
    <testcase name="ValidateFileUrls" file="/home/bigattichouse/workspace/headlessweb/tests/browser/test_browser_core.cpp" line="88" status="run" result="completed" time="0.001" timestamp="2025-07-28T08:17:51.891" classname="BrowserCoreTest" />
    <testcase name="RejectInvalidUrls" file="/home/bigattichouse/workspace/headlessweb/tests/browser/test_browser_core.cpp" line="108" status="run" result="completed" time="0.001" timestamp="2025-07-28T08:17:51.893" classname="BrowserCoreTest" />
    <testcase name="ValidateFileUrlSecurity" file="/home/bigattichouse/workspace/headlessweb/tests/browser/test_browser_core.cpp" line="119" status="run" result="completed" time="0.001" timestamp="2025-07-28T08:17:51.894" classname="BrowserCoreTest" />
    <testcase name="DetectFileUrls" file="/home/bigattichouse/workspace/headlessweb/tests/browser/test_browser_core.cpp" line="129" status="run" result="completed" time="0.001" timestamp="2025-07-28T08:17:51.895" classname="BrowserCoreTest" />
    <testcase name="ValidateFileUrlPaths" file="/home/bigattichouse/workspace/headlessweb/tests/browser/test_browser_core.cpp" line="137" status="run" result="completed" time="0.001" timestamp="2025-07-28T08:17:51.897" classname="BrowserCoreTest" />
    <testcase name="GetDefaultViewport" file="/home/bigattichouse/workspace/headlessweb/tests/browser/test_browser_core.cpp" line="152" status="run" result="completed" time="0.001" timestamp="2025-07-28T08:17:51.898" classname="BrowserCoreTest" />
    <testcase name="ViewportForScreenshots" file="/home/bigattichouse/workspace/headlessweb/tests/browser/test_browser_core.cpp" line="162" status="run" result="completed" time="0.209" timestamp="2025-07-28T08:17:51.899" classname="BrowserCoreTest" />
    <testcase name="NavigationStateManagement" file="/home/bigattichouse/workspace/headlessweb/tests/browser/test_browser_core.cpp" line="176" status="run" result="completed" time="0." timestamp="2025-07-28T08:17:52.108" classname="BrowserCoreTest" />
    <testcase name="JavaScriptExecutionInterface" file="/home/bigattichouse/workspace/headlessweb/tests/browser/test_browser_core.cpp" line="191" status="run" result="completed" time="0.005" timestamp="2025-07-28T08:17:52.109" classname="BrowserCoreTest" />
    <testcase name="ErrorHandlingRobustness" file="/home/bigattichouse/workspace/headlessweb/tests/browser/test_browser_core.cpp" line="207" status="run" result="completed" time="0.101" timestamp="2025-07-28T08:17:52.114" classname="BrowserCoreTest" />
    <testcase name="SessionIntegrationBasics" file="/home/bigattichouse/workspace/headlessweb/tests/browser/test_browser_core.cpp" line="223" status="run" result="completed" time="3.218" timestamp="2025-07-28T08:17:52.216" classname="BrowserCoreTest" />
    <testcase name="EdgeCaseUrlHandling" file="/home/bigattichouse/workspace/headlessweb/tests/browser/test_browser_core.cpp" line="240" status="run" result="completed" time="0." timestamp="2025-07-28T08:17:55.434" classname="BrowserCoreTest" />
    <testcase name="ConcurrentOperationSafety" file="/home/bigattichouse/workspace/headlessweb/tests/browser/test_browser_core.cpp" line="247" status="run" result="completed" time="0.007" timestamp="2025-07-28T08:17:55.434" classname="BrowserCoreTest" />
    <testcase name="ResourceCleanupSafety" file="/home/bigattichouse/workspace/headlessweb/tests/browser/test_browser_core.cpp" line="258" status="run" result="completed" time="0.001" timestamp="2025-07-28T08:17:55.441" classname="BrowserCoreTest" />
  </testsuite>
  <testsuite name="BrowserDOMTest" tests="19" failures="0" disabled="0" skipped="1" errors="0" time="46.304" timestamp="2025-07-28T08:17:55.443">
    <testcase name="ElementExistenceChecking" file="/home/bigattichouse/workspace/headlessweb/tests/browser/test_browser_dom.cpp" line="187" status="run" result="completed" time="1.055" timestamp="2025-07-28T08:17:55.443" classname="BrowserDOMTest" />
    <testcase name="ElementExistenceEdgeCases" file="/home/bigattichouse/workspace/headlessweb/tests/browser/test_browser_dom.cpp" line="201" status="run" result="completed" time="1.026" timestamp="2025-07-28T08:17:56.498" classname="BrowserDOMTest" />
    <testcase name="FormInputFilling" file="/home/bigattichouse/workspace/headlessweb/tests/browser/test_browser_dom.cpp" line="215" status="run" result="skipped" time="1.019" timestamp="2025-07-28T08:17:57.524" classname="BrowserDOMTest">
      <skipped message="/home/bigattichouse/workspace/headlessweb/tests/browser/test_browser_dom.cpp:240&#x0A;Form elements not ready for testing&#x0A;"><![CDATA[/home/bigattichouse/workspace/headlessweb/tests/browser/test_browser_dom.cpp:240
Form elements not ready for testing
]]></skipped>
    </testcase>
    <testcase name="FormInputValidation" file="/home/bigattichouse/workspace/headlessweb/tests/browser/test_browser_dom.cpp" line="244" status="run" result="completed" time="1.817" timestamp="2025-07-28T08:17:58.543" classname="BrowserDOMTest" />
    <testcase name="SelectOptionHandling" file="/home/bigattichouse/workspace/headlessweb/tests/browser/test_browser_dom.cpp" line="254" status="run" result="completed" time="1.067" timestamp="2025-07-28T08:18:00.361" classname="BrowserDOMTest" />
    <testcase name="CheckboxAndRadioHandling" file="/home/bigattichouse/workspace/headlessweb/tests/browser/test_browser_dom.cpp" line="265" status="run" result="completed" time="1.052" timestamp="2025-07-28T08:18:01.428" classname="BrowserDOMTest" />
    <testcase name="ElementClicking" file="/home/bigattichouse/workspace/headlessweb/tests/browser/test_browser_dom.cpp" line="277" status="run" result="completed" time="1.017" timestamp="2025-07-28T08:18:02.481" classname="BrowserDOMTest" />
    <testcase name="ElementFocusing" file="/home/bigattichouse/workspace/headlessweb/tests/browser/test_browser_dom.cpp" line="290" status="run" result="completed" time="1.025" timestamp="2025-07-28T08:18:03.499" classname="BrowserDOMTest" />
    <testcase name="FormSubmission" file="/home/bigattichouse/workspace/headlessweb/tests/browser/test_browser_dom.cpp" line="302" status="run" result="completed" time="1.013" timestamp="2025-07-28T08:18:04.524" classname="BrowserDOMTest" />
    <testcase name="SearchFormHandling" file="/home/bigattichouse/workspace/headlessweb/tests/browser/test_browser_dom.cpp" line="312" status="run" result="completed" time="1.026" timestamp="2025-07-28T08:18:05.538" classname="BrowserDOMTest" />
    <testcase name="AttributeGetting" file="/home/bigattichouse/workspace/headlessweb/tests/browser/test_browser_dom.cpp" line="324" status="run" result="completed" time="1.015" timestamp="2025-07-28T08:18:06.564" classname="BrowserDOMTest" />
    <testcase name="AttributeSetting" file="/home/bigattichouse/workspace/headlessweb/tests/browser/test_browser_dom.cpp" line="335" status="run" result="completed" time="1.343" timestamp="2025-07-28T08:18:07.580" classname="BrowserDOMTest" />
    <testcase name="ComplexSelectorHandling" file="/home/bigattichouse/workspace/headlessweb/tests/browser/test_browser_dom.cpp" line="348" status="run" result="completed" time="1.016" timestamp="2025-07-28T08:18:08.923" classname="BrowserDOMTest" />
    <testcase name="XPathSelectorSupport" file="/home/bigattichouse/workspace/headlessweb/tests/browser/test_browser_dom.cpp" line="376" status="run" result="completed" time="1.01" timestamp="2025-07-28T08:18:09.940" classname="BrowserDOMTest" />
    <testcase name="RejectInvalidUrls" file="/home/bigattichouse/workspace/headlessweb/tests/browser/test_browser_dom.cpp" line="396" status="run" result="completed" time="2.841" timestamp="2025-07-28T08:18:10.950" classname="BrowserDOMTest" />
    <testcase name="UnicodeContentHandling" file="/home/bigattichouse/workspace/headlessweb/tests/browser/test_browser_dom.cpp" line="419" status="run" result="completed" time="3.845" timestamp="2025-07-28T08:18:13.792" classname="BrowserDOMTest" />
    <testcase name="LargeContentHandling" file="/home/bigattichouse/workspace/headlessweb/tests/browser/test_browser_dom.cpp" line="440" status="run" result="completed" time="1.423" timestamp="2025-07-28T08:18:17.638" classname="BrowserDOMTest" />
    <testcase name="OperationTiming" file="/home/bigattichouse/workspace/headlessweb/tests/browser/test_browser_dom.cpp" line="454" status="run" result="completed" time="21.255" timestamp="2025-07-28T08:18:19.062" classname="BrowserDOMTest" />
    <testcase name="ConsistentStateHandling" file="/home/bigattichouse/workspace/headlessweb/tests/browser/test_browser_dom.cpp" line="475" status="run" result="completed" time="1.43" timestamp="2025-07-28T08:18:40.317" classname="BrowserDOMTest" />
  </testsuite>
</testsuites>
