<?xml version="1.0" encoding="UTF-8"?>
<testsuites tests="1" failures="1" disabled="0" errors="0" time="1.982" timestamp="2025-07-27T23:41:09.983" name="AllTests">
  <testsuite name="BrowserWaitTest" tests="1" failures="1" disabled="0" skipped="0" errors="0" time="1.938" timestamp="2025-07-27T23:41:10.028">
    <testcase name="WaitMethodsIntegration" file="/home/bigattichouse/workspace/headlessweb/tests/browser/test_browser_wait.cpp" line="804" status="run" result="completed" time="1.938" timestamp="2025-07-27T23:41:10.028" classname="BrowserWaitTest">
      <failure message="/home/bigattichouse/workspace/headlessweb/tests/browser/test_browser_wait.cpp:822&#x0A;Expected equality of these values:&#x0A;  count_result&#x0A;    Which is: &quot;&quot;&#x0A;  &quot;3&quot;&#x0A;" type=""><![CDATA[/home/bigattichouse/workspace/headlessweb/tests/browser/test_browser_wait.cpp:822
Expected equality of these values:
  count_result
    Which is: ""
  "3"
]]></failure>
    </testcase>
  </testsuite>
</testsuites>
