<?xml version="1.0" encoding="UTF-8"?>
<testsuites tests="1" failures="0" disabled="0" errors="0" time="6.223" timestamp="2025-07-27T20:31:49.882" name="AllTests">
  <testsuite name="BrowserMainTest" tests="1" failures="0" disabled="0" skipped="0" errors="0" time="6.175" timestamp="2025-07-27T20:31:49.930">
    <testcase name="BasicNavigation" file="/home/bigattichouse/workspace/headlessweb/tests/browser/test_browser_main.cpp" line="405" status="run" result="completed" time="6.175" timestamp="2025-07-27T20:31:49.930" classname="BrowserMainTest" />
  </testsuite>
</testsuites>
