<?xml version="1.0" encoding="UTF-8"?>
<testsuites tests="39" failures="0" disabled="0" errors="0" time="61.026" timestamp="2025-07-28T00:02:34.871" name="AllTests">
  <testsuite name="BrowserWaitTest" tests="39" failures="0" disabled="0" skipped="0" errors="0" time="60.979" timestamp="2025-07-28T00:02:34.919">
    <testcase name="WaitForTextAdvancedBasic" file="/home/bigattichouse/workspace/headlessweb/tests/browser/test_browser_wait.cpp" line="466" status="run" result="completed" time="1.43" timestamp="2025-07-28T00:02:34.919" classname="BrowserWaitTest" />
    <testcase name="WaitForTextAdvancedCaseSensitive" file="/home/bigattichouse/workspace/headlessweb/tests/browser/test_browser_wait.cpp" line="472" status="run" result="completed" time="2.224" timestamp="2025-07-28T00:02:36.349" classname="BrowserWaitTest" />
    <testcase name="WaitForTextAdvancedCaseInsensitive" file="/home/bigattichouse/workspace/headlessweb/tests/browser/test_browser_wait.cpp" line="482" status="run" result="completed" time="1.308" timestamp="2025-07-28T00:02:38.574" classname="BrowserWaitTest" />
    <testcase name="WaitForTextAdvancedExactMatch" file="/home/bigattichouse/workspace/headlessweb/tests/browser/test_browser_wait.cpp" line="488" status="run" result="completed" time="2.218" timestamp="2025-07-28T00:02:39.882" classname="BrowserWaitTest" />
    <testcase name="WaitForTextAdvancedDynamic" file="/home/bigattichouse/workspace/headlessweb/tests/browser/test_browser_wait.cpp" line="498" status="run" result="completed" time="1.835" timestamp="2025-07-28T00:02:42.101" classname="BrowserWaitTest" />
    <testcase name="WaitForNetworkIdleImmediate" file="/home/bigattichouse/workspace/headlessweb/tests/browser/test_browser_wait.cpp" line="508" status="run" result="completed" time="1.412" timestamp="2025-07-28T00:02:43.937" classname="BrowserWaitTest" />
    <testcase name="WaitForNetworkIdleAfterActivity" file="/home/bigattichouse/workspace/headlessweb/tests/browser/test_browser_wait.cpp" line="514" status="run" result="completed" time="1.614" timestamp="2025-07-28T00:02:45.349" classname="BrowserWaitTest" />
    <testcase name="WaitForNetworkRequestPattern" file="/home/bigattichouse/workspace/headlessweb/tests/browser/test_browser_wait.cpp" line="524" status="run" result="completed" time="1.514" timestamp="2025-07-28T00:02:46.963" classname="BrowserWaitTest" />
    <testcase name="WaitForNetworkRequestTimeout" file="/home/bigattichouse/workspace/headlessweb/tests/browser/test_browser_wait.cpp" line="532" status="run" result="completed" time="1.708" timestamp="2025-07-28T00:02:48.478" classname="BrowserWaitTest" />
    <testcase name="WaitForElementVisibleInitiallyHidden" file="/home/bigattichouse/workspace/headlessweb/tests/browser/test_browser_wait.cpp" line="540" status="run" result="completed" time="2.02" timestamp="2025-07-28T00:02:50.187" classname="BrowserWaitTest" />
    <testcase name="WaitForElementVisibleAlreadyVisible" file="/home/bigattichouse/workspace/headlessweb/tests/browser/test_browser_wait.cpp" line="552" status="run" result="completed" time="1.413" timestamp="2025-07-28T00:02:52.207" classname="BrowserWaitTest" />
    <testcase name="WaitForElementCountEqual" file="/home/bigattichouse/workspace/headlessweb/tests/browser/test_browser_wait.cpp" line="563" status="run" result="completed" time="1.306" timestamp="2025-07-28T00:02:53.621" classname="BrowserWaitTest" />
    <testcase name="WaitForElementCountGreaterThan" file="/home/bigattichouse/workspace/headlessweb/tests/browser/test_browser_wait.cpp" line="569" status="run" result="completed" time="1.508" timestamp="2025-07-28T00:02:54.927" classname="BrowserWaitTest" />
    <testcase name="WaitForElementCountLessThan" file="/home/bigattichouse/workspace/headlessweb/tests/browser/test_browser_wait.cpp" line="577" status="run" result="completed" time="1.508" timestamp="2025-07-28T00:02:56.436" classname="BrowserWaitTest" />
    <testcase name="WaitForElementCountNotEqual" file="/home/bigattichouse/workspace/headlessweb/tests/browser/test_browser_wait.cpp" line="585" status="run" result="completed" time="1.514" timestamp="2025-07-28T00:02:57.944" classname="BrowserWaitTest" />
    <testcase name="WaitForAttributeChange" file="/home/bigattichouse/workspace/headlessweb/tests/browser/test_browser_wait.cpp" line="595" status="run" result="completed" time="1.618" timestamp="2025-07-28T00:02:59.459" classname="BrowserWaitTest" />
    <testcase name="WaitForAttributeExisting" file="/home/bigattichouse/workspace/headlessweb/tests/browser/test_browser_wait.cpp" line="603" status="run" result="completed" time="1.316" timestamp="2025-07-28T00:03:01.077" classname="BrowserWaitTest" />
    <testcase name="WaitForAttributeNonexistent" file="/home/bigattichouse/workspace/headlessweb/tests/browser/test_browser_wait.cpp" line="609" status="run" result="completed" time="1.709" timestamp="2025-07-28T00:03:02.394" classname="BrowserWaitTest" />
    <testcase name="WaitForUrlChangeHash" file="/home/bigattichouse/workspace/headlessweb/tests/browser/test_browser_wait.cpp" line="617" status="run" result="completed" time="1.515" timestamp="2025-07-28T00:03:04.103" classname="BrowserWaitTest" />
    <testcase name="WaitForUrlChangeAny" file="/home/bigattichouse/workspace/headlessweb/tests/browser/test_browser_wait.cpp" line="625" status="run" result="completed" time="1.52" timestamp="2025-07-28T00:03:05.619" classname="BrowserWaitTest" />
    <testcase name="WaitForTitleChange" file="/home/bigattichouse/workspace/headlessweb/tests/browser/test_browser_wait.cpp" line="635" status="run" result="completed" time="1.622" timestamp="2025-07-28T00:03:07.140" classname="BrowserWaitTest" />
    <testcase name="WaitForTitleChangeAny" file="/home/bigattichouse/workspace/headlessweb/tests/browser/test_browser_wait.cpp" line="643" status="run" result="completed" time="1.521" timestamp="2025-07-28T00:03:08.762" classname="BrowserWaitTest" />
    <testcase name="WaitForSPANavigationSpecific" file="/home/bigattichouse/workspace/headlessweb/tests/browser/test_browser_wait.cpp" line="653" status="run" result="completed" time="1.52" timestamp="2025-07-28T00:03:10.284" classname="BrowserWaitTest" />
    <testcase name="WaitForSPANavigationAny" file="/home/bigattichouse/workspace/headlessweb/tests/browser/test_browser_wait.cpp" line="662" status="run" result="completed" time="1.213" timestamp="2025-07-28T00:03:11.804" classname="BrowserWaitTest" />
    <testcase name="WaitForFrameworkReadyJQuery" file="/home/bigattichouse/workspace/headlessweb/tests/browser/test_browser_wait.cpp" line="672" status="run" result="completed" time="1.522" timestamp="2025-07-28T00:03:13.018" classname="BrowserWaitTest" />
    <testcase name="WaitForFrameworkReadyReact" file="/home/bigattichouse/workspace/headlessweb/tests/browser/test_browser_wait.cpp" line="680" status="run" result="completed" time="1.522" timestamp="2025-07-28T00:03:14.541" classname="BrowserWaitTest" />
    <testcase name="WaitForFrameworkReadyAuto" file="/home/bigattichouse/workspace/headlessweb/tests/browser/test_browser_wait.cpp" line="688" status="run" result="completed" time="1.318" timestamp="2025-07-28T00:03:16.063" classname="BrowserWaitTest" />
    <testcase name="WaitForFrameworkReadyCustom" file="/home/bigattichouse/workspace/headlessweb/tests/browser/test_browser_wait.cpp" line="694" status="run" result="completed" time="1.317" timestamp="2025-07-28T00:03:17.381" classname="BrowserWaitTest" />
    <testcase name="WaitForDOMChangeAddElement" file="/home/bigattichouse/workspace/headlessweb/tests/browser/test_browser_wait.cpp" line="704" status="run" result="completed" time="1.614" timestamp="2025-07-28T00:03:18.698" classname="BrowserWaitTest" />
    <testcase name="WaitForDOMChangeModifyElement" file="/home/bigattichouse/workspace/headlessweb/tests/browser/test_browser_wait.cpp" line="712" status="run" result="completed" time="1.519" timestamp="2025-07-28T00:03:20.313" classname="BrowserWaitTest" />
    <testcase name="WaitForDOMChangeRemoveElement" file="/home/bigattichouse/workspace/headlessweb/tests/browser/test_browser_wait.cpp" line="720" status="run" result="completed" time="1.621" timestamp="2025-07-28T00:03:21.833" classname="BrowserWaitTest" />
    <testcase name="WaitForDOMChangeTimeout" file="/home/bigattichouse/workspace/headlessweb/tests/browser/test_browser_wait.cpp" line="731" status="run" result="completed" time="1.316" timestamp="2025-07-28T00:03:23.454" classname="BrowserWaitTest" />
    <testcase name="WaitForContentChangeText" file="/home/bigattichouse/workspace/headlessweb/tests/browser/test_browser_wait.cpp" line="739" status="run" result="completed" time="1.617" timestamp="2025-07-28T00:03:24.771" classname="BrowserWaitTest" />
    <testcase name="WaitForContentChangeHTML" file="/home/bigattichouse/workspace/headlessweb/tests/browser/test_browser_wait.cpp" line="747" status="run" result="completed" time="1.512" timestamp="2025-07-28T00:03:26.389" classname="BrowserWaitTest" />
    <testcase name="WaitForContentChangeInputValue" file="/home/bigattichouse/workspace/headlessweb/tests/browser/test_browser_wait.cpp" line="755" status="run" result="completed" time="1.52" timestamp="2025-07-28T00:03:27.901" classname="BrowserWaitTest" />
    <testcase name="WaitForContentChangeTimeout" file="/home/bigattichouse/workspace/headlessweb/tests/browser/test_browser_wait.cpp" line="763" status="run" result="completed" time="1.714" timestamp="2025-07-28T00:03:29.422" classname="BrowserWaitTest" />
    <testcase name="WaitMethodsWithNonexistentElements" file="/home/bigattichouse/workspace/headlessweb/tests/browser/test_browser_wait.cpp" line="771" status="run" result="completed" time="1.82" timestamp="2025-07-28T00:03:31.136" classname="BrowserWaitTest" />
    <testcase name="WaitMethodsWithZeroTimeout" file="/home/bigattichouse/workspace/headlessweb/tests/browser/test_browser_wait.cpp" line="779" status="run" result="completed" time="1.214" timestamp="2025-07-28T00:03:32.957" classname="BrowserWaitTest" />
    <testcase name="WaitMethodsIntegration" file="/home/bigattichouse/workspace/headlessweb/tests/browser/test_browser_wait.cpp" line="786" status="run" result="completed" time="1.726" timestamp="2025-07-28T00:03:34.171" classname="BrowserWaitTest" />
  </testsuite>
</testsuites>
