<?xml version="1.0" encoding="UTF-8"?>
<testsuites tests="1" failures="1" disabled="0" errors="0" time="1.983" timestamp="2025-07-27T20:15:11.345" name="AllTests">
  <testsuite name="BrowserSessionTest" tests="1" failures="1" disabled="0" skipped="0" errors="0" time="1.937" timestamp="2025-07-27T20:15:11.391">
    <testcase name="RestoreSessionSafelyWithInvalidUrl" file="/home/bigattichouse/workspace/headlessweb/tests/browser/test_browser_session.cpp" line="396" status="run" result="completed" time="1.937" timestamp="2025-07-27T20:15:11.391" classname="BrowserSessionTest">
      <failure message="/home/bigattichouse/workspace/headlessweb/tests/browser/test_browser_session.cpp:405&#x0A;Value of: result&#x0A;  Actual: true&#x0A;Expected: false&#x0A;Safe restoration should fail for invalid URLs&#x0A;" type=""><![CDATA[/home/bigattichouse/workspace/headlessweb/tests/browser/test_browser_session.cpp:405
Value of: result
  Actual: true
Expected: false
Safe restoration should fail for invalid URLs
]]></failure>
    </testcase>
  </testsuite>
</testsuites>
