<?xml version="1.0" encoding="UTF-8"?>
<testsuites tests="39" failures="1" disabled="0" errors="0" time="62.968" timestamp="2025-07-27T23:41:41.938" name="AllTests">
  <testsuite name="BrowserWaitTest" tests="39" failures="1" disabled="0" skipped="0" errors="0" time="62.924" timestamp="2025-07-27T23:41:41.981">
    <testcase name="WaitForTextAdvancedBasic" file="/home/bigattichouse/workspace/headlessweb/tests/browser/test_browser_wait.cpp" line="466" status="run" result="completed" time="1.429" timestamp="2025-07-27T23:41:41.981" classname="BrowserWaitTest" />
    <testcase name="WaitForTextAdvancedCaseSensitive" file="/home/bigattichouse/workspace/headlessweb/tests/browser/test_browser_wait.cpp" line="472" status="run" result="completed" time="2.226" timestamp="2025-07-27T23:41:43.411" classname="BrowserWaitTest" />
    <testcase name="WaitForTextAdvancedCaseInsensitive" file="/home/bigattichouse/workspace/headlessweb/tests/browser/test_browser_wait.cpp" line="482" status="run" result="completed" time="1.306" timestamp="2025-07-27T23:41:45.638" classname="BrowserWaitTest" />
    <testcase name="WaitForTextAdvancedExactMatch" file="/home/bigattichouse/workspace/headlessweb/tests/browser/test_browser_wait.cpp" line="488" status="run" result="completed" time="2.231" timestamp="2025-07-27T23:41:46.944" classname="BrowserWaitTest" />
    <testcase name="WaitForTextAdvancedDynamic" file="/home/bigattichouse/workspace/headlessweb/tests/browser/test_browser_wait.cpp" line="498" status="run" result="completed" time="1.831" timestamp="2025-07-27T23:41:49.176" classname="BrowserWaitTest" />
    <testcase name="WaitForNetworkIdleImmediate" file="/home/bigattichouse/workspace/headlessweb/tests/browser/test_browser_wait.cpp" line="508" status="run" result="completed" time="1.406" timestamp="2025-07-27T23:41:51.008" classname="BrowserWaitTest" />
    <testcase name="WaitForNetworkIdleAfterActivity" file="/home/bigattichouse/workspace/headlessweb/tests/browser/test_browser_wait.cpp" line="514" status="run" result="completed" time="1.608" timestamp="2025-07-27T23:41:52.414" classname="BrowserWaitTest" />
    <testcase name="WaitForNetworkRequestPattern" file="/home/bigattichouse/workspace/headlessweb/tests/browser/test_browser_wait.cpp" line="524" status="run" result="completed" time="1.517" timestamp="2025-07-27T23:41:54.023" classname="BrowserWaitTest" />
    <testcase name="WaitForNetworkRequestTimeout" file="/home/bigattichouse/workspace/headlessweb/tests/browser/test_browser_wait.cpp" line="532" status="run" result="completed" time="1.713" timestamp="2025-07-27T23:41:55.541" classname="BrowserWaitTest" />
    <testcase name="WaitForElementVisibleInitiallyHidden" file="/home/bigattichouse/workspace/headlessweb/tests/browser/test_browser_wait.cpp" line="540" status="run" result="completed" time="2.021" timestamp="2025-07-27T23:41:57.255" classname="BrowserWaitTest" />
    <testcase name="WaitForElementVisibleAlreadyVisible" file="/home/bigattichouse/workspace/headlessweb/tests/browser/test_browser_wait.cpp" line="552" status="run" result="completed" time="1.415" timestamp="2025-07-27T23:41:59.276" classname="BrowserWaitTest" />
    <testcase name="WaitForElementCountEqual" file="/home/bigattichouse/workspace/headlessweb/tests/browser/test_browser_wait.cpp" line="563" status="run" result="completed" time="1.313" timestamp="2025-07-27T23:42:00.692" classname="BrowserWaitTest" />
    <testcase name="WaitForElementCountGreaterThan" file="/home/bigattichouse/workspace/headlessweb/tests/browser/test_browser_wait.cpp" line="569" status="run" result="completed" time="1.514" timestamp="2025-07-27T23:42:02.006" classname="BrowserWaitTest" />
    <testcase name="WaitForElementCountLessThan" file="/home/bigattichouse/workspace/headlessweb/tests/browser/test_browser_wait.cpp" line="577" status="run" result="completed" time="1.513" timestamp="2025-07-27T23:42:03.521" classname="BrowserWaitTest" />
    <testcase name="WaitForElementCountNotEqual" file="/home/bigattichouse/workspace/headlessweb/tests/browser/test_browser_wait.cpp" line="585" status="run" result="completed" time="1.519" timestamp="2025-07-27T23:42:05.034" classname="BrowserWaitTest" />
    <testcase name="WaitForAttributeChange" file="/home/bigattichouse/workspace/headlessweb/tests/browser/test_browser_wait.cpp" line="595" status="run" result="completed" time="1.614" timestamp="2025-07-27T23:42:06.553" classname="BrowserWaitTest" />
    <testcase name="WaitForAttributeExisting" file="/home/bigattichouse/workspace/headlessweb/tests/browser/test_browser_wait.cpp" line="603" status="run" result="completed" time="1.312" timestamp="2025-07-27T23:42:08.167" classname="BrowserWaitTest" />
    <testcase name="WaitForAttributeNonexistent" file="/home/bigattichouse/workspace/headlessweb/tests/browser/test_browser_wait.cpp" line="609" status="run" result="completed" time="1.719" timestamp="2025-07-27T23:42:09.480" classname="BrowserWaitTest" />
    <testcase name="WaitForUrlChangeHash" file="/home/bigattichouse/workspace/headlessweb/tests/browser/test_browser_wait.cpp" line="617" status="run" result="completed" time="1.515" timestamp="2025-07-27T23:42:11.199" classname="BrowserWaitTest" />
    <testcase name="WaitForUrlChangeAny" file="/home/bigattichouse/workspace/headlessweb/tests/browser/test_browser_wait.cpp" line="625" status="run" result="completed" time="1.617" timestamp="2025-07-27T23:42:12.715" classname="BrowserWaitTest" />
    <testcase name="WaitForTitleChange" file="/home/bigattichouse/workspace/headlessweb/tests/browser/test_browser_wait.cpp" line="635" status="run" result="completed" time="1.622" timestamp="2025-07-27T23:42:14.332" classname="BrowserWaitTest" />
    <testcase name="WaitForTitleChangeAny" file="/home/bigattichouse/workspace/headlessweb/tests/browser/test_browser_wait.cpp" line="643" status="run" result="completed" time="1.522" timestamp="2025-07-27T23:42:15.955" classname="BrowserWaitTest" />
    <testcase name="WaitForSPANavigationSpecific" file="/home/bigattichouse/workspace/headlessweb/tests/browser/test_browser_wait.cpp" line="653" status="run" result="completed" time="3.304" timestamp="2025-07-27T23:42:17.477" classname="BrowserWaitTest">
      <failure message="/home/bigattichouse/workspace/headlessweb/tests/browser/test_browser_wait.cpp:676&#x0A;Value of: result&#x0A;  Actual: false&#x0A;Expected: true&#x0A;" type=""><![CDATA[/home/bigattichouse/workspace/headlessweb/tests/browser/test_browser_wait.cpp:676
Value of: result
  Actual: false
Expected: true
]]></failure>
    </testcase>
    <testcase name="WaitForSPANavigationAny" file="/home/bigattichouse/workspace/headlessweb/tests/browser/test_browser_wait.cpp" line="680" status="run" result="completed" time="1.216" timestamp="2025-07-27T23:42:20.781" classname="BrowserWaitTest" />
    <testcase name="WaitForFrameworkReadyJQuery" file="/home/bigattichouse/workspace/headlessweb/tests/browser/test_browser_wait.cpp" line="690" status="run" result="completed" time="1.517" timestamp="2025-07-27T23:42:21.998" classname="BrowserWaitTest" />
    <testcase name="WaitForFrameworkReadyReact" file="/home/bigattichouse/workspace/headlessweb/tests/browser/test_browser_wait.cpp" line="698" status="run" result="completed" time="1.521" timestamp="2025-07-27T23:42:23.516" classname="BrowserWaitTest" />
    <testcase name="WaitForFrameworkReadyAuto" file="/home/bigattichouse/workspace/headlessweb/tests/browser/test_browser_wait.cpp" line="706" status="run" result="completed" time="1.318" timestamp="2025-07-27T23:42:25.038" classname="BrowserWaitTest" />
    <testcase name="WaitForFrameworkReadyCustom" file="/home/bigattichouse/workspace/headlessweb/tests/browser/test_browser_wait.cpp" line="712" status="run" result="completed" time="1.317" timestamp="2025-07-27T23:42:26.357" classname="BrowserWaitTest" />
    <testcase name="WaitForDOMChangeAddElement" file="/home/bigattichouse/workspace/headlessweb/tests/browser/test_browser_wait.cpp" line="722" status="run" result="completed" time="1.621" timestamp="2025-07-27T23:42:27.674" classname="BrowserWaitTest" />
    <testcase name="WaitForDOMChangeModifyElement" file="/home/bigattichouse/workspace/headlessweb/tests/browser/test_browser_wait.cpp" line="730" status="run" result="completed" time="1.517" timestamp="2025-07-27T23:42:29.295" classname="BrowserWaitTest" />
    <testcase name="WaitForDOMChangeRemoveElement" file="/home/bigattichouse/workspace/headlessweb/tests/browser/test_browser_wait.cpp" line="738" status="run" result="completed" time="1.62" timestamp="2025-07-27T23:42:30.813" classname="BrowserWaitTest" />
    <testcase name="WaitForDOMChangeTimeout" file="/home/bigattichouse/workspace/headlessweb/tests/browser/test_browser_wait.cpp" line="749" status="run" result="completed" time="1.316" timestamp="2025-07-27T23:42:32.433" classname="BrowserWaitTest" />
    <testcase name="WaitForContentChangeText" file="/home/bigattichouse/workspace/headlessweb/tests/browser/test_browser_wait.cpp" line="757" status="run" result="completed" time="1.622" timestamp="2025-07-27T23:42:33.750" classname="BrowserWaitTest" />
    <testcase name="WaitForContentChangeHTML" file="/home/bigattichouse/workspace/headlessweb/tests/browser/test_browser_wait.cpp" line="765" status="run" result="completed" time="1.521" timestamp="2025-07-27T23:42:35.373" classname="BrowserWaitTest" />
    <testcase name="WaitForContentChangeInputValue" file="/home/bigattichouse/workspace/headlessweb/tests/browser/test_browser_wait.cpp" line="773" status="run" result="completed" time="1.515" timestamp="2025-07-27T23:42:36.894" classname="BrowserWaitTest" />
    <testcase name="WaitForContentChangeTimeout" file="/home/bigattichouse/workspace/headlessweb/tests/browser/test_browser_wait.cpp" line="781" status="run" result="completed" time="1.719" timestamp="2025-07-27T23:42:38.410" classname="BrowserWaitTest" />
    <testcase name="WaitMethodsWithNonexistentElements" file="/home/bigattichouse/workspace/headlessweb/tests/browser/test_browser_wait.cpp" line="789" status="run" result="completed" time="1.832" timestamp="2025-07-27T23:42:40.129" classname="BrowserWaitTest" />
    <testcase name="WaitMethodsWithZeroTimeout" file="/home/bigattichouse/workspace/headlessweb/tests/browser/test_browser_wait.cpp" line="797" status="run" result="completed" time="1.217" timestamp="2025-07-27T23:42:41.962" classname="BrowserWaitTest" />
    <testcase name="WaitMethodsIntegration" file="/home/bigattichouse/workspace/headlessweb/tests/browser/test_browser_wait.cpp" line="804" status="run" result="completed" time="1.726" timestamp="2025-07-27T23:42:43.179" classname="BrowserWaitTest" />
  </testsuite>
</testsuites>
