<?xml version="1.0" encoding="UTF-8"?>
<testsuites tests="1" failures="1" disabled="0" errors="0" time="3.458" timestamp="2025-07-27T23:39:32.659" name="AllTests">
  <testsuite name="BrowserWaitTest" tests="1" failures="1" disabled="0" skipped="0" errors="0" time="3.415" timestamp="2025-07-27T23:39:32.702">
    <testcase name="WaitForSPANavigationSpecific" file="/home/bigattichouse/workspace/headlessweb/tests/browser/test_browser_wait.cpp" line="653" status="run" result="completed" time="3.415" timestamp="2025-07-27T23:39:32.702" classname="BrowserWaitTest">
      <failure message="/home/bigattichouse/workspace/headlessweb/tests/browser/test_browser_wait.cpp:676&#x0A;Value of: result&#x0A;  Actual: false&#x0A;Expected: true&#x0A;" type=""><![CDATA[/home/bigattichouse/workspace/headlessweb/tests/browser/test_browser_wait.cpp:676
Value of: result
  Actual: false
Expected: true
]]></failure>
    </testcase>
  </testsuite>
</testsuites>
