<?xml version="1.0" encoding="UTF-8"?>
<testsuites tests="1" failures="1" disabled="0" errors="0" time="3.404" timestamp="2025-07-27T23:38:06.216" name="AllTests">
  <testsuite name="BrowserWaitTest" tests="1" failures="1" disabled="0" skipped="0" errors="0" time="3.36" timestamp="2025-07-27T23:38:06.260">
    <testcase name="WaitForSPANavigationSpecific" file="/home/bigattichouse/workspace/headlessweb/tests/browser/test_browser_wait.cpp" line="653" status="run" result="completed" time="3.36" timestamp="2025-07-27T23:38:06.260" classname="BrowserWaitTest">
      <failure message="/home/bigattichouse/workspace/headlessweb/tests/browser/test_browser_wait.cpp:658&#x0A;Value of: result&#x0A;  Actual: false&#x0A;Expected: true&#x0A;" type=""><![CDATA[/home/bigattichouse/workspace/headlessweb/tests/browser/test_browser_wait.cpp:658
Value of: result
  Actual: false
Expected: true
]]></failure>
    </testcase>
  </testsuite>
</testsuites>
