<?xml version="1.0" encoding="UTF-8"?>
<testsuites tests="1" failures="0" disabled="0" errors="0" time="2.001" timestamp="2025-07-27T18:54:55.219" name="AllTests">
  <testsuite name="BrowserAdvancedFormOperationsTest" tests="1" failures="0" disabled="0" skipped="0" errors="0" time="1.956" timestamp="2025-07-27T18:54:55.265">
    <testcase name="DynamicFormElements_CheckboxGeneration" file="/home/bigattichouse/workspace/headlessweb/tests/browser/test_browser_advanced_form_operations.cpp" line="602" status="run" result="completed" time="1.955" timestamp="2025-07-27T18:54:55.265" classname="BrowserAdvancedFormOperationsTest" />
  </testsuite>
</testsuites>
