<?xml version="1.0" encoding="UTF-8"?>
<testsuites tests="7" failures="1" disabled="0" errors="0" time="20.153" timestamp="2025-07-27T23:53:07.689" name="AllTests">
  <testsuite name="ComplexWorkflowChainsTest" tests="7" failures="1" disabled="0" skipped="1" errors="0" time="20.109" timestamp="2025-07-27T23:53:07.733">
    <testcase name="ECommerceWorkflow_BrowseToCheckout" file="/home/bigattichouse/workspace/headlessweb/tests/integration/test_complex_workflow_chains.cpp" line="318" status="run" result="completed" time="3.505" timestamp="2025-07-27T23:53:07.733" classname="ComplexWorkflowChainsTest" />
    <testcase name="ECommerceWorkflow_WithSessionPersistence" file="/home/bigattichouse/workspace/headlessweb/tests/integration/test_complex_workflow_chains.cpp" line="390" status="run" result="completed" time="5.808" timestamp="2025-07-27T23:53:11.238" classname="ComplexWorkflowChainsTest" />
    <testcase name="MultiPageNavigation_WithFormData" file="/home/bigattichouse/workspace/headlessweb/tests/integration/test_complex_workflow_chains.cpp" line="431" status="run" result="completed" time="3.09" timestamp="2025-07-27T23:53:17.047" classname="ComplexWorkflowChainsTest" />
    <testcase name="FileOperationWorkflow_UploadProcessDownload" file="/home/bigattichouse/workspace/headlessweb/tests/integration/test_complex_workflow_chains.cpp" line="540" status="run" result="skipped" time="0.011" timestamp="2025-07-27T23:53:20.137" classname="ComplexWorkflowChainsTest">
      <skipped message="/home/bigattichouse/workspace/headlessweb/tests/integration/test_complex_workflow_chains.cpp:626&#x0A;File processor page elements not found - file-input: false, results: false, processing-status: false&#x0A;"><![CDATA[/home/bigattichouse/workspace/headlessweb/tests/integration/test_complex_workflow_chains.cpp:626
File processor page elements not found - file-input: false, results: false, processing-status: false
]]></skipped>
    </testcase>
    <testcase name="ScreenshotSessionAssertionWorkflow" file="/home/bigattichouse/workspace/headlessweb/tests/integration/test_complex_workflow_chains.cpp" line="669" status="run" result="completed" time="4.679" timestamp="2025-07-27T23:53:20.149" classname="ComplexWorkflowChainsTest" />
    <testcase name="ErrorRecoveryWorkflow_NavigationFailureRecovery" file="/home/bigattichouse/workspace/headlessweb/tests/integration/test_complex_workflow_chains.cpp" line="780" status="run" result="completed" time="1.026" timestamp="2025-07-27T23:53:24.829" classname="ComplexWorkflowChainsTest" />
    <testcase name="PerformanceStressWorkflow_RapidOperations" file="/home/bigattichouse/workspace/headlessweb/tests/integration/test_complex_workflow_chains.cpp" line="832" status="run" result="completed" time="1.987" timestamp="2025-07-27T23:53:25.856" classname="ComplexWorkflowChainsTest">
      <failure message="/home/bigattichouse/workspace/headlessweb/tests/integration/test_complex_workflow_chains.cpp:876&#x0A;Value of: browser_-&gt;elementExists(&quot;#counter&quot;)&#x0A;  Actual: false&#x0A;Expected: true&#x0A;" type=""><![CDATA[/home/bigattichouse/workspace/headlessweb/tests/integration/test_complex_workflow_chains.cpp:876
Value of: browser_->elementExists("#counter")
  Actual: false
Expected: true
]]></failure>
      <failure message="/home/bigattichouse/workspace/headlessweb/tests/integration/test_complex_workflow_chains.cpp:890&#x0A;Expected equality of these values:&#x0A;  final_counter&#x0A;    Which is: &quot;47&quot;&#x0A;  std::to_string(num_operations)&#x0A;    Which is: &quot;50&quot;&#x0A;" type=""><![CDATA[/home/bigattichouse/workspace/headlessweb/tests/integration/test_complex_workflow_chains.cpp:890
Expected equality of these values:
  final_counter
    Which is: "47"
  std::to_string(num_operations)
    Which is: "50"
]]></failure>
    </testcase>
  </testsuite>
</testsuites>
