<?xml version="1.0" encoding="UTF-8"?>
<testsuites tests="1" failures="0" disabled="0" errors="0" time="3.567" timestamp="2025-07-27T23:48:00.568" name="AllTests">
  <testsuite name="ComplexWorkflowChainsTest" tests="1" failures="0" disabled="0" skipped="0" errors="0" time="3.524" timestamp="2025-07-27T23:48:00.611">
    <testcase name="ECommerceWorkflow_BrowseToCheckout" file="/home/bigattichouse/workspace/headlessweb/tests/integration/test_complex_workflow_chains.cpp" line="318" status="run" result="completed" time="3.524" timestamp="2025-07-27T23:48:00.611" classname="ComplexWorkflowChainsTest" />
  </testsuite>
</testsuites>
