<?xml version="1.0" encoding="UTF-8"?>
<testsuites tests="1" failures="0" disabled="0" errors="0" time="3.132" timestamp="2025-07-27T19:08:26.819" name="AllTests">
  <testsuite name="BrowserAdvancedFormOperationsTest" tests="1" failures="0" disabled="0" skipped="0" errors="0" time="3.088" timestamp="2025-07-27T19:08:26.863">
    <testcase name="ComplexValidation_EmailFormat" file="/home/bigattichouse/workspace/headlessweb/tests/browser/test_browser_advanced_form_operations.cpp" line="712" status="run" result="completed" time="3.088" timestamp="2025-07-27T19:08:26.863" classname="BrowserAdvancedFormOperationsTest" />
  </testsuite>
</testsuites>
