<?xml version="1.0" encoding="UTF-8"?>
<testsuites tests="1" failures="0" disabled="0" errors="0" time="0.167" timestamp="2025-07-27T23:49:40.826" name="AllTests">
  <testsuite name="ComplexWorkflowChainsTest" tests="1" failures="0" disabled="0" skipped="1" errors="0" time="0.122" timestamp="2025-07-27T23:49:40.870">
    <testcase name="FileOperationWorkflow_UploadProcessDownload" file="/home/bigattichouse/workspace/headlessweb/tests/integration/test_complex_workflow_chains.cpp" line="540" status="run" result="skipped" time="0.122" timestamp="2025-07-27T23:49:40.870" classname="ComplexWorkflowChainsTest">
      <skipped message="/home/bigattichouse/workspace/headlessweb/tests/integration/test_complex_workflow_chains.cpp:626&#x0A;File processor page elements not found - file-input: false, results: false, processing-status: false&#x0A;"><![CDATA[/home/bigattichouse/workspace/headlessweb/tests/integration/test_complex_workflow_chains.cpp:626
File processor page elements not found - file-input: false, results: false, processing-status: false
]]></skipped>
    </testcase>
  </testsuite>
</testsuites>
