<?xml version="1.0" encoding="UTF-8"?>
<testsuites tests="1" failures="1" disabled="0" errors="0" time="2.012" timestamp="2025-07-27T23:36:02.763" name="AllTests">
  <testsuite name="BrowserFileOpsIntegrationTest" tests="1" failures="1" disabled="0" skipped="0" errors="0" time="1.966" timestamp="2025-07-27T23:36:02.810">
    <testcase name="DownloadWithBrowserTrigger" file="/home/bigattichouse/workspace/headlessweb/tests/integration/test_browser_fileops_integration.cpp" line="546" status="run" result="completed" time="1.965" timestamp="2025-07-27T23:36:02.810" classname="BrowserFileOpsIntegrationTest">
      <failure message="/home/bigattichouse/workspace/headlessweb/tests/integration/test_browser_fileops_integration.cpp:576&#x0A;Expected: (downloadStatus.find(&quot;Downloading&quot;)) != (std::string::npos), actual: 18446744073709551615 vs 18446744073709551615&#x0A;" type=""><![CDATA[/home/bigattichouse/workspace/headlessweb/tests/integration/test_browser_fileops_integration.cpp:576
Expected: (downloadStatus.find("Downloading")) != (std::string::npos), actual: 18446744073709551615 vs 18446744073709551615
]]></failure>
    </testcase>
  </testsuite>
</testsuites>
