<?xml version="1.0" encoding="UTF-8"?>
<testsuites tests="13" failures="0" disabled="0" errors="0" time="32.902" timestamp="2025-07-27T23:37:21.531" name="AllTests">
  <testsuite name="BrowserFileOpsIntegrationTest" tests="13" failures="0" disabled="0" skipped="0" errors="0" time="32.857" timestamp="2025-07-27T23:37:21.576">
    <testcase name="SessionPersistsFileUploadState" file="/home/bigattichouse/workspace/headlessweb/tests/integration/test_browser_fileops_integration.cpp" line="280" status="run" result="completed" time="2.95" timestamp="2025-07-27T23:37:21.576" classname="BrowserFileOpsIntegrationTest" />
    <testcase name="SessionRestoresFileOperationState" file="/home/bigattichouse/workspace/headlessweb/tests/integration/test_browser_fileops_integration.cpp" line="346" status="run" result="completed" time="6.56" timestamp="2025-07-27T23:37:24.527" classname="BrowserFileOpsIntegrationTest" />
    <testcase name="FileUploadFormStateIntegration" file="/home/bigattichouse/workspace/headlessweb/tests/integration/test_browser_fileops_integration.cpp" line="381" status="run" result="completed" time="1.237" timestamp="2025-07-27T23:37:31.087" classname="BrowserFileOpsIntegrationTest" />
    <testcase name="DownloadOperationWithSessionTracking" file="/home/bigattichouse/workspace/headlessweb/tests/integration/test_browser_fileops_integration.cpp" line="408" status="run" result="completed" time="2.636" timestamp="2025-07-27T23:37:32.325" classname="BrowserFileOpsIntegrationTest" />
    <testcase name="UploadManagerWithBrowserIntegration" file="/home/bigattichouse/workspace/headlessweb/tests/integration/test_browser_fileops_integration.cpp" line="437" status="run" result="completed" time="1.01" timestamp="2025-07-27T23:37:34.961" classname="BrowserFileOpsIntegrationTest" />
    <testcase name="UploadManagerValidationIntegration" file="/home/bigattichouse/workspace/headlessweb/tests/integration/test_browser_fileops_integration.cpp" line="465" status="run" result="completed" time="1.018" timestamp="2025-07-27T23:37:35.972" classname="BrowserFileOpsIntegrationTest" />
    <testcase name="MultipleFileUploadIntegration" file="/home/bigattichouse/workspace/headlessweb/tests/integration/test_browser_fileops_integration.cpp" line="493" status="run" result="completed" time="1.019" timestamp="2025-07-27T23:37:36.990" classname="BrowserFileOpsIntegrationTest" />
    <testcase name="DownloadManagerBasicIntegration" file="/home/bigattichouse/workspace/headlessweb/tests/integration/test_browser_fileops_integration.cpp" line="524" status="run" result="completed" time="1.025" timestamp="2025-07-27T23:37:38.010" classname="BrowserFileOpsIntegrationTest" />
    <testcase name="DownloadWithBrowserTrigger" file="/home/bigattichouse/workspace/headlessweb/tests/integration/test_browser_fileops_integration.cpp" line="546" status="run" result="completed" time="1.43" timestamp="2025-07-27T23:37:39.036" classname="BrowserFileOpsIntegrationTest" />
    <testcase name="FileOperationStateInSession" file="/home/bigattichouse/workspace/headlessweb/tests/integration/test_browser_fileops_integration.cpp" line="587" status="run" result="completed" time="2.031" timestamp="2025-07-27T23:37:40.466" classname="BrowserFileOpsIntegrationTest" />
    <testcase name="CompleteFileOpsSessionWorkflow" file="/home/bigattichouse/workspace/headlessweb/tests/integration/test_browser_fileops_integration.cpp" line="633" status="run" result="completed" time="6.977" timestamp="2025-07-27T23:37:42.498" classname="BrowserFileOpsIntegrationTest" />
    <testcase name="FileOpsErrorHandlingIntegration" file="/home/bigattichouse/workspace/headlessweb/tests/integration/test_browser_fileops_integration.cpp" line="693" status="run" result="completed" time="2.733" timestamp="2025-07-27T23:37:49.476" classname="BrowserFileOpsIntegrationTest" />
    <testcase name="SessionHandlingWithFileOpsErrors" file="/home/bigattichouse/workspace/headlessweb/tests/integration/test_browser_fileops_integration.cpp" line="715" status="run" result="completed" time="2.224" timestamp="2025-07-27T23:37:52.209" classname="BrowserFileOpsIntegrationTest" />
  </testsuite>
</testsuites>
