<?xml version="1.0" encoding="UTF-8"?>
<testsuites tests="1" failures="1" disabled="0" errors="0" time="7.163" timestamp="2025-07-27T23:36:33.095" name="AllTests">
  <testsuite name="BrowserFileOpsIntegrationTest" tests="1" failures="1" disabled="0" skipped="0" errors="0" time="7.108" timestamp="2025-07-27T23:36:33.150">
    <testcase name="CompleteFileOpsSessionWorkflow" file="/home/bigattichouse/workspace/headlessweb/tests/integration/test_browser_fileops_integration.cpp" line="633" status="run" result="completed" time="7.108" timestamp="2025-07-27T23:36:33.150" classname="BrowserFileOpsIntegrationTest">
      <failure message="/home/bigattichouse/workspace/headlessweb/tests/integration/test_browser_fileops_integration.cpp:678&#x0A;Expected equality of these values:&#x0A;  lastAction&#x0A;    Which is: &quot;none&quot;&#x0A;  &quot;upload_complete&quot;&#x0A;" type=""><![CDATA[/home/bigattichouse/workspace/headlessweb/tests/integration/test_browser_fileops_integration.cpp:678
Expected equality of these values:
  lastAction
    Which is: "none"
  "upload_complete"
]]></failure>
      <failure message="/home/bigattichouse/workspace/headlessweb/tests/integration/test_browser_fileops_integration.cpp:681&#x0A;Expected equality of these values:&#x0A;  selectedFiles&#x0A;    Which is: &quot;None&quot;&#x0A;  &quot;workflow_test.txt&quot;&#x0A;" type=""><![CDATA[/home/bigattichouse/workspace/headlessweb/tests/integration/test_browser_fileops_integration.cpp:681
Expected equality of these values:
  selectedFiles
    Which is: "None"
  "workflow_test.txt"
]]></failure>
      <failure message="/home/bigattichouse/workspace/headlessweb/tests/integration/test_browser_fileops_integration.cpp:684&#x0A;Expected equality of these values:&#x0A;  progress&#x0A;    Which is: &quot;0%&quot;&#x0A;  &quot;100%&quot;&#x0A;" type=""><![CDATA[/home/bigattichouse/workspace/headlessweb/tests/integration/test_browser_fileops_integration.cpp:684
Expected equality of these values:
  progress
    Which is: "0%"
  "100%"
]]></failure>
    </testcase>
  </testsuite>
</testsuites>
