<?xml version="1.0" encoding="UTF-8"?>
<testsuites tests="1" failures="1" disabled="0" errors="0" time="2.189" timestamp="2025-07-27T19:33:40.282" name="AllTests">
  <testsuite name="ServiceArchitectureCoordinationTest" tests="1" failures="1" disabled="0" skipped="0" errors="0" time="2.146" timestamp="2025-07-27T19:33:40.325">
    <testcase name="NavigationService_WaitMechanisms" file="/home/bigattichouse/workspace/headlessweb/tests/hweb/test_service_architecture_coordination.cpp" line="401" status="run" result="completed" time="2.145" timestamp="2025-07-27T19:33:40.325" classname="ServiceArchitectureCoordinationTest">
      <failure message="/home/bigattichouse/workspace/headlessweb/tests/hweb/test_service_architecture_coordination.cpp:414&#x0A;Value of: page_ready&#x0A;  Actual: false&#x0A;Expected: true&#x0A;" type=""><![CDATA[/home/bigattichouse/workspace/headlessweb/tests/hweb/test_service_architecture_coordination.cpp:414
Value of: page_ready
  Actual: false
Expected: true
]]></failure>
    </testcase>
  </testsuite>
</testsuites>
