<?xml version="1.0" encoding="UTF-8"?>
<testsuites tests="1" failures="0" disabled="0" errors="0" time="3.16" timestamp="2025-07-27T23:56:22.404" name="AllTests">
  <testsuite name="ComplexWorkflowChainsTest" tests="1" failures="0" disabled="0" skipped="0" errors="0" time="3.112" timestamp="2025-07-27T23:56:22.453">
    <testcase name="PerformanceStressWorkflow_RapidOperations" file="/home/bigattichouse/workspace/headlessweb/tests/integration/test_complex_workflow_chains.cpp" line="841" status="run" result="completed" time="3.112" timestamp="2025-07-27T23:56:22.453" classname="ComplexWorkflowChainsTest" />
  </testsuite>
</testsuites>
