<?xml version="1.0" encoding="UTF-8"?>
<testsuites tests="1" failures="0" disabled="0" errors="0" time="0.663" timestamp="2025-07-27T23:54:27.198" name="AllTests">
  <testsuite name="ComplexWorkflowChainsTest" tests="1" failures="0" disabled="0" skipped="1" errors="0" time="0.62" timestamp="2025-07-27T23:54:27.241">
    <testcase name="PerformanceStressWorkflow_RapidOperations" file="/home/bigattichouse/workspace/headlessweb/tests/integration/test_complex_workflow_chains.cpp" line="841" status="run" result="skipped" time="0.62" timestamp="2025-07-27T23:54:27.241" classname="ComplexWorkflowChainsTest">
      <skipped message="/home/bigattichouse/workspace/headlessweb/tests/integration/test_complex_workflow_chains.cpp:883&#x0A;Stress test page elements not found - counter: false, increment-btn: false&#x0A;"><![CDATA[/home/bigattichouse/workspace/headlessweb/tests/integration/test_complex_workflow_chains.cpp:883
Stress test page elements not found - counter: false, increment-btn: false
]]></skipped>
    </testcase>
  </testsuite>
</testsuites>
