<?xml version="1.0" encoding="UTF-8"?>
<testsuites tests="1" failures="1" disabled="0" errors="0" time="3.037" timestamp="2025-07-28T08:12:02.666" name="AllTests">
  <testsuite name="ComplexWorkflowChainsTest" tests="1" failures="1" disabled="0" skipped="0" errors="0" time="3.037" timestamp="2025-07-28T08:12:14.676">
    <testcase name="PerformanceStressWorkflow_RapidOperations" file="/home/bigattichouse/workspace/headlessweb/tests/integration/test_complex_workflow_chains.cpp" line="832" status="run" result="completed" time="3.037" timestamp="2025-07-28T08:12:14.676" classname="ComplexWorkflowChainsTest">
      <failure message="/home/bigattichouse/workspace/headlessweb/tests/integration/test_complex_workflow_chains.cpp:903&#x0A;Expected equality of these values:&#x0A;  final_count&#x0A;    Which is: 49&#x0A;  num_operations&#x0A;    Which is: 50&#x0A;Expected exactly 50 operations, got 49&#x0A;" type=""><![CDATA[/home/bigattichouse/workspace/headlessweb/tests/integration/test_complex_workflow_chains.cpp:903
Expected equality of these values:
  final_count
    Which is: 49
  num_operations
    Which is: 50
Expected exactly 50 operations, got 49
]]></failure>
    </testcase>
  </testsuite>
</testsuites>
