<?xml version="1.0" encoding="UTF-8"?>
<testsuites tests="1" failures="1" disabled="0" errors="0" time="1.875" timestamp="2025-07-27T20:03:20.521" name="AllTests">
  <testsuite name="BrowserSessionTest" tests="1" failures="1" disabled="0" skipped="0" errors="0" time="1.827" timestamp="2025-07-27T20:03:20.568">
    <testcase name="RestoreCustomState" file="/home/bigattichouse/workspace/headlessweb/tests/browser/test_browser_session.cpp" line="597" status="run" result="completed" time="1.827" timestamp="2025-07-27T20:03:20.568" classname="BrowserSessionTest">
      <failure message="/home/bigattichouse/workspace/headlessweb/tests/browser/test_browser_session.cpp:622&#x0A;Expected equality of these values:&#x0A;  simpleValue&#x0A;    Which is: &quot;&quot;&#x0A;  &quot;simple string&quot;&#x0A;" type=""><![CDATA[/home/bigattichouse/workspace/headlessweb/tests/browser/test_browser_session.cpp:622
Expected equality of these values:
  simpleValue
    Which is: ""
  "simple string"
]]></failure>
    </testcase>
  </testsuite>
</testsuites>
