<?xml version="1.0" encoding="UTF-8"?>
<testsuites tests="15" failures="2" disabled="0" errors="0" time="19.889" timestamp="2025-07-27T19:35:25.484" name="AllTests">
  <testsuite name="ServiceArchitectureCoordinationTest" tests="15" failures="2" disabled="0" skipped="0" errors="0" time="19.842" timestamp="2025-07-27T19:35:25.531">
    <testcase name="ManagerRegistry_InitializationAndAccess" file="/home/bigattichouse/workspace/headlessweb/tests/hweb/test_service_architecture_coordination.cpp" line="204" status="run" result="completed" time="0.133" timestamp="2025-07-27T19:35:25.531" classname="ServiceArchitectureCoordinationTest" />
    <testcase name="ManagerRegistry_SingletonBehavior" file="/home/bigattichouse/workspace/headlessweb/tests/hweb/test_service_architecture_coordination.cpp" line="220" status="run" result="completed" time="0." timestamp="2025-07-27T19:35:25.665" classname="ServiceArchitectureCoordinationTest" />
    <testcase name="ManagerRegistry_CrossServiceCoordination" file="/home/bigattichouse/workspace/headlessweb/tests/hweb/test_service_architecture_coordination.cpp" line="238" status="run" result="completed" time="1.209" timestamp="2025-07-27T19:35:25.665" classname="ServiceArchitectureCoordinationTest" />
    <testcase name="SessionService_BrowserStateIntegration" file="/home/bigattichouse/workspace/headlessweb/tests/hweb/test_service_architecture_coordination.cpp" line="269" status="run" result="completed" time="3.063" timestamp="2025-07-27T19:35:26.874" classname="ServiceArchitectureCoordinationTest" />
    <testcase name="SessionService_NavigationServiceIntegration" file="/home/bigattichouse/workspace/headlessweb/tests/hweb/test_service_architecture_coordination.cpp" line="305" status="run" result="completed" time="1.108" timestamp="2025-07-27T19:35:29.938" classname="ServiceArchitectureCoordinationTest" />
    <testcase name="SessionService_MultiSessionIsolation" file="/home/bigattichouse/workspace/headlessweb/tests/hweb/test_service_architecture_coordination.cpp" line="331" status="run" result="completed" time="3.069" timestamp="2025-07-27T19:35:31.046" classname="ServiceArchitectureCoordinationTest" />
    <testcase name="NavigationService_StrategyDetermination" file="/home/bigattichouse/workspace/headlessweb/tests/hweb/test_service_architecture_coordination.cpp" line="380" status="run" result="completed" time="0.001" timestamp="2025-07-27T19:35:34.116" classname="ServiceArchitectureCoordinationTest" />
    <testcase name="NavigationService_WaitMechanisms" file="/home/bigattichouse/workspace/headlessweb/tests/hweb/test_service_architecture_coordination.cpp" line="401" status="run" result="completed" time="0.112" timestamp="2025-07-27T19:35:34.118" classname="ServiceArchitectureCoordinationTest" />
    <testcase name="NavigationService_ComplexNavigationPlans" file="/home/bigattichouse/workspace/headlessweb/tests/hweb/test_service_architecture_coordination.cpp" line="421" status="run" result="completed" time="0.112" timestamp="2025-07-27T19:35:34.230" classname="ServiceArchitectureCoordinationTest">
      <failure message="/home/bigattichouse/workspace/headlessweb/tests/hweb/test_service_architecture_coordination.cpp:445&#x0A;Expected equality of these values:&#x0A;  viewport.first&#x0A;    Which is: 1920&#x0A;  1024&#x0A;" type=""><![CDATA[/home/bigattichouse/workspace/headlessweb/tests/hweb/test_service_architecture_coordination.cpp:445
Expected equality of these values:
  viewport.first
    Which is: 1920
  1024
]]></failure>
      <failure message="/home/bigattichouse/workspace/headlessweb/tests/hweb/test_service_architecture_coordination.cpp:446&#x0A;Expected equality of these values:&#x0A;  viewport.second&#x0A;    Which is: 1080&#x0A;  768&#x0A;" type=""><![CDATA[/home/bigattichouse/workspace/headlessweb/tests/hweb/test_service_architecture_coordination.cpp:446
Expected equality of these values:
  viewport.second
    Which is: 1080
  768
]]></failure>
    </testcase>
    <testcase name="CrossService_ErrorPropagation" file="/home/bigattichouse/workspace/headlessweb/tests/hweb/test_service_architecture_coordination.cpp" line="451" status="run" result="completed" time="1.014" timestamp="2025-07-27T19:35:34.342" classname="ServiceArchitectureCoordinationTest" />
    <testcase name="CrossService_RecoveryMechanisms" file="/home/bigattichouse/workspace/headlessweb/tests/hweb/test_service_architecture_coordination.cpp" line="469" status="run" result="completed" time="5.222" timestamp="2025-07-27T19:35:35.357" classname="ServiceArchitectureCoordinationTest" />
    <testcase name="ResourceManagement_ServiceLifecycle" file="/home/bigattichouse/workspace/headlessweb/tests/hweb/test_service_architecture_coordination.cpp" line="497" status="run" result="completed" time="0.005" timestamp="2025-07-27T19:35:40.579" classname="ServiceArchitectureCoordinationTest" />
    <testcase name="ResourceManagement_ConcurrentAccess" file="/home/bigattichouse/workspace/headlessweb/tests/hweb/test_service_architecture_coordination.cpp" line="522" status="run" result="completed" time="3.044" timestamp="2025-07-27T19:35:40.585" classname="ServiceArchitectureCoordinationTest">
      <failure message="/home/bigattichouse/workspace/headlessweb/tests/hweb/test_service_architecture_coordination.cpp:553&#x0A;Expected equality of these values:&#x0A;  page_content&#x0A;    Which is: &quot;Service Architecture Test&quot;&#x0A;  &quot;Concurrent Test&quot;&#x0A;" type=""><![CDATA[/home/bigattichouse/workspace/headlessweb/tests/hweb/test_service_architecture_coordination.cpp:553
Expected equality of these values:
  page_content
    Which is: "Service Architecture Test"
  "Concurrent Test"
]]></failure>
      <failure message="/home/bigattichouse/workspace/headlessweb/tests/hweb/test_service_architecture_coordination.cpp:567&#x0A;Expected equality of these values:&#x0A;  page_content&#x0A;    Which is: &quot;Service Architecture Test&quot;&#x0A;  &quot;Concurrent Test&quot;&#x0A;" type=""><![CDATA[/home/bigattichouse/workspace/headlessweb/tests/hweb/test_service_architecture_coordination.cpp:567
Expected equality of these values:
  page_content
    Which is: "Service Architecture Test"
  "Concurrent Test"
]]></failure>
    </testcase>
    <testcase name="ServiceIntegration_CompleteWorkflow" file="/home/bigattichouse/workspace/headlessweb/tests/hweb/test_service_architecture_coordination.cpp" line="572" status="run" result="completed" time="1.632" timestamp="2025-07-27T19:35:43.629" classname="ServiceArchitectureCoordinationTest" />
    <testcase name="ServiceIntegration_ErrorRecoveryWorkflow" file="/home/bigattichouse/workspace/headlessweb/tests/hweb/test_service_architecture_coordination.cpp" line="626" status="run" result="completed" time="0.11" timestamp="2025-07-27T19:35:45.262" classname="ServiceArchitectureCoordinationTest" />
  </testsuite>
</testsuites>
