<?xml version="1.0" encoding="UTF-8"?>
<testsuites tests="15" failures="7" disabled="0" errors="0" time="42.256" timestamp="2025-07-25T23:20:58.676" name="AllTests">
  <testsuite name="ServiceArchitectureCoordinationTest" tests="15" failures="7" disabled="0" skipped="0" errors="0" time="42.211" timestamp="2025-07-25T23:20:58.720">
    <testcase name="ManagerRegistry_InitializationAndAccess" file="/home/bigattichouse/workspace/headlessweb/tests/hweb/test_service_architecture_coordination.cpp" line="204" status="run" result="completed" time="0.12" timestamp="2025-07-25T23:20:58.720" classname="ServiceArchitectureCoordinationTest" />
    <testcase name="ManagerRegistry_SingletonBehavior" file="/home/bigattichouse/workspace/headlessweb/tests/hweb/test_service_architecture_coordination.cpp" line="220" status="run" result="completed" time="0." timestamp="2025-07-25T23:20:58.841" classname="ServiceArchitectureCoordinationTest" />
    <testcase name="ManagerRegistry_CrossServiceCoordination" file="/home/bigattichouse/workspace/headlessweb/tests/hweb/test_service_architecture_coordination.cpp" line="238" status="run" result="completed" time="1.04" timestamp="2025-07-25T23:20:58.841" classname="ServiceArchitectureCoordinationTest">
      <failure message="/home/bigattichouse/workspace/headlessweb/tests/hweb/test_service_architecture_coordination.cpp:260&#x0A;Value of: assertions_passed&#x0A;  Actual: false&#x0A;Expected: true&#x0A;" type=""><![CDATA[/home/bigattichouse/workspace/headlessweb/tests/hweb/test_service_architecture_coordination.cpp:260
Value of: assertions_passed
  Actual: false
Expected: true
]]></failure>
    </testcase>
    <testcase name="SessionService_BrowserStateIntegration" file="/home/bigattichouse/workspace/headlessweb/tests/hweb/test_service_architecture_coordination.cpp" line="269" status="run" result="completed" time="2.275" timestamp="2025-07-25T23:20:59.882" classname="ServiceArchitectureCoordinationTest">
      <failure message="/home/bigattichouse/workspace/headlessweb/tests/hweb/test_service_architecture_coordination.cpp:274&#x0A;Value of: test_session.getCurrentUrl().empty()&#x0A;  Actual: true&#x0A;Expected: false&#x0A;" type=""><![CDATA[/home/bigattichouse/workspace/headlessweb/tests/hweb/test_service_architecture_coordination.cpp:274
Value of: test_session.getCurrentUrl().empty()
  Actual: true
Expected: false
]]></failure>
      <failure message="/home/bigattichouse/workspace/headlessweb/tests/hweb/test_service_architecture_coordination.cpp:297&#x0A;Value of: found_field&#x0A;  Actual: false&#x0A;Expected: true&#x0A;" type=""><![CDATA[/home/bigattichouse/workspace/headlessweb/tests/hweb/test_service_architecture_coordination.cpp:297
Value of: found_field
  Actual: false
Expected: true
]]></failure>
    </testcase>
    <testcase name="SessionService_NavigationServiceIntegration" file="/home/bigattichouse/workspace/headlessweb/tests/hweb/test_service_architecture_coordination.cpp" line="304" status="run" result="completed" time="5.351" timestamp="2025-07-25T23:21:02.158" classname="ServiceArchitectureCoordinationTest" />
    <testcase name="SessionService_MultiSessionIsolation" file="/home/bigattichouse/workspace/headlessweb/tests/hweb/test_service_architecture_coordination.cpp" line="330" status="run" result="completed" time="3.262" timestamp="2025-07-25T23:21:07.509" classname="ServiceArchitectureCoordinationTest">
      <failure message="/home/bigattichouse/workspace/headlessweb/tests/hweb/test_service_architecture_coordination.cpp:372&#x0A;Expected: (session1_value) != (session2_value), actual: &quot;&quot; vs &quot;&quot;&#x0A;" type=""><![CDATA[/home/bigattichouse/workspace/headlessweb/tests/hweb/test_service_architecture_coordination.cpp:372
Expected: (session1_value) != (session2_value), actual: "" vs ""
]]></failure>
      <failure message="/home/bigattichouse/workspace/headlessweb/tests/hweb/test_service_architecture_coordination.cpp:373&#x0A;Expected equality of these values:&#x0A;  session1_value&#x0A;    Which is: &quot;&quot;&#x0A;  &quot;session1_value&quot;&#x0A;" type=""><![CDATA[/home/bigattichouse/workspace/headlessweb/tests/hweb/test_service_architecture_coordination.cpp:373
Expected equality of these values:
  session1_value
    Which is: ""
  "session1_value"
]]></failure>
      <failure message="/home/bigattichouse/workspace/headlessweb/tests/hweb/test_service_architecture_coordination.cpp:374&#x0A;Expected equality of these values:&#x0A;  session2_value&#x0A;    Which is: &quot;&quot;&#x0A;  &quot;session2_value&quot;&#x0A;" type=""><![CDATA[/home/bigattichouse/workspace/headlessweb/tests/hweb/test_service_architecture_coordination.cpp:374
Expected equality of these values:
  session2_value
    Which is: ""
  "session2_value"
]]></failure>
    </testcase>
    <testcase name="NavigationService_StrategyDetermination" file="/home/bigattichouse/workspace/headlessweb/tests/hweb/test_service_architecture_coordination.cpp" line="379" status="run" result="completed" time="0." timestamp="2025-07-25T23:21:10.772" classname="ServiceArchitectureCoordinationTest" />
    <testcase name="NavigationService_WaitMechanisms" file="/home/bigattichouse/workspace/headlessweb/tests/hweb/test_service_architecture_coordination.cpp" line="400" status="run" result="completed" time="2.028" timestamp="2025-07-25T23:21:10.772" classname="ServiceArchitectureCoordinationTest">
      <failure message="/home/bigattichouse/workspace/headlessweb/tests/hweb/test_service_architecture_coordination.cpp:413&#x0A;Value of: page_ready&#x0A;  Actual: false&#x0A;Expected: true&#x0A;" type=""><![CDATA[/home/bigattichouse/workspace/headlessweb/tests/hweb/test_service_architecture_coordination.cpp:413
Value of: page_ready
  Actual: false
Expected: true
]]></failure>
    </testcase>
    <testcase name="NavigationService_ComplexNavigationPlans" file="/home/bigattichouse/workspace/headlessweb/tests/hweb/test_service_architecture_coordination.cpp" line="420" status="run" result="completed" time="4.35" timestamp="2025-07-25T23:21:12.801" classname="ServiceArchitectureCoordinationTest">
      <failure message="/home/bigattichouse/workspace/headlessweb/tests/hweb/test_service_architecture_coordination.cpp:444&#x0A;Expected equality of these values:&#x0A;  viewport.first&#x0A;    Which is: 1920&#x0A;  1024&#x0A;" type=""><![CDATA[/home/bigattichouse/workspace/headlessweb/tests/hweb/test_service_architecture_coordination.cpp:444
Expected equality of these values:
  viewport.first
    Which is: 1920
  1024
]]></failure>
      <failure message="/home/bigattichouse/workspace/headlessweb/tests/hweb/test_service_architecture_coordination.cpp:445&#x0A;Expected equality of these values:&#x0A;  viewport.second&#x0A;    Which is: 1080&#x0A;  768&#x0A;" type=""><![CDATA[/home/bigattichouse/workspace/headlessweb/tests/hweb/test_service_architecture_coordination.cpp:445
Expected equality of these values:
  viewport.second
    Which is: 1080
  768
]]></failure>
    </testcase>
    <testcase name="CrossService_ErrorPropagation" file="/home/bigattichouse/workspace/headlessweb/tests/hweb/test_service_architecture_coordination.cpp" line="450" status="run" result="completed" time="1.01" timestamp="2025-07-25T23:21:17.151" classname="ServiceArchitectureCoordinationTest" />
    <testcase name="CrossService_RecoveryMechanisms" file="/home/bigattichouse/workspace/headlessweb/tests/hweb/test_service_architecture_coordination.cpp" line="468" status="run" result="completed" time="9.478" timestamp="2025-07-25T23:21:18.162" classname="ServiceArchitectureCoordinationTest" />
    <testcase name="ResourceManagement_ServiceLifecycle" file="/home/bigattichouse/workspace/headlessweb/tests/hweb/test_service_architecture_coordination.cpp" line="496" status="run" result="completed" time="0.004" timestamp="2025-07-25T23:21:27.640" classname="ServiceArchitectureCoordinationTest" />
    <testcase name="ResourceManagement_ConcurrentAccess" file="/home/bigattichouse/workspace/headlessweb/tests/hweb/test_service_architecture_coordination.cpp" line="521" status="run" result="completed" time="3.054" timestamp="2025-07-25T23:21:27.645" classname="ServiceArchitectureCoordinationTest">
      <failure message="/home/bigattichouse/workspace/headlessweb/tests/hweb/test_service_architecture_coordination.cpp:552&#x0A;Expected equality of these values:&#x0A;  page_content&#x0A;    Which is: &quot;Service Architecture Test&quot;&#x0A;  &quot;Concurrent Test&quot;&#x0A;" type=""><![CDATA[/home/bigattichouse/workspace/headlessweb/tests/hweb/test_service_architecture_coordination.cpp:552
Expected equality of these values:
  page_content
    Which is: "Service Architecture Test"
  "Concurrent Test"
]]></failure>
      <failure message="/home/bigattichouse/workspace/headlessweb/tests/hweb/test_service_architecture_coordination.cpp:566&#x0A;Expected equality of these values:&#x0A;  page_content&#x0A;    Which is: &quot;Service Architecture Test&quot;&#x0A;  &quot;Concurrent Test&quot;&#x0A;" type=""><![CDATA[/home/bigattichouse/workspace/headlessweb/tests/hweb/test_service_architecture_coordination.cpp:566
Expected equality of these values:
  page_content
    Which is: "Service Architecture Test"
  "Concurrent Test"
]]></failure>
    </testcase>
    <testcase name="ServiceIntegration_CompleteWorkflow" file="/home/bigattichouse/workspace/headlessweb/tests/hweb/test_service_architecture_coordination.cpp" line="571" status="run" result="completed" time="5.884" timestamp="2025-07-25T23:21:30.699" classname="ServiceArchitectureCoordinationTest">
      <failure message="/home/bigattichouse/workspace/headlessweb/tests/hweb/test_service_architecture_coordination.cpp:603&#x0A;Value of: assertions_passed&#x0A;  Actual: false&#x0A;Expected: true&#x0A;" type=""><![CDATA[/home/bigattichouse/workspace/headlessweb/tests/hweb/test_service_architecture_coordination.cpp:603
Value of: assertions_passed
  Actual: false
Expected: true
]]></failure>
      <failure message="/home/bigattichouse/workspace/headlessweb/tests/hweb/test_service_architecture_coordination.cpp:622&#x0A;Value of: found_workflow_data&#x0A;  Actual: false&#x0A;Expected: true&#x0A;" type=""><![CDATA[/home/bigattichouse/workspace/headlessweb/tests/hweb/test_service_architecture_coordination.cpp:622
Value of: found_workflow_data
  Actual: false
Expected: true
]]></failure>
    </testcase>
    <testcase name="ServiceIntegration_ErrorRecoveryWorkflow" file="/home/bigattichouse/workspace/headlessweb/tests/hweb/test_service_architecture_coordination.cpp" line="625" status="run" result="completed" time="4.348" timestamp="2025-07-25T23:21:36.584" classname="ServiceArchitectureCoordinationTest" />
  </testsuite>
</testsuites>
