<?xml version="1.0" encoding="UTF-8"?>
<testsuites tests="2" failures="2" disabled="0" errors="0" time="8.215" timestamp="2025-07-28T08:14:27.392" name="AllTests">
  <testsuite name="SPANavigationValidationTest" tests="2" failures="2" disabled="0" skipped="0" errors="0" time="8.171" timestamp="2025-07-28T08:14:27.436">
    <testcase name="ComprehensiveSPANavigationTest" file="/home/bigattichouse/workspace/headlessweb/tests/validation/test_spa_navigation_validation.cpp" line="83" status="run" result="completed" time="7.362" timestamp="2025-07-28T08:14:27.436" classname="SPANavigationValidationTest">
      <failure message="/home/bigattichouse/workspace/headlessweb/tests/validation/test_spa_navigation_validation.cpp:75&#x0A;Value of: browser_-&gt;elementExists(&quot;#status&quot;)&#x0A;  Actual: false&#x0A;Expected: true&#x0A;" type=""><![CDATA[/home/bigattichouse/workspace/headlessweb/tests/validation/test_spa_navigation_validation.cpp:75
Value of: browser_->elementExists("#status")
  Actual: false
Expected: true
]]></failure>
      <failure message="/home/bigattichouse/workspace/headlessweb/tests/validation/test_spa_navigation_validation.cpp:190&#x0A;Failed&#x0A;Both navigation types failed - fundamental SPA support broken&#x0A;" type=""><![CDATA[/home/bigattichouse/workspace/headlessweb/tests/validation/test_spa_navigation_validation.cpp:190
Failed
Both navigation types failed - fundamental SPA support broken
]]></failure>
    </testcase>
    <testcase name="WaitForSPANavigationInternalAnalysis" file="/home/bigattichouse/workspace/headlessweb/tests/validation/test_spa_navigation_validation.cpp" line="200" status="run" result="completed" time="0.809" timestamp="2025-07-28T08:14:34.799" classname="SPANavigationValidationTest">
      <failure message="/home/bigattichouse/workspace/headlessweb/tests/validation/test_spa_navigation_validation.cpp:75&#x0A;Value of: browser_-&gt;elementExists(&quot;#status&quot;)&#x0A;  Actual: false&#x0A;Expected: true&#x0A;" type=""><![CDATA[/home/bigattichouse/workspace/headlessweb/tests/validation/test_spa_navigation_validation.cpp:75
Value of: browser_->elementExists("#status")
  Actual: false
Expected: true
]]></failure>
    </testcase>
  </testsuite>
</testsuites>
