<?xml version="1.0" encoding="UTF-8"?>
<testsuites tests="18" failures="0" disabled="0" errors="0" time="24.455" timestamp="2025-07-25T23:57:43.271" name="AllTests">
  <testsuite name="BrowserStorageTest" tests="18" failures="0" disabled="0" skipped="0" errors="0" time="24.411" timestamp="2025-07-25T23:57:43.314">
    <testcase name="SetAndGetSingleCookie" file="/home/bigattichouse/workspace/headlessweb/tests/browser/test_browser_storage.cpp" line="198" status="run" result="completed" time="1.54" timestamp="2025-07-25T23:57:43.314" classname="BrowserStorageTest" />
    <testcase name="SetMultipleCookies" file="/home/bigattichouse/workspace/headlessweb/tests/browser/test_browser_storage.cpp" line="236" status="run" result="completed" time="1.423" timestamp="2025-07-25T23:57:44.854" classname="BrowserStorageTest" />
    <testcase name="SetCookieSafe" file="/home/bigattichouse/workspace/headlessweb/tests/browser/test_browser_storage.cpp" line="278" status="run" result="completed" time="1.226" timestamp="2025-07-25T23:57:46.277" classname="BrowserStorageTest" />
    <testcase name="ClearCookies" file="/home/bigattichouse/workspace/headlessweb/tests/browser/test_browser_storage.cpp" line="308" status="run" result="completed" time="1.421" timestamp="2025-07-25T23:57:47.504" classname="BrowserStorageTest" />
    <testcase name="CookieWithSpecialCharacters" file="/home/bigattichouse/workspace/headlessweb/tests/browser/test_browser_storage.cpp" line="334" status="run" result="completed" time="1.226" timestamp="2025-07-25T23:57:48.926" classname="BrowserStorageTest" />
    <testcase name="SetAndGetLocalStorage" file="/home/bigattichouse/workspace/headlessweb/tests/browser/test_browser_storage.cpp" line="367" status="run" result="completed" time="1.228" timestamp="2025-07-25T23:57:50.152" classname="BrowserStorageTest" />
    <testcase name="LocalStorageEmpty" file="/home/bigattichouse/workspace/headlessweb/tests/browser/test_browser_storage.cpp" line="385" status="run" result="completed" time="1.22" timestamp="2025-07-25T23:57:51.380" classname="BrowserStorageTest" />
    <testcase name="LocalStorageOverwrite" file="/home/bigattichouse/workspace/headlessweb/tests/browser/test_browser_storage.cpp" line="390" status="run" result="completed" time="1.417" timestamp="2025-07-25T23:57:52.601" classname="BrowserStorageTest" />
    <testcase name="LocalStorageWithSpecialCharacters" file="/home/bigattichouse/workspace/headlessweb/tests/browser/test_browser_storage.cpp" line="407" status="run" result="completed" time="1.22" timestamp="2025-07-25T23:57:54.018" classname="BrowserStorageTest" />
    <testcase name="LocalStorageLargeData" file="/home/bigattichouse/workspace/headlessweb/tests/browser/test_browser_storage.cpp" line="426" status="run" result="completed" time="1.416" timestamp="2025-07-25T23:57:55.239" classname="BrowserStorageTest" />
    <testcase name="SetAndGetSessionStorage" file="/home/bigattichouse/workspace/headlessweb/tests/browser/test_browser_storage.cpp" line="444" status="run" result="completed" time="1.422" timestamp="2025-07-25T23:57:56.656" classname="BrowserStorageTest" />
    <testcase name="SessionStorageEmpty" file="/home/bigattichouse/workspace/headlessweb/tests/browser/test_browser_storage.cpp" line="461" status="run" result="completed" time="1.217" timestamp="2025-07-25T23:57:58.078" classname="BrowserStorageTest" />
    <testcase name="SessionStorageIndependentFromLocal" file="/home/bigattichouse/workspace/headlessweb/tests/browser/test_browser_storage.cpp" line="466" status="run" result="completed" time="1.22" timestamp="2025-07-25T23:57:59.295" classname="BrowserStorageTest" />
    <testcase name="SessionStorageWithSpecialCharacters" file="/home/bigattichouse/workspace/headlessweb/tests/browser/test_browser_storage.cpp" line="482" status="run" result="completed" time="1.419" timestamp="2025-07-25T23:58:00.515" classname="BrowserStorageTest" />
    <testcase name="StorageAfterNavigation" file="/home/bigattichouse/workspace/headlessweb/tests/browser/test_browser_storage.cpp" line="497" status="run" result="completed" time="1.923" timestamp="2025-07-25T23:58:01.935" classname="BrowserStorageTest" />
    <testcase name="CombinedStorageOperations" file="/home/bigattichouse/workspace/headlessweb/tests/browser/test_browser_storage.cpp" line="515" status="run" result="completed" time="1.227" timestamp="2025-07-25T23:58:03.859" classname="BrowserStorageTest" />
    <testcase name="StorageWithEmptyBrowser" file="/home/bigattichouse/workspace/headlessweb/tests/browser/test_browser_storage.cpp" line="553" status="run" result="completed" time="1.221" timestamp="2025-07-25T23:58:05.086" classname="BrowserStorageTest" />
    <testcase name="StorageErrorRecovery" file="/home/bigattichouse/workspace/headlessweb/tests/browser/test_browser_storage.cpp" line="570" status="run" result="completed" time="1.418" timestamp="2025-07-25T23:58:06.307" classname="BrowserStorageTest" />
  </testsuite>
</testsuites>
