<?xml version="1.0" encoding="UTF-8"?>
<testsuites tests="1" failures="1" disabled="0" errors="0" time="2.489" timestamp="2025-07-27T18:06:44.425" name="AllTests">
  <testsuite name="BrowserWaitTest" tests="1" failures="1" disabled="0" skipped="0" errors="0" time="2.442" timestamp="2025-07-27T18:06:44.472">
    <testcase name="WaitForElementVisibleAlreadyVisible" file="/home/bigattichouse/workspace/headlessweb/tests/browser/test_browser_wait.cpp" line="546" status="run" result="completed" time="2.442" timestamp="2025-07-27T18:06:44.472" classname="BrowserWaitTest">
      <failure message="/home/bigattichouse/workspace/headlessweb/tests/browser/test_browser_wait.cpp:552&#x0A;Value of: result&#x0A;  Actual: false&#x0A;Expected: true&#x0A;" type=""><![CDATA[/home/bigattichouse/workspace/headlessweb/tests/browser/test_browser_wait.cpp:552
Value of: result
  Actual: false
Expected: true
]]></failure>
    </testcase>
  </testsuite>
</testsuites>
