<?xml version="1.0" encoding="UTF-8"?>
<testsuites tests="39" failures="7" disabled="0" errors="0" time="71.871" timestamp="2025-07-25T23:05:57.312" name="AllTests">
  <testsuite name="BrowserWaitTest" tests="39" failures="7" disabled="0" skipped="0" errors="0" time="71.824" timestamp="2025-07-25T23:05:57.360">
    <testcase name="WaitForTextAdvancedBasic" file="/home/bigattichouse/workspace/headlessweb/tests/browser/test_browser_wait.cpp" line="460" status="run" result="completed" time="1.426" timestamp="2025-07-25T23:05:57.360" classname="BrowserWaitTest" />
    <testcase name="WaitForTextAdvancedCaseSensitive" file="/home/bigattichouse/workspace/headlessweb/tests/browser/test_browser_wait.cpp" line="466" status="run" result="completed" time="2.323" timestamp="2025-07-25T23:05:58.786" classname="BrowserWaitTest" />
    <testcase name="WaitForTextAdvancedCaseInsensitive" file="/home/bigattichouse/workspace/headlessweb/tests/browser/test_browser_wait.cpp" line="476" status="run" result="completed" time="1.313" timestamp="2025-07-25T23:06:01.110" classname="BrowserWaitTest" />
    <testcase name="WaitForTextAdvancedExactMatch" file="/home/bigattichouse/workspace/headlessweb/tests/browser/test_browser_wait.cpp" line="482" status="run" result="completed" time="4.234" timestamp="2025-07-25T23:06:02.423" classname="BrowserWaitTest">
      <failure message="/home/bigattichouse/workspace/headlessweb/tests/browser/test_browser_wait.cpp:485&#x0A;Value of: result&#x0A;  Actual: false&#x0A;Expected: true&#x0A;" type=""><![CDATA[/home/bigattichouse/workspace/headlessweb/tests/browser/test_browser_wait.cpp:485
Value of: result
  Actual: false
Expected: true
]]></failure>
    </testcase>
    <testcase name="WaitForTextAdvancedDynamic" file="/home/bigattichouse/workspace/headlessweb/tests/browser/test_browser_wait.cpp" line="492" status="run" result="completed" time="1.875" timestamp="2025-07-25T23:06:06.657" classname="BrowserWaitTest" />
    <testcase name="WaitForNetworkIdleImmediate" file="/home/bigattichouse/workspace/headlessweb/tests/browser/test_browser_wait.cpp" line="502" status="run" result="completed" time="1.409" timestamp="2025-07-25T23:06:08.533" classname="BrowserWaitTest" />
    <testcase name="WaitForNetworkIdleAfterActivity" file="/home/bigattichouse/workspace/headlessweb/tests/browser/test_browser_wait.cpp" line="508" status="run" result="completed" time="3.218" timestamp="2025-07-25T23:06:09.942" classname="BrowserWaitTest">
      <failure message="/home/bigattichouse/workspace/headlessweb/tests/browser/test_browser_wait.cpp:513&#x0A;Value of: result&#x0A;  Actual: false&#x0A;Expected: true&#x0A;" type=""><![CDATA[/home/bigattichouse/workspace/headlessweb/tests/browser/test_browser_wait.cpp:513
Value of: result
  Actual: false
Expected: true
]]></failure>
    </testcase>
    <testcase name="WaitForNetworkRequestPattern" file="/home/bigattichouse/workspace/headlessweb/tests/browser/test_browser_wait.cpp" line="518" status="run" result="completed" time="3.23" timestamp="2025-07-25T23:06:13.161" classname="BrowserWaitTest">
      <failure message="/home/bigattichouse/workspace/headlessweb/tests/browser/test_browser_wait.cpp:523&#x0A;Value of: result&#x0A;  Actual: false&#x0A;Expected: true&#x0A;" type=""><![CDATA[/home/bigattichouse/workspace/headlessweb/tests/browser/test_browser_wait.cpp:523
Value of: result
  Actual: false
Expected: true
]]></failure>
    </testcase>
    <testcase name="WaitForNetworkRequestTimeout" file="/home/bigattichouse/workspace/headlessweb/tests/browser/test_browser_wait.cpp" line="526" status="run" result="completed" time="1.715" timestamp="2025-07-25T23:06:16.392" classname="BrowserWaitTest" />
    <testcase name="WaitForElementVisibleInitiallyHidden" file="/home/bigattichouse/workspace/headlessweb/tests/browser/test_browser_wait.cpp" line="534" status="run" result="completed" time="3.736" timestamp="2025-07-25T23:06:18.108" classname="BrowserWaitTest">
      <failure message="/home/bigattichouse/workspace/headlessweb/tests/browser/test_browser_wait.cpp:543&#x0A;Value of: result&#x0A;  Actual: false&#x0A;Expected: true&#x0A;" type=""><![CDATA[/home/bigattichouse/workspace/headlessweb/tests/browser/test_browser_wait.cpp:543
Value of: result
  Actual: false
Expected: true
]]></failure>
    </testcase>
    <testcase name="WaitForElementVisibleAlreadyVisible" file="/home/bigattichouse/workspace/headlessweb/tests/browser/test_browser_wait.cpp" line="546" status="run" result="completed" time="2.326" timestamp="2025-07-25T23:06:21.844" classname="BrowserWaitTest">
      <failure message="/home/bigattichouse/workspace/headlessweb/tests/browser/test_browser_wait.cpp:552&#x0A;Value of: result&#x0A;  Actual: false&#x0A;Expected: true&#x0A;" type=""><![CDATA[/home/bigattichouse/workspace/headlessweb/tests/browser/test_browser_wait.cpp:552
Value of: result
  Actual: false
Expected: true
]]></failure>
    </testcase>
    <testcase name="WaitForElementCountEqual" file="/home/bigattichouse/workspace/headlessweb/tests/browser/test_browser_wait.cpp" line="557" status="run" result="completed" time="1.312" timestamp="2025-07-25T23:06:24.171" classname="BrowserWaitTest" />
    <testcase name="WaitForElementCountGreaterThan" file="/home/bigattichouse/workspace/headlessweb/tests/browser/test_browser_wait.cpp" line="563" status="run" result="completed" time="1.617" timestamp="2025-07-25T23:06:25.484" classname="BrowserWaitTest" />
    <testcase name="WaitForElementCountLessThan" file="/home/bigattichouse/workspace/headlessweb/tests/browser/test_browser_wait.cpp" line="571" status="run" result="completed" time="1.619" timestamp="2025-07-25T23:06:27.101" classname="BrowserWaitTest" />
    <testcase name="WaitForElementCountNotEqual" file="/home/bigattichouse/workspace/headlessweb/tests/browser/test_browser_wait.cpp" line="579" status="run" result="completed" time="1.619" timestamp="2025-07-25T23:06:28.721" classname="BrowserWaitTest" />
    <testcase name="WaitForAttributeChange" file="/home/bigattichouse/workspace/headlessweb/tests/browser/test_browser_wait.cpp" line="589" status="run" result="completed" time="1.613" timestamp="2025-07-25T23:06:30.340" classname="BrowserWaitTest" />
    <testcase name="WaitForAttributeExisting" file="/home/bigattichouse/workspace/headlessweb/tests/browser/test_browser_wait.cpp" line="597" status="run" result="completed" time="1.309" timestamp="2025-07-25T23:06:31.954" classname="BrowserWaitTest" />
    <testcase name="WaitForAttributeNonexistent" file="/home/bigattichouse/workspace/headlessweb/tests/browser/test_browser_wait.cpp" line="603" status="run" result="completed" time="1.717" timestamp="2025-07-25T23:06:33.263" classname="BrowserWaitTest" />
    <testcase name="WaitForUrlChangeHash" file="/home/bigattichouse/workspace/headlessweb/tests/browser/test_browser_wait.cpp" line="611" status="run" result="completed" time="1.616" timestamp="2025-07-25T23:06:34.980" classname="BrowserWaitTest" />
    <testcase name="WaitForUrlChangeAny" file="/home/bigattichouse/workspace/headlessweb/tests/browser/test_browser_wait.cpp" line="619" status="run" result="completed" time="1.615" timestamp="2025-07-25T23:06:36.597" classname="BrowserWaitTest" />
    <testcase name="WaitForTitleChange" file="/home/bigattichouse/workspace/headlessweb/tests/browser/test_browser_wait.cpp" line="629" status="run" result="completed" time="1.615" timestamp="2025-07-25T23:06:38.212" classname="BrowserWaitTest" />
    <testcase name="WaitForTitleChangeAny" file="/home/bigattichouse/workspace/headlessweb/tests/browser/test_browser_wait.cpp" line="637" status="run" result="completed" time="1.511" timestamp="2025-07-25T23:06:39.828" classname="BrowserWaitTest" />
    <testcase name="WaitForSPANavigationSpecific" file="/home/bigattichouse/workspace/headlessweb/tests/browser/test_browser_wait.cpp" line="647" status="run" result="completed" time="3.229" timestamp="2025-07-25T23:06:41.339" classname="BrowserWaitTest">
      <failure message="/home/bigattichouse/workspace/headlessweb/tests/browser/test_browser_wait.cpp:652&#x0A;Value of: result&#x0A;  Actual: false&#x0A;Expected: true&#x0A;" type=""><![CDATA[/home/bigattichouse/workspace/headlessweb/tests/browser/test_browser_wait.cpp:652
Value of: result
  Actual: false
Expected: true
]]></failure>
    </testcase>
    <testcase name="WaitForSPANavigationAny" file="/home/bigattichouse/workspace/headlessweb/tests/browser/test_browser_wait.cpp" line="655" status="run" result="completed" time="1.316" timestamp="2025-07-25T23:06:44.569" classname="BrowserWaitTest" />
    <testcase name="WaitForFrameworkReadyJQuery" file="/home/bigattichouse/workspace/headlessweb/tests/browser/test_browser_wait.cpp" line="665" status="run" result="completed" time="1.518" timestamp="2025-07-25T23:06:45.885" classname="BrowserWaitTest" />
    <testcase name="WaitForFrameworkReadyReact" file="/home/bigattichouse/workspace/headlessweb/tests/browser/test_browser_wait.cpp" line="673" status="run" result="completed" time="1.617" timestamp="2025-07-25T23:06:47.404" classname="BrowserWaitTest" />
    <testcase name="WaitForFrameworkReadyAuto" file="/home/bigattichouse/workspace/headlessweb/tests/browser/test_browser_wait.cpp" line="681" status="run" result="completed" time="1.315" timestamp="2025-07-25T23:06:49.022" classname="BrowserWaitTest" />
    <testcase name="WaitForFrameworkReadyCustom" file="/home/bigattichouse/workspace/headlessweb/tests/browser/test_browser_wait.cpp" line="687" status="run" result="completed" time="1.316" timestamp="2025-07-25T23:06:50.337" classname="BrowserWaitTest" />
    <testcase name="WaitForDOMChangeAddElement" file="/home/bigattichouse/workspace/headlessweb/tests/browser/test_browser_wait.cpp" line="697" status="run" result="completed" time="1.619" timestamp="2025-07-25T23:06:51.654" classname="BrowserWaitTest" />
    <testcase name="WaitForDOMChangeModifyElement" file="/home/bigattichouse/workspace/headlessweb/tests/browser/test_browser_wait.cpp" line="705" status="run" result="completed" time="1.515" timestamp="2025-07-25T23:06:53.273" classname="BrowserWaitTest" />
    <testcase name="WaitForDOMChangeRemoveElement" file="/home/bigattichouse/workspace/headlessweb/tests/browser/test_browser_wait.cpp" line="713" status="run" result="completed" time="1.618" timestamp="2025-07-25T23:06:54.789" classname="BrowserWaitTest" />
    <testcase name="WaitForDOMChangeTimeout" file="/home/bigattichouse/workspace/headlessweb/tests/browser/test_browser_wait.cpp" line="724" status="run" result="completed" time="1.307" timestamp="2025-07-25T23:06:56.408" classname="BrowserWaitTest" />
    <testcase name="WaitForContentChangeText" file="/home/bigattichouse/workspace/headlessweb/tests/browser/test_browser_wait.cpp" line="732" status="run" result="completed" time="1.621" timestamp="2025-07-25T23:06:57.716" classname="BrowserWaitTest" />
    <testcase name="WaitForContentChangeHTML" file="/home/bigattichouse/workspace/headlessweb/tests/browser/test_browser_wait.cpp" line="740" status="run" result="completed" time="1.518" timestamp="2025-07-25T23:06:59.337" classname="BrowserWaitTest" />
    <testcase name="WaitForContentChangeInputValue" file="/home/bigattichouse/workspace/headlessweb/tests/browser/test_browser_wait.cpp" line="748" status="run" result="completed" time="1.618" timestamp="2025-07-25T23:07:00.856" classname="BrowserWaitTest" />
    <testcase name="WaitForContentChangeTimeout" file="/home/bigattichouse/workspace/headlessweb/tests/browser/test_browser_wait.cpp" line="756" status="run" result="completed" time="1.713" timestamp="2025-07-25T23:07:02.474" classname="BrowserWaitTest" />
    <testcase name="WaitMethodsWithNonexistentElements" file="/home/bigattichouse/workspace/headlessweb/tests/browser/test_browser_wait.cpp" line="764" status="run" result="completed" time="1.812" timestamp="2025-07-25T23:07:04.187" classname="BrowserWaitTest" />
    <testcase name="WaitMethodsWithZeroTimeout" file="/home/bigattichouse/workspace/headlessweb/tests/browser/test_browser_wait.cpp" line="772" status="run" result="completed" time="1.215" timestamp="2025-07-25T23:07:06.000" classname="BrowserWaitTest" />
    <testcase name="WaitMethodsIntegration" file="/home/bigattichouse/workspace/headlessweb/tests/browser/test_browser_wait.cpp" line="779" status="run" result="completed" time="1.968" timestamp="2025-07-25T23:07:07.215" classname="BrowserWaitTest">
      <failure message="/home/bigattichouse/workspace/headlessweb/tests/browser/test_browser_wait.cpp:797&#x0A;Expected equality of these values:&#x0A;  count_result&#x0A;    Which is: &quot;&quot;&#x0A;  &quot;3&quot;&#x0A;" type=""><![CDATA[/home/bigattichouse/workspace/headlessweb/tests/browser/test_browser_wait.cpp:797
Expected equality of these values:
  count_result
    Which is: ""
  "3"
]]></failure>
    </testcase>
  </testsuite>
</testsuites>
