<?xml version="1.0" encoding="UTF-8"?>
<testsuites tests="7" failures="0" disabled="0" errors="0" time="21.559" timestamp="2025-07-27T23:58:37.705" name="AllTests">
  <testsuite name="ComplexWorkflowChainsTest" tests="7" failures="0" disabled="0" skipped="1" errors="0" time="21.506" timestamp="2025-07-27T23:58:37.758">
    <testcase name="ECommerceWorkflow_BrowseToCheckout" file="/home/bigattichouse/workspace/headlessweb/tests/integration/test_complex_workflow_chains.cpp" line="318" status="run" result="completed" time="3.52" timestamp="2025-07-27T23:58:37.758" classname="ComplexWorkflowChainsTest" />
    <testcase name="ECommerceWorkflow_WithSessionPersistence" file="/home/bigattichouse/workspace/headlessweb/tests/integration/test_complex_workflow_chains.cpp" line="390" status="run" result="completed" time="5.798" timestamp="2025-07-27T23:58:41.279" classname="ComplexWorkflowChainsTest" />
    <testcase name="MultiPageNavigation_WithFormData" file="/home/bigattichouse/workspace/headlessweb/tests/integration/test_complex_workflow_chains.cpp" line="431" status="run" result="completed" time="3.075" timestamp="2025-07-27T23:58:47.078" classname="ComplexWorkflowChainsTest" />
    <testcase name="FileOperationWorkflow_UploadProcessDownload" file="/home/bigattichouse/workspace/headlessweb/tests/integration/test_complex_workflow_chains.cpp" line="540" status="run" result="skipped" time="0.514" timestamp="2025-07-27T23:58:50.153" classname="ComplexWorkflowChainsTest">
      <skipped message="/home/bigattichouse/workspace/headlessweb/tests/integration/test_complex_workflow_chains.cpp:635&#x0A;File processor page elements not found - file-input: false, results: false, processing-status: true&#x0A;"><![CDATA[/home/bigattichouse/workspace/headlessweb/tests/integration/test_complex_workflow_chains.cpp:635
File processor page elements not found - file-input: false, results: false, processing-status: true
]]></skipped>
    </testcase>
    <testcase name="ScreenshotSessionAssertionWorkflow" file="/home/bigattichouse/workspace/headlessweb/tests/integration/test_complex_workflow_chains.cpp" line="678" status="run" result="completed" time="4.629" timestamp="2025-07-27T23:58:50.668" classname="ComplexWorkflowChainsTest" />
    <testcase name="ErrorRecoveryWorkflow_NavigationFailureRecovery" file="/home/bigattichouse/workspace/headlessweb/tests/integration/test_complex_workflow_chains.cpp" line="789" status="run" result="completed" time="1.022" timestamp="2025-07-27T23:58:55.297" classname="ComplexWorkflowChainsTest" />
    <testcase name="PerformanceStressWorkflow_RapidOperations" file="/home/bigattichouse/workspace/headlessweb/tests/integration/test_complex_workflow_chains.cpp" line="841" status="run" result="completed" time="2.945" timestamp="2025-07-27T23:58:56.320" classname="ComplexWorkflowChainsTest" />
  </testsuite>
</testsuites>
