<?xml version="1.0" encoding="UTF-8"?>
<testsuites tests="22" failures="1" disabled="0" errors="0" time="73.305" timestamp="2025-07-26T09:18:56.674" name="AllTests">
  <testsuite name="BrowserEventsTest" tests="22" failures="1" disabled="0" skipped="3" errors="0" time="73.239" timestamp="2025-07-26T09:18:56.739">
    <testcase name="NavigationEventWaiting" file="/home/bigattichouse/workspace/headlessweb/tests/browser/test_browser_events.cpp" line="226" status="run" result="completed" time="1.83" timestamp="2025-07-26T09:18:56.739" classname="BrowserEventsTest" />
    <testcase name="NavigationSignalWaiting" file="/home/bigattichouse/workspace/headlessweb/tests/browser/test_browser_events.cpp" line="246" status="run" result="completed" time="1.12" timestamp="2025-07-26T09:18:58.570" classname="BrowserEventsTest" />
    <testcase name="PageReadyEventWaiting" file="/home/bigattichouse/workspace/headlessweb/tests/browser/test_browser_events.cpp" line="267" status="run" result="completed" time="7.438" timestamp="2025-07-26T09:18:59.691" classname="BrowserEventsTest" />
    <testcase name="SelectorEventWaiting" file="/home/bigattichouse/workspace/headlessweb/tests/browser/test_browser_events.cpp" line="288" status="run" result="completed" time="3.615" timestamp="2025-07-26T09:19:07.130" classname="BrowserEventsTest" />
    <testcase name="VisibilityEventWaiting" file="/home/bigattichouse/workspace/headlessweb/tests/browser/test_browser_events.cpp" line="316" status="run" result="completed" time="4.226" timestamp="2025-07-26T09:19:10.745" classname="BrowserEventsTest" />
    <testcase name="ElementContentWaiting" file="/home/bigattichouse/workspace/headlessweb/tests/browser/test_browser_events.cpp" line="343" status="run" result="completed" time="1.418" timestamp="2025-07-26T09:19:14.972" classname="BrowserEventsTest" />
    <testcase name="JavaScriptConditionWaiting" file="/home/bigattichouse/workspace/headlessweb/tests/browser/test_browser_events.cpp" line="371" status="run" result="completed" time="6.559" timestamp="2025-07-26T09:19:16.391" classname="BrowserEventsTest" />
    <testcase name="ComplexJavaScriptConditions" file="/home/bigattichouse/workspace/headlessweb/tests/browser/test_browser_events.cpp" line="404" status="run" result="completed" time="1.625" timestamp="2025-07-26T09:19:22.950" classname="BrowserEventsTest" />
    <testcase name="TextAppearanceWaiting" file="/home/bigattichouse/workspace/headlessweb/tests/browser/test_browser_events.cpp" line="434" status="run" result="skipped" time="1.015" timestamp="2025-07-26T09:19:24.576" classname="BrowserEventsTest">
      <skipped message="/home/bigattichouse/workspace/headlessweb/tests/browser/test_browser_events.cpp:442&#x0A;Browser not ready for events testing&#x0A;"><![CDATA[/home/bigattichouse/workspace/headlessweb/tests/browser/test_browser_events.cpp:442
Browser not ready for events testing
]]></skipped>
    </testcase>
    <testcase name="UnicodeTextWaiting" file="/home/bigattichouse/workspace/headlessweb/tests/browser/test_browser_events.cpp" line="463" status="run" result="completed" time="6.071" timestamp="2025-07-26T09:19:25.591" classname="BrowserEventsTest" />
    <testcase name="TimeoutVariations" file="/home/bigattichouse/workspace/headlessweb/tests/browser/test_browser_events.cpp" line="492" status="run" result="skipped" time="1.016" timestamp="2025-07-26T09:19:31.663" classname="BrowserEventsTest">
      <skipped message="/home/bigattichouse/workspace/headlessweb/tests/browser/test_browser_events.cpp:500&#x0A;Browser not ready for events testing&#x0A;"><![CDATA[/home/bigattichouse/workspace/headlessweb/tests/browser/test_browser_events.cpp:500
Browser not ready for events testing
]]></skipped>
    </testcase>
    <testcase name="NegativeTimeoutHandling" file="/home/bigattichouse/workspace/headlessweb/tests/browser/test_browser_events.cpp" line="522" status="run" result="completed" time="1.011" timestamp="2025-07-26T09:19:32.680" classname="BrowserEventsTest" />
    <testcase name="ConcurrentEventWaiting" file="/home/bigattichouse/workspace/headlessweb/tests/browser/test_browser_events.cpp" line="544" status="run" result="completed" time="1.566" timestamp="2025-07-26T09:19:33.691" classname="BrowserEventsTest" />
    <testcase name="SequentialEventOperations" file="/home/bigattichouse/workspace/headlessweb/tests/browser/test_browser_events.cpp" line="565" status="run" result="skipped" time="1.026" timestamp="2025-07-26T09:19:35.258" classname="BrowserEventsTest">
      <skipped message="/home/bigattichouse/workspace/headlessweb/tests/browser/test_browser_events.cpp:573&#x0A;Browser not ready for events testing&#x0A;"><![CDATA[/home/bigattichouse/workspace/headlessweb/tests/browser/test_browser_events.cpp:573
Browser not ready for events testing
]]></skipped>
    </testcase>
    <testcase name="EventNotificationMethods" file="/home/bigattichouse/workspace/headlessweb/tests/browser/test_browser_events.cpp" line="589" status="run" result="completed" time="1.018" timestamp="2025-07-26T09:19:36.285" classname="BrowserEventsTest" />
    <testcase name="RepeatedEventNotifications" file="/home/bigattichouse/workspace/headlessweb/tests/browser/test_browser_events.cpp" line="610" status="run" result="completed" time="1.018" timestamp="2025-07-26T09:19:37.304" classname="BrowserEventsTest" />
    <testcase name="InvalidSelectorEventHandling" file="/home/bigattichouse/workspace/headlessweb/tests/browser/test_browser_events.cpp" line="635" status="run" result="completed" time="10.685" timestamp="2025-07-26T09:19:38.323" classname="BrowserEventsTest" />
    <testcase name="InvalidJavaScriptConditionHandling" file="/home/bigattichouse/workspace/headlessweb/tests/browser/test_browser_events.cpp" line="665" status="run" result="completed" time="7.088" timestamp="2025-07-26T09:19:49.008" classname="BrowserEventsTest" />
    <testcase name="EventWaitingPerformance" file="/home/bigattichouse/workspace/headlessweb/tests/browser/test_browser_events.cpp" line="696" status="run" result="completed" time="5.11" timestamp="2025-07-26T09:19:56.097" classname="BrowserEventsTest" />
    <testcase name="TimingAccuracy" file="/home/bigattichouse/workspace/headlessweb/tests/browser/test_browser_events.cpp" line="726" status="run" result="completed" time="2.828" timestamp="2025-07-26T09:20:01.207" classname="BrowserEventsTest">
      <failure message="/home/bigattichouse/workspace/headlessweb/tests/browser/test_browser_events.cpp:753&#x0A;Expected: (actual_duration.count()) &lt;= (timeout * 2), actual: 201 vs 200&#x0A;" type=""><![CDATA[/home/bigattichouse/workspace/headlessweb/tests/browser/test_browser_events.cpp:753
Expected: (actual_duration.count()) <= (timeout * 2), actual: 201 vs 200
]]></failure>
    </testcase>
    <testcase name="ComplexEventScenarios" file="/home/bigattichouse/workspace/headlessweb/tests/browser/test_browser_events.cpp" line="759" status="run" result="completed" time="4.529" timestamp="2025-07-26T09:20:04.036" classname="BrowserEventsTest" />
    <testcase name="EdgeCaseEventHandling" file="/home/bigattichouse/workspace/headlessweb/tests/browser/test_browser_events.cpp" line="795" status="run" result="completed" time="1.413" timestamp="2025-07-26T09:20:08.566" classname="BrowserEventsTest" />
  </testsuite>
</testsuites>
