Starting HeadlessWeb Unit Tests
=================================

** (process:1215299): WARNING **: 09:27:37.719: webkit_settings_set_enable_offline_web_application_cache is deprecated and does nothing.
/home/bigattichouse/workspace/headlessweb/tests/fileops/test_upload_manager.cpp:35: Skipped
Browser setup failed, cannot test DOM validation

/home/bigattichouse/workspace/headlessweb/tests/fileops/test_upload_manager.cpp:35: Skipped
Browser setup failed, cannot test DOM validation

/home/bigattichouse/workspace/headlessweb/tests/fileops/test_upload_manager.cpp:325: Failure
Value of: result
  Actual: false
Expected: true

[  FAILED  ] UploadManagerTest.SimulateFileSelection (6 ms)
/home/bigattichouse/workspace/headlessweb/tests/fileops/test_upload_manager.cpp:333: Failure
Value of: result
  Actual: false
Expected: true

[  FAILED  ] UploadManagerTest.TriggerFileInputEvents (8 ms)
/home/bigattichouse/workspace/headlessweb/tests/fileops/test_upload_manager.cpp:356: Failure
Expected equality of these values:
  status
    Which is: "Ready"
  "Upload complete"

[  FAILED  ] UploadManagerTest.WaitForUploadCompletion (5 ms)
/home/bigattichouse/workspace/headlessweb/tests/fileops/test_upload_manager.cpp:381: Failure
Expected equality of these values:
  status
    Which is: "Ready"
  "Upload complete"

[  FAILED  ] UploadManagerTest.VerifyUploadSuccess (6 ms)
/home/bigattichouse/workspace/headlessweb/tests/fileops/test_upload_manager.cpp:35: Skipped
Browser setup failed, cannot test DOM validation

/home/bigattichouse/workspace/headlessweb/tests/fileops/test_upload_manager.cpp:35: Skipped
Browser setup failed, cannot test DOM validation

/home/bigattichouse/workspace/headlessweb/tests/fileops/test_upload_manager.cpp:35: Skipped
Browser setup failed, cannot test DOM validation

/home/bigattichouse/workspace/headlessweb/tests/fileops/test_upload_manager.cpp:35: Skipped
Browser setup failed, cannot test DOM validation

/home/bigattichouse/workspace/headlessweb/tests/fileops/test_upload_manager.cpp:35: Skipped
Browser setup failed, cannot test DOM validation

/home/bigattichouse/workspace/headlessweb/tests/fileops/test_upload_manager.cpp:35: Skipped
Browser setup failed, cannot test DOM validation

/home/bigattichouse/workspace/headlessweb/tests/fileops/test_upload_manager.cpp:640: Skipped
JavaScript escaping method is private

/home/bigattichouse/workspace/headlessweb/tests/fileops/test_upload_manager.cpp:35: Skipped
Browser setup failed, cannot test DOM validation

[==========] 38 tests from 1 test suite ran. (10391 ms total)
[  PASSED  ] 24 tests.
[  SKIPPED ] 10 tests.

Some tests failed. Check output above for details.
