<?xml version="1.0" encoding="UTF-8"?>
<testsuites tests="16" failures="8" disabled="0" errors="0" time="32.221" timestamp="2025-07-25T23:10:41.537" name="AllTests">
  <testsuite name="BrowserAdvancedFormOperationsTest" tests="16" failures="8" disabled="0" skipped="0" errors="0" time="32.178" timestamp="2025-07-25T23:10:41.580">
    <testcase name="MultiStepFormNavigation_StepProgression" file="/home/bigattichouse/workspace/headlessweb/tests/browser/test_browser_advanced_form_operations.cpp" line="340" status="run" result="completed" time="1.687" timestamp="2025-07-25T23:10:41.580" classname="BrowserAdvancedFormOperationsTest" />
    <testcase name="MultiStepFormNavigation_StepValidation" file="/home/bigattichouse/workspace/headlessweb/tests/browser/test_browser_advanced_form_operations.cpp" line="364" status="run" result="completed" time="1.892" timestamp="2025-07-25T23:10:43.268" classname="BrowserAdvancedFormOperationsTest">
      <failure message="/home/bigattichouse/workspace/headlessweb/tests/browser/test_browser_advanced_form_operations.cpp:376&#x0A;Value of: browser_-&gt;elementExists(&quot;#step2&quot;)&#x0A;  Actual: true&#x0A;Expected: false&#x0A;" type=""><![CDATA[/home/bigattichouse/workspace/headlessweb/tests/browser/test_browser_advanced_form_operations.cpp:376
Value of: browser_->elementExists("#step2")
  Actual: true
Expected: false
]]></failure>
    </testcase>
    <testcase name="MultiStepFormNavigation_BackNavigation" file="/home/bigattichouse/workspace/headlessweb/tests/browser/test_browser_advanced_form_operations.cpp" line="390" status="run" result="completed" time="1.874" timestamp="2025-07-25T23:10:45.160" classname="BrowserAdvancedFormOperationsTest">
      <failure message="/home/bigattichouse/workspace/headlessweb/tests/browser/test_browser_advanced_form_operations.cpp:408&#x0A;Value of: browser_-&gt;elementExists(&quot;#step2&quot;)&#x0A;  Actual: true&#x0A;Expected: false&#x0A;" type=""><![CDATA[/home/bigattichouse/workspace/headlessweb/tests/browser/test_browser_advanced_form_operations.cpp:408
Value of: browser_->elementExists("#step2")
  Actual: true
Expected: false
]]></failure>
    </testcase>
    <testcase name="ConditionalFieldLogic_CountryStateLogic" file="/home/bigattichouse/workspace/headlessweb/tests/browser/test_browser_advanced_form_operations.cpp" line="417" status="run" result="completed" time="2.569" timestamp="2025-07-25T23:10:47.035" classname="BrowserAdvancedFormOperationsTest">
      <failure message="/home/bigattichouse/workspace/headlessweb/tests/browser/test_browser_advanced_form_operations.cpp:429&#x0A;Value of: browser_-&gt;elementExists(&quot;#state-field&quot;)&#x0A;  Actual: true&#x0A;Expected: false&#x0A;" type=""><![CDATA[/home/bigattichouse/workspace/headlessweb/tests/browser/test_browser_advanced_form_operations.cpp:429
Value of: browser_->elementExists("#state-field")
  Actual: true
Expected: false
]]></failure>
      <failure message="/home/bigattichouse/workspace/headlessweb/tests/browser/test_browser_advanced_form_operations.cpp:454&#x0A;Value of: browser_-&gt;elementExists(&quot;#state-field&quot;)&#x0A;  Actual: true&#x0A;Expected: false&#x0A;" type=""><![CDATA[/home/bigattichouse/workspace/headlessweb/tests/browser/test_browser_advanced_form_operations.cpp:454
Value of: browser_->elementExists("#state-field")
  Actual: true
Expected: false
]]></failure>
    </testcase>
    <testcase name="ConditionalFieldLogic_DependentValidation" file="/home/bigattichouse/workspace/headlessweb/tests/browser/test_browser_advanced_form_operations.cpp" line="457" status="run" result="completed" time="2.252" timestamp="2025-07-25T23:10:49.605" classname="BrowserAdvancedFormOperationsTest" />
    <testcase name="ComplexFieldGroups_CheckboxArrays" file="/home/bigattichouse/workspace/headlessweb/tests/browser/test_browser_advanced_form_operations.cpp" line="490" status="run" result="completed" time="1.984" timestamp="2025-07-25T23:10:51.857" classname="BrowserAdvancedFormOperationsTest" />
    <testcase name="ComplexFieldGroups_RadioButtonLogic" file="/home/bigattichouse/workspace/headlessweb/tests/browser/test_browser_advanced_form_operations.cpp" line="522" status="run" result="completed" time="1.97" timestamp="2025-07-25T23:10:53.842" classname="BrowserAdvancedFormOperationsTest" />
    <testcase name="DynamicFormElements_AddRemoveFields" file="/home/bigattichouse/workspace/headlessweb/tests/browser/test_browser_advanced_form_operations.cpp" line="560" status="run" result="completed" time="1.821" timestamp="2025-07-25T23:10:55.812" classname="BrowserAdvancedFormOperationsTest">
      <failure message="/home/bigattichouse/workspace/headlessweb/tests/browser/test_browser_advanced_form_operations.cpp:572&#x0A;Expected equality of these values:&#x0A;  field_count_after_add&#x0A;    Which is: 0&#x0A;  1&#x0A;" type=""><![CDATA[/home/bigattichouse/workspace/headlessweb/tests/browser/test_browser_advanced_form_operations.cpp:572
Expected equality of these values:
  field_count_after_add
    Which is: 0
  1
]]></failure>
      <failure message="/home/bigattichouse/workspace/headlessweb/tests/browser/test_browser_advanced_form_operations.cpp:576&#x0A;Value of: field_exists&#x0A;  Actual: false&#x0A;Expected: true&#x0A;" type=""><![CDATA[/home/bigattichouse/workspace/headlessweb/tests/browser/test_browser_advanced_form_operations.cpp:576
Value of: field_exists
  Actual: false
Expected: true
]]></failure>
      <failure message="/home/bigattichouse/workspace/headlessweb/tests/browser/test_browser_advanced_form_operations.cpp:589&#x0A;Expected equality of these values:&#x0A;  field_count_after_add&#x0A;    Which is: 0&#x0A;  2&#x0A;" type=""><![CDATA[/home/bigattichouse/workspace/headlessweb/tests/browser/test_browser_advanced_form_operations.cpp:589
Expected equality of these values:
  field_count_after_add
    Which is: 0
  2
]]></failure>
    </testcase>
    <testcase name="DynamicFormElements_CheckboxGeneration" file="/home/bigattichouse/workspace/headlessweb/tests/browser/test_browser_advanced_form_operations.cpp" line="592" status="run" result="completed" time="1.821" timestamp="2025-07-25T23:10:57.634" classname="BrowserAdvancedFormOperationsTest">
      <failure message="/home/bigattichouse/workspace/headlessweb/tests/browser/test_browser_advanced_form_operations.cpp:600&#x0A;Expected equality of these values:&#x0A;  checkbox_count&#x0A;    Which is: 0&#x0A;  1&#x0A;" type=""><![CDATA[/home/bigattichouse/workspace/headlessweb/tests/browser/test_browser_advanced_form_operations.cpp:600
Expected equality of these values:
  checkbox_count
    Which is: 0
  1
]]></failure>
      <failure message="/home/bigattichouse/workspace/headlessweb/tests/browser/test_browser_advanced_form_operations.cpp:604&#x0A;Value of: checkbox_exists&#x0A;  Actual: false&#x0A;Expected: true&#x0A;" type=""><![CDATA[/home/bigattichouse/workspace/headlessweb/tests/browser/test_browser_advanced_form_operations.cpp:604
Value of: checkbox_exists
  Actual: false
Expected: true
]]></failure>
      <failure message="/home/bigattichouse/workspace/headlessweb/tests/browser/test_browser_advanced_form_operations.cpp:618&#x0A;Expected equality of these values:&#x0A;  checkbox_count&#x0A;    Which is: 0&#x0A;  3&#x0A;" type=""><![CDATA[/home/bigattichouse/workspace/headlessweb/tests/browser/test_browser_advanced_form_operations.cpp:618
Expected equality of these values:
  checkbox_count
    Which is: 0
  3
]]></failure>
    </testcase>
    <testcase name="FormStatePersistence_CrossStepData" file="/home/bigattichouse/workspace/headlessweb/tests/browser/test_browser_advanced_form_operations.cpp" line="623" status="run" result="completed" time="2.461" timestamp="2025-07-25T23:10:59.456" classname="BrowserAdvancedFormOperationsTest" />
    <testcase name="ComplexValidation_PasswordMatching" file="/home/bigattichouse/workspace/headlessweb/tests/browser/test_browser_advanced_form_operations.cpp" line="660" status="run" result="completed" time="1.703" timestamp="2025-07-25T23:11:01.917" classname="BrowserAdvancedFormOperationsTest" />
    <testcase name="ComplexValidation_EmailFormat" file="/home/bigattichouse/workspace/headlessweb/tests/browser/test_browser_advanced_form_operations.cpp" line="684" status="run" result="completed" time="2.947" timestamp="2025-07-25T23:11:03.621" classname="BrowserAdvancedFormOperationsTest">
      <failure message="/home/bigattichouse/workspace/headlessweb/tests/browser/test_browser_advanced_form_operations.cpp:710&#x0A;Value of: browser_-&gt;elementExists(&quot;#step2&quot;)&#x0A;  Actual: true&#x0A;Expected: false&#x0A;" type=""><![CDATA[/home/bigattichouse/workspace/headlessweb/tests/browser/test_browser_advanced_form_operations.cpp:710
Value of: browser_->elementExists("#step2")
  Actual: true
Expected: false
]]></failure>
      <failure message="/home/bigattichouse/workspace/headlessweb/tests/browser/test_browser_advanced_form_operations.cpp:710&#x0A;Value of: browser_-&gt;elementExists(&quot;#step2&quot;)&#x0A;  Actual: true&#x0A;Expected: false&#x0A;" type=""><![CDATA[/home/bigattichouse/workspace/headlessweb/tests/browser/test_browser_advanced_form_operations.cpp:710
Value of: browser_->elementExists("#step2")
  Actual: true
Expected: false
]]></failure>
      <failure message="/home/bigattichouse/workspace/headlessweb/tests/browser/test_browser_advanced_form_operations.cpp:710&#x0A;Value of: browser_-&gt;elementExists(&quot;#step2&quot;)&#x0A;  Actual: true&#x0A;Expected: false&#x0A;" type=""><![CDATA[/home/bigattichouse/workspace/headlessweb/tests/browser/test_browser_advanced_form_operations.cpp:710
Value of: browser_->elementExists("#step2")
  Actual: true
Expected: false
]]></failure>
      <failure message="/home/bigattichouse/workspace/headlessweb/tests/browser/test_browser_advanced_form_operations.cpp:710&#x0A;Value of: browser_-&gt;elementExists(&quot;#step2&quot;)&#x0A;  Actual: true&#x0A;Expected: false&#x0A;" type=""><![CDATA[/home/bigattichouse/workspace/headlessweb/tests/browser/test_browser_advanced_form_operations.cpp:710
Value of: browser_->elementExists("#step2")
  Actual: true
Expected: false
]]></failure>
      <failure message="/home/bigattichouse/workspace/headlessweb/tests/browser/test_browser_advanced_form_operations.cpp:710&#x0A;Value of: browser_-&gt;elementExists(&quot;#step2&quot;)&#x0A;  Actual: true&#x0A;Expected: false&#x0A;" type=""><![CDATA[/home/bigattichouse/workspace/headlessweb/tests/browser/test_browser_advanced_form_operations.cpp:710
Value of: browser_->elementExists("#step2")
  Actual: true
Expected: false
]]></failure>
      <failure message="/home/bigattichouse/workspace/headlessweb/tests/browser/test_browser_advanced_form_operations.cpp:710&#x0A;Value of: browser_-&gt;elementExists(&quot;#step2&quot;)&#x0A;  Actual: true&#x0A;Expected: false&#x0A;" type=""><![CDATA[/home/bigattichouse/workspace/headlessweb/tests/browser/test_browser_advanced_form_operations.cpp:710
Value of: browser_->elementExists("#step2")
  Actual: true
Expected: false
]]></failure>
    </testcase>
    <testcase name="ErrorHandling_InvalidFormOperations" file="/home/bigattichouse/workspace/headlessweb/tests/browser/test_browser_advanced_form_operations.cpp" line="725" status="run" result="completed" time="1.618" timestamp="2025-07-25T23:11:06.568" classname="BrowserAdvancedFormOperationsTest">
      <failure message="/home/bigattichouse/workspace/headlessweb/tests/browser/test_browser_advanced_form_operations.cpp:730&#x0A;Value of: browser_-&gt;checkElement(&quot;#terms&quot;)&#x0A;  Actual: true&#x0A;Expected: false&#x0A;" type=""><![CDATA[/home/bigattichouse/workspace/headlessweb/tests/browser/test_browser_advanced_form_operations.cpp:730
Value of: browser_->checkElement("#terms")
  Actual: true
Expected: false
]]></failure>
    </testcase>
    <testcase name="ErrorHandling_FormSubmissionFailure" file="/home/bigattichouse/workspace/headlessweb/tests/browser/test_browser_advanced_form_operations.cpp" line="746" status="run" result="completed" time="1.619" timestamp="2025-07-25T23:11:08.187" classname="BrowserAdvancedFormOperationsTest" />
    <testcase name="Performance_ManyDynamicFields" file="/home/bigattichouse/workspace/headlessweb/tests/browser/test_browser_advanced_form_operations.cpp" line="768" status="run" result="completed" time="1.654" timestamp="2025-07-25T23:11:09.806" classname="BrowserAdvancedFormOperationsTest">
      <failure message="/home/bigattichouse/workspace/headlessweb/tests/browser/test_browser_advanced_form_operations.cpp:789&#x0A;Expected equality of these values:&#x0A;  field_count&#x0A;    Which is: 0&#x0A;  20&#x0A;" type=""><![CDATA[/home/bigattichouse/workspace/headlessweb/tests/browser/test_browser_advanced_form_operations.cpp:789
Expected equality of these values:
  field_count
    Which is: 0
  20
]]></failure>
      <failure message="/home/bigattichouse/workspace/headlessweb/tests/browser/test_browser_advanced_form_operations.cpp:794&#x0A;Expected equality of these values:&#x0A;  value&#x0A;    Which is: &quot;&quot;&#x0A;  &quot;performance test&quot;&#x0A;" type=""><![CDATA[/home/bigattichouse/workspace/headlessweb/tests/browser/test_browser_advanced_form_operations.cpp:794
Expected equality of these values:
  value
    Which is: ""
  "performance test"
]]></failure>
    </testcase>
    <testcase name="Performance_RapidFormNavigation" file="/home/bigattichouse/workspace/headlessweb/tests/browser/test_browser_advanced_form_operations.cpp" line="797" status="run" result="completed" time="2.297" timestamp="2025-07-25T23:11:11.461" classname="BrowserAdvancedFormOperationsTest" />
  </testsuite>
</testsuites>
