<?xml version="1.0" encoding="UTF-8"?>
<testsuites tests="16" failures="0" disabled="0" errors="0" time="32.173" timestamp="2025-07-27T19:10:21.117" name="AllTests">
  <testsuite name="BrowserAdvancedFormOperationsTest" tests="16" failures="0" disabled="0" skipped="0" errors="0" time="32.129" timestamp="2025-07-27T19:10:21.160">
    <testcase name="MultiStepFormNavigation_StepProgression" file="/home/bigattichouse/workspace/headlessweb/tests/browser/test_browser_advanced_form_operations.cpp" line="340" status="run" result="completed" time="1.697" timestamp="2025-07-27T19:10:21.160" classname="BrowserAdvancedFormOperationsTest" />
    <testcase name="MultiStepFormNavigation_StepValidation" file="/home/bigattichouse/workspace/headlessweb/tests/browser/test_browser_advanced_form_operations.cpp" line="364" status="run" result="completed" time="1.914" timestamp="2025-07-27T19:10:22.858" classname="BrowserAdvancedFormOperationsTest" />
    <testcase name="MultiStepFormNavigation_BackNavigation" file="/home/bigattichouse/workspace/headlessweb/tests/browser/test_browser_advanced_form_operations.cpp" line="400" status="run" result="completed" time="1.874" timestamp="2025-07-27T19:10:24.773" classname="BrowserAdvancedFormOperationsTest" />
    <testcase name="ConditionalFieldLogic_CountryStateLogic" file="/home/bigattichouse/workspace/headlessweb/tests/browser/test_browser_advanced_form_operations.cpp" line="437" status="run" result="completed" time="2.549" timestamp="2025-07-27T19:10:26.647" classname="BrowserAdvancedFormOperationsTest" />
    <testcase name="ConditionalFieldLogic_DependentValidation" file="/home/bigattichouse/workspace/headlessweb/tests/browser/test_browser_advanced_form_operations.cpp" line="485" status="run" result="completed" time="2.234" timestamp="2025-07-27T19:10:29.196" classname="BrowserAdvancedFormOperationsTest" />
    <testcase name="ComplexFieldGroups_CheckboxArrays" file="/home/bigattichouse/workspace/headlessweb/tests/browser/test_browser_advanced_form_operations.cpp" line="518" status="run" result="completed" time="1.969" timestamp="2025-07-27T19:10:31.431" classname="BrowserAdvancedFormOperationsTest" />
    <testcase name="ComplexFieldGroups_RadioButtonLogic" file="/home/bigattichouse/workspace/headlessweb/tests/browser/test_browser_advanced_form_operations.cpp" line="550" status="run" result="completed" time="1.972" timestamp="2025-07-27T19:10:33.401" classname="BrowserAdvancedFormOperationsTest" />
    <testcase name="DynamicFormElements_AddRemoveFields" file="/home/bigattichouse/workspace/headlessweb/tests/browser/test_browser_advanced_form_operations.cpp" line="588" status="run" result="completed" time="1.827" timestamp="2025-07-27T19:10:35.373" classname="BrowserAdvancedFormOperationsTest" />
    <testcase name="DynamicFormElements_CheckboxGeneration" file="/home/bigattichouse/workspace/headlessweb/tests/browser/test_browser_advanced_form_operations.cpp" line="620" status="run" result="completed" time="1.828" timestamp="2025-07-27T19:10:37.201" classname="BrowserAdvancedFormOperationsTest" />
    <testcase name="FormStatePersistence_CrossStepData" file="/home/bigattichouse/workspace/headlessweb/tests/browser/test_browser_advanced_form_operations.cpp" line="651" status="run" result="completed" time="2.433" timestamp="2025-07-27T19:10:39.029" classname="BrowserAdvancedFormOperationsTest" />
    <testcase name="ComplexValidation_PasswordMatching" file="/home/bigattichouse/workspace/headlessweb/tests/browser/test_browser_advanced_form_operations.cpp" line="688" status="run" result="completed" time="1.698" timestamp="2025-07-27T19:10:41.462" classname="BrowserAdvancedFormOperationsTest" />
    <testcase name="ComplexValidation_EmailFormat" file="/home/bigattichouse/workspace/headlessweb/tests/browser/test_browser_advanced_form_operations.cpp" line="712" status="run" result="completed" time="2.96" timestamp="2025-07-27T19:10:43.160" classname="BrowserAdvancedFormOperationsTest" />
    <testcase name="ErrorHandling_InvalidFormOperations" file="/home/bigattichouse/workspace/headlessweb/tests/browser/test_browser_advanced_form_operations.cpp" line="755" status="run" result="completed" time="1.591" timestamp="2025-07-27T19:10:46.121" classname="BrowserAdvancedFormOperationsTest" />
    <testcase name="ErrorHandling_FormSubmissionFailure" file="/home/bigattichouse/workspace/headlessweb/tests/browser/test_browser_advanced_form_operations.cpp" line="779" status="run" result="completed" time="1.817" timestamp="2025-07-27T19:10:47.712" classname="BrowserAdvancedFormOperationsTest" />
    <testcase name="Performance_ManyDynamicFields" file="/home/bigattichouse/workspace/headlessweb/tests/browser/test_browser_advanced_form_operations.cpp" line="801" status="run" result="completed" time="1.453" timestamp="2025-07-27T19:10:49.530" classname="BrowserAdvancedFormOperationsTest" />
    <testcase name="Performance_RapidFormNavigation" file="/home/bigattichouse/workspace/headlessweb/tests/browser/test_browser_advanced_form_operations.cpp" line="830" status="run" result="completed" time="2.306" timestamp="2025-07-27T19:10:50.984" classname="BrowserAdvancedFormOperationsTest" />
  </testsuite>
</testsuites>
