<?xml version="1.0" encoding="UTF-8"?>
<testsuites tests="1" failures="1" disabled="0" errors="0" time="2.013" timestamp="2025-07-27T18:54:15.574" name="AllTests">
  <testsuite name="BrowserAdvancedFormOperationsTest" tests="1" failures="1" disabled="0" skipped="0" errors="0" time="1.97" timestamp="2025-07-27T18:54:15.618">
    <testcase name="DynamicFormElements_AddRemoveFields" file="/home/bigattichouse/workspace/headlessweb/tests/browser/test_browser_advanced_form_operations.cpp" line="560" status="run" result="completed" time="1.97" timestamp="2025-07-27T18:54:15.618" classname="BrowserAdvancedFormOperationsTest">
      <failure message="/home/bigattichouse/workspace/headlessweb/tests/browser/test_browser_advanced_form_operations.cpp:582&#x0A;Expected equality of these values:&#x0A;  field_count_after_add&#x0A;    Which is: 0&#x0A;  1&#x0A;" type=""><![CDATA[/home/bigattichouse/workspace/headlessweb/tests/browser/test_browser_advanced_form_operations.cpp:582
Expected equality of these values:
  field_count_after_add
    Which is: 0
  1
]]></failure>
      <failure message="/home/bigattichouse/workspace/headlessweb/tests/browser/test_browser_advanced_form_operations.cpp:599&#x0A;Expected equality of these values:&#x0A;  field_count_after_add&#x0A;    Which is: 0&#x0A;  2&#x0A;" type=""><![CDATA[/home/bigattichouse/workspace/headlessweb/tests/browser/test_browser_advanced_form_operations.cpp:599
Expected equality of these values:
  field_count_after_add
    Which is: 0
  2
]]></failure>
    </testcase>
  </testsuite>
</testsuites>
