<?xml version="1.0" encoding="UTF-8"?>
<testsuites tests="13" failures="6" disabled="0" errors="0" time="32.817" timestamp="2025-07-25T23:13:31.512" name="AllTests">
  <testsuite name="BrowserFileOpsIntegrationTest" tests="13" failures="6" disabled="0" skipped="0" errors="0" time="32.774" timestamp="2025-07-25T23:13:31.555">
    <testcase name="SessionPersistsFileUploadState" file="/home/bigattichouse/workspace/headlessweb/tests/integration/test_browser_fileops_integration.cpp" line="279" status="run" result="completed" time="2.953" timestamp="2025-07-25T23:13:31.555" classname="BrowserFileOpsIntegrationTest" />
    <testcase name="SessionRestoresFileOperationState" file="/home/bigattichouse/workspace/headlessweb/tests/integration/test_browser_fileops_integration.cpp" line="345" status="run" result="completed" time="6.06" timestamp="2025-07-25T23:13:34.508" classname="BrowserFileOpsIntegrationTest">
      <failure message="/home/bigattichouse/workspace/headlessweb/tests/integration/test_browser_fileops_integration.cpp:372&#x0A;Expected equality of these values:&#x0A;  selectedFiles&#x0A;    Which is: &quot;None&quot;&#x0A;  &quot;restored_file.txt&quot;&#x0A;" type=""><![CDATA[/home/bigattichouse/workspace/headlessweb/tests/integration/test_browser_fileops_integration.cpp:372
Expected equality of these values:
  selectedFiles
    Which is: "None"
  "restored_file.txt"
]]></failure>
      <failure message="/home/bigattichouse/workspace/headlessweb/tests/integration/test_browser_fileops_integration.cpp:373&#x0A;Expected equality of these values:&#x0A;  uploadProgress&#x0A;    Which is: &quot;0%&quot;&#x0A;  &quot;75%&quot;&#x0A;" type=""><![CDATA[/home/bigattichouse/workspace/headlessweb/tests/integration/test_browser_fileops_integration.cpp:373
Expected equality of these values:
  uploadProgress
    Which is: "0%"
  "75%"
]]></failure>
      <failure message="/home/bigattichouse/workspace/headlessweb/tests/integration/test_browser_fileops_integration.cpp:374&#x0A;Expected equality of these values:&#x0A;  lastAction&#x0A;    Which is: &quot;none&quot;&#x0A;  &quot;upload_in_progress&quot;&#x0A;" type=""><![CDATA[/home/bigattichouse/workspace/headlessweb/tests/integration/test_browser_fileops_integration.cpp:374
Expected equality of these values:
  lastAction
    Which is: "none"
  "upload_in_progress"
]]></failure>
    </testcase>
    <testcase name="FileUploadFormStateIntegration" file="/home/bigattichouse/workspace/headlessweb/tests/integration/test_browser_fileops_integration.cpp" line="377" status="run" result="completed" time="1.431" timestamp="2025-07-25T23:13:40.569" classname="BrowserFileOpsIntegrationTest" />
    <testcase name="DownloadOperationWithSessionTracking" file="/home/bigattichouse/workspace/headlessweb/tests/integration/test_browser_fileops_integration.cpp" line="404" status="run" result="completed" time="2.631" timestamp="2025-07-25T23:13:42.001" classname="BrowserFileOpsIntegrationTest">
      <failure message="/home/bigattichouse/workspace/headlessweb/tests/integration/test_browser_fileops_integration.cpp:411&#x0A;Expected: (downloadStatus.find(&quot;test_file.txt&quot;)) != (std::string::npos), actual: 18446744073709551615 vs 18446744073709551615&#x0A;" type=""><![CDATA[/home/bigattichouse/workspace/headlessweb/tests/integration/test_browser_fileops_integration.cpp:411
Expected: (downloadStatus.find("test_file.txt")) != (std::string::npos), actual: 18446744073709551615 vs 18446744073709551615
]]></failure>
      <failure message="/home/bigattichouse/workspace/headlessweb/tests/integration/test_browser_fileops_integration.cpp:428&#x0A;Expected: (status.find(&quot;test_file.txt&quot;)) != (std::string::npos), actual: 18446744073709551615 vs 18446744073709551615&#x0A;" type=""><![CDATA[/home/bigattichouse/workspace/headlessweb/tests/integration/test_browser_fileops_integration.cpp:428
Expected: (status.find("test_file.txt")) != (std::string::npos), actual: 18446744073709551615 vs 18446744073709551615
]]></failure>
    </testcase>
    <testcase name="UploadManagerWithBrowserIntegration" file="/home/bigattichouse/workspace/headlessweb/tests/integration/test_browser_fileops_integration.cpp" line="433" status="run" result="completed" time="1.227" timestamp="2025-07-25T23:13:44.632" classname="BrowserFileOpsIntegrationTest" />
    <testcase name="UploadManagerValidationIntegration" file="/home/bigattichouse/workspace/headlessweb/tests/integration/test_browser_fileops_integration.cpp" line="461" status="run" result="completed" time="1.212" timestamp="2025-07-25T23:13:45.860" classname="BrowserFileOpsIntegrationTest" />
    <testcase name="MultipleFileUploadIntegration" file="/home/bigattichouse/workspace/headlessweb/tests/integration/test_browser_fileops_integration.cpp" line="489" status="run" result="completed" time="1.021" timestamp="2025-07-25T23:13:47.073" classname="BrowserFileOpsIntegrationTest" />
    <testcase name="DownloadManagerBasicIntegration" file="/home/bigattichouse/workspace/headlessweb/tests/integration/test_browser_fileops_integration.cpp" line="520" status="run" result="completed" time="1.019" timestamp="2025-07-25T23:13:48.094" classname="BrowserFileOpsIntegrationTest" />
    <testcase name="DownloadWithBrowserTrigger" file="/home/bigattichouse/workspace/headlessweb/tests/integration/test_browser_fileops_integration.cpp" line="542" status="run" result="completed" time="1.929" timestamp="2025-07-25T23:13:49.113" classname="BrowserFileOpsIntegrationTest">
      <failure message="/home/bigattichouse/workspace/headlessweb/tests/integration/test_browser_fileops_integration.cpp:549&#x0A;Expected: (downloadStatus.find(&quot;Downloading&quot;)) != (std::string::npos), actual: 18446744073709551615 vs 18446744073709551615&#x0A;" type=""><![CDATA[/home/bigattichouse/workspace/headlessweb/tests/integration/test_browser_fileops_integration.cpp:549
Expected: (downloadStatus.find("Downloading")) != (std::string::npos), actual: 18446744073709551615 vs 18446744073709551615
]]></failure>
      <failure message="/home/bigattichouse/workspace/headlessweb/tests/integration/test_browser_fileops_integration.cpp:555&#x0A;Expected: (downloadStatus.find(&quot;complete&quot;)) != (std::string::npos), actual: 18446744073709551615 vs 18446744073709551615&#x0A;" type=""><![CDATA[/home/bigattichouse/workspace/headlessweb/tests/integration/test_browser_fileops_integration.cpp:555
Expected: (downloadStatus.find("complete")) != (std::string::npos), actual: 18446744073709551615 vs 18446744073709551615
]]></failure>
    </testcase>
    <testcase name="FileOperationStateInSession" file="/home/bigattichouse/workspace/headlessweb/tests/integration/test_browser_fileops_integration.cpp" line="560" status="run" result="completed" time="2.042" timestamp="2025-07-25T23:13:51.043" classname="BrowserFileOpsIntegrationTest">
      <failure message="/home/bigattichouse/workspace/headlessweb/tests/integration/test_browser_fileops_integration.cpp:590&#x0A;Value of: customState.isMember(&quot;downloads&quot;)&#x0A;  Actual: false&#x0A;Expected: true&#x0A;" type=""><![CDATA[/home/bigattichouse/workspace/headlessweb/tests/integration/test_browser_fileops_integration.cpp:590
Value of: customState.isMember("downloads")
  Actual: false
Expected: true
]]></failure>
      <failure message="/home/bigattichouse/workspace/headlessweb/tests/integration/test_browser_fileops_integration.cpp:603&#x0A;Value of: downloadsState.isNull()&#x0A;  Actual: true&#x0A;Expected: false&#x0A;" type=""><![CDATA[/home/bigattichouse/workspace/headlessweb/tests/integration/test_browser_fileops_integration.cpp:603
Value of: downloadsState.isNull()
  Actual: true
Expected: false
]]></failure>
    </testcase>
    <testcase name="CompleteFileOpsSessionWorkflow" file="/home/bigattichouse/workspace/headlessweb/tests/integration/test_browser_fileops_integration.cpp" line="606" status="run" result="completed" time="6.669" timestamp="2025-07-25T23:13:53.085" classname="BrowserFileOpsIntegrationTest">
      <failure message="/home/bigattichouse/workspace/headlessweb/tests/integration/test_browser_fileops_integration.cpp:639&#x0A;Expected equality of these values:&#x0A;  uploadStatus&#x0A;    Which is: &quot;&quot;&#x0A;  &quot;Workflow test completed&quot;&#x0A;" type=""><![CDATA[/home/bigattichouse/workspace/headlessweb/tests/integration/test_browser_fileops_integration.cpp:639
Expected equality of these values:
  uploadStatus
    Which is: ""
  "Workflow test completed"
]]></failure>
      <failure message="/home/bigattichouse/workspace/headlessweb/tests/integration/test_browser_fileops_integration.cpp:643&#x0A;Expected equality of these values:&#x0A;  x&#x0A;    Which is: 39&#x0A;  100&#x0A;" type=""><![CDATA[/home/bigattichouse/workspace/headlessweb/tests/integration/test_browser_fileops_integration.cpp:643
Expected equality of these values:
  x
    Which is: 39
  100
]]></failure>
      <failure message="/home/bigattichouse/workspace/headlessweb/tests/integration/test_browser_fileops_integration.cpp:644&#x0A;Expected equality of these values:&#x0A;  y&#x0A;    Which is: 192&#x0A;  150&#x0A;" type=""><![CDATA[/home/bigattichouse/workspace/headlessweb/tests/integration/test_browser_fileops_integration.cpp:644
Expected equality of these values:
  y
    Which is: 192
  150
]]></failure>
      <failure message="/home/bigattichouse/workspace/headlessweb/tests/integration/test_browser_fileops_integration.cpp:651&#x0A;Expected equality of these values:&#x0A;  lastAction&#x0A;    Which is: &quot;none&quot;&#x0A;  &quot;upload_complete&quot;&#x0A;" type=""><![CDATA[/home/bigattichouse/workspace/headlessweb/tests/integration/test_browser_fileops_integration.cpp:651
Expected equality of these values:
  lastAction
    Which is: "none"
  "upload_complete"
]]></failure>
      <failure message="/home/bigattichouse/workspace/headlessweb/tests/integration/test_browser_fileops_integration.cpp:654&#x0A;Expected equality of these values:&#x0A;  selectedFiles&#x0A;    Which is: &quot;None&quot;&#x0A;  &quot;workflow_test.txt&quot;&#x0A;" type=""><![CDATA[/home/bigattichouse/workspace/headlessweb/tests/integration/test_browser_fileops_integration.cpp:654
Expected equality of these values:
  selectedFiles
    Which is: "None"
  "workflow_test.txt"
]]></failure>
      <failure message="/home/bigattichouse/workspace/headlessweb/tests/integration/test_browser_fileops_integration.cpp:657&#x0A;Expected equality of these values:&#x0A;  progress&#x0A;    Which is: &quot;0%&quot;&#x0A;  &quot;100%&quot;&#x0A;" type=""><![CDATA[/home/bigattichouse/workspace/headlessweb/tests/integration/test_browser_fileops_integration.cpp:657
Expected equality of these values:
  progress
    Which is: "0%"
  "100%"
]]></failure>
    </testcase>
    <testcase name="FileOpsErrorHandlingIntegration" file="/home/bigattichouse/workspace/headlessweb/tests/integration/test_browser_fileops_integration.cpp" line="662" status="run" result="completed" time="2.544" timestamp="2025-07-25T23:13:59.754" classname="BrowserFileOpsIntegrationTest" />
    <testcase name="SessionHandlingWithFileOpsErrors" file="/home/bigattichouse/workspace/headlessweb/tests/integration/test_browser_fileops_integration.cpp" line="684" status="run" result="completed" time="2.03" timestamp="2025-07-25T23:14:02.298" classname="BrowserFileOpsIntegrationTest">
      <failure message="/home/bigattichouse/workspace/headlessweb/tests/integration/test_browser_fileops_integration.cpp:719&#x0A;Value of: errorLog.isArray()&#x0A;  Actual: false&#x0A;Expected: true&#x0A;" type=""><![CDATA[/home/bigattichouse/workspace/headlessweb/tests/integration/test_browser_fileops_integration.cpp:719
Value of: errorLog.isArray()
  Actual: false
Expected: true
]]></failure>
    </testcase>
  </testsuite>
</testsuites>
