<?xml version="1.0" encoding="UTF-8"?>
<testsuites tests="15" failures="0" disabled="0" errors="0" time="29.008" timestamp="2025-07-27T20:01:41.436" name="AllTests">
  <testsuite name="ServiceArchitectureCoordinationTest" tests="15" failures="0" disabled="0" skipped="0" errors="0" time="28.95" timestamp="2025-07-27T20:01:41.494">
    <testcase name="ManagerRegistry_InitializationAndAccess" file="/home/bigattichouse/workspace/headlessweb/tests/hweb/test_service_architecture_coordination.cpp" line="204" status="run" result="completed" time="0.133" timestamp="2025-07-27T20:01:41.494" classname="ServiceArchitectureCoordinationTest" />
    <testcase name="ManagerRegistry_SingletonBehavior" file="/home/bigattichouse/workspace/headlessweb/tests/hweb/test_service_architecture_coordination.cpp" line="220" status="run" result="completed" time="0." timestamp="2025-07-27T20:01:41.628" classname="ServiceArchitectureCoordinationTest" />
    <testcase name="ManagerRegistry_CrossServiceCoordination" file="/home/bigattichouse/workspace/headlessweb/tests/hweb/test_service_architecture_coordination.cpp" line="238" status="run" result="completed" time="1.206" timestamp="2025-07-27T20:01:41.628" classname="ServiceArchitectureCoordinationTest" />
    <testcase name="SessionService_BrowserStateIntegration" file="/home/bigattichouse/workspace/headlessweb/tests/hweb/test_service_architecture_coordination.cpp" line="269" status="run" result="completed" time="3.07" timestamp="2025-07-27T20:01:42.834" classname="ServiceArchitectureCoordinationTest" />
    <testcase name="SessionService_NavigationServiceIntegration" file="/home/bigattichouse/workspace/headlessweb/tests/hweb/test_service_architecture_coordination.cpp" line="305" status="run" result="completed" time="3.211" timestamp="2025-07-27T20:01:45.905" classname="ServiceArchitectureCoordinationTest" />
    <testcase name="SessionService_MultiSessionIsolation" file="/home/bigattichouse/workspace/headlessweb/tests/hweb/test_service_architecture_coordination.cpp" line="331" status="run" result="completed" time="3.245" timestamp="2025-07-27T20:01:49.116" classname="ServiceArchitectureCoordinationTest" />
    <testcase name="NavigationService_StrategyDetermination" file="/home/bigattichouse/workspace/headlessweb/tests/hweb/test_service_architecture_coordination.cpp" line="380" status="run" result="completed" time="0." timestamp="2025-07-27T20:01:52.362" classname="ServiceArchitectureCoordinationTest" />
    <testcase name="NavigationService_WaitMechanisms" file="/home/bigattichouse/workspace/headlessweb/tests/hweb/test_service_architecture_coordination.cpp" line="401" status="run" result="completed" time="0.105" timestamp="2025-07-27T20:01:52.363" classname="ServiceArchitectureCoordinationTest" />
    <testcase name="NavigationService_ComplexNavigationPlans" file="/home/bigattichouse/workspace/headlessweb/tests/hweb/test_service_architecture_coordination.cpp" line="421" status="run" result="completed" time="2.206" timestamp="2025-07-27T20:01:52.468" classname="ServiceArchitectureCoordinationTest" />
    <testcase name="CrossService_ErrorPropagation" file="/home/bigattichouse/workspace/headlessweb/tests/hweb/test_service_architecture_coordination.cpp" line="451" status="run" result="completed" time="1.011" timestamp="2025-07-27T20:01:54.675" classname="ServiceArchitectureCoordinationTest" />
    <testcase name="CrossService_RecoveryMechanisms" file="/home/bigattichouse/workspace/headlessweb/tests/hweb/test_service_architecture_coordination.cpp" line="469" status="run" result="completed" time="5.698" timestamp="2025-07-27T20:01:55.686" classname="ServiceArchitectureCoordinationTest" />
    <testcase name="ResourceManagement_ServiceLifecycle" file="/home/bigattichouse/workspace/headlessweb/tests/hweb/test_service_architecture_coordination.cpp" line="497" status="run" result="completed" time="0.004" timestamp="2025-07-27T20:02:01.384" classname="ServiceArchitectureCoordinationTest" />
    <testcase name="ResourceManagement_ConcurrentAccess" file="/home/bigattichouse/workspace/headlessweb/tests/hweb/test_service_architecture_coordination.cpp" line="522" status="run" result="completed" time="3.118" timestamp="2025-07-27T20:02:01.389" classname="ServiceArchitectureCoordinationTest" />
    <testcase name="ServiceIntegration_CompleteWorkflow" file="/home/bigattichouse/workspace/headlessweb/tests/hweb/test_service_architecture_coordination.cpp" line="564" status="run" result="completed" time="3.724" timestamp="2025-07-27T20:02:04.508" classname="ServiceArchitectureCoordinationTest" />
    <testcase name="ServiceIntegration_ErrorRecoveryWorkflow" file="/home/bigattichouse/workspace/headlessweb/tests/hweb/test_service_architecture_coordination.cpp" line="618" status="run" result="completed" time="2.212" timestamp="2025-07-27T20:02:08.232" classname="ServiceArchitectureCoordinationTest" />
  </testsuite>
</testsuites>
