<?xml version="1.0" encoding="UTF-8"?>
<testsuites tests="1" failures="1" disabled="0" errors="0" time="2.437" timestamp="2025-07-27T19:28:49.059" name="AllTests">
  <testsuite name="ServiceArchitectureCoordinationTest" tests="1" failures="1" disabled="0" skipped="0" errors="0" time="2.391" timestamp="2025-07-27T19:28:49.104">
    <testcase name="SessionService_BrowserStateIntegration" file="/home/bigattichouse/workspace/headlessweb/tests/hweb/test_service_architecture_coordination.cpp" line="269" status="run" result="completed" time="2.391" timestamp="2025-07-27T19:28:49.104" classname="ServiceArchitectureCoordinationTest">
      <failure message="/home/bigattichouse/workspace/headlessweb/tests/hweb/test_service_architecture_coordination.cpp:274&#x0A;Value of: test_session.getCurrentUrl().empty()&#x0A;  Actual: true&#x0A;Expected: false&#x0A;" type=""><![CDATA[/home/bigattichouse/workspace/headlessweb/tests/hweb/test_service_architecture_coordination.cpp:274
Value of: test_session.getCurrentUrl().empty()
  Actual: true
Expected: false
]]></failure>
      <failure message="/home/bigattichouse/workspace/headlessweb/tests/hweb/test_service_architecture_coordination.cpp:297&#x0A;Value of: found_field&#x0A;  Actual: false&#x0A;Expected: true&#x0A;" type=""><![CDATA[/home/bigattichouse/workspace/headlessweb/tests/hweb/test_service_architecture_coordination.cpp:297
Value of: found_field
  Actual: false
Expected: true
]]></failure>
    </testcase>
  </testsuite>
</testsuites>
