<?xml version="1.0" encoding="UTF-8"?>
<testsuites tests="20" failures="0" disabled="0" errors="0" time="0.058" timestamp="2025-08-05T17:47:01.876" name="AllTests">
  <testsuite name="BrowserStorageTest" tests="20" failures="0" disabled="0" skipped="0" errors="0" time="0.003" timestamp="2025-08-05T17:47:01.931">
    <testcase name="SetAndGetSingleCookie" file="/home/bigattichouse/workspace/headlessweb/tests/browser/test_browser_storage.cpp" line="48" status="run" result="completed" time="0." timestamp="2025-08-05T17:47:01.931" classname="BrowserStorageTest" />
    <testcase name="SetMultipleCookies" file="/home/bigattichouse/workspace/headlessweb/tests/browser/test_browser_storage.cpp" line="77" status="run" result="completed" time="0." timestamp="2025-08-05T17:47:01.932" classname="BrowserStorageTest" />
    <testcase name="SetCookieSafe" file="/home/bigattichouse/workspace/headlessweb/tests/browser/test_browser_storage.cpp" line="106" status="run" result="completed" time="0." timestamp="2025-08-05T17:47:01.932" classname="BrowserStorageTest" />
    <testcase name="ClearCookies" file="/home/bigattichouse/workspace/headlessweb/tests/browser/test_browser_storage.cpp" line="130" status="run" result="completed" time="0." timestamp="2025-08-05T17:47:01.932" classname="BrowserStorageTest" />
    <testcase name="CookieWithSpecialCharacters" file="/home/bigattichouse/workspace/headlessweb/tests/browser/test_browser_storage.cpp" line="155" status="run" result="completed" time="0." timestamp="2025-08-05T17:47:01.932" classname="BrowserStorageTest" />
    <testcase name="SetAndGetLocalStorage" file="/home/bigattichouse/workspace/headlessweb/tests/browser/test_browser_storage.cpp" line="182" status="run" result="completed" time="0." timestamp="2025-08-05T17:47:01.932" classname="BrowserStorageTest" />
    <testcase name="LocalStorageEmpty" file="/home/bigattichouse/workspace/headlessweb/tests/browser/test_browser_storage.cpp" line="198" status="run" result="completed" time="0." timestamp="2025-08-05T17:47:01.932" classname="BrowserStorageTest" />
    <testcase name="LocalStorageOverwrite" file="/home/bigattichouse/workspace/headlessweb/tests/browser/test_browser_storage.cpp" line="205" status="run" result="completed" time="0." timestamp="2025-08-05T17:47:01.932" classname="BrowserStorageTest" />
    <testcase name="LocalStorageWithSpecialCharacters" file="/home/bigattichouse/workspace/headlessweb/tests/browser/test_browser_storage.cpp" line="221" status="run" result="completed" time="0." timestamp="2025-08-05T17:47:01.933" classname="BrowserStorageTest" />
    <testcase name="LocalStorageLargeData" file="/home/bigattichouse/workspace/headlessweb/tests/browser/test_browser_storage.cpp" line="236" status="run" result="completed" time="0." timestamp="2025-08-05T17:47:01.933" classname="BrowserStorageTest" />
    <testcase name="SetAndGetSessionStorage" file="/home/bigattichouse/workspace/headlessweb/tests/browser/test_browser_storage.cpp" line="252" status="run" result="completed" time="0." timestamp="2025-08-05T17:47:01.933" classname="BrowserStorageTest" />
    <testcase name="SessionStorageEmpty" file="/home/bigattichouse/workspace/headlessweb/tests/browser/test_browser_storage.cpp" line="266" status="run" result="completed" time="0." timestamp="2025-08-05T17:47:01.933" classname="BrowserStorageTest" />
    <testcase name="SessionStorageIndependentFromLocal" file="/home/bigattichouse/workspace/headlessweb/tests/browser/test_browser_storage.cpp" line="273" status="run" result="completed" time="0." timestamp="2025-08-05T17:47:01.933" classname="BrowserStorageTest" />
    <testcase name="SessionStorageWithSpecialCharacters" file="/home/bigattichouse/workspace/headlessweb/tests/browser/test_browser_storage.cpp" line="289" status="run" result="completed" time="0." timestamp="2025-08-05T17:47:01.933" classname="BrowserStorageTest" />
    <testcase name="StorageAfterNavigation" file="/home/bigattichouse/workspace/headlessweb/tests/browser/test_browser_storage.cpp" line="305" status="run" result="completed" time="0." timestamp="2025-08-05T17:47:01.933" classname="BrowserStorageTest" />
    <testcase name="CombinedStorageOperations" file="/home/bigattichouse/workspace/headlessweb/tests/browser/test_browser_storage.cpp" line="316" status="run" result="completed" time="0." timestamp="2025-08-05T17:47:01.934" classname="BrowserStorageTest" />
    <testcase name="StorageWithEmptyBrowser" file="/home/bigattichouse/workspace/headlessweb/tests/browser/test_browser_storage.cpp" line="351" status="run" result="completed" time="0." timestamp="2025-08-05T17:47:01.934" classname="BrowserStorageTest" />
    <testcase name="StorageErrorRecovery" file="/home/bigattichouse/workspace/headlessweb/tests/browser/test_browser_storage.cpp" line="368" status="run" result="completed" time="0." timestamp="2025-08-05T17:47:01.935" classname="BrowserStorageTest" />
    <testcase name="StoragePerformance" file="/home/bigattichouse/workspace/headlessweb/tests/browser/test_browser_storage.cpp" line="385" status="run" result="completed" time="0." timestamp="2025-08-05T17:47:01.935" classname="BrowserStorageTest" />
    <testcase name="EdgeCaseStorageHandling" file="/home/bigattichouse/workspace/headlessweb/tests/browser/test_browser_storage.cpp" line="406" status="run" result="completed" time="0." timestamp="2025-08-05T17:47:01.935" classname="BrowserStorageTest" />
  </testsuite>
</testsuites>
