<?xml version="1.0" encoding="UTF-8"?>
<testsuites tests="34" failures="0" disabled="0" errors="0" time="45.18" timestamp="2025-08-06T07:31:34.963" name="AllTests">
  <testsuite name="BrowserWaitTest" tests="34" failures="0" disabled="0" skipped="0" errors="0" time="45.12" timestamp="2025-08-06T07:31:35.024">
    <testcase name="WaitForNavigationInterface" file="/home/bigattichouse/workspace/headlessweb/tests/browser/test_browser_wait.cpp" line="52" status="run" result="completed" time="1.11" timestamp="2025-08-06T07:31:35.024" classname="BrowserWaitTest" />
    <testcase name="WaitForSelectorInterface" file="/home/bigattichouse/workspace/headlessweb/tests/browser/test_browser_wait.cpp" line="59" status="run" result="completed" time="0.803" timestamp="2025-08-06T07:31:36.134" classname="BrowserWaitTest" />
    <testcase name="WaitForTextInterface" file="/home/bigattichouse/workspace/headlessweb/tests/browser/test_browser_wait.cpp" line="77" status="run" result="completed" time="0.802" timestamp="2025-08-06T07:31:36.937" classname="BrowserWaitTest" />
    <testcase name="WaitForJsConditionInterface" file="/home/bigattichouse/workspace/headlessweb/tests/browser/test_browser_wait.cpp" line="95" status="run" result="completed" time="0.802" timestamp="2025-08-06T07:31:37.740" classname="BrowserWaitTest" />
    <testcase name="WaitForJavaScriptCompletionInterface" file="/home/bigattichouse/workspace/headlessweb/tests/browser/test_browser_wait.cpp" line="113" status="run" result="completed" time="1.602" timestamp="2025-08-06T07:31:38.542" classname="BrowserWaitTest" />
    <testcase name="WaitForVisibilityEventInterface" file="/home/bigattichouse/workspace/headlessweb/tests/browser/test_browser_wait.cpp" line="121" status="run" result="completed" time="0.701" timestamp="2025-08-06T07:31:40.145" classname="BrowserWaitTest" />
    <testcase name="WaitForNavigationEventInterface" file="/home/bigattichouse/workspace/headlessweb/tests/browser/test_browser_wait.cpp" line="138" status="run" result="completed" time="0.3" timestamp="2025-08-06T07:31:40.846" classname="BrowserWaitTest" />
    <testcase name="WaitForSelectorEventInterface" file="/home/bigattichouse/workspace/headlessweb/tests/browser/test_browser_wait.cpp" line="145" status="run" result="completed" time="0.702" timestamp="2025-08-06T07:31:41.147" classname="BrowserWaitTest" />
    <testcase name="WaitForConditionEventInterface" file="/home/bigattichouse/workspace/headlessweb/tests/browser/test_browser_wait.cpp" line="162" status="run" result="completed" time="0.702" timestamp="2025-08-06T07:31:41.849" classname="BrowserWaitTest" />
    <testcase name="WaitForPageReadyEventInterface" file="/home/bigattichouse/workspace/headlessweb/tests/browser/test_browser_wait.cpp" line="179" status="run" result="completed" time="0.1" timestamp="2025-08-06T07:31:42.552" classname="BrowserWaitTest" />
    <testcase name="WaitForElementWithContentInterface" file="/home/bigattichouse/workspace/headlessweb/tests/browser/test_browser_wait.cpp" line="184" status="run" result="completed" time="0.351" timestamp="2025-08-06T07:31:42.653" classname="BrowserWaitTest" />
    <testcase name="WaitForAttributeInterface" file="/home/bigattichouse/workspace/headlessweb/tests/browser/test_browser_wait.cpp" line="203" status="run" result="completed" time="0.701" timestamp="2025-08-06T07:31:43.004" classname="BrowserWaitTest" />
    <testcase name="WaitForElementVisibleInterface" file="/home/bigattichouse/workspace/headlessweb/tests/browser/test_browser_wait.cpp" line="220" status="run" result="completed" time="0.701" timestamp="2025-08-06T07:31:43.705" classname="BrowserWaitTest" />
    <testcase name="WaitForElementCountInterface" file="/home/bigattichouse/workspace/headlessweb/tests/browser/test_browser_wait.cpp" line="237" status="run" result="completed" time="0.5" timestamp="2025-08-06T07:31:44.407" classname="BrowserWaitTest" />
    <testcase name="WaitForTextAdvancedInterface" file="/home/bigattichouse/workspace/headlessweb/tests/browser/test_browser_wait.cpp" line="252" status="run" result="completed" time="2.405" timestamp="2025-08-06T07:31:44.908" classname="BrowserWaitTest" />
    <testcase name="WaitForNetworkIdleInterface" file="/home/bigattichouse/workspace/headlessweb/tests/browser/test_browser_wait.cpp" line="271" status="run" result="completed" time="4.001" timestamp="2025-08-06T07:31:47.313" classname="BrowserWaitTest" />
    <testcase name="WaitForNetworkRequestInterface" file="/home/bigattichouse/workspace/headlessweb/tests/browser/test_browser_wait.cpp" line="280" status="run" result="completed" time="0.6" timestamp="2025-08-06T07:31:51.315" classname="BrowserWaitTest" />
    <testcase name="WaitForUrlChangeInterface" file="/home/bigattichouse/workspace/headlessweb/tests/browser/test_browser_wait.cpp" line="296" status="run" result="completed" time="0.601" timestamp="2025-08-06T07:31:51.916" classname="BrowserWaitTest" />
    <testcase name="WaitForTitleChangeInterface" file="/home/bigattichouse/workspace/headlessweb/tests/browser/test_browser_wait.cpp" line="312" status="run" result="completed" time="0.601" timestamp="2025-08-06T07:31:52.517" classname="BrowserWaitTest" />
    <testcase name="WaitForDOMChangeInterface" file="/home/bigattichouse/workspace/headlessweb/tests/browser/test_browser_wait.cpp" line="328" status="run" result="completed" time="0.6" timestamp="2025-08-06T07:31:53.119" classname="BrowserWaitTest" />
    <testcase name="WaitForContentChangeInterface" file="/home/bigattichouse/workspace/headlessweb/tests/browser/test_browser_wait.cpp" line="344" status="run" result="completed" time="0.5" timestamp="2025-08-06T07:31:53.720" classname="BrowserWaitTest" />
    <testcase name="WaitForSPANavigationInterface" file="/home/bigattichouse/workspace/headlessweb/tests/browser/test_browser_wait.cpp" line="361" status="run" result="completed" time="0.601" timestamp="2025-08-06T07:31:54.221" classname="BrowserWaitTest" />
    <testcase name="WaitForFrameworkReadyInterface" file="/home/bigattichouse/workspace/headlessweb/tests/browser/test_browser_wait.cpp" line="377" status="run" result="completed" time="0.6" timestamp="2025-08-06T07:31:54.822" classname="BrowserWaitTest" />
    <testcase name="WaitTimeoutHandlingInterface" file="/home/bigattichouse/workspace/headlessweb/tests/browser/test_browser_wait.cpp" line="397" status="run" result="completed" time="14.834" timestamp="2025-08-06T07:31:55.423" classname="BrowserWaitTest" />
    <testcase name="NegativeTimeoutInterface" file="/home/bigattichouse/workspace/headlessweb/tests/browser/test_browser_wait.cpp" line="409" status="run" result="completed" time="0." timestamp="2025-08-06T07:32:10.257" classname="BrowserWaitTest" />
    <testcase name="WaitForComplexSelectorsInterface" file="/home/bigattichouse/workspace/headlessweb/tests/browser/test_browser_wait.cpp" line="419" status="run" result="completed" time="2.107" timestamp="2025-08-06T07:32:10.257" classname="BrowserWaitTest" />
    <testcase name="WaitPerformanceInterface" file="/home/bigattichouse/workspace/headlessweb/tests/browser/test_browser_wait.cpp" line="440" status="run" result="completed" time="1.505" timestamp="2025-08-06T07:32:12.364" classname="BrowserWaitTest" />
    <testcase name="WaitErrorHandlingInterface" file="/home/bigattichouse/workspace/headlessweb/tests/browser/test_browser_wait.cpp" line="459" status="run" result="completed" time="1.204" timestamp="2025-08-06T07:32:13.870" classname="BrowserWaitTest" />
    <testcase name="WaitForInvalidConditionsInterface" file="/home/bigattichouse/workspace/headlessweb/tests/browser/test_browser_wait.cpp" line="476" status="run" result="completed" time="1.003" timestamp="2025-08-06T07:32:15.075" classname="BrowserWaitTest" />
    <testcase name="ConcurrentWaitOperationsInterface" file="/home/bigattichouse/workspace/headlessweb/tests/browser/test_browser_wait.cpp" line="494" status="run" result="completed" time="0.502" timestamp="2025-08-06T07:32:16.079" classname="BrowserWaitTest" />
    <testcase name="SequentialWaitOperationsInterface" file="/home/bigattichouse/workspace/headlessweb/tests/browser/test_browser_wait.cpp" line="503" status="run" result="completed" time="0.753" timestamp="2025-08-06T07:32:16.581" classname="BrowserWaitTest" />
    <testcase name="WaitTimingAccuracyInterface" file="/home/bigattichouse/workspace/headlessweb/tests/browser/test_browser_wait.cpp" line="514" status="run" result="completed" time="0.803" timestamp="2025-08-06T07:32:17.334" classname="BrowserWaitTest" />
    <testcase name="WaitForUnicodeContentInterface" file="/home/bigattichouse/workspace/headlessweb/tests/browser/test_browser_wait.cpp" line="532" status="run" result="completed" time="1.605" timestamp="2025-08-06T07:32:18.138" classname="BrowserWaitTest" />
    <testcase name="EdgeCaseWaitInterface" file="/home/bigattichouse/workspace/headlessweb/tests/browser/test_browser_wait.cpp" line="553" status="run" result="completed" time="0.401" timestamp="2025-08-06T07:32:19.743" classname="BrowserWaitTest" />
  </testsuite>
</testsuites>
