<?xml version="1.0" encoding="UTF-8"?>
<testsuites tests="88" failures="0" disabled="0" errors="0" time="88.671" timestamp="2025-08-05T12:56:52.133" name="AllTests">
  <testsuite name="AssertionIntegrationTest" tests="18" failures="0" disabled="0" skipped="0" errors="0" time="4.126" timestamp="2025-08-05T12:56:52.189">
    <testcase name="AssertExistsInterfaceTest" file="/home/bigattichouse/workspace/headlessweb/tests/assertion/test_assertion_integration.cpp" line="41" status="run" result="completed" time="1.01" timestamp="2025-08-05T12:56:52.189" classname="AssertionIntegrationTest" />
    <testcase name="AssertExistsElementAbsentInterfaceTest" file="/home/bigattichouse/workspace/headlessweb/tests/assertion/test_assertion_integration.cpp" line="59" status="run" result="completed" time="1.002" timestamp="2025-08-05T12:56:53.200" classname="AssertionIntegrationTest" />
    <testcase name="AssertExistsExpectAbsentInterfaceTest" file="/home/bigattichouse/workspace/headlessweb/tests/assertion/test_assertion_integration.cpp" line="76" status="run" result="completed" time="1.003" timestamp="2025-08-05T12:56:54.203" classname="AssertionIntegrationTest" />
    <testcase name="AssertTextInterfaceTest" file="/home/bigattichouse/workspace/headlessweb/tests/assertion/test_assertion_integration.cpp" line="93" status="run" result="completed" time="0." timestamp="2025-08-05T12:56:55.206" classname="AssertionIntegrationTest" />
    <testcase name="AssertTextComparisonInterfaceTest" file="/home/bigattichouse/workspace/headlessweb/tests/assertion/test_assertion_integration.cpp" line="110" status="run" result="completed" time="0." timestamp="2025-08-05T12:56:55.207" classname="AssertionIntegrationTest" />
    <testcase name="AssertTextContainsInterfaceTest" file="/home/bigattichouse/workspace/headlessweb/tests/assertion/test_assertion_integration.cpp" line="127" status="run" result="completed" time="0." timestamp="2025-08-05T12:56:55.207" classname="AssertionIntegrationTest" />
    <testcase name="AssertCountInterfaceTest" file="/home/bigattichouse/workspace/headlessweb/tests/assertion/test_assertion_integration.cpp" line="145" status="run" result="completed" time="0." timestamp="2025-08-05T12:56:55.208" classname="AssertionIntegrationTest" />
    <testcase name="AssertCountComparisonInterfaceTest" file="/home/bigattichouse/workspace/headlessweb/tests/assertion/test_assertion_integration.cpp" line="162" status="run" result="completed" time="0." timestamp="2025-08-05T12:56:55.209" classname="AssertionIntegrationTest" />
    <testcase name="AssertCountGreaterThanInterfaceTest" file="/home/bigattichouse/workspace/headlessweb/tests/assertion/test_assertion_integration.cpp" line="179" status="run" result="completed" time="0." timestamp="2025-08-05T12:56:55.209" classname="AssertionIntegrationTest" />
    <testcase name="AssertJSInterfaceTest" file="/home/bigattichouse/workspace/headlessweb/tests/assertion/test_assertion_integration.cpp" line="197" status="run" result="completed" time="0." timestamp="2025-08-05T12:56:55.209" classname="AssertionIntegrationTest" />
    <testcase name="AssertJSFalseExpressionInterfaceTest" file="/home/bigattichouse/workspace/headlessweb/tests/assertion/test_assertion_integration.cpp" line="214" status="run" result="completed" time="0." timestamp="2025-08-05T12:56:55.209" classname="AssertionIntegrationTest" />
    <testcase name="AssertJSNumericInterfaceTest" file="/home/bigattichouse/workspace/headlessweb/tests/assertion/test_assertion_integration.cpp" line="231" status="run" result="completed" time="0." timestamp="2025-08-05T12:56:55.209" classname="AssertionIntegrationTest" />
    <testcase name="AssertJSStringInterfaceTest" file="/home/bigattichouse/workspace/headlessweb/tests/assertion/test_assertion_integration.cpp" line="248" status="run" result="completed" time="0." timestamp="2025-08-05T12:56:55.209" classname="AssertionIntegrationTest" />
    <testcase name="AssertTimeoutInterfaceTest" file="/home/bigattichouse/workspace/headlessweb/tests/assertion/test_assertion_integration.cpp" line="266" status="run" result="completed" time="0.1" timestamp="2025-08-05T12:56:55.210" classname="AssertionIntegrationTest" />
    <testcase name="AssertCustomMessageInterfaceTest" file="/home/bigattichouse/workspace/headlessweb/tests/assertion/test_assertion_integration.cpp" line="284" status="run" result="completed" time="1.003" timestamp="2025-08-05T12:56:55.310" classname="AssertionIntegrationTest" />
    <testcase name="AssertCaseSensitiveInterfaceTest" file="/home/bigattichouse/workspace/headlessweb/tests/assertion/test_assertion_integration.cpp" line="309" status="run" result="completed" time="0." timestamp="2025-08-05T12:56:56.314" classname="AssertionIntegrationTest" />
    <testcase name="AssertCaseInsensitiveInterfaceTest" file="/home/bigattichouse/workspace/headlessweb/tests/assertion/test_assertion_integration.cpp" line="327" status="run" result="completed" time="0." timestamp="2025-08-05T12:56:56.314" classname="AssertionIntegrationTest" />
    <testcase name="AssertElementValueInterfaceTest" file="/home/bigattichouse/workspace/headlessweb/tests/assertion/test_assertion_integration.cpp" line="346" status="run" result="completed" time="0." timestamp="2025-08-05T12:56:56.315" classname="AssertionIntegrationTest" />
  </testsuite>
  <testsuite name="FileOpsTypesTest" tests="30" failures="0" disabled="0" skipped="0" errors="0" time="0.015" timestamp="2025-08-05T12:56:56.315">
    <testcase name="UploadResultEnumValues" file="/home/bigattichouse/workspace/headlessweb/tests/fileops/test_types.cpp" line="37" status="run" result="completed" time="0." timestamp="2025-08-05T12:56:56.315" classname="FileOpsTypesTest" />
    <testcase name="DownloadResultEnumValues" file="/home/bigattichouse/workspace/headlessweb/tests/fileops/test_types.cpp" line="50" status="run" result="completed" time="0." timestamp="2025-08-05T12:56:56.316" classname="FileOpsTypesTest" />
    <testcase name="WaitConditionEnumValues" file="/home/bigattichouse/workspace/headlessweb/tests/fileops/test_types.cpp" line="60" status="run" result="completed" time="0." timestamp="2025-08-05T12:56:56.316" classname="FileOpsTypesTest" />
    <testcase name="ComparisonOperatorEnumValues" file="/home/bigattichouse/workspace/headlessweb/tests/fileops/test_types.cpp" line="74" status="run" result="completed" time="0." timestamp="2025-08-05T12:56:56.316" classname="FileOpsTypesTest" />
    <testcase name="UploadCommandDefaultValues" file="/home/bigattichouse/workspace/headlessweb/tests/fileops/test_types.cpp" line="87" status="run" result="completed" time="0." timestamp="2025-08-05T12:56:56.317" classname="FileOpsTypesTest" />
    <testcase name="UploadCommandCustomization" file="/home/bigattichouse/workspace/headlessweb/tests/fileops/test_types.cpp" line="102" status="run" result="completed" time="0." timestamp="2025-08-05T12:56:56.317" classname="FileOpsTypesTest" />
    <testcase name="UploadCommandFileTypeValidation" file="/home/bigattichouse/workspace/headlessweb/tests/fileops/test_types.cpp" line="127" status="run" result="completed" time="0." timestamp="2025-08-05T12:56:56.317" classname="FileOpsTypesTest" />
    <testcase name="UploadCommandAllowAllTypes" file="/home/bigattichouse/workspace/headlessweb/tests/fileops/test_types.cpp" line="138" status="run" result="completed" time="0." timestamp="2025-08-05T12:56:56.318" classname="FileOpsTypesTest" />
    <testcase name="UploadCommandFileExtraction" file="/home/bigattichouse/workspace/headlessweb/tests/fileops/test_types.cpp" line="148" status="run" result="completed" time="0." timestamp="2025-08-05T12:56:56.318" classname="FileOpsTypesTest" />
    <testcase name="DownloadCommandDefaultValues" file="/home/bigattichouse/workspace/headlessweb/tests/fileops/test_types.cpp" line="162" status="run" result="completed" time="0." timestamp="2025-08-05T12:56:56.318" classname="FileOpsTypesTest" />
    <testcase name="DownloadCommandCustomization" file="/home/bigattichouse/workspace/headlessweb/tests/fileops/test_types.cpp" line="175" status="run" result="completed" time="0." timestamp="2025-08-05T12:56:56.319" classname="FileOpsTypesTest" />
    <testcase name="DownloadCommandPatternMatching" file="/home/bigattichouse/workspace/headlessweb/tests/fileops/test_types.cpp" line="198" status="run" result="completed" time="0." timestamp="2025-08-05T12:56:56.319" classname="FileOpsTypesTest" />
    <testcase name="DownloadCommandPatternTypes" file="/home/bigattichouse/workspace/headlessweb/tests/fileops/test_types.cpp" line="218" status="run" result="completed" time="0." timestamp="2025-08-05T12:56:56.320" classname="FileOpsTypesTest" />
    <testcase name="WaitCommandDefaultValues" file="/home/bigattichouse/workspace/headlessweb/tests/fileops/test_types.cpp" line="242" status="run" result="completed" time="0." timestamp="2025-08-05T12:56:56.320" classname="FileOpsTypesTest" />
    <testcase name="WaitCommandCustomization" file="/home/bigattichouse/workspace/headlessweb/tests/fileops/test_types.cpp" line="257" status="run" result="completed" time="0." timestamp="2025-08-05T12:56:56.320" classname="FileOpsTypesTest" />
    <testcase name="WaitCommandValidation" file="/home/bigattichouse/workspace/headlessweb/tests/fileops/test_types.cpp" line="284" status="run" result="completed" time="0." timestamp="2025-08-05T12:56:56.321" classname="FileOpsTypesTest" />
    <testcase name="FileInfoCreation" file="/home/bigattichouse/workspace/headlessweb/tests/fileops/test_types.cpp" line="312" status="run" result="completed" time="0." timestamp="2025-08-05T12:56:56.321" classname="FileOpsTypesTest" />
    <testcase name="FileInfoNonexistentFile" file="/home/bigattichouse/workspace/headlessweb/tests/fileops/test_types.cpp" line="326" status="run" result="completed" time="0." timestamp="2025-08-05T12:56:56.322" classname="FileOpsTypesTest" />
    <testcase name="FileInfoSizeString" file="/home/bigattichouse/workspace/headlessweb/tests/fileops/test_types.cpp" line="338" status="run" result="completed" time="0.005" timestamp="2025-08-05T12:56:56.322" classname="FileOpsTypesTest" />
    <testcase name="FileInfoAgeCheck" file="/home/bigattichouse/workspace/headlessweb/tests/fileops/test_types.cpp" line="357" status="run" result="completed" time="0." timestamp="2025-08-05T12:56:56.327" classname="FileOpsTypesTest" />
    <testcase name="DownloadProgressCalculations" file="/home/bigattichouse/workspace/headlessweb/tests/fileops/test_types.cpp" line="374" status="run" result="completed" time="0." timestamp="2025-08-05T12:56:56.328" classname="FileOpsTypesTest" />
    <testcase name="DownloadProgressZeroSize" file="/home/bigattichouse/workspace/headlessweb/tests/fileops/test_types.cpp" line="390" status="run" result="completed" time="0." timestamp="2025-08-05T12:56:56.328" classname="FileOpsTypesTest" />
    <testcase name="DownloadProgressStability" file="/home/bigattichouse/workspace/headlessweb/tests/fileops/test_types.cpp" line="400" status="run" result="completed" time="0." timestamp="2025-08-05T12:56:56.329" classname="FileOpsTypesTest" />
    <testcase name="NetworkRequestLifecycle" file="/home/bigattichouse/workspace/headlessweb/tests/fileops/test_types.cpp" line="413" status="run" result="completed" time="0." timestamp="2025-08-05T12:56:56.329" classname="FileOpsTypesTest" />
    <testcase name="NetworkStateManagement" file="/home/bigattichouse/workspace/headlessweb/tests/fileops/test_types.cpp" line="436" status="run" result="completed" time="0." timestamp="2025-08-05T12:56:56.329" classname="FileOpsTypesTest" />
    <testcase name="NetworkStateIdleDetection" file="/home/bigattichouse/workspace/headlessweb/tests/fileops/test_types.cpp" line="461" status="run" result="completed" time="0." timestamp="2025-08-05T12:56:56.330" classname="FileOpsTypesTest" />
    <testcase name="ResultToStringConversions" file="/home/bigattichouse/workspace/headlessweb/tests/fileops/test_types.cpp" line="478" status="run" result="completed" time="0." timestamp="2025-08-05T12:56:56.330" classname="FileOpsTypesTest" />
    <testcase name="ValidationUtilities" file="/home/bigattichouse/workspace/headlessweb/tests/fileops/test_types.cpp" line="496" status="run" result="completed" time="0." timestamp="2025-08-05T12:56:56.330" classname="FileOpsTypesTest" />
    <testcase name="PlatformUtilities" file="/home/bigattichouse/workspace/headlessweb/tests/fileops/test_types.cpp" line="524" status="run" result="completed" time="0." timestamp="2025-08-05T12:56:56.330" classname="FileOpsTypesTest" />
    <testcase name="TimeUtilities" file="/home/bigattichouse/workspace/headlessweb/tests/fileops/test_types.cpp" line="539" status="run" result="completed" time="0." timestamp="2025-08-05T12:56:56.331" classname="FileOpsTypesTest" />
  </testsuite>
  <testsuite name="BrowserCoreTest" tests="17" failures="0" disabled="0" skipped="0" errors="0" time="6.223" timestamp="2025-08-05T12:56:56.331">
    <testcase name="BrowserDefaultConstruction" file="/home/bigattichouse/workspace/headlessweb/tests/browser/test_browser_core.cpp" line="58" status="run" result="completed" time="0." timestamp="2025-08-05T12:56:56.332" classname="BrowserCoreTest" />
    <testcase name="BrowserSessionInitialization" file="/home/bigattichouse/workspace/headlessweb/tests/browser/test_browser_core.cpp" line="66" status="run" result="completed" time="0." timestamp="2025-08-05T12:56:56.332" classname="BrowserCoreTest" />
    <testcase name="ValidateHttpUrls" file="/home/bigattichouse/workspace/headlessweb/tests/browser/test_browser_core.cpp" line="77" status="run" result="completed" time="0." timestamp="2025-08-05T12:56:56.332" classname="BrowserCoreTest" />
    <testcase name="ValidateFileUrls" file="/home/bigattichouse/workspace/headlessweb/tests/browser/test_browser_core.cpp" line="86" status="run" result="completed" time="0.001" timestamp="2025-08-05T12:56:56.333" classname="BrowserCoreTest" />
    <testcase name="RejectInvalidUrls" file="/home/bigattichouse/workspace/headlessweb/tests/browser/test_browser_core.cpp" line="106" status="run" result="completed" time="0." timestamp="2025-08-05T12:56:56.334" classname="BrowserCoreTest" />
    <testcase name="ValidateFileUrlSecurity" file="/home/bigattichouse/workspace/headlessweb/tests/browser/test_browser_core.cpp" line="117" status="run" result="completed" time="0." timestamp="2025-08-05T12:56:56.335" classname="BrowserCoreTest" />
    <testcase name="DetectFileUrls" file="/home/bigattichouse/workspace/headlessweb/tests/browser/test_browser_core.cpp" line="127" status="run" result="completed" time="0." timestamp="2025-08-05T12:56:56.335" classname="BrowserCoreTest" />
    <testcase name="ValidateFileUrlPaths" file="/home/bigattichouse/workspace/headlessweb/tests/browser/test_browser_core.cpp" line="135" status="run" result="completed" time="0.001" timestamp="2025-08-05T12:56:56.336" classname="BrowserCoreTest" />
    <testcase name="GetDefaultViewport" file="/home/bigattichouse/workspace/headlessweb/tests/browser/test_browser_core.cpp" line="150" status="run" result="completed" time="0." timestamp="2025-08-05T12:56:56.337" classname="BrowserCoreTest" />
    <testcase name="ViewportForScreenshots" file="/home/bigattichouse/workspace/headlessweb/tests/browser/test_browser_core.cpp" line="160" status="run" result="completed" time="1.114" timestamp="2025-08-05T12:56:56.337" classname="BrowserCoreTest" />
    <testcase name="NavigationStateManagement" file="/home/bigattichouse/workspace/headlessweb/tests/browser/test_browser_core.cpp" line="174" status="run" result="completed" time="0." timestamp="2025-08-05T12:56:57.452" classname="BrowserCoreTest" />
    <testcase name="JavaScriptExecutionInterface" file="/home/bigattichouse/workspace/headlessweb/tests/browser/test_browser_core.cpp" line="189" status="run" result="completed" time="0." timestamp="2025-08-05T12:56:57.452" classname="BrowserCoreTest" />
    <testcase name="ErrorHandlingRobustness" file="/home/bigattichouse/workspace/headlessweb/tests/browser/test_browser_core.cpp" line="205" status="run" result="completed" time="0.1" timestamp="2025-08-05T12:56:57.453" classname="BrowserCoreTest" />
    <testcase name="SessionIntegrationBasics" file="/home/bigattichouse/workspace/headlessweb/tests/browser/test_browser_core.cpp" line="221" status="run" result="completed" time="5." timestamp="2025-08-05T12:56:57.553" classname="BrowserCoreTest" />
    <testcase name="EdgeCaseUrlHandling" file="/home/bigattichouse/workspace/headlessweb/tests/browser/test_browser_core.cpp" line="238" status="run" result="completed" time="0." timestamp="2025-08-05T12:57:02.554" classname="BrowserCoreTest" />
    <testcase name="ConcurrentOperationSafety" file="/home/bigattichouse/workspace/headlessweb/tests/browser/test_browser_core.cpp" line="245" status="run" result="completed" time="0." timestamp="2025-08-05T12:57:02.554" classname="BrowserCoreTest" />
    <testcase name="ResourceCleanupSafety" file="/home/bigattichouse/workspace/headlessweb/tests/browser/test_browser_core.cpp" line="256" status="run" result="completed" time="0." timestamp="2025-08-05T12:57:02.554" classname="BrowserCoreTest" />
  </testsuite>
  <testsuite name="BrowserDOMTest" tests="18" failures="0" disabled="0" skipped="0" errors="0" time="78.248" timestamp="2025-08-05T12:57:02.555">
    <testcase name="BasicDOMInterfaceTest" file="/home/bigattichouse/workspace/headlessweb/tests/browser/test_browser_dom.cpp" line="42" status="run" result="completed" time="2.005" timestamp="2025-08-05T12:57:02.555" classname="BrowserDOMTest" />
    <testcase name="ElementExistenceInterfaceTest" file="/home/bigattichouse/workspace/headlessweb/tests/browser/test_browser_dom.cpp" line="55" status="run" result="completed" time="0." timestamp="2025-08-05T12:57:04.560" classname="BrowserDOMTest" />
    <testcase name="FormInputInterfaceTest" file="/home/bigattichouse/workspace/headlessweb/tests/browser/test_browser_dom.cpp" line="69" status="run" result="completed" time="8.025" timestamp="2025-08-05T12:57:04.561" classname="BrowserDOMTest" />
    <testcase name="FormInputValidationInterfaceTest" file="/home/bigattichouse/workspace/headlessweb/tests/browser/test_browser_dom.cpp" line="79" status="run" result="completed" time="8.025" timestamp="2025-08-05T12:57:12.586" classname="BrowserDOMTest" />
    <testcase name="SelectOptionInterfaceTest" file="/home/bigattichouse/workspace/headlessweb/tests/browser/test_browser_dom.cpp" line="89" status="run" result="completed" time="0." timestamp="2025-08-05T12:57:20.612" classname="BrowserDOMTest" />
    <testcase name="CheckboxInterfaceTest" file="/home/bigattichouse/workspace/headlessweb/tests/browser/test_browser_dom.cpp" line="100" status="run" result="completed" time="0." timestamp="2025-08-05T12:57:20.612" classname="BrowserDOMTest" />
    <testcase name="ElementClickingInterfaceTest" file="/home/bigattichouse/workspace/headlessweb/tests/browser/test_browser_dom.cpp" line="112" status="run" result="completed" time="0." timestamp="2025-08-05T12:57:20.612" classname="BrowserDOMTest" />
    <testcase name="ElementFocusingInterfaceTest" file="/home/bigattichouse/workspace/headlessweb/tests/browser/test_browser_dom.cpp" line="121" status="run" result="completed" time="0." timestamp="2025-08-05T12:57:20.613" classname="BrowserDOMTest" />
    <testcase name="FormSubmissionInterfaceTest" file="/home/bigattichouse/workspace/headlessweb/tests/browser/test_browser_dom.cpp" line="133" status="run" result="completed" time="0." timestamp="2025-08-05T12:57:20.613" classname="BrowserDOMTest" />
    <testcase name="SearchFormInterfaceTest" file="/home/bigattichouse/workspace/headlessweb/tests/browser/test_browser_dom.cpp" line="143" status="run" result="completed" time="0." timestamp="2025-08-05T12:57:20.614" classname="BrowserDOMTest" />
    <testcase name="AttributeGettingInterfaceTest" file="/home/bigattichouse/workspace/headlessweb/tests/browser/test_browser_dom.cpp" line="155" status="run" result="completed" time="0." timestamp="2025-08-05T12:57:20.614" classname="BrowserDOMTest" />
    <testcase name="AttributeSettingInterfaceTest" file="/home/bigattichouse/workspace/headlessweb/tests/browser/test_browser_dom.cpp" line="166" status="run" result="completed" time="0." timestamp="2025-08-05T12:57:20.615" classname="BrowserDOMTest" />
    <testcase name="ComplexSelectorInterfaceTest" file="/home/bigattichouse/workspace/headlessweb/tests/browser/test_browser_dom.cpp" line="179" status="run" result="completed" time="0." timestamp="2025-08-05T12:57:20.615" classname="BrowserDOMTest" />
    <testcase name="XPathSelectorInterfaceTest" file="/home/bigattichouse/workspace/headlessweb/tests/browser/test_browser_dom.cpp" line="207" status="run" result="completed" time="0." timestamp="2025-08-05T12:57:20.615" classname="BrowserDOMTest" />
    <testcase name="InvalidSelectorInterfaceTest" file="/home/bigattichouse/workspace/headlessweb/tests/browser/test_browser_dom.cpp" line="227" status="run" result="completed" time="18.055" timestamp="2025-08-05T12:57:20.616" classname="BrowserDOMTest" />
    <testcase name="UnicodeContentInterfaceTest" file="/home/bigattichouse/workspace/headlessweb/tests/browser/test_browser_dom.cpp" line="250" status="run" result="completed" time="28.086" timestamp="2025-08-05T12:57:38.672" classname="BrowserDOMTest" />
    <testcase name="LargeContentInterfaceTest" file="/home/bigattichouse/workspace/headlessweb/tests/browser/test_browser_dom.cpp" line="271" status="run" result="completed" time="4.013" timestamp="2025-08-05T12:58:06.758" classname="BrowserDOMTest" />
    <testcase name="BasicInterfacePerformanceTest" file="/home/bigattichouse/workspace/headlessweb/tests/browser/test_browser_dom.cpp" line="285" status="run" result="completed" time="10.031" timestamp="2025-08-05T12:58:10.771" classname="BrowserDOMTest" />
  </testsuite>
  <testsuite name="SimpleBrowserFileOpsIntegrationTest" tests="5" failures="0" disabled="0" skipped="0" errors="0" time="0.001" timestamp="2025-08-05T12:58:20.803">
    <testcase name="SessionPersistsFileUploadStateInterfaceTest" file="/home/bigattichouse/workspace/headlessweb/tests/integration/test_browser_fileops_integration_simple.cpp" line="82" status="run" result="completed" time="0." timestamp="2025-08-05T12:58:20.803" classname="SimpleBrowserFileOpsIntegrationTest" />
    <testcase name="SessionRestoresFileOperationStateInterfaceTest" file="/home/bigattichouse/workspace/headlessweb/tests/integration/test_browser_fileops_integration_simple.cpp" line="106" status="run" result="completed" time="0." timestamp="2025-08-05T12:58:20.803" classname="SimpleBrowserFileOpsIntegrationTest" />
    <testcase name="FileUploadFormStateInterfaceTest" file="/home/bigattichouse/workspace/headlessweb/tests/integration/test_browser_fileops_integration_simple.cpp" line="123" status="run" result="completed" time="0." timestamp="2025-08-05T12:58:20.804" classname="SimpleBrowserFileOpsIntegrationTest" />
    <testcase name="DownloadOperationInterfaceTest" file="/home/bigattichouse/workspace/headlessweb/tests/integration/test_browser_fileops_integration_simple.cpp" line="143" status="run" result="completed" time="0." timestamp="2025-08-05T12:58:20.804" classname="SimpleBrowserFileOpsIntegrationTest" />
    <testcase name="UploadManagerInterfaceTest" file="/home/bigattichouse/workspace/headlessweb/tests/integration/test_browser_fileops_integration_simple.cpp" line="159" status="run" result="completed" time="0." timestamp="2025-08-05T12:58:20.804" classname="SimpleBrowserFileOpsIntegrationTest" />
  </testsuite>
</testsuites>
