<?xml version="1.0" encoding="UTF-8"?>
<testsuites tests="18" failures="0" disabled="0" errors="0" time="78.289" timestamp="2025-08-05T12:42:09.573" name="AllTests">
  <testsuite name="BrowserDOMTest" tests="18" failures="0" disabled="0" skipped="0" errors="0" time="78.234" timestamp="2025-08-05T12:42:09.628">
    <testcase name="BasicDOMInterfaceTest" file="/home/bigattichouse/workspace/headlessweb/tests/browser/test_browser_dom.cpp" line="42" status="run" result="completed" time="2.01" timestamp="2025-08-05T12:42:09.628" classname="BrowserDOMTest" />
    <testcase name="ElementExistenceInterfaceTest" file="/home/bigattichouse/workspace/headlessweb/tests/browser/test_browser_dom.cpp" line="55" status="run" result="completed" time="0." timestamp="2025-08-05T12:42:11.639" classname="BrowserDOMTest" />
    <testcase name="FormInputInterfaceTest" file="/home/bigattichouse/workspace/headlessweb/tests/browser/test_browser_dom.cpp" line="69" status="run" result="completed" time="8.022" timestamp="2025-08-05T12:42:11.639" classname="BrowserDOMTest" />
    <testcase name="FormInputValidationInterfaceTest" file="/home/bigattichouse/workspace/headlessweb/tests/browser/test_browser_dom.cpp" line="79" status="run" result="completed" time="8.022" timestamp="2025-08-05T12:42:19.662" classname="BrowserDOMTest" />
    <testcase name="SelectOptionInterfaceTest" file="/home/bigattichouse/workspace/headlessweb/tests/browser/test_browser_dom.cpp" line="89" status="run" result="completed" time="0." timestamp="2025-08-05T12:42:27.684" classname="BrowserDOMTest" />
    <testcase name="CheckboxInterfaceTest" file="/home/bigattichouse/workspace/headlessweb/tests/browser/test_browser_dom.cpp" line="100" status="run" result="completed" time="0." timestamp="2025-08-05T12:42:27.685" classname="BrowserDOMTest" />
    <testcase name="ElementClickingInterfaceTest" file="/home/bigattichouse/workspace/headlessweb/tests/browser/test_browser_dom.cpp" line="112" status="run" result="completed" time="0." timestamp="2025-08-05T12:42:27.686" classname="BrowserDOMTest" />
    <testcase name="ElementFocusingInterfaceTest" file="/home/bigattichouse/workspace/headlessweb/tests/browser/test_browser_dom.cpp" line="121" status="run" result="completed" time="0." timestamp="2025-08-05T12:42:27.686" classname="BrowserDOMTest" />
    <testcase name="FormSubmissionInterfaceTest" file="/home/bigattichouse/workspace/headlessweb/tests/browser/test_browser_dom.cpp" line="133" status="run" result="completed" time="0." timestamp="2025-08-05T12:42:27.686" classname="BrowserDOMTest" />
    <testcase name="SearchFormInterfaceTest" file="/home/bigattichouse/workspace/headlessweb/tests/browser/test_browser_dom.cpp" line="143" status="run" result="completed" time="0." timestamp="2025-08-05T12:42:27.687" classname="BrowserDOMTest" />
    <testcase name="AttributeGettingInterfaceTest" file="/home/bigattichouse/workspace/headlessweb/tests/browser/test_browser_dom.cpp" line="155" status="run" result="completed" time="0." timestamp="2025-08-05T12:42:27.687" classname="BrowserDOMTest" />
    <testcase name="AttributeSettingInterfaceTest" file="/home/bigattichouse/workspace/headlessweb/tests/browser/test_browser_dom.cpp" line="166" status="run" result="completed" time="0." timestamp="2025-08-05T12:42:27.688" classname="BrowserDOMTest" />
    <testcase name="ComplexSelectorInterfaceTest" file="/home/bigattichouse/workspace/headlessweb/tests/browser/test_browser_dom.cpp" line="179" status="run" result="completed" time="0." timestamp="2025-08-05T12:42:27.688" classname="BrowserDOMTest" />
    <testcase name="XPathSelectorInterfaceTest" file="/home/bigattichouse/workspace/headlessweb/tests/browser/test_browser_dom.cpp" line="207" status="run" result="completed" time="0." timestamp="2025-08-05T12:42:27.689" classname="BrowserDOMTest" />
    <testcase name="InvalidSelectorInterfaceTest" file="/home/bigattichouse/workspace/headlessweb/tests/browser/test_browser_dom.cpp" line="227" status="run" result="completed" time="18.052" timestamp="2025-08-05T12:42:27.689" classname="BrowserDOMTest" />
    <testcase name="UnicodeContentInterfaceTest" file="/home/bigattichouse/workspace/headlessweb/tests/browser/test_browser_dom.cpp" line="250" status="run" result="completed" time="28.082" timestamp="2025-08-05T12:42:45.741" classname="BrowserDOMTest" />
    <testcase name="LargeContentInterfaceTest" file="/home/bigattichouse/workspace/headlessweb/tests/browser/test_browser_dom.cpp" line="271" status="run" result="completed" time="4.011" timestamp="2025-08-05T12:43:13.824" classname="BrowserDOMTest" />
    <testcase name="BasicInterfacePerformanceTest" file="/home/bigattichouse/workspace/headlessweb/tests/browser/test_browser_dom.cpp" line="285" status="run" result="completed" time="10.026" timestamp="2025-08-05T12:43:17.836" classname="BrowserDOMTest" />
  </testsuite>
</testsuites>
