<?xml version="1.0" encoding="UTF-8"?>
<testsuites tests="20" failures="0" disabled="0" errors="0" time="0.056" timestamp="2025-08-05T17:41:08.677" name="AllTests">
  <testsuite name="BrowserJavaScriptTest" tests="20" failures="0" disabled="0" skipped="0" errors="0" time="0.002" timestamp="2025-08-05T17:41:08.731">
    <testcase name="BasicJavaScriptExecution" file="/home/bigattichouse/workspace/headlessweb/tests/browser/test_browser_javascript.cpp" line="43" status="run" result="completed" time="0." timestamp="2025-08-05T17:41:08.731" classname="BrowserJavaScriptTest" />
    <testcase name="SynchronousJavaScriptExecution" file="/home/bigattichouse/workspace/headlessweb/tests/browser/test_browser_javascript.cpp" line="56" status="run" result="completed" time="0." timestamp="2025-08-05T17:41:08.731" classname="BrowserJavaScriptTest" />
    <testcase name="SafeJavaScriptExecution" file="/home/bigattichouse/workspace/headlessweb/tests/browser/test_browser_javascript.cpp" line="72" status="run" result="completed" time="0." timestamp="2025-08-05T17:41:08.731" classname="BrowserJavaScriptTest" />
    <testcase name="ArithmeticExpressions" file="/home/bigattichouse/workspace/headlessweb/tests/browser/test_browser_javascript.cpp" line="86" status="run" result="completed" time="0." timestamp="2025-08-05T17:41:08.731" classname="BrowserJavaScriptTest" />
    <testcase name="StringOperations" file="/home/bigattichouse/workspace/headlessweb/tests/browser/test_browser_javascript.cpp" line="102" status="run" result="completed" time="0." timestamp="2025-08-05T17:41:08.732" classname="BrowserJavaScriptTest" />
    <testcase name="BooleanExpressions" file="/home/bigattichouse/workspace/headlessweb/tests/browser/test_browser_javascript.cpp" line="117" status="run" result="completed" time="0." timestamp="2025-08-05T17:41:08.732" classname="BrowserJavaScriptTest" />
    <testcase name="DOMQueryOperations" file="/home/bigattichouse/workspace/headlessweb/tests/browser/test_browser_javascript.cpp" line="133" status="run" result="completed" time="0." timestamp="2025-08-05T17:41:08.732" classname="BrowserJavaScriptTest" />
    <testcase name="DOMModificationOperations" file="/home/bigattichouse/workspace/headlessweb/tests/browser/test_browser_javascript.cpp" line="148" status="run" result="completed" time="0." timestamp="2025-08-05T17:41:08.732" classname="BrowserJavaScriptTest" />
    <testcase name="FunctionCalling" file="/home/bigattichouse/workspace/headlessweb/tests/browser/test_browser_javascript.cpp" line="162" status="run" result="completed" time="0." timestamp="2025-08-05T17:41:08.732" classname="BrowserJavaScriptTest" />
    <testcase name="AnonymousFunctionExecution" file="/home/bigattichouse/workspace/headlessweb/tests/browser/test_browser_javascript.cpp" line="176" status="run" result="completed" time="0." timestamp="2025-08-05T17:41:08.732" classname="BrowserJavaScriptTest" />
    <testcase name="SyntaxErrorHandling" file="/home/bigattichouse/workspace/headlessweb/tests/browser/test_browser_javascript.cpp" line="189" status="run" result="completed" time="0." timestamp="2025-08-05T17:41:08.732" classname="BrowserJavaScriptTest" />
    <testcase name="RuntimeErrorHandling" file="/home/bigattichouse/workspace/headlessweb/tests/browser/test_browser_javascript.cpp" line="202" status="run" result="completed" time="0." timestamp="2025-08-05T17:41:08.733" classname="BrowserJavaScriptTest" />
    <testcase name="ArrayOperations" file="/home/bigattichouse/workspace/headlessweb/tests/browser/test_browser_javascript.cpp" line="216" status="run" result="completed" time="0." timestamp="2025-08-05T17:41:08.733" classname="BrowserJavaScriptTest" />
    <testcase name="ObjectOperations" file="/home/bigattichouse/workspace/headlessweb/tests/browser/test_browser_javascript.cpp" line="232" status="run" result="completed" time="0." timestamp="2025-08-05T17:41:08.733" classname="BrowserJavaScriptTest" />
    <testcase name="JavaScriptCompletionWaiting" file="/home/bigattichouse/workspace/headlessweb/tests/browser/test_browser_javascript.cpp" line="247" status="run" result="completed" time="0." timestamp="2025-08-05T17:41:08.733" classname="BrowserJavaScriptTest" />
    <testcase name="TimeBasedOperations" file="/home/bigattichouse/workspace/headlessweb/tests/browser/test_browser_javascript.cpp" line="262" status="run" result="completed" time="0." timestamp="2025-08-05T17:41:08.733" classname="BrowserJavaScriptTest" />
    <testcase name="BrowserEnvironmentAccess" file="/home/bigattichouse/workspace/headlessweb/tests/browser/test_browser_javascript.cpp" line="275" status="run" result="completed" time="0." timestamp="2025-08-05T17:41:08.733" classname="BrowserJavaScriptTest" />
    <testcase name="JavaScriptExecutionPerformance" file="/home/bigattichouse/workspace/headlessweb/tests/browser/test_browser_javascript.cpp" line="290" status="run" result="completed" time="0." timestamp="2025-08-05T17:41:08.733" classname="BrowserJavaScriptTest" />
    <testcase name="UnicodeStringHandling" file="/home/bigattichouse/workspace/headlessweb/tests/browser/test_browser_javascript.cpp" line="308" status="run" result="completed" time="0." timestamp="2025-08-05T17:41:08.734" classname="BrowserJavaScriptTest" />
    <testcase name="EdgeCaseInputs" file="/home/bigattichouse/workspace/headlessweb/tests/browser/test_browser_javascript.cpp" line="323" status="run" result="completed" time="0." timestamp="2025-08-05T17:41:08.734" classname="BrowserJavaScriptTest" />
  </testsuite>
</testsuites>
