<?xml version="1.0" encoding="UTF-8"?>
<testsuites tests="24" failures="0" disabled="0" errors="0" time="0.065" timestamp="2025-08-06T08:06:54.668" name="AllTests">
  <testsuite name="BrowserSessionTest" tests="24" failures="0" disabled="0" skipped="0" errors="0" time="0.005" timestamp="2025-08-06T08:06:54.728">
    <testcase name="SessionCreationInterface" file="/home/bigattichouse/workspace/headlessweb/tests/browser/test_browser_session.cpp" line="58" status="run" result="completed" time="0." timestamp="2025-08-06T08:06:54.728" classname="BrowserSessionTest" />
    <testcase name="SessionNameInterface" file="/home/bigattichouse/workspace/headlessweb/tests/browser/test_browser_session.cpp" line="64" status="run" result="completed" time="0." timestamp="2025-08-06T08:06:54.728" classname="BrowserSessionTest" />
    <testcase name="SessionCurrentUrlInterface" file="/home/bigattichouse/workspace/headlessweb/tests/browser/test_browser_session.cpp" line="86" status="run" result="completed" time="0." timestamp="2025-08-06T08:06:54.728" classname="BrowserSessionTest" />
    <testcase name="SessionHistoryInterface" file="/home/bigattichouse/workspace/headlessweb/tests/browser/test_browser_session.cpp" line="95" status="run" result="completed" time="0." timestamp="2025-08-06T08:06:54.729" classname="BrowserSessionTest" />
    <testcase name="SessionCookieInterface" file="/home/bigattichouse/workspace/headlessweb/tests/browser/test_browser_session.cpp" line="120" status="run" result="completed" time="0." timestamp="2025-08-06T08:06:54.729" classname="BrowserSessionTest" />
    <testcase name="SessionMultipleCookiesInterface" file="/home/bigattichouse/workspace/headlessweb/tests/browser/test_browser_session.cpp" line="138" status="run" result="completed" time="0." timestamp="2025-08-06T08:06:54.729" classname="BrowserSessionTest" />
    <testcase name="SessionLocalStorageInterface" file="/home/bigattichouse/workspace/headlessweb/tests/browser/test_browser_session.cpp" line="156" status="run" result="completed" time="0." timestamp="2025-08-06T08:06:54.729" classname="BrowserSessionTest" />
    <testcase name="SessionSessionStorageInterface" file="/home/bigattichouse/workspace/headlessweb/tests/browser/test_browser_session.cpp" line="171" status="run" result="completed" time="0." timestamp="2025-08-06T08:06:54.729" classname="BrowserSessionTest" />
    <testcase name="SessionFormStateInterface" file="/home/bigattichouse/workspace/headlessweb/tests/browser/test_browser_session.cpp" line="187" status="run" result="completed" time="0." timestamp="2025-08-06T08:06:54.729" classname="BrowserSessionTest" />
    <testcase name="SessionActiveElementsInterface" file="/home/bigattichouse/workspace/headlessweb/tests/browser/test_browser_session.cpp" line="210" status="run" result="completed" time="0." timestamp="2025-08-06T08:06:54.729" classname="BrowserSessionTest" />
    <testcase name="SessionScrollPositionInterface" file="/home/bigattichouse/workspace/headlessweb/tests/browser/test_browser_session.cpp" line="231" status="run" result="completed" time="0." timestamp="2025-08-06T08:06:54.729" classname="BrowserSessionTest" />
    <testcase name="SessionPageStateInterface" file="/home/bigattichouse/workspace/headlessweb/tests/browser/test_browser_session.cpp" line="249" status="run" result="completed" time="0." timestamp="2025-08-06T08:06:54.729" classname="BrowserSessionTest" />
    <testcase name="SessionReadyConditionsInterface" file="/home/bigattichouse/workspace/headlessweb/tests/browser/test_browser_session.cpp" line="262" status="run" result="completed" time="0." timestamp="2025-08-06T08:06:54.730" classname="BrowserSessionTest" />
    <testcase name="SessionViewportInterface" file="/home/bigattichouse/workspace/headlessweb/tests/browser/test_browser_session.cpp" line="282" status="run" result="completed" time="0." timestamp="2025-08-06T08:06:54.730" classname="BrowserSessionTest" />
    <testcase name="SessionUserAgentInterface" file="/home/bigattichouse/workspace/headlessweb/tests/browser/test_browser_session.cpp" line="303" status="run" result="completed" time="0." timestamp="2025-08-06T08:06:54.730" classname="BrowserSessionTest" />
    <testcase name="SessionCustomVariablesInterface" file="/home/bigattichouse/workspace/headlessweb/tests/browser/test_browser_session.cpp" line="324" status="run" result="completed" time="0." timestamp="2025-08-06T08:06:54.730" classname="BrowserSessionTest" />
    <testcase name="SessionStateExtractorsInterface" file="/home/bigattichouse/workspace/headlessweb/tests/browser/test_browser_session.cpp" line="349" status="run" result="completed" time="0." timestamp="2025-08-06T08:06:54.730" classname="BrowserSessionTest" />
    <testcase name="SessionExtractedStateInterface" file="/home/bigattichouse/workspace/headlessweb/tests/browser/test_browser_session.cpp" line="368" status="run" result="completed" time="0." timestamp="2025-08-06T08:06:54.730" classname="BrowserSessionTest" />
    <testcase name="SessionSerializationInterface" file="/home/bigattichouse/workspace/headlessweb/tests/browser/test_browser_session.cpp" line="402" status="run" result="completed" time="0." timestamp="2025-08-06T08:06:54.730" classname="BrowserSessionTest" />
    <testcase name="SessionErrorHandlingInterface" file="/home/bigattichouse/workspace/headlessweb/tests/browser/test_browser_session.cpp" line="425" status="run" result="completed" time="0." timestamp="2025-08-06T08:06:54.730" classname="BrowserSessionTest" />
    <testcase name="SessionPerformanceInterface" file="/home/bigattichouse/workspace/headlessweb/tests/browser/test_browser_session.cpp" line="451" status="run" result="completed" time="0." timestamp="2025-08-06T08:06:54.730" classname="BrowserSessionTest" />
    <testcase name="SessionEdgeCasesInterface" file="/home/bigattichouse/workspace/headlessweb/tests/browser/test_browser_session.cpp" line="475" status="run" result="completed" time="0." timestamp="2025-08-06T08:06:54.731" classname="BrowserSessionTest" />
    <testcase name="SessionMemoryManagementInterface" file="/home/bigattichouse/workspace/headlessweb/tests/browser/test_browser_session.cpp" line="500" status="run" result="completed" time="0.002" timestamp="2025-08-06T08:06:54.731" classname="BrowserSessionTest" />
    <testcase name="SessionResourceCleanupInterface" file="/home/bigattichouse/workspace/headlessweb/tests/browser/test_browser_session.cpp" line="526" status="run" result="completed" time="0." timestamp="2025-08-06T08:06:54.733" classname="BrowserSessionTest" />
  </testsuite>
</testsuites>
