<?xml version="1.0" encoding="UTF-8"?>
<testsuites tests="26" failures="0" disabled="0" errors="0" time="2.369" timestamp="2025-08-06T07:45:07.176" name="AllTests">
  <testsuite name="UploadManagerTest" tests="26" failures="0" disabled="0" skipped="0" errors="0" time="2.321" timestamp="2025-08-06T07:45:07.225">
    <testcase name="UploadManagerCreationInterface" file="/home/bigattichouse/workspace/headlessweb/tests/fileops/test_upload_manager.cpp" line="63" status="run" result="completed" time="0." timestamp="2025-08-06T07:45:07.225" classname="UploadManagerTest" />
    <testcase name="UploadManagerWithBrowserInterface" file="/home/bigattichouse/workspace/headlessweb/tests/fileops/test_upload_manager.cpp" line="68" status="run" result="completed" time="0." timestamp="2025-08-06T07:45:07.225" classname="UploadManagerTest" />
    <testcase name="FileValidationInterface" file="/home/bigattichouse/workspace/headlessweb/tests/fileops/test_upload_manager.cpp" line="77" status="run" result="completed" time="0." timestamp="2025-08-06T07:45:07.225" classname="UploadManagerTest" />
    <testcase name="FileTypeValidationInterface" file="/home/bigattichouse/workspace/headlessweb/tests/fileops/test_upload_manager.cpp" line="91" status="run" result="completed" time="0." timestamp="2025-08-06T07:45:07.226" classname="UploadManagerTest" />
    <testcase name="FileSizeValidationInterface" file="/home/bigattichouse/workspace/headlessweb/tests/fileops/test_upload_manager.cpp" line="113" status="run" result="completed" time="0." timestamp="2025-08-06T07:45:07.226" classname="UploadManagerTest" />
    <testcase name="SingleFileUploadInterface" file="/home/bigattichouse/workspace/headlessweb/tests/fileops/test_upload_manager.cpp" line="133" status="run" result="completed" time="0." timestamp="2025-08-06T07:45:07.227" classname="UploadManagerTest" />
    <testcase name="MultipleFileUploadInterface" file="/home/bigattichouse/workspace/headlessweb/tests/fileops/test_upload_manager.cpp" line="144" status="run" result="completed" time="0." timestamp="2025-08-06T07:45:07.227" classname="UploadManagerTest" />
    <testcase name="UploadTargetValidationInterface" file="/home/bigattichouse/workspace/headlessweb/tests/fileops/test_upload_manager.cpp" line="160" status="run" result="completed" time="0." timestamp="2025-08-06T07:45:07.227" classname="UploadManagerTest" />
    <testcase name="FilePrepareInterface" file="/home/bigattichouse/workspace/headlessweb/tests/fileops/test_upload_manager.cpp" line="178" status="run" result="completed" time="0." timestamp="2025-08-06T07:45:07.227" classname="UploadManagerTest" />
    <testcase name="MimeTypeDetectionInterface" file="/home/bigattichouse/workspace/headlessweb/tests/fileops/test_upload_manager.cpp" line="187" status="run" result="completed" time="0." timestamp="2025-08-06T07:45:07.228" classname="UploadManagerTest" />
    <testcase name="FileNameSanitizationInterface" file="/home/bigattichouse/workspace/headlessweb/tests/fileops/test_upload_manager.cpp" line="206" status="run" result="completed" time="0." timestamp="2025-08-06T07:45:07.228" classname="UploadManagerTest" />
    <testcase name="UploadProgressMonitoringInterface" file="/home/bigattichouse/workspace/headlessweb/tests/fileops/test_upload_manager.cpp" line="228" status="run" result="completed" time="0." timestamp="2025-08-06T07:45:07.229" classname="UploadManagerTest" />
    <testcase name="UploadCompletionWaitingInterface" file="/home/bigattichouse/workspace/headlessweb/tests/fileops/test_upload_manager.cpp" line="240" status="run" result="completed" time="0." timestamp="2025-08-06T07:45:07.229" classname="UploadManagerTest" />
    <testcase name="UploadSuccessVerificationInterface" file="/home/bigattichouse/workspace/headlessweb/tests/fileops/test_upload_manager.cpp" line="252" status="run" result="completed" time="0." timestamp="2025-08-06T07:45:07.229" classname="UploadManagerTest" />
    <testcase name="FileSelectionSimulationInterface" file="/home/bigattichouse/workspace/headlessweb/tests/fileops/test_upload_manager.cpp" line="270" status="run" result="completed" time="0." timestamp="2025-08-06T07:45:07.229" classname="UploadManagerTest" />
    <testcase name="InvalidFileUploadInterface" file="/home/bigattichouse/workspace/headlessweb/tests/fileops/test_upload_manager.cpp" line="290" status="run" result="completed" time="0." timestamp="2025-08-06T07:45:07.229" classname="UploadManagerTest" />
    <testcase name="InvalidSelectorInterface" file="/home/bigattichouse/workspace/headlessweb/tests/fileops/test_upload_manager.cpp" line="306" status="run" result="completed" time="0." timestamp="2025-08-06T07:45:07.230" classname="UploadManagerTest" />
    <testcase name="UploadCommandVariationsInterface" file="/home/bigattichouse/workspace/headlessweb/tests/fileops/test_upload_manager.cpp" line="329" status="run" result="completed" time="0." timestamp="2025-08-06T07:45:07.230" classname="UploadManagerTest" />
    <testcase name="UploadPerformanceInterface" file="/home/bigattichouse/workspace/headlessweb/tests/fileops/test_upload_manager.cpp" line="355" status="run" result="completed" time="0." timestamp="2025-08-06T07:45:07.230" classname="UploadManagerTest" />
    <testcase name="LargeFileInterface" file="/home/bigattichouse/workspace/headlessweb/tests/fileops/test_upload_manager.cpp" line="383" status="run" result="completed" time="0." timestamp="2025-08-06T07:45:07.230" classname="UploadManagerTest" />
    <testcase name="EmptyFileInterface" file="/home/bigattichouse/workspace/headlessweb/tests/fileops/test_upload_manager.cpp" line="396" status="run" result="completed" time="0." timestamp="2025-08-06T07:45:07.231" classname="UploadManagerTest" />
    <testcase name="UnicodeFileNameInterface" file="/home/bigattichouse/workspace/headlessweb/tests/fileops/test_upload_manager.cpp" line="407" status="run" result="completed" time="0." timestamp="2025-08-06T07:45:07.231" classname="UploadManagerTest" />
    <testcase name="BrowserFileInputInterface" file="/home/bigattichouse/workspace/headlessweb/tests/fileops/test_upload_manager.cpp" line="429" status="run" result="completed" time="2.112" timestamp="2025-08-06T07:45:07.231" classname="UploadManagerTest" />
    <testcase name="BrowserUploadMonitoringInterface" file="/home/bigattichouse/workspace/headlessweb/tests/fileops/test_upload_manager.cpp" line="439" status="run" result="completed" time="0.201" timestamp="2025-08-06T07:45:09.344" classname="UploadManagerTest" />
    <testcase name="ResourceCleanupInterface" file="/home/bigattichouse/workspace/headlessweb/tests/fileops/test_upload_manager.cpp" line="450" status="run" result="completed" time="0." timestamp="2025-08-06T07:45:09.545" classname="UploadManagerTest" />
    <testcase name="FileSystemCleanupInterface" file="/home/bigattichouse/workspace/headlessweb/tests/fileops/test_upload_manager.cpp" line="464" status="run" result="completed" time="0." timestamp="2025-08-06T07:45:09.546" classname="UploadManagerTest" />
  </testsuite>
</testsuites>
