<?xml version="1.0" encoding="UTF-8"?>
<testsuites tests="20" failures="3" disabled="0" errors="0" time="21.117" timestamp="2025-07-25T14:06:51.219" name="AllTests">
  <testsuite name="BrowserUtilitiesTest" tests="20" failures="3" disabled="0" skipped="0" errors="0" time="21.071" timestamp="2025-07-25T14:06:51.264">
    <testcase name="WaitWithValidDuration" file="/home/bigattichouse/workspace/headlessweb/tests/browser/test_browser_utilities.cpp" line="218" status="run" result="completed" time="1.222" timestamp="2025-07-25T14:06:51.264" classname="BrowserUtilitiesTest" />
    <testcase name="WaitWithZeroDuration" file="/home/bigattichouse/workspace/headlessweb/tests/browser/test_browser_utilities.cpp" line="231" status="run" result="completed" time="1.006" timestamp="2025-07-25T14:06:52.487" classname="BrowserUtilitiesTest" />
    <testcase name="WaitWithNegativeDuration" file="/home/bigattichouse/workspace/headlessweb/tests/browser/test_browser_utilities.cpp" line="243" status="run" result="completed" time="1.058" timestamp="2025-07-25T14:06:53.493" classname="BrowserUtilitiesTest" />
    <testcase name="IsPageLoadedAfterSetup" file="/home/bigattichouse/workspace/headlessweb/tests/browser/test_browser_utilities.cpp" line="257" status="run" result="completed" time="1.056" timestamp="2025-07-25T14:06:54.552" classname="BrowserUtilitiesTest" />
    <testcase name="GetPageLoadState" file="/home/bigattichouse/workspace/headlessweb/tests/browser/test_browser_utilities.cpp" line="262" status="run" result="completed" time="1.021" timestamp="2025-07-25T14:06:55.609" classname="BrowserUtilitiesTest">
      <failure message="/home/bigattichouse/workspace/headlessweb/tests/browser/test_browser_utilities.cpp:268&#x0A;Expected: (loadState.find(&quot;data:&quot;)) != (std::string::npos), actual: 18446744073709551615 vs 18446744073709551615&#x0A;" type=""><![CDATA[/home/bigattichouse/workspace/headlessweb/tests/browser/test_browser_utilities.cpp:268
Expected: (loadState.find("data:")) != (std::string::npos), actual: 18446744073709551615 vs 18446744073709551615
]]></failure>
    </testcase>
    <testcase name="PageStateAfterNavigation" file="/home/bigattichouse/workspace/headlessweb/tests/browser/test_browser_utilities.cpp" line="271" status="run" result="completed" time="1.01" timestamp="2025-07-25T14:06:56.631" classname="BrowserUtilitiesTest" />
    <testcase name="GetPageSourceBasic" file="/home/bigattichouse/workspace/headlessweb/tests/browser/test_browser_utilities.cpp" line="288" status="run" result="completed" time="1.012" timestamp="2025-07-25T14:06:57.641" classname="BrowserUtilitiesTest" />
    <testcase name="GetPageSourceAfterDynamicContent" file="/home/bigattichouse/workspace/headlessweb/tests/browser/test_browser_utilities.cpp" line="310" status="run" result="completed" time="1.107" timestamp="2025-07-25T14:06:58.653" classname="BrowserUtilitiesTest" />
    <testcase name="GetPageSourceStructure" file="/home/bigattichouse/workspace/headlessweb/tests/browser/test_browser_utilities.cpp" line="321" status="run" result="completed" time="1.01" timestamp="2025-07-25T14:06:59.761" classname="BrowserUtilitiesTest">
      <failure message="/home/bigattichouse/workspace/headlessweb/tests/browser/test_browser_utilities.cpp:325&#x0A;Expected: (source.find(&quot;&lt;!DOCTYPE html&gt;&quot;)) != (std::string::npos), actual: 18446744073709551615 vs 18446744073709551615&#x0A;" type=""><![CDATA[/home/bigattichouse/workspace/headlessweb/tests/browser/test_browser_utilities.cpp:325
Expected: (source.find("<!DOCTYPE html>")) != (std::string::npos), actual: 18446744073709551615 vs 18446744073709551615
]]></failure>
      <failure message="/home/bigattichouse/workspace/headlessweb/tests/browser/test_browser_utilities.cpp:328&#x0A;Expected: (source.find(&quot;&lt;script&gt;&quot;)) != (std::string::npos), actual: 18446744073709551615 vs 18446744073709551615&#x0A;" type=""><![CDATA[/home/bigattichouse/workspace/headlessweb/tests/browser/test_browser_utilities.cpp:328
Expected: (source.find("<script>")) != (std::string::npos), actual: 18446744073709551615 vs 18446744073709551615
]]></failure>
      <failure message="/home/bigattichouse/workspace/headlessweb/tests/browser/test_browser_utilities.cpp:329&#x0A;Expected: (source.find(&quot;&lt;style&gt;&quot;)) != (std::string::npos), actual: 18446744073709551615 vs 18446744073709551615&#x0A;" type=""><![CDATA[/home/bigattichouse/workspace/headlessweb/tests/browser/test_browser_utilities.cpp:329
Expected: (source.find("<style>")) != (std::string::npos), actual: 18446744073709551615 vs 18446744073709551615
]]></failure>
    </testcase>
    <testcase name="InitialScrollPosition" file="/home/bigattichouse/workspace/headlessweb/tests/browser/test_browser_utilities.cpp" line="334" status="run" result="completed" time="1.016" timestamp="2025-07-25T14:07:00.771" classname="BrowserUtilitiesTest" />
    <testcase name="SetAndGetScrollPosition" file="/home/bigattichouse/workspace/headlessweb/tests/browser/test_browser_utilities.cpp" line="342" status="run" result="completed" time="1.114" timestamp="2025-07-25T14:07:01.788" classname="BrowserUtilitiesTest" />
    <testcase name="ScrollToZero" file="/home/bigattichouse/workspace/headlessweb/tests/browser/test_browser_utilities.cpp" line="353" status="run" result="completed" time="1.112" timestamp="2025-07-25T14:07:02.903" classname="BrowserUtilitiesTest" />
    <testcase name="ScrollWithNegativeValues" file="/home/bigattichouse/workspace/headlessweb/tests/browser/test_browser_utilities.cpp" line="367" status="run" result="completed" time="1.057" timestamp="2025-07-25T14:07:04.015" classname="BrowserUtilitiesTest" />
    <testcase name="ExecuteEmptyActionSequence" file="/home/bigattichouse/workspace/headlessweb/tests/browser/test_browser_utilities.cpp" line="381" status="run" result="completed" time="1.009" timestamp="2025-07-25T14:07:05.073" classname="BrowserUtilitiesTest" />
    <testcase name="ExecuteSingleClickAction" file="/home/bigattichouse/workspace/headlessweb/tests/browser/test_browser_utilities.cpp" line="389" status="run" result="completed" time="1.011" timestamp="2025-07-25T14:07:06.083" classname="BrowserUtilitiesTest">
      <failure message="/home/bigattichouse/workspace/headlessweb/tests/browser/test_browser_utilities.cpp:396&#x0A;Value of: result&#x0A;  Actual: false&#x0A;Expected: true&#x0A;" type=""><![CDATA[/home/bigattichouse/workspace/headlessweb/tests/browser/test_browser_utilities.cpp:396
Value of: result
  Actual: false
Expected: true
]]></failure>
      <failure message="/home/bigattichouse/workspace/headlessweb/tests/browser/test_browser_utilities.cpp:401&#x0A;Expected: (log_content.find(&quot;button clicked&quot;)) != (std::string::npos), actual: 18446744073709551615 vs 18446744073709551615&#x0A;" type=""><![CDATA[/home/bigattichouse/workspace/headlessweb/tests/browser/test_browser_utilities.cpp:401
Expected: (log_content.find("button clicked")) != (std::string::npos), actual: 18446744073709551615 vs 18446744073709551615
]]></failure>
    </testcase>
    <testcase name="ExecuteTextInputAction" file="/home/bigattichouse/workspace/headlessweb/tests/browser/test_browser_utilities.cpp" line="404" status="run" result="completed" time="1.133" timestamp="2025-07-25T14:07:07.094" classname="BrowserUtilitiesTest" />
    <testcase name="InitializeDataManagerBasic" file="/home/bigattichouse/workspace/headlessweb/tests/browser/test_browser_utilities.cpp" line="421" status="run" result="completed" time="1.009" timestamp="2025-07-25T14:07:08.228" classname="BrowserUtilitiesTest" />
    <testcase name="InitializeDataManagerWithEmptyName" file="/home/bigattichouse/workspace/headlessweb/tests/browser/test_browser_utilities.cpp" line="428" status="run" result="completed" time="1.025" timestamp="2025-07-25T14:07:09.237" classname="BrowserUtilitiesTest" />
    <testcase name="UtilityMethodsAfterNavigation" file="/home/bigattichouse/workspace/headlessweb/tests/browser/test_browser_utilities.cpp" line="435" status="run" result="completed" time="1.035" timestamp="2025-07-25T14:07:10.263" classname="BrowserUtilitiesTest" />
    <testcase name="UtilitiesWithMinimalBrowser" file="/home/bigattichouse/workspace/headlessweb/tests/browser/test_browser_utilities.cpp" line="453" status="run" result="completed" time="1.036" timestamp="2025-07-25T14:07:11.299" classname="BrowserUtilitiesTest" />
  </testsuite>
</testsuites>
