Starting HeadlessWeb Unit Tests
=================================
[==========] Running 562 tests from 27 test suites.
[----------] Global test environment set-up.
[----------] 38 tests from SessionTest
[ RUN      ] SessionTest.ConstructorSetsName
[       OK ] SessionTest.ConstructorSetsName (0 ms)
[ RUN      ] SessionTest.SetAndGetCurrentUrl
[       OK ] SessionTest.SetAndGetCurrentUrl (0 ms)
[ RUN      ] SessionTest.InitialHistoryIsEmpty
[       OK ] SessionTest.InitialHistoryIsEmpty (0 ms)
[ RUN      ] SessionTest.AddToHistoryUpdatesState
[       OK ] SessionTest.AddToHistoryUpdatesState (0 ms)
[ RUN      ] SessionTest.HistoryNavigationLogic
[       OK ] SessionTest.HistoryNavigationLogic (0 ms)
[ RUN      ] SessionTest.InitialCookiesEmpty
[       OK ] SessionTest.InitialCookiesEmpty (0 ms)
[ RUN      ] SessionTest.AddSingleCookie
[       OK ] SessionTest.AddSingleCookie (0 ms)
[ RUN      ] SessionTest.SetMultipleCookies
[       OK ] SessionTest.SetMultipleCookies (0 ms)
[ RUN      ] SessionTest.ClearCookies
[       OK ] SessionTest.ClearCookies (0 ms)
[ RUN      ] SessionTest.LocalStorageOperations
[       OK ] SessionTest.LocalStorageOperations (0 ms)
[ RUN      ] SessionTest.SessionStorageOperations
[       OK ] SessionTest.SessionStorageOperations (0 ms)
[ RUN      ] SessionTest.SetCompleteStorageMaps
[       OK ] SessionTest.SetCompleteStorageMaps (0 ms)
[ RUN      ] SessionTest.FormFieldOperations
[       OK ] SessionTest.FormFieldOperations (0 ms)
[ RUN      ] SessionTest.CheckboxFormField
[       OK ] SessionTest.CheckboxFormField (0 ms)
[ RUN      ] SessionTest.ClearFormFields
[       OK ] SessionTest.ClearFormFields (0 ms)
[ RUN      ] SessionTest.ActiveElementsOperations
[       OK ] SessionTest.ActiveElementsOperations (0 ms)
[ RUN      ] SessionTest.SetActiveElements
[       OK ] SessionTest.SetActiveElements (0 ms)
[ RUN      ] SessionTest.ScrollPositionOperations
[       OK ] SessionTest.ScrollPositionOperations (0 ms)
[ RUN      ] SessionTest.DefaultScrollPosition
[       OK ] SessionTest.DefaultScrollPosition (0 ms)
[ RUN      ] SessionTest.PageHashOperations
[       OK ] SessionTest.PageHashOperations (0 ms)
[ RUN      ] SessionTest.DocumentReadyState
[       OK ] SessionTest.DocumentReadyState (0 ms)
[ RUN      ] SessionTest.ReadyConditionsOperations
[       OK ] SessionTest.ReadyConditionsOperations (0 ms)
[ RUN      ] SessionTest.ClearReadyConditions
[       OK ] SessionTest.ClearReadyConditions (0 ms)
[ RUN      ] SessionTest.ViewportOperations
[       OK ] SessionTest.ViewportOperations (0 ms)
[ RUN      ] SessionTest.UserAgentOperations
[       OK ] SessionTest.UserAgentOperations (0 ms)
[ RUN      ] SessionTest.CustomVariableOperations
[       OK ] SessionTest.CustomVariableOperations (0 ms)
[ RUN      ] SessionTest.MultipleCustomVariables
[       OK ] SessionTest.MultipleCustomVariables (0 ms)
[ RUN      ] SessionTest.StateExtractorOperations
[       OK ] SessionTest.StateExtractorOperations (0 ms)
[ RUN      ] SessionTest.ExtractedStateOperations
[       OK ] SessionTest.ExtractedStateOperations (0 ms)
[ RUN      ] SessionTest.ActionRecordingOperations
[       OK ] SessionTest.ActionRecordingOperations (0 ms)
[ RUN      ] SessionTest.ClearRecordedActions
[       OK ] SessionTest.ClearRecordedActions (0 ms)
[ RUN      ] SessionTest.LastAccessedOperations
[       OK ] SessionTest.LastAccessedOperations (1001 ms)
[ RUN      ] SessionTest.ApproximateSize
[       OK ] SessionTest.ApproximateSize (0 ms)
[ RUN      ] SessionTest.SerializationRoundTrip
[       OK ] SessionTest.SerializationRoundTrip (0 ms)
[ RUN      ] SessionTest.SerializationWithComplexData
[       OK ] SessionTest.SerializationWithComplexData (0 ms)
[ RUN      ] SessionTest.EmptyStringHandling
[       OK ] SessionTest.EmptyStringHandling (0 ms)
[ RUN      ] SessionTest.LargeDataHandling
[       OK ] SessionTest.LargeDataHandling (0 ms)
[ RUN      ] SessionTest.UnicodeHandling
[       OK ] SessionTest.UnicodeHandling (0 ms)
[----------] 38 tests from SessionTest (1001 ms total)

[----------] 19 tests from SessionManagerTest
[ RUN      ] SessionManagerTest.ConstructorCreatesDirectory
[       OK ] SessionManagerTest.ConstructorCreatesDirectory (0 ms)
[ RUN      ] SessionManagerTest.LoadOrCreateNewSession
[       OK ] SessionManagerTest.LoadOrCreateNewSession (0 ms)
[ RUN      ] SessionManagerTest.SaveAndLoadSession
[       OK ] SessionManagerTest.SaveAndLoadSession (0 ms)
[ RUN      ] SessionManagerTest.SessionFileCreation
[       OK ] SessionManagerTest.SessionFileCreation (0 ms)
[ RUN      ] SessionManagerTest.DeleteSession
[       OK ] SessionManagerTest.DeleteSession (0 ms)
[ RUN      ] SessionManagerTest.DeleteNonexistentSession
[       OK ] SessionManagerTest.DeleteNonexistentSession (0 ms)
[ RUN      ] SessionManagerTest.ListEmptySessions
[       OK ] SessionManagerTest.ListEmptySessions (0 ms)
[ RUN      ] SessionManagerTest.ListSingleSession
[       OK ] SessionManagerTest.ListSingleSession (0 ms)
[ RUN      ] SessionManagerTest.ListMultipleSessions
[       OK ] SessionManagerTest.ListMultipleSessions (0 ms)
[ RUN      ] SessionManagerTest.SessionSizeTracking
[       OK ] SessionManagerTest.SessionSizeTracking (1 ms)
[ RUN      ] SessionManagerTest.InvalidSessionNames
[       OK ] SessionManagerTest.InvalidSessionNames (0 ms)
[ RUN      ] SessionManagerTest.VeryLargeSession
[       OK ] SessionManagerTest.VeryLargeSession (102 ms)
[ RUN      ] SessionManagerTest.ConcurrentAccess
[       OK ] SessionManagerTest.ConcurrentAccess (0 ms)
[ RUN      ] SessionManagerTest.CorruptedSessionFile
[       OK ] SessionManagerTest.CorruptedSessionFile (0 ms)
[ RUN      ] SessionManagerTest.ReadOnlyDirectory
[       OK ] SessionManagerTest.ReadOnlyDirectory (0 ms)
[ RUN      ] SessionManagerTest.SessionFileNaming
[       OK ] SessionManagerTest.SessionFileNaming (1 ms)
[ RUN      ] SessionManagerTest.NestedDirectoryCreation
[       OK ] SessionManagerTest.NestedDirectoryCreation (0 ms)
[ RUN      ] SessionManagerTest.SessionLastAccessedTime
[       OK ] SessionManagerTest.SessionLastAccessedTime (0 ms)
[ RUN      ] SessionManagerTest.ManySessionsPerformance
[       OK ] SessionManagerTest.ManySessionsPerformance (13 ms)
[----------] 19 tests from SessionManagerTest (123 ms total)

[----------] 22 tests from AssertionTypesTest
[ RUN      ] AssertionTypesTest.ResultEnumValues
[       OK ] AssertionTypesTest.ResultEnumValues (0 ms)
[ RUN      ] AssertionTypesTest.ComparisonOperatorEnumValues
[       OK ] AssertionTypesTest.ComparisonOperatorEnumValues (0 ms)
[ RUN      ] AssertionTypesTest.CommandDefaultConstruction
[       OK ] AssertionTypesTest.CommandDefaultConstruction (0 ms)
[ RUN      ] AssertionTypesTest.CommandInitialization
[       OK ] AssertionTypesTest.CommandInitialization (0 ms)
[ RUN      ] AssertionTypesTest.CommandWithDifferentTypes
[       OK ] AssertionTypesTest.CommandWithDifferentTypes (0 ms)
[ RUN      ] AssertionTypesTest.CommandWithComplexSelectors
[       OK ] AssertionTypesTest.CommandWithComplexSelectors (0 ms)
[ RUN      ] AssertionTypesTest.TestResultDefaultConstruction
[       OK ] AssertionTypesTest.TestResultDefaultConstruction (0 ms)
[ RUN      ] AssertionTypesTest.TestResultInitialization
[       OK ] AssertionTypesTest.TestResultInitialization (0 ms)
[ RUN      ] AssertionTypesTest.TestResultWithAllResults
[       OK ] AssertionTypesTest.TestResultWithAllResults (0 ms)
[ RUN      ] AssertionTypesTest.TestResultDurationHandling
[       OK ] AssertionTypesTest.TestResultDurationHandling (10 ms)
[ RUN      ] AssertionTypesTest.SuiteResultDefaultConstruction
[       OK ] AssertionTypesTest.SuiteResultDefaultConstruction (0 ms)
[ RUN      ] AssertionTypesTest.SuiteResultInitialization
[       OK ] AssertionTypesTest.SuiteResultInitialization (0 ms)
[ RUN      ] AssertionTypesTest.SuiteResultWithTestResults
[       OK ] AssertionTypesTest.SuiteResultWithTestResults (0 ms)
[ RUN      ] AssertionTypesTest.SuiteResultStatisticsConsistency
[       OK ] AssertionTypesTest.SuiteResultStatisticsConsistency (0 ms)
[ RUN      ] AssertionTypesTest.EmptyStringHandling
[       OK ] AssertionTypesTest.EmptyStringHandling (0 ms)
[ RUN      ] AssertionTypesTest.LargeStringHandling
[       OK ] AssertionTypesTest.LargeStringHandling (0 ms)
[ RUN      ] AssertionTypesTest.UnicodeStringHandling
[       OK ] AssertionTypesTest.UnicodeStringHandling (0 ms)
[ RUN      ] AssertionTypesTest.SpecialCharacterHandling
[       OK ] AssertionTypesTest.SpecialCharacterHandling (0 ms)
[ RUN      ] AssertionTypesTest.ExtremeTimeoutValues
[       OK ] AssertionTypesTest.ExtremeTimeoutValues (0 ms)
[ RUN      ] AssertionTypesTest.SuiteResultTimeCalculations
[       OK ] AssertionTypesTest.SuiteResultTimeCalculations (0 ms)
[ RUN      ] AssertionTypesTest.CommandCopyAndAssignment
[       OK ] AssertionTypesTest.CommandCopyAndAssignment (0 ms)
[ RUN      ] AssertionTypesTest.TestResultCopyAndAssignment
[       OK ] AssertionTypesTest.TestResultCopyAndAssignment (0 ms)
[----------] 22 tests from AssertionTypesTest (10 ms total)

[----------] 18 tests from OutputFormatterTest
[ RUN      ] OutputFormatterTest.FormatPassingTestResult
[       OK ] OutputFormatterTest.FormatPassingTestResult (0 ms)
[ RUN      ] OutputFormatterTest.FormatFailingTestResult
[       OK ] OutputFormatterTest.FormatFailingTestResult (0 ms)
[ RUN      ] OutputFormatterTest.FormatErrorTestResult
[       OK ] OutputFormatterTest.FormatErrorTestResult (0 ms)
[ RUN      ] OutputFormatterTest.FormatTestResultAsJson
Actual JSON output: {"actual":"","assertion":"test_json","duration_ms":100,"expected":"","result":"PASS","selector":"#test"}

[       OK ] OutputFormatterTest.FormatTestResultAsJson (0 ms)
[ RUN      ] OutputFormatterTest.FormatErrorMessage
[       OK ] OutputFormatterTest.FormatErrorMessage (0 ms)
[ RUN      ] OutputFormatterTest.FormatErrorMessageAsJson
[       OK ] OutputFormatterTest.FormatErrorMessageAsJson (0 ms)
[ RUN      ] OutputFormatterTest.FormatBasicSuiteResult
[       OK ] OutputFormatterTest.FormatBasicSuiteResult (0 ms)
[ RUN      ] OutputFormatterTest.FormatSuiteResultAsJson
[       OK ] OutputFormatterTest.FormatSuiteResultAsJson (0 ms)
[ RUN      ] OutputFormatterTest.FormatSuiteWithTestResults
[       OK ] OutputFormatterTest.FormatSuiteWithTestResults (0 ms)
[ RUN      ] OutputFormatterTest.FormatJUnitXMLBasic
[       OK ] OutputFormatterTest.FormatJUnitXMLBasic (0 ms)
[ RUN      ] OutputFormatterTest.FormatJUnitXMLWithErrors
[       OK ] OutputFormatterTest.FormatJUnitXMLWithErrors (0 ms)
[ RUN      ] OutputFormatterTest.FormatResultWithSpecialCharacters
[       OK ] OutputFormatterTest.FormatResultWithSpecialCharacters (0 ms)
[ RUN      ] OutputFormatterTest.FormatLongTestNames
[       OK ] OutputFormatterTest.FormatLongTestNames (0 ms)
[ RUN      ] OutputFormatterTest.FormatEmptySuite
[       OK ] OutputFormatterTest.FormatEmptySuite (0 ms)
[ RUN      ] OutputFormatterTest.FormatResultWithEmptyValues
[       OK ] OutputFormatterTest.FormatResultWithEmptyValues (0 ms)
[ RUN      ] OutputFormatterTest.FormatResultWithUnicodeCharacters
[       OK ] OutputFormatterTest.FormatResultWithUnicodeCharacters (0 ms)
[ RUN      ] OutputFormatterTest.FormatDurationInResults
[       OK ] OutputFormatterTest.FormatDurationInResults (0 ms)
[ RUN      ] OutputFormatterTest.FormatSuiteDuration
[       OK ] OutputFormatterTest.FormatSuiteDuration (0 ms)
[----------] 18 tests from OutputFormatterTest (0 ms total)

[----------] 30 tests from FileOpsTypesTest
[ RUN      ] FileOpsTypesTest.UploadResultEnumValues
[       OK ] FileOpsTypesTest.UploadResultEnumValues (0 ms)
[ RUN      ] FileOpsTypesTest.DownloadResultEnumValues
[       OK ] FileOpsTypesTest.DownloadResultEnumValues (0 ms)
[ RUN      ] FileOpsTypesTest.WaitConditionEnumValues
[       OK ] FileOpsTypesTest.WaitConditionEnumValues (0 ms)
[ RUN      ] FileOpsTypesTest.ComparisonOperatorEnumValues
[       OK ] FileOpsTypesTest.ComparisonOperatorEnumValues (0 ms)
[ RUN      ] FileOpsTypesTest.UploadCommandDefaultValues
[       OK ] FileOpsTypesTest.UploadCommandDefaultValues (0 ms)
[ RUN      ] FileOpsTypesTest.UploadCommandCustomization
[       OK ] FileOpsTypesTest.UploadCommandCustomization (0 ms)
[ RUN      ] FileOpsTypesTest.UploadCommandFileTypeValidation
[       OK ] FileOpsTypesTest.UploadCommandFileTypeValidation (0 ms)
[ RUN      ] FileOpsTypesTest.UploadCommandAllowAllTypes
[       OK ] FileOpsTypesTest.UploadCommandAllowAllTypes (0 ms)
[ RUN      ] FileOpsTypesTest.UploadCommandFileExtraction
[       OK ] FileOpsTypesTest.UploadCommandFileExtraction (0 ms)
[ RUN      ] FileOpsTypesTest.DownloadCommandDefaultValues
[       OK ] FileOpsTypesTest.DownloadCommandDefaultValues (0 ms)
[ RUN      ] FileOpsTypesTest.DownloadCommandCustomization
[       OK ] FileOpsTypesTest.DownloadCommandCustomization (0 ms)
[ RUN      ] FileOpsTypesTest.DownloadCommandPatternMatching
[       OK ] FileOpsTypesTest.DownloadCommandPatternMatching (0 ms)
[ RUN      ] FileOpsTypesTest.DownloadCommandPatternTypes
[       OK ] FileOpsTypesTest.DownloadCommandPatternTypes (0 ms)
[ RUN      ] FileOpsTypesTest.WaitCommandDefaultValues
[       OK ] FileOpsTypesTest.WaitCommandDefaultValues (0 ms)
[ RUN      ] FileOpsTypesTest.WaitCommandCustomization
[       OK ] FileOpsTypesTest.WaitCommandCustomization (0 ms)
[ RUN      ] FileOpsTypesTest.WaitCommandValidation
[       OK ] FileOpsTypesTest.WaitCommandValidation (0 ms)
[ RUN      ] FileOpsTypesTest.FileInfoCreation
[       OK ] FileOpsTypesTest.FileInfoCreation (0 ms)
[ RUN      ] FileOpsTypesTest.FileInfoNonexistentFile
[       OK ] FileOpsTypesTest.FileInfoNonexistentFile (0 ms)
[ RUN      ] FileOpsTypesTest.FileInfoSizeString
[       OK ] FileOpsTypesTest.FileInfoSizeString (0 ms)
[ RUN      ] FileOpsTypesTest.FileInfoAgeCheck
[       OK ] FileOpsTypesTest.FileInfoAgeCheck (0 ms)
[ RUN      ] FileOpsTypesTest.DownloadProgressCalculations
[       OK ] FileOpsTypesTest.DownloadProgressCalculations (0 ms)
[ RUN      ] FileOpsTypesTest.DownloadProgressZeroSize
[       OK ] FileOpsTypesTest.DownloadProgressZeroSize (0 ms)
[ RUN      ] FileOpsTypesTest.DownloadProgressStability
[       OK ] FileOpsTypesTest.DownloadProgressStability (0 ms)
[ RUN      ] FileOpsTypesTest.NetworkRequestLifecycle
[       OK ] FileOpsTypesTest.NetworkRequestLifecycle (0 ms)
[ RUN      ] FileOpsTypesTest.NetworkStateManagement
[       OK ] FileOpsTypesTest.NetworkStateManagement (0 ms)
[ RUN      ] FileOpsTypesTest.NetworkStateIdleDetection
[       OK ] FileOpsTypesTest.NetworkStateIdleDetection (0 ms)
[ RUN      ] FileOpsTypesTest.ResultToStringConversions
[       OK ] FileOpsTypesTest.ResultToStringConversions (0 ms)
[ RUN      ] FileOpsTypesTest.ValidationUtilities
[       OK ] FileOpsTypesTest.ValidationUtilities (0 ms)
[ RUN      ] FileOpsTypesTest.PlatformUtilities
[       OK ] FileOpsTypesTest.PlatformUtilities (0 ms)
[ RUN      ] FileOpsTypesTest.TimeUtilities
[       OK ] FileOpsTypesTest.TimeUtilities (0 ms)
[----------] 30 tests from FileOpsTypesTest (3 ms total)

[----------] 54 tests from PathUtilsTest
[ RUN      ] PathUtilsTest.NormalizePathBasic
[       OK ] PathUtilsTest.NormalizePathBasic (0 ms)
[ RUN      ] PathUtilsTest.NormalizePathWithDots
[       OK ] PathUtilsTest.NormalizePathWithDots (0 ms)
[ RUN      ] PathUtilsTest.NormalizePathWindows
[       OK ] PathUtilsTest.NormalizePathWindows (0 ms)
[ RUN      ] PathUtilsTest.ToAbsolutePath
[       OK ] PathUtilsTest.ToAbsolutePath (0 ms)
[ RUN      ] PathUtilsTest.ToAbsolutePathAlreadyAbsolute
[       OK ] PathUtilsTest.ToAbsolutePathAlreadyAbsolute (0 ms)
[ RUN      ] PathUtilsTest.GetFileName
[       OK ] PathUtilsTest.GetFileName (0 ms)
[ RUN      ] PathUtilsTest.GetDirectory
[       OK ] PathUtilsTest.GetDirectory (0 ms)
[ RUN      ] PathUtilsTest.GetExtension
[       OK ] PathUtilsTest.GetExtension (0 ms)
[ RUN      ] PathUtilsTest.JoinPaths
[       OK ] PathUtilsTest.JoinPaths (0 ms)
[ RUN      ] PathUtilsTest.JoinPathsWithEmpty
[       OK ] PathUtilsTest.JoinPathsWithEmpty (0 ms)
[ RUN      ] PathUtilsTest.JoinPathsEmpty
[       OK ] PathUtilsTest.JoinPathsEmpty (0 ms)
[ RUN      ] PathUtilsTest.GetDefaultDownloadDirectory
[       OK ] PathUtilsTest.GetDefaultDownloadDirectory (0 ms)
[ RUN      ] PathUtilsTest.GetHomeDirectory
[       OK ] PathUtilsTest.GetHomeDirectory (0 ms)
[ RUN      ] PathUtilsTest.GetTempDirectory
[       OK ] PathUtilsTest.GetTempDirectory (0 ms)
[ RUN      ] PathUtilsTest.CreateDirectoriesIfNeeded
[       OK ] PathUtilsTest.CreateDirectoriesIfNeeded (0 ms)
[ RUN      ] PathUtilsTest.CreateDirectoriesIfNeededAlreadyExists
[       OK ] PathUtilsTest.CreateDirectoriesIfNeededAlreadyExists (0 ms)
[ RUN      ] PathUtilsTest.ExistsFile
[       OK ] PathUtilsTest.ExistsFile (0 ms)
[ RUN      ] PathUtilsTest.IsFile
[       OK ] PathUtilsTest.IsFile (0 ms)
[ RUN      ] PathUtilsTest.IsDirectory
[       OK ] PathUtilsTest.IsDirectory (0 ms)
[ RUN      ] PathUtilsTest.IsReadable
[       OK ] PathUtilsTest.IsReadable (0 ms)
[ RUN      ] PathUtilsTest.IsWritable
[       OK ] PathUtilsTest.IsWritable (0 ms)
[ RUN      ] PathUtilsTest.GetFileSize
[       OK ] PathUtilsTest.GetFileSize (0 ms)
[ RUN      ] PathUtilsTest.GetFileSizeNonExistent
[       OK ] PathUtilsTest.GetFileSizeNonExistent (0 ms)
[ RUN      ] PathUtilsTest.GetModificationTime
[       OK ] PathUtilsTest.GetModificationTime (0 ms)
[ RUN      ] PathUtilsTest.IsSecurePathValid
[       OK ] PathUtilsTest.IsSecurePathValid (0 ms)
[ RUN      ] PathUtilsTest.IsSecurePathDangerous
[       OK ] PathUtilsTest.IsSecurePathDangerous (0 ms)
[ RUN      ] PathUtilsTest.SanitizeFileName
[       OK ] PathUtilsTest.SanitizeFileName (0 ms)
[ RUN      ] PathUtilsTest.IsValidPathLength
[       OK ] PathUtilsTest.IsValidPathLength (0 ms)
[ RUN      ] PathUtilsTest.IsAllowedFileType
[       OK ] PathUtilsTest.IsAllowedFileType (0 ms)
[ RUN      ] PathUtilsTest.IsAllowedFileTypeWildcard
[       OK ] PathUtilsTest.IsAllowedFileTypeWildcard (0 ms)
[ RUN      ] PathUtilsTest.FindFilesMatchingPattern
[       OK ] PathUtilsTest.FindFilesMatchingPattern (0 ms)
[ RUN      ] PathUtilsTest.MatchesGlobPattern
[       OK ] PathUtilsTest.MatchesGlobPattern (0 ms)
[ RUN      ] PathUtilsTest.MatchesRegexPattern
[       OK ] PathUtilsTest.MatchesRegexPattern (0 ms)
[ RUN      ] PathUtilsTest.IsGlobPattern
[       OK ] PathUtilsTest.IsGlobPattern (0 ms)
[ RUN      ] PathUtilsTest.IsRegexPattern
[       OK ] PathUtilsTest.IsRegexPattern (0 ms)
[ RUN      ] PathUtilsTest.CopyFile
[       OK ] PathUtilsTest.CopyFile (0 ms)
[ RUN      ] PathUtilsTest.CopyFileNonExistent
[       OK ] PathUtilsTest.CopyFileNonExistent (0 ms)
[ RUN      ] PathUtilsTest.MoveFile
[       OK ] PathUtilsTest.MoveFile (0 ms)
[ RUN      ] PathUtilsTest.DeleteFile
[       OK ] PathUtilsTest.DeleteFile (0 ms)
[ RUN      ] PathUtilsTest.DeleteFileNonExistent
[       OK ] PathUtilsTest.DeleteFileNonExistent (0 ms)
[ RUN      ] PathUtilsTest.CreateEmptyFile
[       OK ] PathUtilsTest.CreateEmptyFile (0 ms)
[ RUN      ] PathUtilsTest.FormatFileSize
[       OK ] PathUtilsTest.FormatFileSize (0 ms)
[ RUN      ] PathUtilsTest.PathToUri
[       OK ] PathUtilsTest.PathToUri (0 ms)
[ RUN      ] PathUtilsTest.UriToPath
[       OK ] PathUtilsTest.UriToPath (0 ms)
[ RUN      ] PathUtilsTest.GenerateUniqueFileName
[       OK ] PathUtilsTest.GenerateUniqueFileName (0 ms)
[ RUN      ] PathUtilsTest.EscapeForShell
[       OK ] PathUtilsTest.EscapeForShell (0 ms)
[ RUN      ] PathUtilsTest.GetPathSeparator
[       OK ] PathUtilsTest.GetPathSeparator (0 ms)
[ RUN      ] PathUtilsTest.IsValidFileNameChar
[       OK ] PathUtilsTest.IsValidFileNameChar (0 ms)
[ RUN      ] PathUtilsTest.GetForbiddenChars
[       OK ] PathUtilsTest.GetForbiddenChars (0 ms)
[ RUN      ] PathUtilsTest.GlobToRegex
[       OK ] PathUtilsTest.GlobToRegex (0 ms)
[ RUN      ] PathUtilsTest.GetPlatformType
[       OK ] PathUtilsTest.GetPlatformType (0 ms)
[ RUN      ] PathUtilsTest.HandleEmptyPaths
[       OK ] PathUtilsTest.HandleEmptyPaths (0 ms)
[ RUN      ] PathUtilsTest.HandleUnicodePaths
[       OK ] PathUtilsTest.HandleUnicodePaths (0 ms)
[ RUN      ] PathUtilsTest.HandleVeryLongPaths
[       OK ] PathUtilsTest.HandleVeryLongPaths (0 ms)
[----------] 54 tests from PathUtilsTest (13 ms total)

[----------] 6 tests from UploadValidationTest
[ RUN      ] UploadValidationTest.ValidateExistingFile
[       OK ] UploadValidationTest.ValidateExistingFile (0 ms)
[ RUN      ] UploadValidationTest.ValidateNonExistentFile
[       OK ] UploadValidationTest.ValidateNonExistentFile (0 ms)
[ RUN      ] UploadValidationTest.ValidateFileSize
[       OK ] UploadValidationTest.ValidateFileSize (0 ms)
[ RUN      ] UploadValidationTest.ValidateFileTypeAllowed
[       OK ] UploadValidationTest.ValidateFileTypeAllowed (0 ms)
[ RUN      ] UploadValidationTest.ValidateFileTypeRestricted
[       OK ] UploadValidationTest.ValidateFileTypeRestricted (0 ms)
[ RUN      ] UploadValidationTest.ValidateFileTypeWildcard
[       OK ] UploadValidationTest.ValidateFileTypeWildcard (0 ms)
[----------] 6 tests from UploadValidationTest (4 ms total)

[----------] 38 tests from UploadManagerTest
[ RUN      ] UploadManagerTest.ValidateUploadTargetExists
[       OK ] UploadManagerTest.ValidateUploadTargetExists (1657 ms)
[ RUN      ] UploadManagerTest.ValidateUploadTargetNotExists
[       OK ] UploadManagerTest.ValidateUploadTargetNotExists (1509 ms)
[ RUN      ] UploadManagerTest.PrepareValidFile
[       OK ] UploadManagerTest.PrepareValidFile (1512 ms)
[ RUN      ] UploadManagerTest.PrepareNonExistentFile
[       OK ] UploadManagerTest.PrepareNonExistentFile (1506 ms)
[ RUN      ] UploadManagerTest.DetectMimeTypeByExtension
[       OK ] UploadManagerTest.DetectMimeTypeByExtension (1506 ms)
[ RUN      ] UploadManagerTest.SanitizeFileName
[       OK ] UploadManagerTest.SanitizeFileName (1510 ms)
[ RUN      ] UploadManagerTest.SimulateFileSelection
[       OK ] UploadManagerTest.SimulateFileSelection (1707 ms)
[ RUN      ] UploadManagerTest.TriggerFileInputEvents
[       OK ] UploadManagerTest.TriggerFileInputEvents (1516 ms)
[ RUN      ] UploadManagerTest.SimulateFileDrop
[       OK ] UploadManagerTest.SimulateFileDrop (1710 ms)
[ RUN      ] UploadManagerTest.WaitForUploadCompletion
[       OK ] UploadManagerTest.WaitForUploadCompletion (1507 ms)
[ RUN      ] UploadManagerTest.MonitorUploadProgress
[       OK ] UploadManagerTest.MonitorUploadProgress (1704 ms)
[ RUN      ] UploadManagerTest.VerifyUploadSuccess
[       OK ] UploadManagerTest.VerifyUploadSuccess (1507 ms)
[ RUN      ] UploadManagerTest.UploadMultipleFiles
[       OK ] UploadManagerTest.UploadMultipleFiles (1512 ms)
[ RUN      ] UploadManagerTest.UploadMultipleFilesWithMissing
[       OK ] UploadManagerTest.UploadMultipleFilesWithMissing (1508 ms)
[ RUN      ] UploadManagerTest.UploadWithRetrySuccess
[       OK ] UploadManagerTest.UploadWithRetrySuccess (1516 ms)
[ RUN      ] UploadManagerTest.UploadWithRetryTimeout
[       OK ] UploadManagerTest.UploadWithRetryTimeout (1507 ms)
[ RUN      ] UploadManagerTest.ClearUploadState
[       OK ] UploadManagerTest.ClearUploadState (1506 ms)
[ RUN      ] UploadManagerTest.GetErrorMessage
[       OK ] UploadManagerTest.GetErrorMessage (1506 ms)
[ RUN      ] UploadManagerTest.SetDefaultTimeout
[       OK ] UploadManagerTest.SetDefaultTimeout (1511 ms)
[ RUN      ] UploadManagerTest.SetMaxFileSize
[       OK ] UploadManagerTest.SetMaxFileSize (1709 ms)
[ RUN      ] UploadManagerTest.SetProgressMonitoringEnabled
[       OK ] UploadManagerTest.SetProgressMonitoringEnabled (1510 ms)
[ RUN      ] UploadManagerTest.GetCommonFileInputSelectors
[       OK ] UploadManagerTest.GetCommonFileInputSelectors (1506 ms)
[ RUN      ] UploadManagerTest.HasFileInputs
[       OK ] UploadManagerTest.HasFileInputs (1506 ms)
[ RUN      ] UploadManagerTest.FindFileInputs
[       OK ] UploadManagerTest.FindFileInputs (1510 ms)
[ RUN      ] UploadManagerTest.UploadResultToString
[       OK ] UploadManagerTest.UploadResultToString (1506 ms)
[ RUN      ] UploadManagerTest.UploadEmptyFile
[       OK ] UploadManagerTest.UploadEmptyFile (1510 ms)
[ RUN      ] UploadManagerTest.UploadFileWithSpecialCharacters
[       OK ] UploadManagerTest.UploadFileWithSpecialCharacters (1704 ms)
[ RUN      ] UploadManagerTest.UploadWithInvalidSelector
[       OK ] UploadManagerTest.UploadWithInvalidSelector (1507 ms)
[ RUN      ] UploadManagerTest.EndToEndUploadWorkflow
[       OK ] UploadManagerTest.EndToEndUploadWorkflow (1713 ms)
[ RUN      ] UploadManagerTest.BrowserPageInteraction
[       OK ] UploadManagerTest.BrowserPageInteraction (1508 ms)
[ RUN      ] UploadManagerTest.EnhancedFileValidation
[       OK ] UploadManagerTest.EnhancedFileValidation (1506 ms)
[ RUN      ] UploadManagerTest.EnhancedMimeTypeDetection
[       OK ] UploadManagerTest.EnhancedMimeTypeDetection (1511 ms)
[ RUN      ] UploadManagerTest.Base64Encoding
/home/bigattichouse/workspace/headlessweb/tests/fileops/test_upload_manager.cpp:753: Skipped
Base64 encoding method is private

[  SKIPPED ] UploadManagerTest.Base64Encoding (1704 ms)
[ RUN      ] UploadManagerTest.JavaScriptGeneration
/home/bigattichouse/workspace/headlessweb/tests/fileops/test_upload_manager.cpp:759: Skipped
JavaScript generation method is private

[  SKIPPED ] UploadManagerTest.JavaScriptGeneration (1506 ms)
[ RUN      ] UploadManagerTest.JavaScriptEscaping
/home/bigattichouse/workspace/headlessweb/tests/fileops/test_upload_manager.cpp:765: Skipped
JavaScript escaping method is private

[  SKIPPED ] UploadManagerTest.JavaScriptEscaping (1506 ms)
[ RUN      ] UploadManagerTest.EnhancedFileSimulation
[       OK ] UploadManagerTest.EnhancedFileSimulation (1509 ms)
[ RUN      ] UploadManagerTest.FilePreparationWithMetadata
[       OK ] UploadManagerTest.FilePreparationWithMetadata (1704 ms)
[ RUN      ] UploadManagerTest.SecurityValidation
[       OK ] UploadManagerTest.SecurityValidation (1706 ms)
[----------] 38 tests from UploadManagerTest (59280 ms total)

[----------] 47 tests from DownloadManagerTest
[ RUN      ] DownloadManagerTest.GetDownloadDirectory
[       OK ] DownloadManagerTest.GetDownloadDirectory (200 ms)
[ RUN      ] DownloadManagerTest.SetDownloadDirectory_ValidDirectory
[       OK ] DownloadManagerTest.SetDownloadDirectory_ValidDirectory (200 ms)
[ RUN      ] DownloadManagerTest.SetDownloadDirectory_NonExistentDirectory
[       OK ] DownloadManagerTest.SetDownloadDirectory_NonExistentDirectory (200 ms)
[ RUN      ] DownloadManagerTest.EnsureDownloadDirectoryExists
[       OK ] DownloadManagerTest.EnsureDownloadDirectoryExists (200 ms)
[ RUN      ] DownloadManagerTest.GetPotentialDownloadDirectories
[       OK ] DownloadManagerTest.GetPotentialDownloadDirectories (200 ms)
[ RUN      ] DownloadManagerTest.FindMatchingFiles_ExactMatch
[       OK ] DownloadManagerTest.FindMatchingFiles_ExactMatch (200 ms)
[ RUN      ] DownloadManagerTest.FindMatchingFiles_GlobPattern
[       OK ] DownloadManagerTest.FindMatchingFiles_GlobPattern (200 ms)
[ RUN      ] DownloadManagerTest.FileMatchesPattern_ExactMatch
[       OK ] DownloadManagerTest.FileMatchesPattern_ExactMatch (200 ms)
[ RUN      ] DownloadManagerTest.FileMatchesPattern_GlobPattern
[       OK ] DownloadManagerTest.FileMatchesPattern_GlobPattern (200 ms)
[ RUN      ] DownloadManagerTest.GetMostRecentMatchingFile
[       OK ] DownloadManagerTest.GetMostRecentMatchingFile (300 ms)
[ RUN      ] DownloadManagerTest.IsGlobPattern
[       OK ] DownloadManagerTest.IsGlobPattern (200 ms)
[ RUN      ] DownloadManagerTest.IsRegexPattern
[       OK ] DownloadManagerTest.IsRegexPattern (200 ms)
[ RUN      ] DownloadManagerTest.GlobToRegex
[       OK ] DownloadManagerTest.GlobToRegex (200 ms)
[ RUN      ] DownloadManagerTest.IsBrowserTempFile
[       OK ] DownloadManagerTest.IsBrowserTempFile (200 ms)
[ RUN      ] DownloadManagerTest.ResolveBrowserTempFile
[       OK ] DownloadManagerTest.ResolveBrowserTempFile (200 ms)
[ RUN      ] DownloadManagerTest.GetBrowserDownloadPatterns
[       OK ] DownloadManagerTest.GetBrowserDownloadPatterns (200 ms)
[ RUN      ] DownloadManagerTest.IsFileSizeStable_StableFile
[       OK ] DownloadManagerTest.IsFileSizeStable_StableFile (702 ms)
[ RUN      ] DownloadManagerTest.IsFileSizeStable_ChangingFile
/home/bigattichouse/workspace/headlessweb/tests/fileops/test_download_manager.cpp:252: Skipped
Timing-dependent test skipped - covered by integration tests

[  SKIPPED ] DownloadManagerTest.IsFileSizeStable_ChangingFile (200 ms)
[ RUN      ] DownloadManagerTest.IsDownloadInProgress_RegularFile
[       OK ] DownloadManagerTest.IsDownloadInProgress_RegularFile (300 ms)
[ RUN      ] DownloadManagerTest.IsDownloadInProgress_TempFile
[       OK ] DownloadManagerTest.IsDownloadInProgress_TempFile (200 ms)
[ RUN      ] DownloadManagerTest.WaitForDownloadCompletion_ImmediateComplete
[       OK ] DownloadManagerTest.WaitForDownloadCompletion_ImmediateComplete (2204 ms)
[ RUN      ] DownloadManagerTest.WaitForDownloadCompletion_DelayedComplete
[       OK ] DownloadManagerTest.WaitForDownloadCompletion_DelayedComplete (2705 ms)
[ RUN      ] DownloadManagerTest.WaitForDownloadCompletion_Timeout
[       OK ] DownloadManagerTest.WaitForDownloadCompletion_Timeout (702 ms)
[ RUN      ] DownloadManagerTest.VerifyDownloadIntegrity_ValidFile
[       OK ] DownloadManagerTest.VerifyDownloadIntegrity_ValidFile (200 ms)
[ RUN      ] DownloadManagerTest.VerifyDownloadIntegrity_WrongSize
[       OK ] DownloadManagerTest.VerifyDownloadIntegrity_WrongSize (200 ms)
[ RUN      ] DownloadManagerTest.VerifyDownloadIntegrity_NonExistentFile
[       OK ] DownloadManagerTest.VerifyDownloadIntegrity_NonExistentFile (200 ms)
[ RUN      ] DownloadManagerTest.VerifyDownloadIntegrity_ZeroByteFile
[       OK ] DownloadManagerTest.VerifyDownloadIntegrity_ZeroByteFile (200 ms)
[ RUN      ] DownloadManagerTest.GetDownloadProgress_ValidFile
[       OK ] DownloadManagerTest.GetDownloadProgress_ValidFile (200 ms)
[ RUN      ] DownloadManagerTest.GetDownloadProgress_NonExistentFile
[       OK ] DownloadManagerTest.GetDownloadProgress_NonExistentFile (200 ms)
[ RUN      ] DownloadManagerTest.GetDownloadStatistics
[       OK ] DownloadManagerTest.GetDownloadStatistics (200 ms)
[ RUN      ] DownloadManagerTest.SetDefaultTimeout
[       OK ] DownloadManagerTest.SetDefaultTimeout (200 ms)
[ RUN      ] DownloadManagerTest.SetStabilityCheckDuration
[       OK ] DownloadManagerTest.SetStabilityCheckDuration (200 ms)
[ RUN      ] DownloadManagerTest.SetIntegrityVerificationEnabled
[       OK ] DownloadManagerTest.SetIntegrityVerificationEnabled (200 ms)
[ RUN      ] DownloadManagerTest.SetPollingInterval
[       OK ] DownloadManagerTest.SetPollingInterval (200 ms)
[ RUN      ] DownloadManagerTest.DownloadResultToString
[       OK ] DownloadManagerTest.DownloadResultToString (200 ms)
[ RUN      ] DownloadManagerTest.GetErrorMessage
[       OK ] DownloadManagerTest.GetErrorMessage (200 ms)
[ RUN      ] DownloadManagerTest.SetDownloadCompletionHook
[       OK ] DownloadManagerTest.SetDownloadCompletionHook (200 ms)
[ RUN      ] DownloadManagerTest.CreateAndCheckDownloadManifest
[       OK ] DownloadManagerTest.CreateAndCheckDownloadManifest (200 ms)
[ RUN      ] DownloadManagerTest.StartPollingFileMonitor_FileFound
[       OK ] DownloadManagerTest.StartPollingFileMonitor_FileFound (400 ms)
[ RUN      ] DownloadManagerTest.StartPollingFileMonitor_Timeout
[       OK ] DownloadManagerTest.StartPollingFileMonitor_Timeout (701 ms)
[ RUN      ] DownloadManagerTest.IsNativeFileWatchingAvailable
[       OK ] DownloadManagerTest.IsNativeFileWatchingAvailable (200 ms)
[ RUN      ] DownloadManagerTest.WaitForDownload_ExistingFile
[       OK ] DownloadManagerTest.WaitForDownload_ExistingFile (200 ms)
[ RUN      ] DownloadManagerTest.WaitForDownload_NewFile
[       OK ] DownloadManagerTest.WaitForDownload_NewFile (4218 ms)
[ RUN      ] DownloadManagerTest.WaitForDownload_DirectoryNotFound
[       OK ] DownloadManagerTest.WaitForDownload_DirectoryNotFound (200 ms)
[ RUN      ] DownloadManagerTest.WaitForMultipleDownloads_Success
[       OK ] DownloadManagerTest.WaitForMultipleDownloads_Success (4811 ms)
[ RUN      ] DownloadManagerTest.WaitForMultipleDownloads_Timeout
[       OK ] DownloadManagerTest.WaitForMultipleDownloads_Timeout (701 ms)
[ RUN      ] DownloadManagerTest.EnhancedBrowserTempFileDetection
[       OK ] DownloadManagerTest.EnhancedBrowserTempFileDetection (200 ms)
[----------] 47 tests from DownloadManagerTest (24964 ms total)

[----------] 11 tests from CommandParsingTest
[ RUN      ] CommandParsingTest.BasicArgumentParsing
[       OK ] CommandParsingTest.BasicArgumentParsing (0 ms)
[ RUN      ] CommandParsingTest.URLValidation
[       OK ] CommandParsingTest.URLValidation (0 ms)
[ RUN      ] CommandParsingTest.SessionNameValidation
[       OK ] CommandParsingTest.SessionNameValidation (0 ms)
[ RUN      ] CommandParsingTest.CommandStructureValidation
[       OK ] CommandParsingTest.CommandStructureValidation (0 ms)
[ RUN      ] CommandParsingTest.InvalidCommandStructures
[       OK ] CommandParsingTest.InvalidCommandStructures (0 ms)
[ RUN      ] CommandParsingTest.OptionParsing
[       OK ] CommandParsingTest.OptionParsing (0 ms)
[ RUN      ] CommandParsingTest.ErrorHandling
[       OK ] CommandParsingTest.ErrorHandling (0 ms)
[ RUN      ] CommandParsingTest.UsageInformation
[       OK ] CommandParsingTest.UsageInformation (0 ms)
[ RUN      ] CommandParsingTest.DefaultConfiguration
[       OK ] CommandParsingTest.DefaultConfiguration (0 ms)
[ RUN      ] CommandParsingTest.CommandExecutionPatterns
[       OK ] CommandParsingTest.CommandExecutionPatterns (0 ms)
[ RUN      ] CommandParsingTest.SecurityValidation
[       OK ] CommandParsingTest.SecurityValidation (0 ms)
[----------] 11 tests from CommandParsingTest (0 ms total)

[----------] 6 tests from OutputTest
[ RUN      ] OutputTest.InfoOutputInNormalMode
[       OK ] OutputTest.InfoOutputInNormalMode (0 ms)
[ RUN      ] OutputTest.InfoOutputInSilentMode
[       OK ] OutputTest.InfoOutputInSilentMode (0 ms)
[ RUN      ] OutputTest.ErrorOutputAlwaysShows
[       OK ] OutputTest.ErrorOutputAlwaysShows (0 ms)
[ RUN      ] OutputTest.ModeGettersSetters
[       OK ] OutputTest.ModeGettersSetters (0 ms)
[ RUN      ] OutputTest.FormatErrorWithContext
[       OK ] OutputTest.FormatErrorWithContext (0 ms)
[ RUN      ] OutputTest.FormatErrorInJsonMode
[       OK ] OutputTest.FormatErrorInJsonMode (0 ms)
[----------] 6 tests from OutputTest (0 ms total)

[----------] 8 tests from ConfigParserTest
[ RUN      ] ConfigParserTest.ParseBasicOptions
[       OK ] ConfigParserTest.ParseBasicOptions (0 ms)
[ RUN      ] ConfigParserTest.ParseBrowserWidth
[       OK ] ConfigParserTest.ParseBrowserWidth (0 ms)
[ RUN      ] ConfigParserTest.ParseFormInteractionCommands
[       OK ] ConfigParserTest.ParseFormInteractionCommands (0 ms)
[ RUN      ] ConfigParserTest.ParseNavigationCommands
[       OK ] ConfigParserTest.ParseNavigationCommands (0 ms)
[ RUN      ] ConfigParserTest.ParseDataExtractionCommands
[       OK ] ConfigParserTest.ParseDataExtractionCommands (0 ms)
[ RUN      ] ConfigParserTest.ParseAdvancedWaitCommands
[       OK ] ConfigParserTest.ParseAdvancedWaitCommands (0 ms)
[ RUN      ] ConfigParserTest.ParseFileOperationSettings
[       OK ] ConfigParserTest.ParseFileOperationSettings (0 ms)
[ RUN      ] ConfigParserTest.ParseAssertionCommands
[       OK ] ConfigParserTest.ParseAssertionCommands (0 ms)
[----------] 8 tests from ConfigParserTest (0 ms total)

[----------] 4 tests from ManagerRegistryTest
[ RUN      ] ManagerRegistryTest.InitializationAndCleanup
[       OK ] ManagerRegistryTest.InitializationAndCleanup (0 ms)
[ RUN      ] ManagerRegistryTest.ManagerAccess
[       OK ] ManagerRegistryTest.ManagerAccess (0 ms)
[ RUN      ] ManagerRegistryTest.AccessWithoutInitializationThrows
[       OK ] ManagerRegistryTest.AccessWithoutInitializationThrows (0 ms)
[ RUN      ] ManagerRegistryTest.MultipleInitializationsAreHandled
[       OK ] ManagerRegistryTest.MultipleInitializationsAreHandled (0 ms)
[----------] 4 tests from ManagerRegistryTest (0 ms total)

[----------] 4 tests from NavigationServiceTest
[ RUN      ] NavigationServiceTest.DetermineNavigationStrategy
[       OK ] NavigationServiceTest.DetermineNavigationStrategy (0 ms)
[ RUN      ] NavigationServiceTest.CreateNavigationPlan
[       OK ] NavigationServiceTest.CreateNavigationPlan (0 ms)
[ RUN      ] NavigationServiceTest.CreateNavigationPlanForSessionRestore
[       OK ] NavigationServiceTest.CreateNavigationPlanForSessionRestore (0 ms)
[ RUN      ] NavigationServiceTest.CreateNavigationPlanForNoNavigation
[       OK ] NavigationServiceTest.CreateNavigationPlanForNoNavigation (0 ms)
[----------] 4 tests from NavigationServiceTest (0 ms total)

[----------] 15 tests from ServiceArchitectureCoordinationTest
[ RUN      ] ServiceArchitectureCoordinationTest.ManagerRegistry_InitializationAndAccess
[       OK ] ServiceArchitectureCoordinationTest.ManagerRegistry_InitializationAndAccess (2 ms)
[ RUN      ] ServiceArchitectureCoordinationTest.ManagerRegistry_SingletonBehavior
[       OK ] ServiceArchitectureCoordinationTest.ManagerRegistry_SingletonBehavior (0 ms)
[ RUN      ] ServiceArchitectureCoordinationTest.ManagerRegistry_CrossServiceCoordination
ERROR: element-exists (#test-input) - Expected:  [0ms] (Unknown assertion type: element-exists)
ERROR: element-value (#test-input) - Expected: initial_value [0ms] (Unknown assertion type: element-value)
/home/bigattichouse/workspace/headlessweb/tests/hweb/test_service_architecture_coordination.cpp:260: Failure
Value of: assertions_passed
  Actual: false
Expected: true

[  FAILED  ] ServiceArchitectureCoordinationTest.ManagerRegistry_CrossServiceCoordination (1010 ms)
[ RUN      ] ServiceArchitectureCoordinationTest.SessionService_BrowserStateIntegration
/home/bigattichouse/workspace/headlessweb/tests/hweb/test_service_architecture_coordination.cpp:274: Failure
Value of: test_session.getCurrentUrl().empty()
  Actual: true
Expected: false

/home/bigattichouse/workspace/headlessweb/tests/hweb/test_service_architecture_coordination.cpp:297: Failure
Value of: found_field
  Actual: false
Expected: true

[  FAILED  ] ServiceArchitectureCoordinationTest.SessionService_BrowserStateIntegration (2057 ms)
[ RUN      ] ServiceArchitectureCoordinationTest.SessionService_NavigationServiceIntegration
[       OK ] ServiceArchitectureCoordinationTest.SessionService_NavigationServiceIntegration (5330 ms)
[ RUN      ] ServiceArchitectureCoordinationTest.SessionService_MultiSessionIsolation
/home/bigattichouse/workspace/headlessweb/tests/hweb/test_service_architecture_coordination.cpp:372: Failure
Expected: (session1_value) != (session2_value), actual: "" vs ""

/home/bigattichouse/workspace/headlessweb/tests/hweb/test_service_architecture_coordination.cpp:373: Failure
Expected equality of these values:
  session1_value
    Which is: ""
  "session1_value"

/home/bigattichouse/workspace/headlessweb/tests/hweb/test_service_architecture_coordination.cpp:374: Failure
Expected equality of these values:
  session2_value
    Which is: ""
  "session2_value"

[  FAILED  ] ServiceArchitectureCoordinationTest.SessionService_MultiSessionIsolation (3249 ms)
[ RUN      ] ServiceArchitectureCoordinationTest.NavigationService_StrategyDetermination
[       OK ] ServiceArchitectureCoordinationTest.NavigationService_StrategyDetermination (2 ms)
[ RUN      ] ServiceArchitectureCoordinationTest.NavigationService_WaitMechanisms
/home/bigattichouse/workspace/headlessweb/tests/hweb/test_service_architecture_coordination.cpp:413: Failure
Value of: page_ready
  Actual: false
Expected: true

[  FAILED  ] ServiceArchitectureCoordinationTest.NavigationService_WaitMechanisms (2014 ms)
[ RUN      ] ServiceArchitectureCoordinationTest.NavigationService_ComplexNavigationPlans
/home/bigattichouse/workspace/headlessweb/tests/hweb/test_service_architecture_coordination.cpp:444: Failure
Expected equality of these values:
  viewport.first
    Which is: 1920
  1024

/home/bigattichouse/workspace/headlessweb/tests/hweb/test_service_architecture_coordination.cpp:445: Failure
Expected equality of these values:
  viewport.second
    Which is: 1080
  768

[  FAILED  ] ServiceArchitectureCoordinationTest.NavigationService_ComplexNavigationPlans (4334 ms)
[ RUN      ] ServiceArchitectureCoordinationTest.CrossService_ErrorPropagation
[       OK ] ServiceArchitectureCoordinationTest.CrossService_ErrorPropagation (1013 ms)
[ RUN      ] ServiceArchitectureCoordinationTest.CrossService_RecoveryMechanisms
[       OK ] ServiceArchitectureCoordinationTest.CrossService_RecoveryMechanisms (9427 ms)
[ RUN      ] ServiceArchitectureCoordinationTest.ResourceManagement_ServiceLifecycle
[       OK ] ServiceArchitectureCoordinationTest.ResourceManagement_ServiceLifecycle (1 ms)
[ RUN      ] ServiceArchitectureCoordinationTest.ResourceManagement_ConcurrentAccess
/home/bigattichouse/workspace/headlessweb/tests/hweb/test_service_architecture_coordination.cpp:552: Failure
Expected equality of these values:
  page_content
    Which is: "Service Architecture Test"
  "Concurrent Test"

/home/bigattichouse/workspace/headlessweb/tests/hweb/test_service_architecture_coordination.cpp:566: Failure
Expected equality of these values:
  page_content
    Which is: "Service Architecture Test"
  "Concurrent Test"

[  FAILED  ] ServiceArchitectureCoordinationTest.ResourceManagement_ConcurrentAccess (3018 ms)
[ RUN      ] ServiceArchitectureCoordinationTest.ServiceIntegration_CompleteWorkflow
