<?xml version="1.0" encoding="UTF-8"?>
<testsuites tests="562" failures="48" disabled="0" errors="0" time="563.811" timestamp="2025-07-26T16:49:44.427" name="AllTests">
  <testsuite name="SessionTest" tests="38" failures="0" disabled="0" skipped="0" errors="0" time="1.001" timestamp="2025-07-26T16:49:44.485">
    <testcase name="ConstructorSetsName" file="/home/bigattichouse/workspace/headlessweb/tests/session/test_session.cpp" line="23" status="run" result="completed" time="0." timestamp="2025-07-26T16:49:44.485" classname="SessionTest" />
    <testcase name="SetAndGetCurrentUrl" file="/home/bigattichouse/workspace/headlessweb/tests/session/test_session.cpp" line="27" status="run" result="completed" time="0." timestamp="2025-07-26T16:49:44.485" classname="SessionTest" />
    <testcase name="InitialHistoryIsEmpty" file="/home/bigattichouse/workspace/headlessweb/tests/session/test_session.cpp" line="34" status="run" result="completed" time="0." timestamp="2025-07-26T16:49:44.485" classname="SessionTest" />
    <testcase name="AddToHistoryUpdatesState" file="/home/bigattichouse/workspace/headlessweb/tests/session/test_session.cpp" line="41" status="run" result="completed" time="0." timestamp="2025-07-26T16:49:44.485" classname="SessionTest" />
    <testcase name="HistoryNavigationLogic" file="/home/bigattichouse/workspace/headlessweb/tests/session/test_session.cpp" line="52" status="run" result="completed" time="0." timestamp="2025-07-26T16:49:44.485" classname="SessionTest" />
    <testcase name="InitialCookiesEmpty" file="/home/bigattichouse/workspace/headlessweb/tests/session/test_session.cpp" line="75" status="run" result="completed" time="0." timestamp="2025-07-26T16:49:44.485" classname="SessionTest" />
    <testcase name="AddSingleCookie" file="/home/bigattichouse/workspace/headlessweb/tests/session/test_session.cpp" line="79" status="run" result="completed" time="0." timestamp="2025-07-26T16:49:44.485" classname="SessionTest" />
    <testcase name="SetMultipleCookies" file="/home/bigattichouse/workspace/headlessweb/tests/session/test_session.cpp" line="100" status="run" result="completed" time="0." timestamp="2025-07-26T16:49:44.485" classname="SessionTest" />
    <testcase name="ClearCookies" file="/home/bigattichouse/workspace/headlessweb/tests/session/test_session.cpp" line="119" status="run" result="completed" time="0." timestamp="2025-07-26T16:49:44.485" classname="SessionTest" />
    <testcase name="LocalStorageOperations" file="/home/bigattichouse/workspace/headlessweb/tests/session/test_session.cpp" line="133" status="run" result="completed" time="0." timestamp="2025-07-26T16:49:44.485" classname="SessionTest" />
    <testcase name="SessionStorageOperations" file="/home/bigattichouse/workspace/headlessweb/tests/session/test_session.cpp" line="145" status="run" result="completed" time="0." timestamp="2025-07-26T16:49:44.485" classname="SessionTest" />
    <testcase name="SetCompleteStorageMaps" file="/home/bigattichouse/workspace/headlessweb/tests/session/test_session.cpp" line="155" status="run" result="completed" time="0." timestamp="2025-07-26T16:49:44.485" classname="SessionTest" />
    <testcase name="FormFieldOperations" file="/home/bigattichouse/workspace/headlessweb/tests/session/test_session.cpp" line="172" status="run" result="completed" time="0." timestamp="2025-07-26T16:49:44.485" classname="SessionTest" />
    <testcase name="CheckboxFormField" file="/home/bigattichouse/workspace/headlessweb/tests/session/test_session.cpp" line="193" status="run" result="completed" time="0." timestamp="2025-07-26T16:49:44.485" classname="SessionTest" />
    <testcase name="ClearFormFields" file="/home/bigattichouse/workspace/headlessweb/tests/session/test_session.cpp" line="207" status="run" result="completed" time="0." timestamp="2025-07-26T16:49:44.485" classname="SessionTest" />
    <testcase name="ActiveElementsOperations" file="/home/bigattichouse/workspace/headlessweb/tests/session/test_session.cpp" line="220" status="run" result="completed" time="0." timestamp="2025-07-26T16:49:44.485" classname="SessionTest" />
    <testcase name="SetActiveElements" file="/home/bigattichouse/workspace/headlessweb/tests/session/test_session.cpp" line="233" status="run" result="completed" time="0." timestamp="2025-07-26T16:49:44.486" classname="SessionTest" />
    <testcase name="ScrollPositionOperations" file="/home/bigattichouse/workspace/headlessweb/tests/session/test_session.cpp" line="246" status="run" result="completed" time="0." timestamp="2025-07-26T16:49:44.486" classname="SessionTest" />
    <testcase name="DefaultScrollPosition" file="/home/bigattichouse/workspace/headlessweb/tests/session/test_session.cpp" line="262" status="run" result="completed" time="0." timestamp="2025-07-26T16:49:44.486" classname="SessionTest" />
    <testcase name="PageHashOperations" file="/home/bigattichouse/workspace/headlessweb/tests/session/test_session.cpp" line="270" status="run" result="completed" time="0." timestamp="2025-07-26T16:49:44.486" classname="SessionTest" />
    <testcase name="DocumentReadyState" file="/home/bigattichouse/workspace/headlessweb/tests/session/test_session.cpp" line="275" status="run" result="completed" time="0." timestamp="2025-07-26T16:49:44.486" classname="SessionTest" />
    <testcase name="ReadyConditionsOperations" file="/home/bigattichouse/workspace/headlessweb/tests/session/test_session.cpp" line="282" status="run" result="completed" time="0." timestamp="2025-07-26T16:49:44.486" classname="SessionTest" />
    <testcase name="ClearReadyConditions" file="/home/bigattichouse/workspace/headlessweb/tests/session/test_session.cpp" line="306" status="run" result="completed" time="0." timestamp="2025-07-26T16:49:44.486" classname="SessionTest" />
    <testcase name="ViewportOperations" file="/home/bigattichouse/workspace/headlessweb/tests/session/test_session.cpp" line="320" status="run" result="completed" time="0." timestamp="2025-07-26T16:49:44.486" classname="SessionTest" />
    <testcase name="UserAgentOperations" file="/home/bigattichouse/workspace/headlessweb/tests/session/test_session.cpp" line="330" status="run" result="completed" time="0." timestamp="2025-07-26T16:49:44.486" classname="SessionTest" />
    <testcase name="CustomVariableOperations" file="/home/bigattichouse/workspace/headlessweb/tests/session/test_session.cpp" line="338" status="run" result="completed" time="0." timestamp="2025-07-26T16:49:44.486" classname="SessionTest" />
    <testcase name="MultipleCustomVariables" file="/home/bigattichouse/workspace/headlessweb/tests/session/test_session.cpp" line="348" status="run" result="completed" time="0." timestamp="2025-07-26T16:49:44.486" classname="SessionTest" />
    <testcase name="StateExtractorOperations" file="/home/bigattichouse/workspace/headlessweb/tests/session/test_session.cpp" line="365" status="run" result="completed" time="0." timestamp="2025-07-26T16:49:44.486" classname="SessionTest" />
    <testcase name="ExtractedStateOperations" file="/home/bigattichouse/workspace/headlessweb/tests/session/test_session.cpp" line="377" status="run" result="completed" time="0." timestamp="2025-07-26T16:49:44.486" classname="SessionTest" />
    <testcase name="ActionRecordingOperations" file="/home/bigattichouse/workspace/headlessweb/tests/session/test_session.cpp" line="398" status="run" result="completed" time="0." timestamp="2025-07-26T16:49:44.486" classname="SessionTest" />
    <testcase name="ClearRecordedActions" file="/home/bigattichouse/workspace/headlessweb/tests/session/test_session.cpp" line="428" status="run" result="completed" time="0." timestamp="2025-07-26T16:49:44.486" classname="SessionTest" />
    <testcase name="LastAccessedOperations" file="/home/bigattichouse/workspace/headlessweb/tests/session/test_session.cpp" line="445" status="run" result="completed" time="1.001" timestamp="2025-07-26T16:49:44.486" classname="SessionTest" />
    <testcase name="ApproximateSize" file="/home/bigattichouse/workspace/headlessweb/tests/session/test_session.cpp" line="458" status="run" result="completed" time="0." timestamp="2025-07-26T16:49:45.487" classname="SessionTest" />
    <testcase name="SerializationRoundTrip" file="/home/bigattichouse/workspace/headlessweb/tests/session/test_session.cpp" line="474" status="run" result="completed" time="0." timestamp="2025-07-26T16:49:45.487" classname="SessionTest" />
    <testcase name="SerializationWithComplexData" file="/home/bigattichouse/workspace/headlessweb/tests/session/test_session.cpp" line="510" status="run" result="completed" time="0." timestamp="2025-07-26T16:49:45.487" classname="SessionTest" />
    <testcase name="EmptyStringHandling" file="/home/bigattichouse/workspace/headlessweb/tests/session/test_session.cpp" line="566" status="run" result="completed" time="0." timestamp="2025-07-26T16:49:45.487" classname="SessionTest" />
    <testcase name="LargeDataHandling" file="/home/bigattichouse/workspace/headlessweb/tests/session/test_session.cpp" line="576" status="run" result="completed" time="0." timestamp="2025-07-26T16:49:45.487" classname="SessionTest" />
    <testcase name="UnicodeHandling" file="/home/bigattichouse/workspace/headlessweb/tests/session/test_session.cpp" line="594" status="run" result="completed" time="0." timestamp="2025-07-26T16:49:45.487" classname="SessionTest" />
  </testsuite>
  <testsuite name="SessionManagerTest" tests="19" failures="0" disabled="0" skipped="0" errors="0" time="0.123" timestamp="2025-07-26T16:49:45.487">
    <testcase name="ConstructorCreatesDirectory" file="/home/bigattichouse/workspace/headlessweb/tests/session/test_session_manager.cpp" line="31" status="run" result="completed" time="0." timestamp="2025-07-26T16:49:45.487" classname="SessionManagerTest" />
    <testcase name="LoadOrCreateNewSession" file="/home/bigattichouse/workspace/headlessweb/tests/session/test_session_manager.cpp" line="37" status="run" result="completed" time="0." timestamp="2025-07-26T16:49:45.487" classname="SessionManagerTest" />
    <testcase name="SaveAndLoadSession" file="/home/bigattichouse/workspace/headlessweb/tests/session/test_session_manager.cpp" line="47" status="run" result="completed" time="0." timestamp="2025-07-26T16:49:45.488" classname="SessionManagerTest" />
    <testcase name="SessionFileCreation" file="/home/bigattichouse/workspace/headlessweb/tests/session/test_session_manager.cpp" line="83" status="run" result="completed" time="0." timestamp="2025-07-26T16:49:45.488" classname="SessionManagerTest" />
    <testcase name="DeleteSession" file="/home/bigattichouse/workspace/headlessweb/tests/session/test_session_manager.cpp" line="110" status="run" result="completed" time="0." timestamp="2025-07-26T16:49:45.488" classname="SessionManagerTest" />
    <testcase name="DeleteNonexistentSession" file="/home/bigattichouse/workspace/headlessweb/tests/session/test_session_manager.cpp" line="127" status="run" result="completed" time="0." timestamp="2025-07-26T16:49:45.488" classname="SessionManagerTest" />
    <testcase name="ListEmptySessions" file="/home/bigattichouse/workspace/headlessweb/tests/session/test_session_manager.cpp" line="134" status="run" result="completed" time="0." timestamp="2025-07-26T16:49:45.489" classname="SessionManagerTest" />
    <testcase name="ListSingleSession" file="/home/bigattichouse/workspace/headlessweb/tests/session/test_session_manager.cpp" line="139" status="run" result="completed" time="0." timestamp="2025-07-26T16:49:45.489" classname="SessionManagerTest" />
    <testcase name="ListMultipleSessions" file="/home/bigattichouse/workspace/headlessweb/tests/session/test_session_manager.cpp" line="153" status="run" result="completed" time="0." timestamp="2025-07-26T16:49:45.489" classname="SessionManagerTest" />
    <testcase name="SessionSizeTracking" file="/home/bigattichouse/workspace/headlessweb/tests/session/test_session_manager.cpp" line="195" status="run" result="completed" time="0." timestamp="2025-07-26T16:49:45.489" classname="SessionManagerTest" />
    <testcase name="InvalidSessionNames" file="/home/bigattichouse/workspace/headlessweb/tests/session/test_session_manager.cpp" line="232" status="run" result="completed" time="0." timestamp="2025-07-26T16:49:45.490" classname="SessionManagerTest" />
    <testcase name="VeryLargeSession" file="/home/bigattichouse/workspace/headlessweb/tests/session/test_session_manager.cpp" line="247" status="run" result="completed" time="0.102" timestamp="2025-07-26T16:49:45.491" classname="SessionManagerTest" />
    <testcase name="ConcurrentAccess" file="/home/bigattichouse/workspace/headlessweb/tests/session/test_session_manager.cpp" line="274" status="run" result="completed" time="0." timestamp="2025-07-26T16:49:45.593" classname="SessionManagerTest" />
    <testcase name="CorruptedSessionFile" file="/home/bigattichouse/workspace/headlessweb/tests/session/test_session_manager.cpp" line="291" status="run" result="completed" time="0." timestamp="2025-07-26T16:49:45.594" classname="SessionManagerTest" />
    <testcase name="ReadOnlyDirectory" file="/home/bigattichouse/workspace/headlessweb/tests/session/test_session_manager.cpp" line="304" status="run" result="completed" time="0." timestamp="2025-07-26T16:49:45.594" classname="SessionManagerTest" />
    <testcase name="SessionFileNaming" file="/home/bigattichouse/workspace/headlessweb/tests/session/test_session_manager.cpp" line="332" status="run" result="completed" time="0.001" timestamp="2025-07-26T16:49:45.594" classname="SessionManagerTest" />
    <testcase name="NestedDirectoryCreation" file="/home/bigattichouse/workspace/headlessweb/tests/session/test_session_manager.cpp" line="360" status="run" result="completed" time="0." timestamp="2025-07-26T16:49:45.596" classname="SessionManagerTest" />
    <testcase name="SessionLastAccessedTime" file="/home/bigattichouse/workspace/headlessweb/tests/session/test_session_manager.cpp" line="376" status="run" result="completed" time="0." timestamp="2025-07-26T16:49:45.596" classname="SessionManagerTest" />
    <testcase name="ManySessionsPerformance" file="/home/bigattichouse/workspace/headlessweb/tests/session/test_session_manager.cpp" line="396" status="run" result="completed" time="0.014" timestamp="2025-07-26T16:49:45.597" classname="SessionManagerTest" />
  </testsuite>
  <testsuite name="AssertionTypesTest" tests="22" failures="0" disabled="0" skipped="0" errors="0" time="0.01" timestamp="2025-07-26T16:49:45.611">
    <testcase name="ResultEnumValues" file="/home/bigattichouse/workspace/headlessweb/tests/assertion/test_assertion_types.cpp" line="18" status="run" result="completed" time="0." timestamp="2025-07-26T16:49:45.611" classname="AssertionTypesTest" />
    <testcase name="ComparisonOperatorEnumValues" file="/home/bigattichouse/workspace/headlessweb/tests/assertion/test_assertion_types.cpp" line="26" status="run" result="completed" time="0." timestamp="2025-07-26T16:49:45.611" classname="AssertionTypesTest" />
    <testcase name="CommandDefaultConstruction" file="/home/bigattichouse/workspace/headlessweb/tests/assertion/test_assertion_types.cpp" line="46" status="run" result="completed" time="0." timestamp="2025-07-26T16:49:45.611" classname="AssertionTypesTest" />
    <testcase name="CommandInitialization" file="/home/bigattichouse/workspace/headlessweb/tests/assertion/test_assertion_types.cpp" line="62" status="run" result="completed" time="0." timestamp="2025-07-26T16:49:45.611" classname="AssertionTypesTest" />
    <testcase name="CommandWithDifferentTypes" file="/home/bigattichouse/workspace/headlessweb/tests/assertion/test_assertion_types.cpp" line="85" status="run" result="completed" time="0." timestamp="2025-07-26T16:49:45.611" classname="AssertionTypesTest" />
    <testcase name="CommandWithComplexSelectors" file="/home/bigattichouse/workspace/headlessweb/tests/assertion/test_assertion_types.cpp" line="97" status="run" result="completed" time="0." timestamp="2025-07-26T16:49:45.611" classname="AssertionTypesTest" />
    <testcase name="TestResultDefaultConstruction" file="/home/bigattichouse/workspace/headlessweb/tests/assertion/test_assertion_types.cpp" line="118" status="run" result="completed" time="0." timestamp="2025-07-26T16:49:45.611" classname="AssertionTypesTest" />
    <testcase name="TestResultInitialization" file="/home/bigattichouse/workspace/headlessweb/tests/assertion/test_assertion_types.cpp" line="132" status="run" result="completed" time="0." timestamp="2025-07-26T16:49:45.611" classname="AssertionTypesTest" />
    <testcase name="TestResultWithAllResults" file="/home/bigattichouse/workspace/headlessweb/tests/assertion/test_assertion_types.cpp" line="153" status="run" result="completed" time="0." timestamp="2025-07-26T16:49:45.611" classname="AssertionTypesTest" />
    <testcase name="TestResultDurationHandling" file="/home/bigattichouse/workspace/headlessweb/tests/assertion/test_assertion_types.cpp" line="163" status="run" result="completed" time="0.01" timestamp="2025-07-26T16:49:45.611" classname="AssertionTypesTest" />
    <testcase name="SuiteResultDefaultConstruction" file="/home/bigattichouse/workspace/headlessweb/tests/assertion/test_assertion_types.cpp" line="188" status="run" result="completed" time="0." timestamp="2025-07-26T16:49:45.621" classname="AssertionTypesTest" />
    <testcase name="SuiteResultInitialization" file="/home/bigattichouse/workspace/headlessweb/tests/assertion/test_assertion_types.cpp" line="200" status="run" result="completed" time="0." timestamp="2025-07-26T16:49:45.621" classname="AssertionTypesTest" />
    <testcase name="SuiteResultWithTestResults" file="/home/bigattichouse/workspace/headlessweb/tests/assertion/test_assertion_types.cpp" line="220" status="run" result="completed" time="0." timestamp="2025-07-26T16:49:45.621" classname="AssertionTypesTest" />
    <testcase name="SuiteResultStatisticsConsistency" file="/home/bigattichouse/workspace/headlessweb/tests/assertion/test_assertion_types.cpp" line="250" status="run" result="completed" time="0." timestamp="2025-07-26T16:49:45.621" classname="AssertionTypesTest" />
    <testcase name="EmptyStringHandling" file="/home/bigattichouse/workspace/headlessweb/tests/assertion/test_assertion_types.cpp" line="287" status="run" result="completed" time="0." timestamp="2025-07-26T16:49:45.621" classname="AssertionTypesTest" />
    <testcase name="LargeStringHandling" file="/home/bigattichouse/workspace/headlessweb/tests/assertion/test_assertion_types.cpp" line="301" status="run" result="completed" time="0." timestamp="2025-07-26T16:49:45.621" classname="AssertionTypesTest" />
    <testcase name="UnicodeStringHandling" file="/home/bigattichouse/workspace/headlessweb/tests/assertion/test_assertion_types.cpp" line="311" status="run" result="completed" time="0." timestamp="2025-07-26T16:49:45.621" classname="AssertionTypesTest" />
    <testcase name="SpecialCharacterHandling" file="/home/bigattichouse/workspace/headlessweb/tests/assertion/test_assertion_types.cpp" line="322" status="run" result="completed" time="0." timestamp="2025-07-26T16:49:45.621" classname="AssertionTypesTest" />
    <testcase name="ExtremeTimeoutValues" file="/home/bigattichouse/workspace/headlessweb/tests/assertion/test_assertion_types.cpp" line="346" status="run" result="completed" time="0." timestamp="2025-07-26T16:49:45.621" classname="AssertionTypesTest" />
    <testcase name="SuiteResultTimeCalculations" file="/home/bigattichouse/workspace/headlessweb/tests/assertion/test_assertion_types.cpp" line="364" status="run" result="completed" time="0." timestamp="2025-07-26T16:49:45.621" classname="AssertionTypesTest" />
    <testcase name="CommandCopyAndAssignment" file="/home/bigattichouse/workspace/headlessweb/tests/assertion/test_assertion_types.cpp" line="381" status="run" result="completed" time="0." timestamp="2025-07-26T16:49:45.621" classname="AssertionTypesTest" />
    <testcase name="TestResultCopyAndAssignment" file="/home/bigattichouse/workspace/headlessweb/tests/assertion/test_assertion_types.cpp" line="407" status="run" result="completed" time="0." timestamp="2025-07-26T16:49:45.621" classname="AssertionTypesTest" />
  </testsuite>
  <testsuite name="OutputFormatterTest" tests="18" failures="0" disabled="0" skipped="0" errors="0" time="0." timestamp="2025-07-26T16:49:45.621">
    <testcase name="FormatPassingTestResult" file="/home/bigattichouse/workspace/headlessweb/tests/assertion/test_output_formatter.cpp" line="51" status="run" result="completed" time="0." timestamp="2025-07-26T16:49:45.621" classname="OutputFormatterTest" />
    <testcase name="FormatFailingTestResult" file="/home/bigattichouse/workspace/headlessweb/tests/assertion/test_output_formatter.cpp" line="61" status="run" result="completed" time="0." timestamp="2025-07-26T16:49:45.621" classname="OutputFormatterTest" />
    <testcase name="FormatErrorTestResult" file="/home/bigattichouse/workspace/headlessweb/tests/assertion/test_output_formatter.cpp" line="73" status="run" result="completed" time="0." timestamp="2025-07-26T16:49:45.621" classname="OutputFormatterTest" />
    <testcase name="FormatTestResultAsJson" file="/home/bigattichouse/workspace/headlessweb/tests/assertion/test_output_formatter.cpp" line="85" status="run" result="completed" time="0." timestamp="2025-07-26T16:49:45.621" classname="OutputFormatterTest" />
    <testcase name="FormatErrorMessage" file="/home/bigattichouse/workspace/headlessweb/tests/assertion/test_output_formatter.cpp" line="110" status="run" result="completed" time="0." timestamp="2025-07-26T16:49:45.621" classname="OutputFormatterTest" />
    <testcase name="FormatErrorMessageAsJson" file="/home/bigattichouse/workspace/headlessweb/tests/assertion/test_output_formatter.cpp" line="118" status="run" result="completed" time="0." timestamp="2025-07-26T16:49:45.621" classname="OutputFormatterTest" />
    <testcase name="FormatBasicSuiteResult" file="/home/bigattichouse/workspace/headlessweb/tests/assertion/test_output_formatter.cpp" line="131" status="run" result="completed" time="0." timestamp="2025-07-26T16:49:45.621" classname="OutputFormatterTest" />
    <testcase name="FormatSuiteResultAsJson" file="/home/bigattichouse/workspace/headlessweb/tests/assertion/test_output_formatter.cpp" line="147" status="run" result="completed" time="0." timestamp="2025-07-26T16:49:45.621" classname="OutputFormatterTest" />
    <testcase name="FormatSuiteWithTestResults" file="/home/bigattichouse/workspace/headlessweb/tests/assertion/test_output_formatter.cpp" line="165" status="run" result="completed" time="0." timestamp="2025-07-26T16:49:45.621" classname="OutputFormatterTest" />
    <testcase name="FormatJUnitXMLBasic" file="/home/bigattichouse/workspace/headlessweb/tests/assertion/test_output_formatter.cpp" line="188" status="run" result="completed" time="0." timestamp="2025-07-26T16:49:45.621" classname="OutputFormatterTest" />
    <testcase name="FormatJUnitXMLWithErrors" file="/home/bigattichouse/workspace/headlessweb/tests/assertion/test_output_formatter.cpp" line="213" status="run" result="completed" time="0." timestamp="2025-07-26T16:49:45.621" classname="OutputFormatterTest" />
    <testcase name="FormatResultWithSpecialCharacters" file="/home/bigattichouse/workspace/headlessweb/tests/assertion/test_output_formatter.cpp" line="233" status="run" result="completed" time="0." timestamp="2025-07-26T16:49:45.621" classname="OutputFormatterTest" />
    <testcase name="FormatLongTestNames" file="/home/bigattichouse/workspace/headlessweb/tests/assertion/test_output_formatter.cpp" line="243" status="run" result="completed" time="0." timestamp="2025-07-26T16:49:45.621" classname="OutputFormatterTest" />
    <testcase name="FormatEmptySuite" file="/home/bigattichouse/workspace/headlessweb/tests/assertion/test_output_formatter.cpp" line="255" status="run" result="completed" time="0." timestamp="2025-07-26T16:49:45.621" classname="OutputFormatterTest" />
    <testcase name="FormatResultWithEmptyValues" file="/home/bigattichouse/workspace/headlessweb/tests/assertion/test_output_formatter.cpp" line="269" status="run" result="completed" time="0." timestamp="2025-07-26T16:49:45.621" classname="OutputFormatterTest" />
    <testcase name="FormatResultWithUnicodeCharacters" file="/home/bigattichouse/workspace/headlessweb/tests/assertion/test_output_formatter.cpp" line="282" status="run" result="completed" time="0." timestamp="2025-07-26T16:49:45.621" classname="OutputFormatterTest" />
    <testcase name="FormatDurationInResults" file="/home/bigattichouse/workspace/headlessweb/tests/assertion/test_output_formatter.cpp" line="295" status="run" result="completed" time="0." timestamp="2025-07-26T16:49:45.622" classname="OutputFormatterTest" />
    <testcase name="FormatSuiteDuration" file="/home/bigattichouse/workspace/headlessweb/tests/assertion/test_output_formatter.cpp" line="309" status="run" result="completed" time="0." timestamp="2025-07-26T16:49:45.622" classname="OutputFormatterTest" />
  </testsuite>
  <testsuite name="FileOpsTypesTest" tests="30" failures="0" disabled="0" skipped="0" errors="0" time="0.003" timestamp="2025-07-26T16:49:45.622">
    <testcase name="UploadResultEnumValues" file="/home/bigattichouse/workspace/headlessweb/tests/fileops/test_types.cpp" line="37" status="run" result="completed" time="0." timestamp="2025-07-26T16:49:45.622" classname="FileOpsTypesTest" />
    <testcase name="DownloadResultEnumValues" file="/home/bigattichouse/workspace/headlessweb/tests/fileops/test_types.cpp" line="50" status="run" result="completed" time="0." timestamp="2025-07-26T16:49:45.622" classname="FileOpsTypesTest" />
    <testcase name="WaitConditionEnumValues" file="/home/bigattichouse/workspace/headlessweb/tests/fileops/test_types.cpp" line="60" status="run" result="completed" time="0." timestamp="2025-07-26T16:49:45.622" classname="FileOpsTypesTest" />
    <testcase name="ComparisonOperatorEnumValues" file="/home/bigattichouse/workspace/headlessweb/tests/fileops/test_types.cpp" line="74" status="run" result="completed" time="0." timestamp="2025-07-26T16:49:45.622" classname="FileOpsTypesTest" />
    <testcase name="UploadCommandDefaultValues" file="/home/bigattichouse/workspace/headlessweb/tests/fileops/test_types.cpp" line="87" status="run" result="completed" time="0." timestamp="2025-07-26T16:49:45.622" classname="FileOpsTypesTest" />
    <testcase name="UploadCommandCustomization" file="/home/bigattichouse/workspace/headlessweb/tests/fileops/test_types.cpp" line="102" status="run" result="completed" time="0." timestamp="2025-07-26T16:49:45.622" classname="FileOpsTypesTest" />
    <testcase name="UploadCommandFileTypeValidation" file="/home/bigattichouse/workspace/headlessweb/tests/fileops/test_types.cpp" line="127" status="run" result="completed" time="0." timestamp="2025-07-26T16:49:45.622" classname="FileOpsTypesTest" />
    <testcase name="UploadCommandAllowAllTypes" file="/home/bigattichouse/workspace/headlessweb/tests/fileops/test_types.cpp" line="138" status="run" result="completed" time="0." timestamp="2025-07-26T16:49:45.622" classname="FileOpsTypesTest" />
    <testcase name="UploadCommandFileExtraction" file="/home/bigattichouse/workspace/headlessweb/tests/fileops/test_types.cpp" line="148" status="run" result="completed" time="0." timestamp="2025-07-26T16:49:45.622" classname="FileOpsTypesTest" />
    <testcase name="DownloadCommandDefaultValues" file="/home/bigattichouse/workspace/headlessweb/tests/fileops/test_types.cpp" line="162" status="run" result="completed" time="0." timestamp="2025-07-26T16:49:45.622" classname="FileOpsTypesTest" />
    <testcase name="DownloadCommandCustomization" file="/home/bigattichouse/workspace/headlessweb/tests/fileops/test_types.cpp" line="175" status="run" result="completed" time="0." timestamp="2025-07-26T16:49:45.622" classname="FileOpsTypesTest" />
    <testcase name="DownloadCommandPatternMatching" file="/home/bigattichouse/workspace/headlessweb/tests/fileops/test_types.cpp" line="198" status="run" result="completed" time="0." timestamp="2025-07-26T16:49:45.623" classname="FileOpsTypesTest" />
    <testcase name="DownloadCommandPatternTypes" file="/home/bigattichouse/workspace/headlessweb/tests/fileops/test_types.cpp" line="218" status="run" result="completed" time="0." timestamp="2025-07-26T16:49:45.623" classname="FileOpsTypesTest" />
    <testcase name="WaitCommandDefaultValues" file="/home/bigattichouse/workspace/headlessweb/tests/fileops/test_types.cpp" line="242" status="run" result="completed" time="0." timestamp="2025-07-26T16:49:45.623" classname="FileOpsTypesTest" />
    <testcase name="WaitCommandCustomization" file="/home/bigattichouse/workspace/headlessweb/tests/fileops/test_types.cpp" line="257" status="run" result="completed" time="0." timestamp="2025-07-26T16:49:45.623" classname="FileOpsTypesTest" />
    <testcase name="WaitCommandValidation" file="/home/bigattichouse/workspace/headlessweb/tests/fileops/test_types.cpp" line="284" status="run" result="completed" time="0." timestamp="2025-07-26T16:49:45.623" classname="FileOpsTypesTest" />
    <testcase name="FileInfoCreation" file="/home/bigattichouse/workspace/headlessweb/tests/fileops/test_types.cpp" line="312" status="run" result="completed" time="0." timestamp="2025-07-26T16:49:45.623" classname="FileOpsTypesTest" />
    <testcase name="FileInfoNonexistentFile" file="/home/bigattichouse/workspace/headlessweb/tests/fileops/test_types.cpp" line="326" status="run" result="completed" time="0." timestamp="2025-07-26T16:49:45.623" classname="FileOpsTypesTest" />
    <testcase name="FileInfoSizeString" file="/home/bigattichouse/workspace/headlessweb/tests/fileops/test_types.cpp" line="338" status="run" result="completed" time="0." timestamp="2025-07-26T16:49:45.623" classname="FileOpsTypesTest" />
    <testcase name="FileInfoAgeCheck" file="/home/bigattichouse/workspace/headlessweb/tests/fileops/test_types.cpp" line="357" status="run" result="completed" time="0." timestamp="2025-07-26T16:49:45.624" classname="FileOpsTypesTest" />
    <testcase name="DownloadProgressCalculations" file="/home/bigattichouse/workspace/headlessweb/tests/fileops/test_types.cpp" line="374" status="run" result="completed" time="0." timestamp="2025-07-26T16:49:45.624" classname="FileOpsTypesTest" />
    <testcase name="DownloadProgressZeroSize" file="/home/bigattichouse/workspace/headlessweb/tests/fileops/test_types.cpp" line="390" status="run" result="completed" time="0." timestamp="2025-07-26T16:49:45.624" classname="FileOpsTypesTest" />
    <testcase name="DownloadProgressStability" file="/home/bigattichouse/workspace/headlessweb/tests/fileops/test_types.cpp" line="400" status="run" result="completed" time="0." timestamp="2025-07-26T16:49:45.624" classname="FileOpsTypesTest" />
    <testcase name="NetworkRequestLifecycle" file="/home/bigattichouse/workspace/headlessweb/tests/fileops/test_types.cpp" line="413" status="run" result="completed" time="0." timestamp="2025-07-26T16:49:45.625" classname="FileOpsTypesTest" />
    <testcase name="NetworkStateManagement" file="/home/bigattichouse/workspace/headlessweb/tests/fileops/test_types.cpp" line="436" status="run" result="completed" time="0." timestamp="2025-07-26T16:49:45.625" classname="FileOpsTypesTest" />
    <testcase name="NetworkStateIdleDetection" file="/home/bigattichouse/workspace/headlessweb/tests/fileops/test_types.cpp" line="461" status="run" result="completed" time="0." timestamp="2025-07-26T16:49:45.625" classname="FileOpsTypesTest" />
    <testcase name="ResultToStringConversions" file="/home/bigattichouse/workspace/headlessweb/tests/fileops/test_types.cpp" line="478" status="run" result="completed" time="0." timestamp="2025-07-26T16:49:45.625" classname="FileOpsTypesTest" />
    <testcase name="ValidationUtilities" file="/home/bigattichouse/workspace/headlessweb/tests/fileops/test_types.cpp" line="496" status="run" result="completed" time="0." timestamp="2025-07-26T16:49:45.625" classname="FileOpsTypesTest" />
    <testcase name="PlatformUtilities" file="/home/bigattichouse/workspace/headlessweb/tests/fileops/test_types.cpp" line="524" status="run" result="completed" time="0." timestamp="2025-07-26T16:49:45.625" classname="FileOpsTypesTest" />
    <testcase name="TimeUtilities" file="/home/bigattichouse/workspace/headlessweb/tests/fileops/test_types.cpp" line="539" status="run" result="completed" time="0." timestamp="2025-07-26T16:49:45.625" classname="FileOpsTypesTest" />
  </testsuite>
  <testsuite name="PathUtilsTest" tests="54" failures="0" disabled="0" skipped="0" errors="0" time="0.013" timestamp="2025-07-26T16:49:45.625">
    <testcase name="NormalizePathBasic" file="/home/bigattichouse/workspace/headlessweb/tests/fileops/test_path_utils.cpp" line="37" status="run" result="completed" time="0." timestamp="2025-07-26T16:49:45.625" classname="PathUtilsTest" />
    <testcase name="NormalizePathWithDots" file="/home/bigattichouse/workspace/headlessweb/tests/fileops/test_path_utils.cpp" line="44" status="run" result="completed" time="0." timestamp="2025-07-26T16:49:45.626" classname="PathUtilsTest" />
    <testcase name="NormalizePathWindows" file="/home/bigattichouse/workspace/headlessweb/tests/fileops/test_path_utils.cpp" line="51" status="run" result="completed" time="0." timestamp="2025-07-26T16:49:45.626" classname="PathUtilsTest" />
    <testcase name="ToAbsolutePath" file="/home/bigattichouse/workspace/headlessweb/tests/fileops/test_path_utils.cpp" line="63" status="run" result="completed" time="0." timestamp="2025-07-26T16:49:45.626" classname="PathUtilsTest" />
    <testcase name="ToAbsolutePathAlreadyAbsolute" file="/home/bigattichouse/workspace/headlessweb/tests/fileops/test_path_utils.cpp" line="71" status="run" result="completed" time="0." timestamp="2025-07-26T16:49:45.626" classname="PathUtilsTest" />
    <testcase name="GetFileName" file="/home/bigattichouse/workspace/headlessweb/tests/fileops/test_path_utils.cpp" line="80" status="run" result="completed" time="0." timestamp="2025-07-26T16:49:45.627" classname="PathUtilsTest" />
    <testcase name="GetDirectory" file="/home/bigattichouse/workspace/headlessweb/tests/fileops/test_path_utils.cpp" line="87" status="run" result="completed" time="0." timestamp="2025-07-26T16:49:45.627" classname="PathUtilsTest" />
    <testcase name="GetExtension" file="/home/bigattichouse/workspace/headlessweb/tests/fileops/test_path_utils.cpp" line="93" status="run" result="completed" time="0." timestamp="2025-07-26T16:49:45.627" classname="PathUtilsTest" />
    <testcase name="JoinPaths" file="/home/bigattichouse/workspace/headlessweb/tests/fileops/test_path_utils.cpp" line="101" status="run" result="completed" time="0." timestamp="2025-07-26T16:49:45.627" classname="PathUtilsTest" />
    <testcase name="JoinPathsWithEmpty" file="/home/bigattichouse/workspace/headlessweb/tests/fileops/test_path_utils.cpp" line="110" status="run" result="completed" time="0." timestamp="2025-07-26T16:49:45.627" classname="PathUtilsTest" />
    <testcase name="JoinPathsEmpty" file="/home/bigattichouse/workspace/headlessweb/tests/fileops/test_path_utils.cpp" line="118" status="run" result="completed" time="0." timestamp="2025-07-26T16:49:45.628" classname="PathUtilsTest" />
    <testcase name="GetDefaultDownloadDirectory" file="/home/bigattichouse/workspace/headlessweb/tests/fileops/test_path_utils.cpp" line="127" status="run" result="completed" time="0." timestamp="2025-07-26T16:49:45.628" classname="PathUtilsTest" />
    <testcase name="GetHomeDirectory" file="/home/bigattichouse/workspace/headlessweb/tests/fileops/test_path_utils.cpp" line="137" status="run" result="completed" time="0." timestamp="2025-07-26T16:49:45.628" classname="PathUtilsTest" />
    <testcase name="GetTempDirectory" file="/home/bigattichouse/workspace/headlessweb/tests/fileops/test_path_utils.cpp" line="145" status="run" result="completed" time="0." timestamp="2025-07-26T16:49:45.628" classname="PathUtilsTest" />
    <testcase name="CreateDirectoriesIfNeeded" file="/home/bigattichouse/workspace/headlessweb/tests/fileops/test_path_utils.cpp" line="153" status="run" result="completed" time="0." timestamp="2025-07-26T16:49:45.629" classname="PathUtilsTest" />
    <testcase name="CreateDirectoriesIfNeededAlreadyExists" file="/home/bigattichouse/workspace/headlessweb/tests/fileops/test_path_utils.cpp" line="163" status="run" result="completed" time="0." timestamp="2025-07-26T16:49:45.629" classname="PathUtilsTest" />
    <testcase name="ExistsFile" file="/home/bigattichouse/workspace/headlessweb/tests/fileops/test_path_utils.cpp" line="171" status="run" result="completed" time="0." timestamp="2025-07-26T16:49:45.629" classname="PathUtilsTest" />
    <testcase name="IsFile" file="/home/bigattichouse/workspace/headlessweb/tests/fileops/test_path_utils.cpp" line="176" status="run" result="completed" time="0." timestamp="2025-07-26T16:49:45.629" classname="PathUtilsTest" />
    <testcase name="IsDirectory" file="/home/bigattichouse/workspace/headlessweb/tests/fileops/test_path_utils.cpp" line="182" status="run" result="completed" time="0." timestamp="2025-07-26T16:49:45.630" classname="PathUtilsTest" />
    <testcase name="IsReadable" file="/home/bigattichouse/workspace/headlessweb/tests/fileops/test_path_utils.cpp" line="188" status="run" result="completed" time="0." timestamp="2025-07-26T16:49:45.630" classname="PathUtilsTest" />
    <testcase name="IsWritable" file="/home/bigattichouse/workspace/headlessweb/tests/fileops/test_path_utils.cpp" line="193" status="run" result="completed" time="0." timestamp="2025-07-26T16:49:45.630" classname="PathUtilsTest" />
    <testcase name="GetFileSize" file="/home/bigattichouse/workspace/headlessweb/tests/fileops/test_path_utils.cpp" line="198" status="run" result="completed" time="0." timestamp="2025-07-26T16:49:45.630" classname="PathUtilsTest" />
    <testcase name="GetFileSizeNonExistent" file="/home/bigattichouse/workspace/headlessweb/tests/fileops/test_path_utils.cpp" line="205" status="run" result="completed" time="0." timestamp="2025-07-26T16:49:45.630" classname="PathUtilsTest" />
    <testcase name="GetModificationTime" file="/home/bigattichouse/workspace/headlessweb/tests/fileops/test_path_utils.cpp" line="211" status="run" result="completed" time="0." timestamp="2025-07-26T16:49:45.631" classname="PathUtilsTest" />
    <testcase name="IsSecurePathValid" file="/home/bigattichouse/workspace/headlessweb/tests/fileops/test_path_utils.cpp" line="219" status="run" result="completed" time="0." timestamp="2025-07-26T16:49:45.631" classname="PathUtilsTest" />
    <testcase name="IsSecurePathDangerous" file="/home/bigattichouse/workspace/headlessweb/tests/fileops/test_path_utils.cpp" line="224" status="run" result="completed" time="0." timestamp="2025-07-26T16:49:45.631" classname="PathUtilsTest" />
    <testcase name="SanitizeFileName" file="/home/bigattichouse/workspace/headlessweb/tests/fileops/test_path_utils.cpp" line="236" status="run" result="completed" time="0." timestamp="2025-07-26T16:49:45.632" classname="PathUtilsTest" />
    <testcase name="IsValidPathLength" file="/home/bigattichouse/workspace/headlessweb/tests/fileops/test_path_utils.cpp" line="248" status="run" result="completed" time="0." timestamp="2025-07-26T16:49:45.632" classname="PathUtilsTest" />
    <testcase name="IsAllowedFileType" file="/home/bigattichouse/workspace/headlessweb/tests/fileops/test_path_utils.cpp" line="256" status="run" result="completed" time="0." timestamp="2025-07-26T16:49:45.632" classname="PathUtilsTest" />
    <testcase name="IsAllowedFileTypeWildcard" file="/home/bigattichouse/workspace/headlessweb/tests/fileops/test_path_utils.cpp" line="264" status="run" result="completed" time="0." timestamp="2025-07-26T16:49:45.632" classname="PathUtilsTest" />
    <testcase name="FindFilesMatchingPattern" file="/home/bigattichouse/workspace/headlessweb/tests/fileops/test_path_utils.cpp" line="273" status="run" result="completed" time="0." timestamp="2025-07-26T16:49:45.632" classname="PathUtilsTest" />
    <testcase name="MatchesGlobPattern" file="/home/bigattichouse/workspace/headlessweb/tests/fileops/test_path_utils.cpp" line="288" status="run" result="completed" time="0." timestamp="2025-07-26T16:49:45.633" classname="PathUtilsTest" />
    <testcase name="MatchesRegexPattern" file="/home/bigattichouse/workspace/headlessweb/tests/fileops/test_path_utils.cpp" line="295" status="run" result="completed" time="0." timestamp="2025-07-26T16:49:45.633" classname="PathUtilsTest" />
    <testcase name="IsGlobPattern" file="/home/bigattichouse/workspace/headlessweb/tests/fileops/test_path_utils.cpp" line="300" status="run" result="completed" time="0." timestamp="2025-07-26T16:49:45.633" classname="PathUtilsTest" />
    <testcase name="IsRegexPattern" file="/home/bigattichouse/workspace/headlessweb/tests/fileops/test_path_utils.cpp" line="307" status="run" result="completed" time="0." timestamp="2025-07-26T16:49:45.634" classname="PathUtilsTest" />
    <testcase name="CopyFile" file="/home/bigattichouse/workspace/headlessweb/tests/fileops/test_path_utils.cpp" line="315" status="run" result="completed" time="0." timestamp="2025-07-26T16:49:45.634" classname="PathUtilsTest" />
    <testcase name="CopyFileNonExistent" file="/home/bigattichouse/workspace/headlessweb/tests/fileops/test_path_utils.cpp" line="325" status="run" result="completed" time="0." timestamp="2025-07-26T16:49:45.634" classname="PathUtilsTest" />
    <testcase name="MoveFile" file="/home/bigattichouse/workspace/headlessweb/tests/fileops/test_path_utils.cpp" line="333" status="run" result="completed" time="0." timestamp="2025-07-26T16:49:45.634" classname="PathUtilsTest" />
    <testcase name="DeleteFile" file="/home/bigattichouse/workspace/headlessweb/tests/fileops/test_path_utils.cpp" line="344" status="run" result="completed" time="0." timestamp="2025-07-26T16:49:45.635" classname="PathUtilsTest" />
    <testcase name="DeleteFileNonExistent" file="/home/bigattichouse/workspace/headlessweb/tests/fileops/test_path_utils.cpp" line="353" status="run" result="completed" time="0." timestamp="2025-07-26T16:49:45.635" classname="PathUtilsTest" />
    <testcase name="CreateEmptyFile" file="/home/bigattichouse/workspace/headlessweb/tests/fileops/test_path_utils.cpp" line="359" status="run" result="completed" time="0." timestamp="2025-07-26T16:49:45.635" classname="PathUtilsTest" />
    <testcase name="FormatFileSize" file="/home/bigattichouse/workspace/headlessweb/tests/fileops/test_path_utils.cpp" line="371" status="run" result="completed" time="0." timestamp="2025-07-26T16:49:45.635" classname="PathUtilsTest" />
    <testcase name="PathToUri" file="/home/bigattichouse/workspace/headlessweb/tests/fileops/test_path_utils.cpp" line="378" status="run" result="completed" time="0." timestamp="2025-07-26T16:49:45.636" classname="PathUtilsTest" />
    <testcase name="UriToPath" file="/home/bigattichouse/workspace/headlessweb/tests/fileops/test_path_utils.cpp" line="386" status="run" result="completed" time="0." timestamp="2025-07-26T16:49:45.636" classname="PathUtilsTest" />
    <testcase name="GenerateUniqueFileName" file="/home/bigattichouse/workspace/headlessweb/tests/fileops/test_path_utils.cpp" line="394" status="run" result="completed" time="0." timestamp="2025-07-26T16:49:45.636" classname="PathUtilsTest" />
    <testcase name="EscapeForShell" file="/home/bigattichouse/workspace/headlessweb/tests/fileops/test_path_utils.cpp" line="404" status="run" result="completed" time="0." timestamp="2025-07-26T16:49:45.636" classname="PathUtilsTest" />
    <testcase name="GetPathSeparator" file="/home/bigattichouse/workspace/headlessweb/tests/fileops/test_path_utils.cpp" line="414" status="run" result="completed" time="0." timestamp="2025-07-26T16:49:45.636" classname="PathUtilsTest" />
    <testcase name="IsValidFileNameChar" file="/home/bigattichouse/workspace/headlessweb/tests/fileops/test_path_utils.cpp" line="424" status="run" result="completed" time="0." timestamp="2025-07-26T16:49:45.637" classname="PathUtilsTest" />
    <testcase name="GetForbiddenChars" file="/home/bigattichouse/workspace/headlessweb/tests/fileops/test_path_utils.cpp" line="435" status="run" result="completed" time="0." timestamp="2025-07-26T16:49:45.637" classname="PathUtilsTest" />
    <testcase name="GlobToRegex" file="/home/bigattichouse/workspace/headlessweb/tests/fileops/test_path_utils.cpp" line="444" status="run" result="completed" time="0." timestamp="2025-07-26T16:49:45.637" classname="PathUtilsTest" />
    <testcase name="GetPlatformType" file="/home/bigattichouse/workspace/headlessweb/tests/fileops/test_path_utils.cpp" line="453" status="run" result="completed" time="0." timestamp="2025-07-26T16:49:45.637" classname="PathUtilsTest" />
    <testcase name="HandleEmptyPaths" file="/home/bigattichouse/workspace/headlessweb/tests/fileops/test_path_utils.cpp" line="462" status="run" result="completed" time="0." timestamp="2025-07-26T16:49:45.638" classname="PathUtilsTest" />
    <testcase name="HandleUnicodePaths" file="/home/bigattichouse/workspace/headlessweb/tests/fileops/test_path_utils.cpp" line="469" status="run" result="completed" time="0." timestamp="2025-07-26T16:49:45.638" classname="PathUtilsTest" />
    <testcase name="HandleVeryLongPaths" file="/home/bigattichouse/workspace/headlessweb/tests/fileops/test_path_utils.cpp" line="478" status="run" result="completed" time="0." timestamp="2025-07-26T16:49:45.638" classname="PathUtilsTest" />
  </testsuite>
  <testsuite name="UploadValidationTest" tests="6" failures="0" disabled="0" skipped="0" errors="0" time="0.003" timestamp="2025-07-26T16:49:45.638">
    <testcase name="ValidateExistingFile" file="/home/bigattichouse/workspace/headlessweb/tests/fileops/test_upload_manager.cpp" line="287" status="run" result="completed" time="0." timestamp="2025-07-26T16:49:45.638" classname="UploadValidationTest" />
    <testcase name="ValidateNonExistentFile" file="/home/bigattichouse/workspace/headlessweb/tests/fileops/test_upload_manager.cpp" line="295" status="run" result="completed" time="0." timestamp="2025-07-26T16:49:45.639" classname="UploadValidationTest" />
    <testcase name="ValidateFileSize" file="/home/bigattichouse/workspace/headlessweb/tests/fileops/test_upload_manager.cpp" line="303" status="run" result="completed" time="0." timestamp="2025-07-26T16:49:45.640" classname="UploadValidationTest" />
    <testcase name="ValidateFileTypeAllowed" file="/home/bigattichouse/workspace/headlessweb/tests/fileops/test_upload_manager.cpp" line="313" status="run" result="completed" time="0." timestamp="2025-07-26T16:49:45.640" classname="UploadValidationTest" />
    <testcase name="ValidateFileTypeRestricted" file="/home/bigattichouse/workspace/headlessweb/tests/fileops/test_upload_manager.cpp" line="323" status="run" result="completed" time="0." timestamp="2025-07-26T16:49:45.641" classname="UploadValidationTest" />
    <testcase name="ValidateFileTypeWildcard" file="/home/bigattichouse/workspace/headlessweb/tests/fileops/test_upload_manager.cpp" line="333" status="run" result="completed" time="0." timestamp="2025-07-26T16:49:45.641" classname="UploadValidationTest" />
  </testsuite>
  <testsuite name="UploadManagerTest" tests="38" failures="0" disabled="0" skipped="3" errors="0" time="59.512" timestamp="2025-07-26T16:49:45.642">
    <testcase name="ValidateUploadTargetExists" file="/home/bigattichouse/workspace/headlessweb/tests/fileops/test_upload_manager.cpp" line="343" status="run" result="completed" time="1.661" timestamp="2025-07-26T16:49:45.642" classname="UploadManagerTest" />
    <testcase name="ValidateUploadTargetNotExists" file="/home/bigattichouse/workspace/headlessweb/tests/fileops/test_upload_manager.cpp" line="395" status="run" result="completed" time="1.509" timestamp="2025-07-26T16:49:47.304" classname="UploadManagerTest" />
    <testcase name="PrepareValidFile" file="/home/bigattichouse/workspace/headlessweb/tests/fileops/test_upload_manager.cpp" line="408" status="run" result="completed" time="1.704" timestamp="2025-07-26T16:49:48.813" classname="UploadManagerTest" />
    <testcase name="PrepareNonExistentFile" file="/home/bigattichouse/workspace/headlessweb/tests/fileops/test_upload_manager.cpp" line="418" status="run" result="completed" time="1.506" timestamp="2025-07-26T16:49:50.518" classname="UploadManagerTest" />
    <testcase name="DetectMimeTypeByExtension" file="/home/bigattichouse/workspace/headlessweb/tests/fileops/test_upload_manager.cpp" line="426" status="run" result="completed" time="1.511" timestamp="2025-07-26T16:49:52.024" classname="UploadManagerTest" />
    <testcase name="SanitizeFileName" file="/home/bigattichouse/workspace/headlessweb/tests/fileops/test_upload_manager.cpp" line="434" status="run" result="completed" time="1.507" timestamp="2025-07-26T16:49:53.536" classname="UploadManagerTest" />
    <testcase name="SimulateFileSelection" file="/home/bigattichouse/workspace/headlessweb/tests/fileops/test_upload_manager.cpp" line="444" status="run" result="completed" time="1.508" timestamp="2025-07-26T16:49:55.044" classname="UploadManagerTest" />
    <testcase name="TriggerFileInputEvents" file="/home/bigattichouse/workspace/headlessweb/tests/fileops/test_upload_manager.cpp" line="455" status="run" result="completed" time="1.508" timestamp="2025-07-26T16:49:56.552" classname="UploadManagerTest" />
    <testcase name="SimulateFileDrop" file="/home/bigattichouse/workspace/headlessweb/tests/fileops/test_upload_manager.cpp" line="461" status="run" result="completed" time="1.707" timestamp="2025-07-26T16:49:58.061" classname="UploadManagerTest" />
    <testcase name="WaitForUploadCompletion" file="/home/bigattichouse/workspace/headlessweb/tests/fileops/test_upload_manager.cpp" line="473" status="run" result="completed" time="1.508" timestamp="2025-07-26T16:49:59.769" classname="UploadManagerTest" />
    <testcase name="MonitorUploadProgress" file="/home/bigattichouse/workspace/headlessweb/tests/fileops/test_upload_manager.cpp" line="485" status="run" result="completed" time="1.508" timestamp="2025-07-26T16:50:01.277" classname="UploadManagerTest" />
    <testcase name="VerifyUploadSuccess" file="/home/bigattichouse/workspace/headlessweb/tests/fileops/test_upload_manager.cpp" line="499" status="run" result="completed" time="1.707" timestamp="2025-07-26T16:50:02.786" classname="UploadManagerTest" />
    <testcase name="UploadMultipleFiles" file="/home/bigattichouse/workspace/headlessweb/tests/fileops/test_upload_manager.cpp" line="512" status="run" result="completed" time="1.512" timestamp="2025-07-26T16:50:04.494" classname="UploadManagerTest" />
    <testcase name="UploadMultipleFilesWithMissing" file="/home/bigattichouse/workspace/headlessweb/tests/fileops/test_upload_manager.cpp" line="523" status="run" result="completed" time="1.705" timestamp="2025-07-26T16:50:06.006" classname="UploadManagerTest" />
    <testcase name="UploadWithRetrySuccess" file="/home/bigattichouse/workspace/headlessweb/tests/fileops/test_upload_manager.cpp" line="536" status="run" result="completed" time="1.707" timestamp="2025-07-26T16:50:07.712" classname="UploadManagerTest" />
    <testcase name="UploadWithRetryTimeout" file="/home/bigattichouse/workspace/headlessweb/tests/fileops/test_upload_manager.cpp" line="547" status="run" result="completed" time="1.513" timestamp="2025-07-26T16:50:09.420" classname="UploadManagerTest" />
    <testcase name="ClearUploadState" file="/home/bigattichouse/workspace/headlessweb/tests/fileops/test_upload_manager.cpp" line="556" status="run" result="completed" time="1.707" timestamp="2025-07-26T16:50:10.933" classname="UploadManagerTest" />
    <testcase name="GetErrorMessage" file="/home/bigattichouse/workspace/headlessweb/tests/fileops/test_upload_manager.cpp" line="565" status="run" result="completed" time="1.704" timestamp="2025-07-26T16:50:12.640" classname="UploadManagerTest" />
    <testcase name="SetDefaultTimeout" file="/home/bigattichouse/workspace/headlessweb/tests/fileops/test_upload_manager.cpp" line="574" status="run" result="completed" time="1.511" timestamp="2025-07-26T16:50:14.345" classname="UploadManagerTest" />
    <testcase name="SetMaxFileSize" file="/home/bigattichouse/workspace/headlessweb/tests/fileops/test_upload_manager.cpp" line="581" status="run" result="completed" time="1.51" timestamp="2025-07-26T16:50:15.856" classname="UploadManagerTest" />
    <testcase name="SetProgressMonitoringEnabled" file="/home/bigattichouse/workspace/headlessweb/tests/fileops/test_upload_manager.cpp" line="592" status="run" result="completed" time="1.506" timestamp="2025-07-26T16:50:17.366" classname="UploadManagerTest" />
    <testcase name="GetCommonFileInputSelectors" file="/home/bigattichouse/workspace/headlessweb/tests/fileops/test_upload_manager.cpp" line="600" status="run" result="completed" time="1.512" timestamp="2025-07-26T16:50:18.873" classname="UploadManagerTest" />
    <testcase name="HasFileInputs" file="/home/bigattichouse/workspace/headlessweb/tests/fileops/test_upload_manager.cpp" line="607" status="run" result="completed" time="1.713" timestamp="2025-07-26T16:50:20.385" classname="UploadManagerTest" />
    <testcase name="FindFileInputs" file="/home/bigattichouse/workspace/headlessweb/tests/fileops/test_upload_manager.cpp" line="616" status="run" result="completed" time="1.707" timestamp="2025-07-26T16:50:22.099" classname="UploadManagerTest" />
    <testcase name="UploadResultToString" file="/home/bigattichouse/workspace/headlessweb/tests/fileops/test_upload_manager.cpp" line="626" status="run" result="completed" time="1.508" timestamp="2025-07-26T16:50:23.806" classname="UploadManagerTest" />
    <testcase name="UploadEmptyFile" file="/home/bigattichouse/workspace/headlessweb/tests/fileops/test_upload_manager.cpp" line="636" status="run" result="completed" time="1.512" timestamp="2025-07-26T16:50:25.315" classname="UploadManagerTest" />
    <testcase name="UploadFileWithSpecialCharacters" file="/home/bigattichouse/workspace/headlessweb/tests/fileops/test_upload_manager.cpp" line="645" status="run" result="completed" time="1.517" timestamp="2025-07-26T16:50:26.827" classname="UploadManagerTest" />
    <testcase name="UploadWithInvalidSelector" file="/home/bigattichouse/workspace/headlessweb/tests/fileops/test_upload_manager.cpp" line="656" status="run" result="completed" time="1.512" timestamp="2025-07-26T16:50:28.345" classname="UploadManagerTest" />
    <testcase name="EndToEndUploadWorkflow" file="/home/bigattichouse/workspace/headlessweb/tests/fileops/test_upload_manager.cpp" line="667" status="run" result="completed" time="1.513" timestamp="2025-07-26T16:50:29.857" classname="UploadManagerTest" />
    <testcase name="BrowserPageInteraction" file="/home/bigattichouse/workspace/headlessweb/tests/fileops/test_upload_manager.cpp" line="692" status="run" result="completed" time="1.509" timestamp="2025-07-26T16:50:31.371" classname="UploadManagerTest" />
    <testcase name="EnhancedFileValidation" file="/home/bigattichouse/workspace/headlessweb/tests/fileops/test_upload_manager.cpp" line="703" status="run" result="completed" time="1.51" timestamp="2025-07-26T16:50:32.881" classname="UploadManagerTest" />
    <testcase name="EnhancedMimeTypeDetection" file="/home/bigattichouse/workspace/headlessweb/tests/fileops/test_upload_manager.cpp" line="725" status="run" result="completed" time="1.509" timestamp="2025-07-26T16:50:34.392" classname="UploadManagerTest" />
    <testcase name="Base64Encoding" file="/home/bigattichouse/workspace/headlessweb/tests/fileops/test_upload_manager.cpp" line="750" status="run" result="skipped" time="1.703" timestamp="2025-07-26T16:50:35.901" classname="UploadManagerTest">
      <skipped message="/home/bigattichouse/workspace/headlessweb/tests/fileops/test_upload_manager.cpp:753&#x0A;Base64 encoding method is private&#x0A;"><![CDATA[/home/bigattichouse/workspace/headlessweb/tests/fileops/test_upload_manager.cpp:753
Base64 encoding method is private
]]></skipped>
    </testcase>
    <testcase name="JavaScriptGeneration" file="/home/bigattichouse/workspace/headlessweb/tests/fileops/test_upload_manager.cpp" line="756" status="run" result="skipped" time="1.509" timestamp="2025-07-26T16:50:37.605" classname="UploadManagerTest">
      <skipped message="/home/bigattichouse/workspace/headlessweb/tests/fileops/test_upload_manager.cpp:759&#x0A;JavaScript generation method is private&#x0A;"><![CDATA[/home/bigattichouse/workspace/headlessweb/tests/fileops/test_upload_manager.cpp:759
JavaScript generation method is private
]]></skipped>
    </testcase>
    <testcase name="JavaScriptEscaping" file="/home/bigattichouse/workspace/headlessweb/tests/fileops/test_upload_manager.cpp" line="762" status="run" result="skipped" time="1.513" timestamp="2025-07-26T16:50:39.115" classname="UploadManagerTest">
      <skipped message="/home/bigattichouse/workspace/headlessweb/tests/fileops/test_upload_manager.cpp:765&#x0A;JavaScript escaping method is private&#x0A;"><![CDATA[/home/bigattichouse/workspace/headlessweb/tests/fileops/test_upload_manager.cpp:765
JavaScript escaping method is private
]]></skipped>
    </testcase>
    <testcase name="EnhancedFileSimulation" file="/home/bigattichouse/workspace/headlessweb/tests/fileops/test_upload_manager.cpp" line="768" status="run" result="completed" time="1.508" timestamp="2025-07-26T16:50:40.629" classname="UploadManagerTest" />
    <testcase name="FilePreparationWithMetadata" file="/home/bigattichouse/workspace/headlessweb/tests/fileops/test_upload_manager.cpp" line="780" status="run" result="completed" time="1.505" timestamp="2025-07-26T16:50:42.137" classname="UploadManagerTest" />
    <testcase name="SecurityValidation" file="/home/bigattichouse/workspace/headlessweb/tests/fileops/test_upload_manager.cpp" line="798" status="run" result="completed" time="1.51" timestamp="2025-07-26T16:50:43.643" classname="UploadManagerTest" />
  </testsuite>
  <testsuite name="DownloadManagerTest" tests="47" failures="0" disabled="0" skipped="1" errors="0" time="24.963" timestamp="2025-07-26T16:50:45.154">
    <testcase name="GetDownloadDirectory" file="/home/bigattichouse/workspace/headlessweb/tests/fileops/test_download_manager.cpp" line="100" status="run" result="completed" time="0.2" timestamp="2025-07-26T16:50:45.154" classname="DownloadManagerTest" />
    <testcase name="SetDownloadDirectory_ValidDirectory" file="/home/bigattichouse/workspace/headlessweb/tests/fileops/test_download_manager.cpp" line="105" status="run" result="completed" time="0.2" timestamp="2025-07-26T16:50:45.355" classname="DownloadManagerTest" />
    <testcase name="SetDownloadDirectory_NonExistentDirectory" file="/home/bigattichouse/workspace/headlessweb/tests/fileops/test_download_manager.cpp" line="113" status="run" result="completed" time="0.2" timestamp="2025-07-26T16:50:45.555" classname="DownloadManagerTest" />
    <testcase name="EnsureDownloadDirectoryExists" file="/home/bigattichouse/workspace/headlessweb/tests/fileops/test_download_manager.cpp" line="120" status="run" result="completed" time="0.2" timestamp="2025-07-26T16:50:45.756" classname="DownloadManagerTest" />
    <testcase name="GetPotentialDownloadDirectories" file="/home/bigattichouse/workspace/headlessweb/tests/fileops/test_download_manager.cpp" line="127" status="run" result="completed" time="0.2" timestamp="2025-07-26T16:50:45.956" classname="DownloadManagerTest" />
    <testcase name="FindMatchingFiles_ExactMatch" file="/home/bigattichouse/workspace/headlessweb/tests/fileops/test_download_manager.cpp" line="141" status="run" result="completed" time="0.201" timestamp="2025-07-26T16:50:46.157" classname="DownloadManagerTest" />
    <testcase name="FindMatchingFiles_GlobPattern" file="/home/bigattichouse/workspace/headlessweb/tests/fileops/test_download_manager.cpp" line="150" status="run" result="completed" time="0.2" timestamp="2025-07-26T16:50:46.358" classname="DownloadManagerTest" />
    <testcase name="FileMatchesPattern_ExactMatch" file="/home/bigattichouse/workspace/headlessweb/tests/fileops/test_download_manager.cpp" line="159" status="run" result="completed" time="0.2" timestamp="2025-07-26T16:50:46.559" classname="DownloadManagerTest" />
    <testcase name="FileMatchesPattern_GlobPattern" file="/home/bigattichouse/workspace/headlessweb/tests/fileops/test_download_manager.cpp" line="164" status="run" result="completed" time="0.2" timestamp="2025-07-26T16:50:46.759" classname="DownloadManagerTest" />
    <testcase name="GetMostRecentMatchingFile" file="/home/bigattichouse/workspace/headlessweb/tests/fileops/test_download_manager.cpp" line="170" status="run" result="completed" time="0.301" timestamp="2025-07-26T16:50:46.960" classname="DownloadManagerTest" />
    <testcase name="IsGlobPattern" file="/home/bigattichouse/workspace/headlessweb/tests/fileops/test_download_manager.cpp" line="181" status="run" result="completed" time="0.2" timestamp="2025-07-26T16:50:47.261" classname="DownloadManagerTest" />
    <testcase name="IsRegexPattern" file="/home/bigattichouse/workspace/headlessweb/tests/fileops/test_download_manager.cpp" line="188" status="run" result="completed" time="0.2" timestamp="2025-07-26T16:50:47.461" classname="DownloadManagerTest" />
    <testcase name="GlobToRegex" file="/home/bigattichouse/workspace/headlessweb/tests/fileops/test_download_manager.cpp" line="193" status="run" result="completed" time="0.2" timestamp="2025-07-26T16:50:47.661" classname="DownloadManagerTest" />
    <testcase name="IsBrowserTempFile" file="/home/bigattichouse/workspace/headlessweb/tests/fileops/test_download_manager.cpp" line="202" status="run" result="completed" time="0.2" timestamp="2025-07-26T16:50:47.862" classname="DownloadManagerTest" />
    <testcase name="ResolveBrowserTempFile" file="/home/bigattichouse/workspace/headlessweb/tests/fileops/test_download_manager.cpp" line="211" status="run" result="completed" time="0.2" timestamp="2025-07-26T16:50:48.062" classname="DownloadManagerTest" />
    <testcase name="GetBrowserDownloadPatterns" file="/home/bigattichouse/workspace/headlessweb/tests/fileops/test_download_manager.cpp" line="218" status="run" result="completed" time="0.2" timestamp="2025-07-26T16:50:48.262" classname="DownloadManagerTest" />
    <testcase name="IsFileSizeStable_StableFile" file="/home/bigattichouse/workspace/headlessweb/tests/fileops/test_download_manager.cpp" line="236" status="run" result="completed" time="0.702" timestamp="2025-07-26T16:50:48.463" classname="DownloadManagerTest" />
    <testcase name="IsFileSizeStable_ChangingFile" file="/home/bigattichouse/workspace/headlessweb/tests/fileops/test_download_manager.cpp" line="246" status="run" result="skipped" time="0.2" timestamp="2025-07-26T16:50:49.165" classname="DownloadManagerTest">
      <skipped message="/home/bigattichouse/workspace/headlessweb/tests/fileops/test_download_manager.cpp:252&#x0A;Timing-dependent test skipped - covered by integration tests&#x0A;"><![CDATA[/home/bigattichouse/workspace/headlessweb/tests/fileops/test_download_manager.cpp:252
Timing-dependent test skipped - covered by integration tests
]]></skipped>
    </testcase>
    <testcase name="IsDownloadInProgress_RegularFile" file="/home/bigattichouse/workspace/headlessweb/tests/fileops/test_download_manager.cpp" line="255" status="run" result="completed" time="0.3" timestamp="2025-07-26T16:50:49.365" classname="DownloadManagerTest" />
    <testcase name="IsDownloadInProgress_TempFile" file="/home/bigattichouse/workspace/headlessweb/tests/fileops/test_download_manager.cpp" line="261" status="run" result="completed" time="0.2" timestamp="2025-07-26T16:50:49.666" classname="DownloadManagerTest" />
    <testcase name="WaitForDownloadCompletion_ImmediateComplete" file="/home/bigattichouse/workspace/headlessweb/tests/fileops/test_download_manager.cpp" line="267" status="run" result="completed" time="2.204" timestamp="2025-07-26T16:50:49.866" classname="DownloadManagerTest" />
    <testcase name="WaitForDownloadCompletion_DelayedComplete" file="/home/bigattichouse/workspace/headlessweb/tests/fileops/test_download_manager.cpp" line="277" status="run" result="completed" time="2.706" timestamp="2025-07-26T16:50:52.071" classname="DownloadManagerTest" />
    <testcase name="WaitForDownloadCompletion_Timeout" file="/home/bigattichouse/workspace/headlessweb/tests/fileops/test_download_manager.cpp" line="287" status="run" result="completed" time="0.702" timestamp="2025-07-26T16:50:54.777" classname="DownloadManagerTest" />
    <testcase name="VerifyDownloadIntegrity_ValidFile" file="/home/bigattichouse/workspace/headlessweb/tests/fileops/test_download_manager.cpp" line="297" status="run" result="completed" time="0.2" timestamp="2025-07-26T16:50:55.479" classname="DownloadManagerTest" />
    <testcase name="VerifyDownloadIntegrity_WrongSize" file="/home/bigattichouse/workspace/headlessweb/tests/fileops/test_download_manager.cpp" line="308" status="run" result="completed" time="0.2" timestamp="2025-07-26T16:50:55.680" classname="DownloadManagerTest" />
    <testcase name="VerifyDownloadIntegrity_NonExistentFile" file="/home/bigattichouse/workspace/headlessweb/tests/fileops/test_download_manager.cpp" line="318" status="run" result="completed" time="0.2" timestamp="2025-07-26T16:50:55.880" classname="DownloadManagerTest" />
    <testcase name="VerifyDownloadIntegrity_ZeroByteFile" file="/home/bigattichouse/workspace/headlessweb/tests/fileops/test_download_manager.cpp" line="326" status="run" result="completed" time="0.2" timestamp="2025-07-26T16:50:56.081" classname="DownloadManagerTest" />
    <testcase name="GetDownloadProgress_ValidFile" file="/home/bigattichouse/workspace/headlessweb/tests/fileops/test_download_manager.cpp" line="338" status="run" result="completed" time="0.2" timestamp="2025-07-26T16:50:56.281" classname="DownloadManagerTest" />
    <testcase name="GetDownloadProgress_NonExistentFile" file="/home/bigattichouse/workspace/headlessweb/tests/fileops/test_download_manager.cpp" line="348" status="run" result="completed" time="0.2" timestamp="2025-07-26T16:50:56.481" classname="DownloadManagerTest" />
    <testcase name="GetDownloadStatistics" file="/home/bigattichouse/workspace/headlessweb/tests/fileops/test_download_manager.cpp" line="356" status="run" result="completed" time="0.2" timestamp="2025-07-26T16:50:56.682" classname="DownloadManagerTest" />
    <testcase name="SetDefaultTimeout" file="/home/bigattichouse/workspace/headlessweb/tests/fileops/test_download_manager.cpp" line="365" status="run" result="completed" time="0.2" timestamp="2025-07-26T16:50:56.882" classname="DownloadManagerTest" />
    <testcase name="SetStabilityCheckDuration" file="/home/bigattichouse/workspace/headlessweb/tests/fileops/test_download_manager.cpp" line="371" status="run" result="completed" time="0.2" timestamp="2025-07-26T16:50:57.082" classname="DownloadManagerTest" />
    <testcase name="SetIntegrityVerificationEnabled" file="/home/bigattichouse/workspace/headlessweb/tests/fileops/test_download_manager.cpp" line="376" status="run" result="completed" time="0.2" timestamp="2025-07-26T16:50:57.283" classname="DownloadManagerTest" />
    <testcase name="SetPollingInterval" file="/home/bigattichouse/workspace/headlessweb/tests/fileops/test_download_manager.cpp" line="388" status="run" result="completed" time="0.2" timestamp="2025-07-26T16:50:57.483" classname="DownloadManagerTest" />
    <testcase name="DownloadResultToString" file="/home/bigattichouse/workspace/headlessweb/tests/fileops/test_download_manager.cpp" line="395" status="run" result="completed" time="0.2" timestamp="2025-07-26T16:50:57.683" classname="DownloadManagerTest" />
    <testcase name="GetErrorMessage" file="/home/bigattichouse/workspace/headlessweb/tests/fileops/test_download_manager.cpp" line="401" status="run" result="completed" time="0.2" timestamp="2025-07-26T16:50:57.883" classname="DownloadManagerTest" />
    <testcase name="SetDownloadCompletionHook" file="/home/bigattichouse/workspace/headlessweb/tests/fileops/test_download_manager.cpp" line="409" status="run" result="completed" time="0.2" timestamp="2025-07-26T16:50:58.084" classname="DownloadManagerTest" />
    <testcase name="CreateAndCheckDownloadManifest" file="/home/bigattichouse/workspace/headlessweb/tests/fileops/test_download_manager.cpp" line="444" status="run" result="completed" time="0.2" timestamp="2025-07-26T16:50:58.284" classname="DownloadManagerTest" />
    <testcase name="StartPollingFileMonitor_FileFound" file="/home/bigattichouse/workspace/headlessweb/tests/fileops/test_download_manager.cpp" line="456" status="run" result="completed" time="0.4" timestamp="2025-07-26T16:50:58.484" classname="DownloadManagerTest" />
    <testcase name="StartPollingFileMonitor_Timeout" file="/home/bigattichouse/workspace/headlessweb/tests/fileops/test_download_manager.cpp" line="482" status="run" result="completed" time="0.701" timestamp="2025-07-26T16:50:58.885" classname="DownloadManagerTest" />
    <testcase name="IsNativeFileWatchingAvailable" file="/home/bigattichouse/workspace/headlessweb/tests/fileops/test_download_manager.cpp" line="503" status="run" result="completed" time="0.2" timestamp="2025-07-26T16:50:59.587" classname="DownloadManagerTest" />
    <testcase name="WaitForDownload_ExistingFile" file="/home/bigattichouse/workspace/headlessweb/tests/fileops/test_download_manager.cpp" line="515" status="run" result="completed" time="0.2" timestamp="2025-07-26T16:50:59.787" classname="DownloadManagerTest" />
    <testcase name="WaitForDownload_NewFile" file="/home/bigattichouse/workspace/headlessweb/tests/fileops/test_download_manager.cpp" line="528" status="run" result="completed" time="4.214" timestamp="2025-07-26T16:50:59.988" classname="DownloadManagerTest" />
    <testcase name="WaitForDownload_DirectoryNotFound" file="/home/bigattichouse/workspace/headlessweb/tests/fileops/test_download_manager.cpp" line="542" status="run" result="completed" time="0.2" timestamp="2025-07-26T16:51:04.203" classname="DownloadManagerTest" />
    <testcase name="WaitForMultipleDownloads_Success" file="/home/bigattichouse/workspace/headlessweb/tests/fileops/test_download_manager.cpp" line="552" status="run" result="completed" time="4.812" timestamp="2025-07-26T16:51:04.403" classname="DownloadManagerTest" />
    <testcase name="WaitForMultipleDownloads_Timeout" file="/home/bigattichouse/workspace/headlessweb/tests/fileops/test_download_manager.cpp" line="568" status="run" result="completed" time="0.701" timestamp="2025-07-26T16:51:09.215" classname="DownloadManagerTest" />
    <testcase name="EnhancedBrowserTempFileDetection" file="/home/bigattichouse/workspace/headlessweb/tests/fileops/test_download_manager.cpp" line="582" status="run" result="completed" time="0.201" timestamp="2025-07-26T16:51:09.917" classname="DownloadManagerTest" />
  </testsuite>
  <testsuite name="CommandParsingTest" tests="11" failures="0" disabled="0" skipped="0" errors="0" time="0." timestamp="2025-07-26T16:51:10.118">
    <testcase name="BasicArgumentParsing" file="/home/bigattichouse/workspace/headlessweb/tests/main/test_command_parsing.cpp" line="55" status="run" result="completed" time="0." timestamp="2025-07-26T16:51:10.118" classname="CommandParsingTest" />
    <testcase name="URLValidation" file="/home/bigattichouse/workspace/headlessweb/tests/main/test_command_parsing.cpp" line="75" status="run" result="completed" time="0." timestamp="2025-07-26T16:51:10.118" classname="CommandParsingTest" />
    <testcase name="SessionNameValidation" file="/home/bigattichouse/workspace/headlessweb/tests/main/test_command_parsing.cpp" line="99" status="run" result="completed" time="0." timestamp="2025-07-26T16:51:10.118" classname="CommandParsingTest" />
    <testcase name="CommandStructureValidation" file="/home/bigattichouse/workspace/headlessweb/tests/main/test_command_parsing.cpp" line="128" status="run" result="completed" time="0." timestamp="2025-07-26T16:51:10.118" classname="CommandParsingTest" />
    <testcase name="InvalidCommandStructures" file="/home/bigattichouse/workspace/headlessweb/tests/main/test_command_parsing.cpp" line="142" status="run" result="completed" time="0." timestamp="2025-07-26T16:51:10.118" classname="CommandParsingTest" />
    <testcase name="OptionParsing" file="/home/bigattichouse/workspace/headlessweb/tests/main/test_command_parsing.cpp" line="159" status="run" result="completed" time="0." timestamp="2025-07-26T16:51:10.118" classname="CommandParsingTest" />
    <testcase name="ErrorHandling" file="/home/bigattichouse/workspace/headlessweb/tests/main/test_command_parsing.cpp" line="209" status="run" result="completed" time="0." timestamp="2025-07-26T16:51:10.119" classname="CommandParsingTest" />
    <testcase name="UsageInformation" file="/home/bigattichouse/workspace/headlessweb/tests/main/test_command_parsing.cpp" line="229" status="run" result="completed" time="0." timestamp="2025-07-26T16:51:10.119" classname="CommandParsingTest" />
    <testcase name="DefaultConfiguration" file="/home/bigattichouse/workspace/headlessweb/tests/main/test_command_parsing.cpp" line="252" status="run" result="completed" time="0." timestamp="2025-07-26T16:51:10.119" classname="CommandParsingTest" />
    <testcase name="CommandExecutionPatterns" file="/home/bigattichouse/workspace/headlessweb/tests/main/test_command_parsing.cpp" line="275" status="run" result="completed" time="0." timestamp="2025-07-26T16:51:10.119" classname="CommandParsingTest" />
    <testcase name="SecurityValidation" file="/home/bigattichouse/workspace/headlessweb/tests/main/test_command_parsing.cpp" line="307" status="run" result="completed" time="0." timestamp="2025-07-26T16:51:10.119" classname="CommandParsingTest" />
  </testsuite>
  <testsuite name="OutputTest" tests="6" failures="0" disabled="0" skipped="0" errors="0" time="0." timestamp="2025-07-26T16:51:10.119">
    <testcase name="InfoOutputInNormalMode" file="/home/bigattichouse/workspace/headlessweb/tests/hweb/test_output.cpp" line="27" status="run" result="completed" time="0." timestamp="2025-07-26T16:51:10.119" classname="OutputTest" />
    <testcase name="InfoOutputInSilentMode" file="/home/bigattichouse/workspace/headlessweb/tests/hweb/test_output.cpp" line="33" status="run" result="completed" time="0." timestamp="2025-07-26T16:51:10.119" classname="OutputTest" />
    <testcase name="ErrorOutputAlwaysShows" file="/home/bigattichouse/workspace/headlessweb/tests/hweb/test_output.cpp" line="40" status="run" result="completed" time="0." timestamp="2025-07-26T16:51:10.119" classname="OutputTest" />
    <testcase name="ModeGettersSetters" file="/home/bigattichouse/workspace/headlessweb/tests/hweb/test_output.cpp" line="47" status="run" result="completed" time="0." timestamp="2025-07-26T16:51:10.119" classname="OutputTest" />
    <testcase name="FormatErrorWithContext" file="/home/bigattichouse/workspace/headlessweb/tests/hweb/test_output.cpp" line="58" status="run" result="completed" time="0." timestamp="2025-07-26T16:51:10.119" classname="OutputTest" />
    <testcase name="FormatErrorInJsonMode" file="/home/bigattichouse/workspace/headlessweb/tests/hweb/test_output.cpp" line="64" status="run" result="completed" time="0." timestamp="2025-07-26T16:51:10.119" classname="OutputTest" />
  </testsuite>
  <testsuite name="ConfigParserTest" tests="8" failures="0" disabled="0" skipped="0" errors="0" time="0." timestamp="2025-07-26T16:51:10.119">
    <testcase name="ParseBasicOptions" file="/home/bigattichouse/workspace/headlessweb/tests/hweb/test_config_parser.cpp" line="9" status="run" result="completed" time="0." timestamp="2025-07-26T16:51:10.119" classname="ConfigParserTest" />
    <testcase name="ParseBrowserWidth" file="/home/bigattichouse/workspace/headlessweb/tests/hweb/test_config_parser.cpp" line="22" status="run" result="completed" time="0." timestamp="2025-07-26T16:51:10.119" classname="ConfigParserTest" />
    <testcase name="ParseFormInteractionCommands" file="/home/bigattichouse/workspace/headlessweb/tests/hweb/test_config_parser.cpp" line="30" status="run" result="completed" time="0." timestamp="2025-07-26T16:51:10.119" classname="ConfigParserTest" />
    <testcase name="ParseNavigationCommands" file="/home/bigattichouse/workspace/headlessweb/tests/hweb/test_config_parser.cpp" line="61" status="run" result="completed" time="0." timestamp="2025-07-26T16:51:10.119" classname="ConfigParserTest" />
    <testcase name="ParseDataExtractionCommands" file="/home/bigattichouse/workspace/headlessweb/tests/hweb/test_config_parser.cpp" line="72" status="run" result="completed" time="0." timestamp="2025-07-26T16:51:10.119" classname="ConfigParserTest" />
    <testcase name="ParseAdvancedWaitCommands" file="/home/bigattichouse/workspace/headlessweb/tests/hweb/test_config_parser.cpp" line="102" status="run" result="completed" time="0." timestamp="2025-07-26T16:51:10.119" classname="ConfigParserTest" />
    <testcase name="ParseFileOperationSettings" file="/home/bigattichouse/workspace/headlessweb/tests/hweb/test_config_parser.cpp" line="128" status="run" result="completed" time="0." timestamp="2025-07-26T16:51:10.119" classname="ConfigParserTest" />
    <testcase name="ParseAssertionCommands" file="/home/bigattichouse/workspace/headlessweb/tests/hweb/test_config_parser.cpp" line="145" status="run" result="completed" time="0." timestamp="2025-07-26T16:51:10.119" classname="ConfigParserTest" />
  </testsuite>
  <testsuite name="ManagerRegistryTest" tests="4" failures="0" disabled="0" skipped="0" errors="0" time="0." timestamp="2025-07-26T16:51:10.119">
    <testcase name="InitializationAndCleanup" file="/home/bigattichouse/workspace/headlessweb/tests/hweb/test_manager_registry.cpp" line="16" status="run" result="completed" time="0." timestamp="2025-07-26T16:51:10.119" classname="ManagerRegistryTest" />
    <testcase name="ManagerAccess" file="/home/bigattichouse/workspace/headlessweb/tests/hweb/test_manager_registry.cpp" line="26" status="run" result="completed" time="0." timestamp="2025-07-26T16:51:10.119" classname="ManagerRegistryTest" />
    <testcase name="AccessWithoutInitializationThrows" file="/home/bigattichouse/workspace/headlessweb/tests/hweb/test_manager_registry.cpp" line="42" status="run" result="completed" time="0." timestamp="2025-07-26T16:51:10.119" classname="ManagerRegistryTest" />
    <testcase name="MultipleInitializationsAreHandled" file="/home/bigattichouse/workspace/headlessweb/tests/hweb/test_manager_registry.cpp" line="48" status="run" result="completed" time="0." timestamp="2025-07-26T16:51:10.119" classname="ManagerRegistryTest" />
  </testsuite>
  <testsuite name="NavigationServiceTest" tests="4" failures="0" disabled="0" skipped="0" errors="0" time="0." timestamp="2025-07-26T16:51:10.119">
    <testcase name="DetermineNavigationStrategy" file="/home/bigattichouse/workspace/headlessweb/tests/hweb/test_navigation_service.cpp" line="9" status="run" result="completed" time="0." timestamp="2025-07-26T16:51:10.119" classname="NavigationServiceTest" />
    <testcase name="CreateNavigationPlan" file="/home/bigattichouse/workspace/headlessweb/tests/hweb/test_navigation_service.cpp" line="44" status="run" result="completed" time="0." timestamp="2025-07-26T16:51:10.120" classname="NavigationServiceTest" />
    <testcase name="CreateNavigationPlanForSessionRestore" file="/home/bigattichouse/workspace/headlessweb/tests/hweb/test_navigation_service.cpp" line="58" status="run" result="completed" time="0." timestamp="2025-07-26T16:51:10.120" classname="NavigationServiceTest" />
    <testcase name="CreateNavigationPlanForNoNavigation" file="/home/bigattichouse/workspace/headlessweb/tests/hweb/test_navigation_service.cpp" line="72" status="run" result="completed" time="0." timestamp="2025-07-26T16:51:10.120" classname="NavigationServiceTest" />
  </testsuite>
  <testsuite name="ServiceArchitectureCoordinationTest" tests="15" failures="7" disabled="0" skipped="0" errors="0" time="41.639" timestamp="2025-07-26T16:51:10.120">
    <testcase name="ManagerRegistry_InitializationAndAccess" file="/home/bigattichouse/workspace/headlessweb/tests/hweb/test_service_architecture_coordination.cpp" line="204" status="run" result="completed" time="0.002" timestamp="2025-07-26T16:51:10.120" classname="ServiceArchitectureCoordinationTest" />
    <testcase name="ManagerRegistry_SingletonBehavior" file="/home/bigattichouse/workspace/headlessweb/tests/hweb/test_service_architecture_coordination.cpp" line="220" status="run" result="completed" time="0." timestamp="2025-07-26T16:51:10.122" classname="ServiceArchitectureCoordinationTest" />
    <testcase name="ManagerRegistry_CrossServiceCoordination" file="/home/bigattichouse/workspace/headlessweb/tests/hweb/test_service_architecture_coordination.cpp" line="238" status="run" result="completed" time="1.012" timestamp="2025-07-26T16:51:10.123" classname="ServiceArchitectureCoordinationTest">
      <failure message="/home/bigattichouse/workspace/headlessweb/tests/hweb/test_service_architecture_coordination.cpp:260&#x0A;Value of: assertions_passed&#x0A;  Actual: false&#x0A;Expected: true&#x0A;" type=""><![CDATA[/home/bigattichouse/workspace/headlessweb/tests/hweb/test_service_architecture_coordination.cpp:260
Value of: assertions_passed
  Actual: false
Expected: true
]]></failure>
    </testcase>
    <testcase name="SessionService_BrowserStateIntegration" file="/home/bigattichouse/workspace/headlessweb/tests/hweb/test_service_architecture_coordination.cpp" line="269" status="run" result="completed" time="2.064" timestamp="2025-07-26T16:51:11.136" classname="ServiceArchitectureCoordinationTest">
      <failure message="/home/bigattichouse/workspace/headlessweb/tests/hweb/test_service_architecture_coordination.cpp:274&#x0A;Value of: test_session.getCurrentUrl().empty()&#x0A;  Actual: true&#x0A;Expected: false&#x0A;" type=""><![CDATA[/home/bigattichouse/workspace/headlessweb/tests/hweb/test_service_architecture_coordination.cpp:274
Value of: test_session.getCurrentUrl().empty()
  Actual: true
Expected: false
]]></failure>
      <failure message="/home/bigattichouse/workspace/headlessweb/tests/hweb/test_service_architecture_coordination.cpp:297&#x0A;Value of: found_field&#x0A;  Actual: false&#x0A;Expected: true&#x0A;" type=""><![CDATA[/home/bigattichouse/workspace/headlessweb/tests/hweb/test_service_architecture_coordination.cpp:297
Value of: found_field
  Actual: false
Expected: true
]]></failure>
    </testcase>
    <testcase name="SessionService_NavigationServiceIntegration" file="/home/bigattichouse/workspace/headlessweb/tests/hweb/test_service_architecture_coordination.cpp" line="304" status="run" result="completed" time="5.336" timestamp="2025-07-26T16:51:13.201" classname="ServiceArchitectureCoordinationTest" />
    <testcase name="SessionService_MultiSessionIsolation" file="/home/bigattichouse/workspace/headlessweb/tests/hweb/test_service_architecture_coordination.cpp" line="330" status="run" result="completed" time="3.253" timestamp="2025-07-26T16:51:18.537" classname="ServiceArchitectureCoordinationTest">
      <failure message="/home/bigattichouse/workspace/headlessweb/tests/hweb/test_service_architecture_coordination.cpp:372&#x0A;Expected: (session1_value) != (session2_value), actual: &quot;&quot; vs &quot;&quot;&#x0A;" type=""><![CDATA[/home/bigattichouse/workspace/headlessweb/tests/hweb/test_service_architecture_coordination.cpp:372
Expected: (session1_value) != (session2_value), actual: "" vs ""
]]></failure>
      <failure message="/home/bigattichouse/workspace/headlessweb/tests/hweb/test_service_architecture_coordination.cpp:373&#x0A;Expected equality of these values:&#x0A;  session1_value&#x0A;    Which is: &quot;&quot;&#x0A;  &quot;session1_value&quot;&#x0A;" type=""><![CDATA[/home/bigattichouse/workspace/headlessweb/tests/hweb/test_service_architecture_coordination.cpp:373
Expected equality of these values:
  session1_value
    Which is: ""
  "session1_value"
]]></failure>
      <failure message="/home/bigattichouse/workspace/headlessweb/tests/hweb/test_service_architecture_coordination.cpp:374&#x0A;Expected equality of these values:&#x0A;  session2_value&#x0A;    Which is: &quot;&quot;&#x0A;  &quot;session2_value&quot;&#x0A;" type=""><![CDATA[/home/bigattichouse/workspace/headlessweb/tests/hweb/test_service_architecture_coordination.cpp:374
Expected equality of these values:
  session2_value
    Which is: ""
  "session2_value"
]]></failure>
    </testcase>
    <testcase name="NavigationService_StrategyDetermination" file="/home/bigattichouse/workspace/headlessweb/tests/hweb/test_service_architecture_coordination.cpp" line="379" status="run" result="completed" time="0." timestamp="2025-07-26T16:51:21.791" classname="ServiceArchitectureCoordinationTest" />
    <testcase name="NavigationService_WaitMechanisms" file="/home/bigattichouse/workspace/headlessweb/tests/hweb/test_service_architecture_coordination.cpp" line="400" status="run" result="completed" time="2.016" timestamp="2025-07-26T16:51:21.791" classname="ServiceArchitectureCoordinationTest">
      <failure message="/home/bigattichouse/workspace/headlessweb/tests/hweb/test_service_architecture_coordination.cpp:413&#x0A;Value of: page_ready&#x0A;  Actual: false&#x0A;Expected: true&#x0A;" type=""><![CDATA[/home/bigattichouse/workspace/headlessweb/tests/hweb/test_service_architecture_coordination.cpp:413
Value of: page_ready
  Actual: false
Expected: true
]]></failure>
    </testcase>
    <testcase name="NavigationService_ComplexNavigationPlans" file="/home/bigattichouse/workspace/headlessweb/tests/hweb/test_service_architecture_coordination.cpp" line="420" status="run" result="completed" time="4.33" timestamp="2025-07-26T16:51:23.808" classname="ServiceArchitectureCoordinationTest">
      <failure message="/home/bigattichouse/workspace/headlessweb/tests/hweb/test_service_architecture_coordination.cpp:444&#x0A;Expected equality of these values:&#x0A;  viewport.first&#x0A;    Which is: 1920&#x0A;  1024&#x0A;" type=""><![CDATA[/home/bigattichouse/workspace/headlessweb/tests/hweb/test_service_architecture_coordination.cpp:444
Expected equality of these values:
  viewport.first
    Which is: 1920
  1024
]]></failure>
      <failure message="/home/bigattichouse/workspace/headlessweb/tests/hweb/test_service_architecture_coordination.cpp:445&#x0A;Expected equality of these values:&#x0A;  viewport.second&#x0A;    Which is: 1080&#x0A;  768&#x0A;" type=""><![CDATA[/home/bigattichouse/workspace/headlessweb/tests/hweb/test_service_architecture_coordination.cpp:445
Expected equality of these values:
  viewport.second
    Which is: 1080
  768
]]></failure>
    </testcase>
    <testcase name="CrossService_ErrorPropagation" file="/home/bigattichouse/workspace/headlessweb/tests/hweb/test_service_architecture_coordination.cpp" line="450" status="run" result="completed" time="1.007" timestamp="2025-07-26T16:51:28.139" classname="ServiceArchitectureCoordinationTest" />
    <testcase name="CrossService_RecoveryMechanisms" file="/home/bigattichouse/workspace/headlessweb/tests/hweb/test_service_architecture_coordination.cpp" line="468" status="run" result="completed" time="9.416" timestamp="2025-07-26T16:51:29.146" classname="ServiceArchitectureCoordinationTest" />
    <testcase name="ResourceManagement_ServiceLifecycle" file="/home/bigattichouse/workspace/headlessweb/tests/hweb/test_service_architecture_coordination.cpp" line="496" status="run" result="completed" time="0.001" timestamp="2025-07-26T16:51:38.563" classname="ServiceArchitectureCoordinationTest" />
    <testcase name="ResourceManagement_ConcurrentAccess" file="/home/bigattichouse/workspace/headlessweb/tests/hweb/test_service_architecture_coordination.cpp" line="521" status="run" result="completed" time="3.023" timestamp="2025-07-26T16:51:38.564" classname="ServiceArchitectureCoordinationTest">
      <failure message="/home/bigattichouse/workspace/headlessweb/tests/hweb/test_service_architecture_coordination.cpp:552&#x0A;Expected equality of these values:&#x0A;  page_content&#x0A;    Which is: &quot;Service Architecture Test&quot;&#x0A;  &quot;Concurrent Test&quot;&#x0A;" type=""><![CDATA[/home/bigattichouse/workspace/headlessweb/tests/hweb/test_service_architecture_coordination.cpp:552
Expected equality of these values:
  page_content
    Which is: "Service Architecture Test"
  "Concurrent Test"
]]></failure>
      <failure message="/home/bigattichouse/workspace/headlessweb/tests/hweb/test_service_architecture_coordination.cpp:566&#x0A;Expected equality of these values:&#x0A;  page_content&#x0A;    Which is: &quot;Service Architecture Test&quot;&#x0A;  &quot;Concurrent Test&quot;&#x0A;" type=""><![CDATA[/home/bigattichouse/workspace/headlessweb/tests/hweb/test_service_architecture_coordination.cpp:566
Expected equality of these values:
  page_content
    Which is: "Service Architecture Test"
  "Concurrent Test"
]]></failure>
    </testcase>
    <testcase name="ServiceIntegration_CompleteWorkflow" file="/home/bigattichouse/workspace/headlessweb/tests/hweb/test_service_architecture_coordination.cpp" line="571" status="run" result="completed" time="5.844" timestamp="2025-07-26T16:51:41.587" classname="ServiceArchitectureCoordinationTest">
      <failure message="/home/bigattichouse/workspace/headlessweb/tests/hweb/test_service_architecture_coordination.cpp:603&#x0A;Value of: assertions_passed&#x0A;  Actual: false&#x0A;Expected: true&#x0A;" type=""><![CDATA[/home/bigattichouse/workspace/headlessweb/tests/hweb/test_service_architecture_coordination.cpp:603
Value of: assertions_passed
  Actual: false
Expected: true
]]></failure>
      <failure message="/home/bigattichouse/workspace/headlessweb/tests/hweb/test_service_architecture_coordination.cpp:622&#x0A;Value of: found_workflow_data&#x0A;  Actual: false&#x0A;Expected: true&#x0A;" type=""><![CDATA[/home/bigattichouse/workspace/headlessweb/tests/hweb/test_service_architecture_coordination.cpp:622
Value of: found_workflow_data
  Actual: false
Expected: true
]]></failure>
    </testcase>
    <testcase name="ServiceIntegration_ErrorRecoveryWorkflow" file="/home/bigattichouse/workspace/headlessweb/tests/hweb/test_service_architecture_coordination.cpp" line="625" status="run" result="completed" time="4.327" timestamp="2025-07-26T16:51:47.432" classname="ServiceArchitectureCoordinationTest" />
  </testsuite>
  <testsuite name="BrowserCoreTest" tests="17" failures="0" disabled="0" skipped="0" errors="0" time="3.541" timestamp="2025-07-26T16:51:51.759">
    <testcase name="BrowserDefaultConstruction" file="/home/bigattichouse/workspace/headlessweb/tests/browser/test_browser_core.cpp" line="61" status="run" result="completed" time="0." timestamp="2025-07-26T16:51:51.759" classname="BrowserCoreTest" />
    <testcase name="BrowserSessionInitialization" file="/home/bigattichouse/workspace/headlessweb/tests/browser/test_browser_core.cpp" line="69" status="run" result="completed" time="0.001" timestamp="2025-07-26T16:51:51.760" classname="BrowserCoreTest" />
    <testcase name="ValidateHttpUrls" file="/home/bigattichouse/workspace/headlessweb/tests/browser/test_browser_core.cpp" line="79" status="run" result="completed" time="0.001" timestamp="2025-07-26T16:51:51.762" classname="BrowserCoreTest" />
    <testcase name="ValidateFileUrls" file="/home/bigattichouse/workspace/headlessweb/tests/browser/test_browser_core.cpp" line="88" status="run" result="completed" time="0.002" timestamp="2025-07-26T16:51:51.764" classname="BrowserCoreTest" />
    <testcase name="RejectInvalidUrls" file="/home/bigattichouse/workspace/headlessweb/tests/browser/test_browser_core.cpp" line="108" status="run" result="completed" time="0.001" timestamp="2025-07-26T16:51:51.766" classname="BrowserCoreTest" />
    <testcase name="ValidateFileUrlSecurity" file="/home/bigattichouse/workspace/headlessweb/tests/browser/test_browser_core.cpp" line="119" status="run" result="completed" time="0.002" timestamp="2025-07-26T16:51:51.767" classname="BrowserCoreTest" />
    <testcase name="DetectFileUrls" file="/home/bigattichouse/workspace/headlessweb/tests/browser/test_browser_core.cpp" line="129" status="run" result="completed" time="0.001" timestamp="2025-07-26T16:51:51.769" classname="BrowserCoreTest" />
    <testcase name="ValidateFileUrlPaths" file="/home/bigattichouse/workspace/headlessweb/tests/browser/test_browser_core.cpp" line="137" status="run" result="completed" time="0.001" timestamp="2025-07-26T16:51:51.771" classname="BrowserCoreTest" />
    <testcase name="GetDefaultViewport" file="/home/bigattichouse/workspace/headlessweb/tests/browser/test_browser_core.cpp" line="152" status="run" result="completed" time="0.001" timestamp="2025-07-26T16:51:51.772" classname="BrowserCoreTest" />
    <testcase name="ViewportForScreenshots" file="/home/bigattichouse/workspace/headlessweb/tests/browser/test_browser_core.cpp" line="162" status="run" result="completed" time="0.208" timestamp="2025-07-26T16:51:51.773" classname="BrowserCoreTest" />
    <testcase name="NavigationStateManagement" file="/home/bigattichouse/workspace/headlessweb/tests/browser/test_browser_core.cpp" line="176" status="run" result="completed" time="0." timestamp="2025-07-26T16:51:51.982" classname="BrowserCoreTest" />
    <testcase name="JavaScriptExecutionInterface" file="/home/bigattichouse/workspace/headlessweb/tests/browser/test_browser_core.cpp" line="191" status="run" result="completed" time="0.004" timestamp="2025-07-26T16:51:51.983" classname="BrowserCoreTest" />
    <testcase name="ErrorHandlingRobustness" file="/home/bigattichouse/workspace/headlessweb/tests/browser/test_browser_core.cpp" line="207" status="run" result="completed" time="0.101" timestamp="2025-07-26T16:51:51.987" classname="BrowserCoreTest" />
    <testcase name="SessionIntegrationBasics" file="/home/bigattichouse/workspace/headlessweb/tests/browser/test_browser_core.cpp" line="223" status="run" result="completed" time="3.207" timestamp="2025-07-26T16:51:52.088" classname="BrowserCoreTest" />
    <testcase name="EdgeCaseUrlHandling" file="/home/bigattichouse/workspace/headlessweb/tests/browser/test_browser_core.cpp" line="240" status="run" result="completed" time="0." timestamp="2025-07-26T16:51:55.296" classname="BrowserCoreTest" />
    <testcase name="ConcurrentOperationSafety" file="/home/bigattichouse/workspace/headlessweb/tests/browser/test_browser_core.cpp" line="247" status="run" result="completed" time="0.004" timestamp="2025-07-26T16:51:55.296" classname="BrowserCoreTest" />
    <testcase name="ResourceCleanupSafety" file="/home/bigattichouse/workspace/headlessweb/tests/browser/test_browser_core.cpp" line="258" status="run" result="completed" time="0." timestamp="2025-07-26T16:51:55.301" classname="BrowserCoreTest" />
  </testsuite>
  <testsuite name="BrowserDOMTest" tests="19" failures="0" disabled="0" skipped="1" errors="0" time="47.031" timestamp="2025-07-26T16:51:55.301">
    <testcase name="ElementExistenceChecking" file="/home/bigattichouse/workspace/headlessweb/tests/browser/test_browser_dom.cpp" line="187" status="run" result="completed" time="1.208" timestamp="2025-07-26T16:51:55.301" classname="BrowserDOMTest" />
    <testcase name="ElementExistenceEdgeCases" file="/home/bigattichouse/workspace/headlessweb/tests/browser/test_browser_dom.cpp" line="201" status="run" result="completed" time="1.207" timestamp="2025-07-26T16:51:56.510" classname="BrowserDOMTest" />
    <testcase name="FormInputFilling" file="/home/bigattichouse/workspace/headlessweb/tests/browser/test_browser_dom.cpp" line="215" status="run" result="skipped" time="1.007" timestamp="2025-07-26T16:51:57.717" classname="BrowserDOMTest">
      <skipped message="/home/bigattichouse/workspace/headlessweb/tests/browser/test_browser_dom.cpp:240&#x0A;Form elements not ready for testing&#x0A;"><![CDATA[/home/bigattichouse/workspace/headlessweb/tests/browser/test_browser_dom.cpp:240
Form elements not ready for testing
]]></skipped>
    </testcase>
    <testcase name="FormInputValidation" file="/home/bigattichouse/workspace/headlessweb/tests/browser/test_browser_dom.cpp" line="244" status="run" result="completed" time="1.81" timestamp="2025-07-26T16:51:58.725" classname="BrowserDOMTest" />
    <testcase name="SelectOptionHandling" file="/home/bigattichouse/workspace/headlessweb/tests/browser/test_browser_dom.cpp" line="254" status="run" result="completed" time="1.063" timestamp="2025-07-26T16:52:00.536" classname="BrowserDOMTest" />
    <testcase name="CheckboxAndRadioHandling" file="/home/bigattichouse/workspace/headlessweb/tests/browser/test_browser_dom.cpp" line="265" status="run" result="completed" time="1.248" timestamp="2025-07-26T16:52:01.599" classname="BrowserDOMTest" />
    <testcase name="ElementClicking" file="/home/bigattichouse/workspace/headlessweb/tests/browser/test_browser_dom.cpp" line="277" status="run" result="completed" time="1.007" timestamp="2025-07-26T16:52:02.848" classname="BrowserDOMTest" />
    <testcase name="ElementFocusing" file="/home/bigattichouse/workspace/headlessweb/tests/browser/test_browser_dom.cpp" line="290" status="run" result="completed" time="1.007" timestamp="2025-07-26T16:52:03.855" classname="BrowserDOMTest" />
    <testcase name="FormSubmission" file="/home/bigattichouse/workspace/headlessweb/tests/browser/test_browser_dom.cpp" line="302" status="run" result="completed" time="1.007" timestamp="2025-07-26T16:52:04.862" classname="BrowserDOMTest" />
    <testcase name="SearchFormHandling" file="/home/bigattichouse/workspace/headlessweb/tests/browser/test_browser_dom.cpp" line="312" status="run" result="completed" time="1.008" timestamp="2025-07-26T16:52:05.870" classname="BrowserDOMTest" />
    <testcase name="AttributeGetting" file="/home/bigattichouse/workspace/headlessweb/tests/browser/test_browser_dom.cpp" line="324" status="run" result="completed" time="1.007" timestamp="2025-07-26T16:52:06.878" classname="BrowserDOMTest" />
    <testcase name="AttributeSetting" file="/home/bigattichouse/workspace/headlessweb/tests/browser/test_browser_dom.cpp" line="335" status="run" result="completed" time="1.136" timestamp="2025-07-26T16:52:07.886" classname="BrowserDOMTest" />
    <testcase name="ComplexSelectorHandling" file="/home/bigattichouse/workspace/headlessweb/tests/browser/test_browser_dom.cpp" line="348" status="run" result="completed" time="1.21" timestamp="2025-07-26T16:52:09.023" classname="BrowserDOMTest" />
    <testcase name="XPathSelectorSupport" file="/home/bigattichouse/workspace/headlessweb/tests/browser/test_browser_dom.cpp" line="376" status="run" result="completed" time="1.01" timestamp="2025-07-26T16:52:10.233" classname="BrowserDOMTest" />
    <testcase name="RejectInvalidUrls" file="/home/bigattichouse/workspace/headlessweb/tests/browser/test_browser_dom.cpp" line="396" status="run" result="completed" time="2.822" timestamp="2025-07-26T16:52:11.244" classname="BrowserDOMTest" />
    <testcase name="UnicodeContentHandling" file="/home/bigattichouse/workspace/headlessweb/tests/browser/test_browser_dom.cpp" line="419" status="run" result="completed" time="3.826" timestamp="2025-07-26T16:52:14.066" classname="BrowserDOMTest" />
    <testcase name="LargeContentHandling" file="/home/bigattichouse/workspace/headlessweb/tests/browser/test_browser_dom.cpp" line="440" status="run" result="completed" time="1.614" timestamp="2025-07-26T16:52:17.892" classname="BrowserDOMTest" />
    <testcase name="OperationTiming" file="/home/bigattichouse/workspace/headlessweb/tests/browser/test_browser_dom.cpp" line="454" status="run" result="completed" time="21.387" timestamp="2025-07-26T16:52:19.507" classname="BrowserDOMTest" />
    <testcase name="ConsistentStateHandling" file="/home/bigattichouse/workspace/headlessweb/tests/browser/test_browser_dom.cpp" line="475" status="run" result="completed" time="1.437" timestamp="2025-07-26T16:52:40.895" classname="BrowserDOMTest" />
  </testsuite>
  <testsuite name="BrowserJavaScriptTest" tests="20" failures="0" disabled="0" skipped="0" errors="0" time="26.587" timestamp="2025-07-26T16:52:42.333">
    <testcase name="BasicJavaScriptExecution" file="/home/bigattichouse/workspace/headlessweb/tests/browser/test_browser_javascript.cpp" line="213" status="run" result="completed" time="1.008" timestamp="2025-07-26T16:52:42.333" classname="BrowserJavaScriptTest" />
    <testcase name="SynchronousJavaScriptExecution" file="/home/bigattichouse/workspace/headlessweb/tests/browser/test_browser_javascript.cpp" line="227" status="run" result="completed" time="1.009" timestamp="2025-07-26T16:52:43.341" classname="BrowserJavaScriptTest" />
    <testcase name="SafeJavaScriptExecution" file="/home/bigattichouse/workspace/headlessweb/tests/browser/test_browser_javascript.cpp" line="245" status="run" result="completed" time="1.006" timestamp="2025-07-26T16:52:44.351" classname="BrowserJavaScriptTest" />
    <testcase name="ArithmeticExpressions" file="/home/bigattichouse/workspace/headlessweb/tests/browser/test_browser_javascript.cpp" line="257" status="run" result="completed" time="1.006" timestamp="2025-07-26T16:52:45.357" classname="BrowserJavaScriptTest" />
    <testcase name="StringOperations" file="/home/bigattichouse/workspace/headlessweb/tests/browser/test_browser_javascript.cpp" line="270" status="run" result="completed" time="1.008" timestamp="2025-07-26T16:52:46.363" classname="BrowserJavaScriptTest" />
    <testcase name="BooleanExpressions" file="/home/bigattichouse/workspace/headlessweb/tests/browser/test_browser_javascript.cpp" line="288" status="run" result="completed" time="1.007" timestamp="2025-07-26T16:52:47.372" classname="BrowserJavaScriptTest" />
    <testcase name="DOMQueryOperations" file="/home/bigattichouse/workspace/headlessweb/tests/browser/test_browser_javascript.cpp" line="318" status="run" result="completed" time="1.007" timestamp="2025-07-26T16:52:48.379" classname="BrowserJavaScriptTest" />
    <testcase name="DOMModificationOperations" file="/home/bigattichouse/workspace/headlessweb/tests/browser/test_browser_javascript.cpp" line="337" status="run" result="completed" time="1.006" timestamp="2025-07-26T16:52:49.386" classname="BrowserJavaScriptTest" />
    <testcase name="FunctionCalling" file="/home/bigattichouse/workspace/headlessweb/tests/browser/test_browser_javascript.cpp" line="354" status="run" result="completed" time="1.009" timestamp="2025-07-26T16:52:50.393" classname="BrowserJavaScriptTest" />
    <testcase name="AnonymousFunctionExecution" file="/home/bigattichouse/workspace/headlessweb/tests/browser/test_browser_javascript.cpp" line="372" status="run" result="completed" time="1.305" timestamp="2025-07-26T16:52:51.402" classname="BrowserJavaScriptTest" />
    <testcase name="SyntaxErrorHandling" file="/home/bigattichouse/workspace/headlessweb/tests/browser/test_browser_javascript.cpp" line="389" status="run" result="completed" time="1.009" timestamp="2025-07-26T16:52:52.707" classname="BrowserJavaScriptTest" />
    <testcase name="RuntimeErrorHandling" file="/home/bigattichouse/workspace/headlessweb/tests/browser/test_browser_javascript.cpp" line="407" status="run" result="completed" time="1.007" timestamp="2025-07-26T16:52:53.716" classname="BrowserJavaScriptTest" />
    <testcase name="ArrayOperations" file="/home/bigattichouse/workspace/headlessweb/tests/browser/test_browser_javascript.cpp" line="425" status="run" result="completed" time="1.008" timestamp="2025-07-26T16:52:54.724" classname="BrowserJavaScriptTest" />
    <testcase name="ObjectOperations" file="/home/bigattichouse/workspace/headlessweb/tests/browser/test_browser_javascript.cpp" line="443" status="run" result="completed" time="1.014" timestamp="2025-07-26T16:52:55.732" classname="BrowserJavaScriptTest" />
    <testcase name="JavaScriptCompletionWaiting" file="/home/bigattichouse/workspace/headlessweb/tests/browser/test_browser_javascript.cpp" line="462" status="run" result="completed" time="7.114" timestamp="2025-07-26T16:52:56.747" classname="BrowserJavaScriptTest" />
    <testcase name="TimeBasedOperations" file="/home/bigattichouse/workspace/headlessweb/tests/browser/test_browser_javascript.cpp" line="471" status="run" result="completed" time="1.008" timestamp="2025-07-26T16:53:03.862" classname="BrowserJavaScriptTest" />
    <testcase name="BrowserEnvironmentAccess" file="/home/bigattichouse/workspace/headlessweb/tests/browser/test_browser_javascript.cpp" line="489" status="run" result="completed" time="1.007" timestamp="2025-07-26T16:53:04.871" classname="BrowserJavaScriptTest" />
    <testcase name="JavaScriptExecutionPerformance" file="/home/bigattichouse/workspace/headlessweb/tests/browser/test_browser_javascript.cpp" line="509" status="run" result="completed" time="1.025" timestamp="2025-07-26T16:53:05.878" classname="BrowserJavaScriptTest" />
    <testcase name="UnicodeStringHandling" file="/home/bigattichouse/workspace/headlessweb/tests/browser/test_browser_javascript.cpp" line="530" status="run" result="completed" time="1.007" timestamp="2025-07-26T16:53:06.904" classname="BrowserJavaScriptTest" />
    <testcase name="EdgeCaseInputs" file="/home/bigattichouse/workspace/headlessweb/tests/browser/test_browser_javascript.cpp" line="551" status="run" result="completed" time="1.008" timestamp="2025-07-26T16:53:07.911" classname="BrowserJavaScriptTest" />
  </testsuite>
  <testsuite name="BrowserEventsTest" tests="22" failures="1" disabled="0" skipped="3" errors="0" time="73.021" timestamp="2025-07-26T16:53:08.920">
    <testcase name="NavigationEventWaiting" file="/home/bigattichouse/workspace/headlessweb/tests/browser/test_browser_events.cpp" line="226" status="run" result="completed" time="1.611" timestamp="2025-07-26T16:53:08.920" classname="BrowserEventsTest" />
    <testcase name="NavigationSignalWaiting" file="/home/bigattichouse/workspace/headlessweb/tests/browser/test_browser_events.cpp" line="246" status="run" result="completed" time="1.106" timestamp="2025-07-26T16:53:10.531" classname="BrowserEventsTest" />
    <testcase name="PageReadyEventWaiting" file="/home/bigattichouse/workspace/headlessweb/tests/browser/test_browser_events.cpp" line="267" status="run" result="completed" time="7.415" timestamp="2025-07-26T16:53:11.638" classname="BrowserEventsTest" />
    <testcase name="SelectorEventWaiting" file="/home/bigattichouse/workspace/headlessweb/tests/browser/test_browser_events.cpp" line="288" status="run" result="skipped" time="1.006" timestamp="2025-07-26T16:53:19.054" classname="BrowserEventsTest">
      <skipped message="/home/bigattichouse/workspace/headlessweb/tests/browser/test_browser_events.cpp:296&#x0A;Browser not ready for selector event testing&#x0A;"><![CDATA[/home/bigattichouse/workspace/headlessweb/tests/browser/test_browser_events.cpp:296
Browser not ready for selector event testing
]]></skipped>
    </testcase>
    <testcase name="VisibilityEventWaiting" file="/home/bigattichouse/workspace/headlessweb/tests/browser/test_browser_events.cpp" line="316" status="run" result="skipped" time="1.005" timestamp="2025-07-26T16:53:20.060" classname="BrowserEventsTest">
      <skipped message="/home/bigattichouse/workspace/headlessweb/tests/browser/test_browser_events.cpp:324&#x0A;Browser not ready for events testing&#x0A;"><![CDATA[/home/bigattichouse/workspace/headlessweb/tests/browser/test_browser_events.cpp:324
Browser not ready for events testing
]]></skipped>
    </testcase>
    <testcase name="ElementContentWaiting" file="/home/bigattichouse/workspace/headlessweb/tests/browser/test_browser_events.cpp" line="343" status="run" result="completed" time="1.414" timestamp="2025-07-26T16:53:21.066" classname="BrowserEventsTest" />
    <testcase name="JavaScriptConditionWaiting" file="/home/bigattichouse/workspace/headlessweb/tests/browser/test_browser_events.cpp" line="371" status="run" result="completed" time="8.493" timestamp="2025-07-26T16:53:22.480" classname="BrowserEventsTest" />
    <testcase name="ComplexJavaScriptConditions" file="/home/bigattichouse/workspace/headlessweb/tests/browser/test_browser_events.cpp" line="404" status="run" result="completed" time="1.614" timestamp="2025-07-26T16:53:30.973" classname="BrowserEventsTest" />
    <testcase name="TextAppearanceWaiting" file="/home/bigattichouse/workspace/headlessweb/tests/browser/test_browser_events.cpp" line="434" status="run" result="completed" time="3.526" timestamp="2025-07-26T16:53:32.588" classname="BrowserEventsTest" />
    <testcase name="UnicodeTextWaiting" file="/home/bigattichouse/workspace/headlessweb/tests/browser/test_browser_events.cpp" line="463" status="run" result="completed" time="6.037" timestamp="2025-07-26T16:53:36.114" classname="BrowserEventsTest" />
    <testcase name="TimeoutVariations" file="/home/bigattichouse/workspace/headlessweb/tests/browser/test_browser_events.cpp" line="492" status="run" result="completed" time="1.518" timestamp="2025-07-26T16:53:42.151" classname="BrowserEventsTest" />
    <testcase name="NegativeTimeoutHandling" file="/home/bigattichouse/workspace/headlessweb/tests/browser/test_browser_events.cpp" line="522" status="run" result="completed" time="1.006" timestamp="2025-07-26T16:53:43.669" classname="BrowserEventsTest" />
    <testcase name="ConcurrentEventWaiting" file="/home/bigattichouse/workspace/headlessweb/tests/browser/test_browser_events.cpp" line="544" status="run" result="completed" time="1.311" timestamp="2025-07-26T16:53:44.676" classname="BrowserEventsTest" />
    <testcase name="SequentialEventOperations" file="/home/bigattichouse/workspace/headlessweb/tests/browser/test_browser_events.cpp" line="565" status="run" result="completed" time="3.033" timestamp="2025-07-26T16:53:45.987" classname="BrowserEventsTest" />
    <testcase name="EventNotificationMethods" file="/home/bigattichouse/workspace/headlessweb/tests/browser/test_browser_events.cpp" line="589" status="run" result="completed" time="1.006" timestamp="2025-07-26T16:53:49.020" classname="BrowserEventsTest" />
    <testcase name="RepeatedEventNotifications" file="/home/bigattichouse/workspace/headlessweb/tests/browser/test_browser_events.cpp" line="610" status="run" result="completed" time="1.005" timestamp="2025-07-26T16:53:50.026" classname="BrowserEventsTest" />
    <testcase name="InvalidSelectorEventHandling" file="/home/bigattichouse/workspace/headlessweb/tests/browser/test_browser_events.cpp" line="635" status="run" result="completed" time="10.447" timestamp="2025-07-26T16:53:51.032" classname="BrowserEventsTest" />
    <testcase name="InvalidJavaScriptConditionHandling" file="/home/bigattichouse/workspace/headlessweb/tests/browser/test_browser_events.cpp" line="665" status="run" result="completed" time="7.059" timestamp="2025-07-26T16:54:01.479" classname="BrowserEventsTest" />
    <testcase name="EventWaitingPerformance" file="/home/bigattichouse/workspace/headlessweb/tests/browser/test_browser_events.cpp" line="696" status="run" result="completed" time="5.065" timestamp="2025-07-26T16:54:08.539" classname="BrowserEventsTest" />
    <testcase name="TimingAccuracy" file="/home/bigattichouse/workspace/headlessweb/tests/browser/test_browser_events.cpp" line="726" status="run" result="completed" time="2.812" timestamp="2025-07-26T16:54:13.605" classname="BrowserEventsTest">
      <failure message="/home/bigattichouse/workspace/headlessweb/tests/browser/test_browser_events.cpp:753&#x0A;Expected: (actual_duration.count()) &lt;= (timeout * 2), actual: 202 vs 200&#x0A;" type=""><![CDATA[/home/bigattichouse/workspace/headlessweb/tests/browser/test_browser_events.cpp:753
Expected: (actual_duration.count()) <= (timeout * 2), actual: 202 vs 200
]]></failure>
    </testcase>
    <testcase name="ComplexEventScenarios" file="/home/bigattichouse/workspace/headlessweb/tests/browser/test_browser_events.cpp" line="759" status="run" result="completed" time="4.516" timestamp="2025-07-26T16:54:16.417" classname="BrowserEventsTest" />
    <testcase name="EdgeCaseEventHandling" file="/home/bigattichouse/workspace/headlessweb/tests/browser/test_browser_events.cpp" line="795" status="run" result="skipped" time="1.007" timestamp="2025-07-26T16:54:20.934" classname="BrowserEventsTest">
      <skipped message="/home/bigattichouse/workspace/headlessweb/tests/browser/test_browser_events.cpp:803&#x0A;Browser not ready for events testing&#x0A;"><![CDATA[/home/bigattichouse/workspace/headlessweb/tests/browser/test_browser_events.cpp:803
Browser not ready for events testing
]]></skipped>
    </testcase>
  </testsuite>
  <testsuite name="BrowserStorageTest" tests="18" failures="0" disabled="0" skipped="0" errors="0" time="24.039" timestamp="2025-07-26T16:54:21.941">
    <testcase name="SetAndGetSingleCookie" file="/home/bigattichouse/workspace/headlessweb/tests/browser/test_browser_storage.cpp" line="198" status="run" result="completed" time="1.209" timestamp="2025-07-26T16:54:21.941" classname="BrowserStorageTest" />
    <testcase name="SetMultipleCookies" file="/home/bigattichouse/workspace/headlessweb/tests/browser/test_browser_storage.cpp" line="236" status="run" result="completed" time="1.207" timestamp="2025-07-26T16:54:23.151" classname="BrowserStorageTest" />
    <testcase name="SetCookieSafe" file="/home/bigattichouse/workspace/headlessweb/tests/browser/test_browser_storage.cpp" line="278" status="run" result="completed" time="1.208" timestamp="2025-07-26T16:54:24.359" classname="BrowserStorageTest" />
    <testcase name="ClearCookies" file="/home/bigattichouse/workspace/headlessweb/tests/browser/test_browser_storage.cpp" line="308" status="run" result="completed" time="1.407" timestamp="2025-07-26T16:54:25.567" classname="BrowserStorageTest" />
    <testcase name="CookieWithSpecialCharacters" file="/home/bigattichouse/workspace/headlessweb/tests/browser/test_browser_storage.cpp" line="334" status="run" result="completed" time="1.407" timestamp="2025-07-26T16:54:26.975" classname="BrowserStorageTest" />
    <testcase name="SetAndGetLocalStorage" file="/home/bigattichouse/workspace/headlessweb/tests/browser/test_browser_storage.cpp" line="367" status="run" result="completed" time="1.406" timestamp="2025-07-26T16:54:28.382" classname="BrowserStorageTest" />
    <testcase name="LocalStorageEmpty" file="/home/bigattichouse/workspace/headlessweb/tests/browser/test_browser_storage.cpp" line="385" status="run" result="completed" time="1.405" timestamp="2025-07-26T16:54:29.788" classname="BrowserStorageTest" />
    <testcase name="LocalStorageOverwrite" file="/home/bigattichouse/workspace/headlessweb/tests/browser/test_browser_storage.cpp" line="390" status="run" result="completed" time="1.406" timestamp="2025-07-26T16:54:31.194" classname="BrowserStorageTest" />
    <testcase name="LocalStorageWithSpecialCharacters" file="/home/bigattichouse/workspace/headlessweb/tests/browser/test_browser_storage.cpp" line="407" status="run" result="completed" time="1.208" timestamp="2025-07-26T16:54:32.601" classname="BrowserStorageTest" />
    <testcase name="LocalStorageLargeData" file="/home/bigattichouse/workspace/headlessweb/tests/browser/test_browser_storage.cpp" line="426" status="run" result="completed" time="1.406" timestamp="2025-07-26T16:54:33.810" classname="BrowserStorageTest" />
    <testcase name="SetAndGetSessionStorage" file="/home/bigattichouse/workspace/headlessweb/tests/browser/test_browser_storage.cpp" line="444" status="run" result="completed" time="1.208" timestamp="2025-07-26T16:54:35.216" classname="BrowserStorageTest" />
    <testcase name="SessionStorageEmpty" file="/home/bigattichouse/workspace/headlessweb/tests/browser/test_browser_storage.cpp" line="461" status="run" result="completed" time="1.208" timestamp="2025-07-26T16:54:36.424" classname="BrowserStorageTest" />
    <testcase name="SessionStorageIndependentFromLocal" file="/home/bigattichouse/workspace/headlessweb/tests/browser/test_browser_storage.cpp" line="466" status="run" result="completed" time="1.208" timestamp="2025-07-26T16:54:37.633" classname="BrowserStorageTest" />
    <testcase name="SessionStorageWithSpecialCharacters" file="/home/bigattichouse/workspace/headlessweb/tests/browser/test_browser_storage.cpp" line="482" status="run" result="completed" time="1.406" timestamp="2025-07-26T16:54:38.842" classname="BrowserStorageTest" />
    <testcase name="StorageAfterNavigation" file="/home/bigattichouse/workspace/headlessweb/tests/browser/test_browser_storage.cpp" line="497" status="run" result="completed" time="1.907" timestamp="2025-07-26T16:54:40.249" classname="BrowserStorageTest" />
    <testcase name="CombinedStorageOperations" file="/home/bigattichouse/workspace/headlessweb/tests/browser/test_browser_storage.cpp" line="515" status="run" result="completed" time="1.409" timestamp="2025-07-26T16:54:42.156" classname="BrowserStorageTest" />
    <testcase name="StorageWithEmptyBrowser" file="/home/bigattichouse/workspace/headlessweb/tests/browser/test_browser_storage.cpp" line="553" status="run" result="completed" time="1.207" timestamp="2025-07-26T16:54:43.565" classname="BrowserStorageTest" />
    <testcase name="StorageErrorRecovery" file="/home/bigattichouse/workspace/headlessweb/tests/browser/test_browser_storage.cpp" line="570" status="run" result="completed" time="1.207" timestamp="2025-07-26T16:54:44.773" classname="BrowserStorageTest" />
  </testsuite>
  <testsuite name="BrowserUtilitiesTest" tests="20" failures="3" disabled="0" skipped="0" errors="0" time="20.709" timestamp="2025-07-26T16:54:45.981">
    <testcase name="WaitWithValidDuration" file="/home/bigattichouse/workspace/headlessweb/tests/browser/test_browser_utilities.cpp" line="218" status="run" result="completed" time="1.104" timestamp="2025-07-26T16:54:45.981" classname="BrowserUtilitiesTest" />
    <testcase name="WaitWithZeroDuration" file="/home/bigattichouse/workspace/headlessweb/tests/browser/test_browser_utilities.cpp" line="231" status="run" result="completed" time="1.003" timestamp="2025-07-26T16:54:47.086" classname="BrowserUtilitiesTest" />
    <testcase name="WaitWithNegativeDuration" file="/home/bigattichouse/workspace/headlessweb/tests/browser/test_browser_utilities.cpp" line="243" status="run" result="completed" time="1.007" timestamp="2025-07-26T16:54:48.089" classname="BrowserUtilitiesTest" />
    <testcase name="IsPageLoadedAfterSetup" file="/home/bigattichouse/workspace/headlessweb/tests/browser/test_browser_utilities.cpp" line="257" status="run" result="completed" time="1.007" timestamp="2025-07-26T16:54:49.096" classname="BrowserUtilitiesTest" />
    <testcase name="GetPageLoadState" file="/home/bigattichouse/workspace/headlessweb/tests/browser/test_browser_utilities.cpp" line="262" status="run" result="completed" time="1.007" timestamp="2025-07-26T16:54:50.104" classname="BrowserUtilitiesTest">
      <failure message="/home/bigattichouse/workspace/headlessweb/tests/browser/test_browser_utilities.cpp:268&#x0A;Expected: (loadState.find(&quot;data:&quot;)) != (std::string::npos), actual: 18446744073709551615 vs 18446744073709551615&#x0A;" type=""><![CDATA[/home/bigattichouse/workspace/headlessweb/tests/browser/test_browser_utilities.cpp:268
Expected: (loadState.find("data:")) != (std::string::npos), actual: 18446744073709551615 vs 18446744073709551615
]]></failure>
    </testcase>
    <testcase name="PageStateAfterNavigation" file="/home/bigattichouse/workspace/headlessweb/tests/browser/test_browser_utilities.cpp" line="271" status="run" result="completed" time="1.01" timestamp="2025-07-26T16:54:51.111" classname="BrowserUtilitiesTest" />
    <testcase name="GetPageSourceBasic" file="/home/bigattichouse/workspace/headlessweb/tests/browser/test_browser_utilities.cpp" line="288" status="run" result="completed" time="1.007" timestamp="2025-07-26T16:54:52.122" classname="BrowserUtilitiesTest" />
    <testcase name="GetPageSourceAfterDynamicContent" file="/home/bigattichouse/workspace/headlessweb/tests/browser/test_browser_utilities.cpp" line="310" status="run" result="completed" time="1.104" timestamp="2025-07-26T16:54:53.130" classname="BrowserUtilitiesTest" />
    <testcase name="GetPageSourceStructure" file="/home/bigattichouse/workspace/headlessweb/tests/browser/test_browser_utilities.cpp" line="321" status="run" result="completed" time="1.003" timestamp="2025-07-26T16:54:54.235" classname="BrowserUtilitiesTest">
      <failure message="/home/bigattichouse/workspace/headlessweb/tests/browser/test_browser_utilities.cpp:325&#x0A;Expected: (source.find(&quot;&lt;!DOCTYPE html&gt;&quot;)) != (std::string::npos), actual: 18446744073709551615 vs 18446744073709551615&#x0A;" type=""><![CDATA[/home/bigattichouse/workspace/headlessweb/tests/browser/test_browser_utilities.cpp:325
Expected: (source.find("<!DOCTYPE html>")) != (std::string::npos), actual: 18446744073709551615 vs 18446744073709551615
]]></failure>
      <failure message="/home/bigattichouse/workspace/headlessweb/tests/browser/test_browser_utilities.cpp:328&#x0A;Expected: (source.find(&quot;&lt;script&gt;&quot;)) != (std::string::npos), actual: 18446744073709551615 vs 18446744073709551615&#x0A;" type=""><![CDATA[/home/bigattichouse/workspace/headlessweb/tests/browser/test_browser_utilities.cpp:328
Expected: (source.find("<script>")) != (std::string::npos), actual: 18446744073709551615 vs 18446744073709551615
]]></failure>
      <failure message="/home/bigattichouse/workspace/headlessweb/tests/browser/test_browser_utilities.cpp:329&#x0A;Expected: (source.find(&quot;&lt;style&gt;&quot;)) != (std::string::npos), actual: 18446744073709551615 vs 18446744073709551615&#x0A;" type=""><![CDATA[/home/bigattichouse/workspace/headlessweb/tests/browser/test_browser_utilities.cpp:329
Expected: (source.find("<style>")) != (std::string::npos), actual: 18446744073709551615 vs 18446744073709551615
]]></failure>
    </testcase>
    <testcase name="InitialScrollPosition" file="/home/bigattichouse/workspace/headlessweb/tests/browser/test_browser_utilities.cpp" line="334" status="run" result="completed" time="1.006" timestamp="2025-07-26T16:54:55.238" classname="BrowserUtilitiesTest" />
    <testcase name="SetAndGetScrollPosition" file="/home/bigattichouse/workspace/headlessweb/tests/browser/test_browser_utilities.cpp" line="342" status="run" result="completed" time="1.107" timestamp="2025-07-26T16:54:56.245" classname="BrowserUtilitiesTest" />
    <testcase name="ScrollToZero" file="/home/bigattichouse/workspace/headlessweb/tests/browser/test_browser_utilities.cpp" line="353" status="run" result="completed" time="1.104" timestamp="2025-07-26T16:54:57.352" classname="BrowserUtilitiesTest" />
    <testcase name="ScrollWithNegativeValues" file="/home/bigattichouse/workspace/headlessweb/tests/browser/test_browser_utilities.cpp" line="367" status="run" result="completed" time="1.055" timestamp="2025-07-26T16:54:58.456" classname="BrowserUtilitiesTest" />
    <testcase name="ExecuteEmptyActionSequence" file="/home/bigattichouse/workspace/headlessweb/tests/browser/test_browser_utilities.cpp" line="381" status="run" result="completed" time="1.003" timestamp="2025-07-26T16:54:59.512" classname="BrowserUtilitiesTest" />
    <testcase name="ExecuteSingleClickAction" file="/home/bigattichouse/workspace/headlessweb/tests/browser/test_browser_utilities.cpp" line="389" status="run" result="completed" time="1.012" timestamp="2025-07-26T16:55:00.515" classname="BrowserUtilitiesTest">
      <failure message="/home/bigattichouse/workspace/headlessweb/tests/browser/test_browser_utilities.cpp:396&#x0A;Value of: result&#x0A;  Actual: false&#x0A;Expected: true&#x0A;" type=""><![CDATA[/home/bigattichouse/workspace/headlessweb/tests/browser/test_browser_utilities.cpp:396
Value of: result
  Actual: false
Expected: true
]]></failure>
      <failure message="/home/bigattichouse/workspace/headlessweb/tests/browser/test_browser_utilities.cpp:401&#x0A;Expected: (log_content.find(&quot;button clicked&quot;)) != (std::string::npos), actual: 18446744073709551615 vs 18446744073709551615&#x0A;" type=""><![CDATA[/home/bigattichouse/workspace/headlessweb/tests/browser/test_browser_utilities.cpp:401
Expected: (log_content.find("button clicked")) != (std::string::npos), actual: 18446744073709551615 vs 18446744073709551615
]]></failure>
    </testcase>
    <testcase name="ExecuteTextInputAction" file="/home/bigattichouse/workspace/headlessweb/tests/browser/test_browser_utilities.cpp" line="404" status="run" result="completed" time="1.123" timestamp="2025-07-26T16:55:01.528" classname="BrowserUtilitiesTest" />
    <testcase name="InitializeDataManagerBasic" file="/home/bigattichouse/workspace/headlessweb/tests/browser/test_browser_utilities.cpp" line="421" status="run" result="completed" time="1.005" timestamp="2025-07-26T16:55:02.651" classname="BrowserUtilitiesTest" />
    <testcase name="InitializeDataManagerWithEmptyName" file="/home/bigattichouse/workspace/headlessweb/tests/browser/test_browser_utilities.cpp" line="428" status="run" result="completed" time="1.007" timestamp="2025-07-26T16:55:03.656" classname="BrowserUtilitiesTest" />
    <testcase name="UtilityMethodsAfterNavigation" file="/home/bigattichouse/workspace/headlessweb/tests/browser/test_browser_utilities.cpp" line="435" status="run" result="completed" time="1.01" timestamp="2025-07-26T16:55:04.664" classname="BrowserUtilitiesTest" />
    <testcase name="UtilitiesWithMinimalBrowser" file="/home/bigattichouse/workspace/headlessweb/tests/browser/test_browser_utilities.cpp" line="453" status="run" result="completed" time="1.016" timestamp="2025-07-26T16:55:05.674" classname="BrowserUtilitiesTest" />
  </testsuite>
  <testsuite name="BrowserWaitTest" tests="39" failures="5" disabled="0" skipped="0" errors="0" time="67.83" timestamp="2025-07-26T16:55:06.690">
    <testcase name="WaitForTextAdvancedBasic" file="/home/bigattichouse/workspace/headlessweb/tests/browser/test_browser_wait.cpp" line="460" status="run" result="completed" time="1.306" timestamp="2025-07-26T16:55:06.690" classname="BrowserWaitTest" />
    <testcase name="WaitForTextAdvancedCaseSensitive" file="/home/bigattichouse/workspace/headlessweb/tests/browser/test_browser_wait.cpp" line="466" status="run" result="completed" time="2.312" timestamp="2025-07-26T16:55:07.997" classname="BrowserWaitTest" />
    <testcase name="WaitForTextAdvancedCaseInsensitive" file="/home/bigattichouse/workspace/headlessweb/tests/browser/test_browser_wait.cpp" line="476" status="run" result="completed" time="1.307" timestamp="2025-07-26T16:55:10.310" classname="BrowserWaitTest" />
    <testcase name="WaitForTextAdvancedExactMatch" file="/home/bigattichouse/workspace/headlessweb/tests/browser/test_browser_wait.cpp" line="482" status="run" result="completed" time="4.224" timestamp="2025-07-26T16:55:11.617" classname="BrowserWaitTest">
      <failure message="/home/bigattichouse/workspace/headlessweb/tests/browser/test_browser_wait.cpp:485&#x0A;Value of: result&#x0A;  Actual: false&#x0A;Expected: true&#x0A;" type=""><![CDATA[/home/bigattichouse/workspace/headlessweb/tests/browser/test_browser_wait.cpp:485
Value of: result
  Actual: false
Expected: true
]]></failure>
    </testcase>
    <testcase name="WaitForTextAdvancedDynamic" file="/home/bigattichouse/workspace/headlessweb/tests/browser/test_browser_wait.cpp" line="492" status="run" result="completed" time="1.82" timestamp="2025-07-26T16:55:15.842" classname="BrowserWaitTest" />
    <testcase name="WaitForNetworkIdleImmediate" file="/home/bigattichouse/workspace/headlessweb/tests/browser/test_browser_wait.cpp" line="502" status="run" result="completed" time="1.406" timestamp="2025-07-26T16:55:17.662" classname="BrowserWaitTest" />
    <testcase name="WaitForNetworkIdleAfterActivity" file="/home/bigattichouse/workspace/headlessweb/tests/browser/test_browser_wait.cpp" line="508" status="run" result="completed" time="3.215" timestamp="2025-07-26T16:55:19.069" classname="BrowserWaitTest">
      <failure message="/home/bigattichouse/workspace/headlessweb/tests/browser/test_browser_wait.cpp:513&#x0A;Value of: result&#x0A;  Actual: false&#x0A;Expected: true&#x0A;" type=""><![CDATA[/home/bigattichouse/workspace/headlessweb/tests/browser/test_browser_wait.cpp:513
Value of: result
  Actual: false
Expected: true
]]></failure>
    </testcase>
    <testcase name="WaitForNetworkRequestPattern" file="/home/bigattichouse/workspace/headlessweb/tests/browser/test_browser_wait.cpp" line="518" status="run" result="completed" time="3.222" timestamp="2025-07-26T16:55:22.284" classname="BrowserWaitTest">
      <failure message="/home/bigattichouse/workspace/headlessweb/tests/browser/test_browser_wait.cpp:523&#x0A;Value of: result&#x0A;  Actual: false&#x0A;Expected: true&#x0A;" type=""><![CDATA[/home/bigattichouse/workspace/headlessweb/tests/browser/test_browser_wait.cpp:523
Value of: result
  Actual: false
Expected: true
]]></failure>
    </testcase>
    <testcase name="WaitForNetworkRequestTimeout" file="/home/bigattichouse/workspace/headlessweb/tests/browser/test_browser_wait.cpp" line="526" status="run" result="completed" time="1.713" timestamp="2025-07-26T16:55:25.507" classname="BrowserWaitTest" />
    <testcase name="WaitForElementVisibleInitiallyHidden" file="/home/bigattichouse/workspace/headlessweb/tests/browser/test_browser_wait.cpp" line="534" status="run" result="completed" time="2.014" timestamp="2025-07-26T16:55:27.221" classname="BrowserWaitTest" />
    <testcase name="WaitForElementVisibleAlreadyVisible" file="/home/bigattichouse/workspace/headlessweb/tests/browser/test_browser_wait.cpp" line="546" status="run" result="completed" time="1.41" timestamp="2025-07-26T16:55:29.235" classname="BrowserWaitTest" />
    <testcase name="WaitForElementCountEqual" file="/home/bigattichouse/workspace/headlessweb/tests/browser/test_browser_wait.cpp" line="557" status="run" result="completed" time="1.308" timestamp="2025-07-26T16:55:30.646" classname="BrowserWaitTest" />
    <testcase name="WaitForElementCountGreaterThan" file="/home/bigattichouse/workspace/headlessweb/tests/browser/test_browser_wait.cpp" line="563" status="run" result="completed" time="1.508" timestamp="2025-07-26T16:55:31.955" classname="BrowserWaitTest" />
    <testcase name="WaitForElementCountLessThan" file="/home/bigattichouse/workspace/headlessweb/tests/browser/test_browser_wait.cpp" line="571" status="run" result="completed" time="1.509" timestamp="2025-07-26T16:55:33.464" classname="BrowserWaitTest" />
    <testcase name="WaitForElementCountNotEqual" file="/home/bigattichouse/workspace/headlessweb/tests/browser/test_browser_wait.cpp" line="579" status="run" result="completed" time="1.508" timestamp="2025-07-26T16:55:34.973" classname="BrowserWaitTest" />
    <testcase name="WaitForAttributeChange" file="/home/bigattichouse/workspace/headlessweb/tests/browser/test_browser_wait.cpp" line="589" status="run" result="completed" time="1.612" timestamp="2025-07-26T16:55:36.482" classname="BrowserWaitTest" />
    <testcase name="WaitForAttributeExisting" file="/home/bigattichouse/workspace/headlessweb/tests/browser/test_browser_wait.cpp" line="597" status="run" result="completed" time="1.309" timestamp="2025-07-26T16:55:38.094" classname="BrowserWaitTest" />
    <testcase name="WaitForAttributeNonexistent" file="/home/bigattichouse/workspace/headlessweb/tests/browser/test_browser_wait.cpp" line="603" status="run" result="completed" time="1.713" timestamp="2025-07-26T16:55:39.403" classname="BrowserWaitTest" />
    <testcase name="WaitForUrlChangeHash" file="/home/bigattichouse/workspace/headlessweb/tests/browser/test_browser_wait.cpp" line="611" status="run" result="completed" time="1.509" timestamp="2025-07-26T16:55:41.117" classname="BrowserWaitTest" />
    <testcase name="WaitForUrlChangeAny" file="/home/bigattichouse/workspace/headlessweb/tests/browser/test_browser_wait.cpp" line="619" status="run" result="completed" time="1.506" timestamp="2025-07-26T16:55:42.627" classname="BrowserWaitTest" />
    <testcase name="WaitForTitleChange" file="/home/bigattichouse/workspace/headlessweb/tests/browser/test_browser_wait.cpp" line="629" status="run" result="completed" time="1.622" timestamp="2025-07-26T16:55:44.134" classname="BrowserWaitTest" />
    <testcase name="WaitForTitleChangeAny" file="/home/bigattichouse/workspace/headlessweb/tests/browser/test_browser_wait.cpp" line="637" status="run" result="completed" time="1.51" timestamp="2025-07-26T16:55:45.756" classname="BrowserWaitTest" />
    <testcase name="WaitForSPANavigationSpecific" file="/home/bigattichouse/workspace/headlessweb/tests/browser/test_browser_wait.cpp" line="647" status="run" result="completed" time="3.219" timestamp="2025-07-26T16:55:47.267" classname="BrowserWaitTest">
      <failure message="/home/bigattichouse/workspace/headlessweb/tests/browser/test_browser_wait.cpp:652&#x0A;Value of: result&#x0A;  Actual: false&#x0A;Expected: true&#x0A;" type=""><![CDATA[/home/bigattichouse/workspace/headlessweb/tests/browser/test_browser_wait.cpp:652
Value of: result
  Actual: false
Expected: true
]]></failure>
    </testcase>
    <testcase name="WaitForSPANavigationAny" file="/home/bigattichouse/workspace/headlessweb/tests/browser/test_browser_wait.cpp" line="655" status="run" result="completed" time="1.306" timestamp="2025-07-26T16:55:50.486" classname="BrowserWaitTest" />
    <testcase name="WaitForFrameworkReadyJQuery" file="/home/bigattichouse/workspace/headlessweb/tests/browser/test_browser_wait.cpp" line="665" status="run" result="completed" time="1.507" timestamp="2025-07-26T16:55:51.793" classname="BrowserWaitTest" />
    <testcase name="WaitForFrameworkReadyReact" file="/home/bigattichouse/workspace/headlessweb/tests/browser/test_browser_wait.cpp" line="673" status="run" result="completed" time="1.507" timestamp="2025-07-26T16:55:53.301" classname="BrowserWaitTest" />
    <testcase name="WaitForFrameworkReadyAuto" file="/home/bigattichouse/workspace/headlessweb/tests/browser/test_browser_wait.cpp" line="681" status="run" result="completed" time="1.305" timestamp="2025-07-26T16:55:54.809" classname="BrowserWaitTest" />
    <testcase name="WaitForFrameworkReadyCustom" file="/home/bigattichouse/workspace/headlessweb/tests/browser/test_browser_wait.cpp" line="687" status="run" result="completed" time="1.306" timestamp="2025-07-26T16:55:56.115" classname="BrowserWaitTest" />
    <testcase name="WaitForDOMChangeAddElement" file="/home/bigattichouse/workspace/headlessweb/tests/browser/test_browser_wait.cpp" line="697" status="run" result="completed" time="1.607" timestamp="2025-07-26T16:55:57.421" classname="BrowserWaitTest" />
    <testcase name="WaitForDOMChangeModifyElement" file="/home/bigattichouse/workspace/headlessweb/tests/browser/test_browser_wait.cpp" line="705" status="run" result="completed" time="1.509" timestamp="2025-07-26T16:55:59.029" classname="BrowserWaitTest" />
    <testcase name="WaitForDOMChangeRemoveElement" file="/home/bigattichouse/workspace/headlessweb/tests/browser/test_browser_wait.cpp" line="713" status="run" result="completed" time="1.608" timestamp="2025-07-26T16:56:00.538" classname="BrowserWaitTest" />
    <testcase name="WaitForDOMChangeTimeout" file="/home/bigattichouse/workspace/headlessweb/tests/browser/test_browser_wait.cpp" line="724" status="run" result="completed" time="1.305" timestamp="2025-07-26T16:56:02.147" classname="BrowserWaitTest" />
    <testcase name="WaitForContentChangeText" file="/home/bigattichouse/workspace/headlessweb/tests/browser/test_browser_wait.cpp" line="732" status="run" result="completed" time="1.608" timestamp="2025-07-26T16:56:03.453" classname="BrowserWaitTest" />
    <testcase name="WaitForContentChangeHTML" file="/home/bigattichouse/workspace/headlessweb/tests/browser/test_browser_wait.cpp" line="740" status="run" result="completed" time="1.509" timestamp="2025-07-26T16:56:05.061" classname="BrowserWaitTest" />
    <testcase name="WaitForContentChangeInputValue" file="/home/bigattichouse/workspace/headlessweb/tests/browser/test_browser_wait.cpp" line="748" status="run" result="completed" time="1.507" timestamp="2025-07-26T16:56:06.571" classname="BrowserWaitTest" />
    <testcase name="WaitForContentChangeTimeout" file="/home/bigattichouse/workspace/headlessweb/tests/browser/test_browser_wait.cpp" line="756" status="run" result="completed" time="1.712" timestamp="2025-07-26T16:56:08.078" classname="BrowserWaitTest" />
    <testcase name="WaitMethodsWithNonexistentElements" file="/home/bigattichouse/workspace/headlessweb/tests/browser/test_browser_wait.cpp" line="764" status="run" result="completed" time="1.812" timestamp="2025-07-26T16:56:09.791" classname="BrowserWaitTest" />
    <testcase name="WaitMethodsWithZeroTimeout" file="/home/bigattichouse/workspace/headlessweb/tests/browser/test_browser_wait.cpp" line="772" status="run" result="completed" time="1.206" timestamp="2025-07-26T16:56:11.603" classname="BrowserWaitTest" />
    <testcase name="WaitMethodsIntegration" file="/home/bigattichouse/workspace/headlessweb/tests/browser/test_browser_wait.cpp" line="779" status="run" result="completed" time="1.711" timestamp="2025-07-26T16:56:12.810" classname="BrowserWaitTest">
      <failure message="/home/bigattichouse/workspace/headlessweb/tests/browser/test_browser_wait.cpp:797&#x0A;Expected equality of these values:&#x0A;  count_result&#x0A;    Which is: &quot;&quot;&#x0A;  &quot;3&quot;&#x0A;" type=""><![CDATA[/home/bigattichouse/workspace/headlessweb/tests/browser/test_browser_wait.cpp:797
Expected equality of these values:
  count_result
    Which is: ""
  "3"
]]></failure>
    </testcase>
  </testsuite>
  <testsuite name="BrowserMainTest" tests="23" failures="3" disabled="0" skipped="0" errors="0" time="16.534" timestamp="2025-07-26T16:56:14.521">
    <testcase name="ConstructorInitializesWebView" file="/home/bigattichouse/workspace/headlessweb/tests/browser/test_browser_main.cpp" line="125" status="run" result="completed" time="0.801" timestamp="2025-07-26T16:56:14.521" classname="BrowserMainTest" />
    <testcase name="ConstructorCreatesSessionDataPath" file="/home/bigattichouse/workspace/headlessweb/tests/browser/test_browser_main.cpp" line="133" status="run" result="completed" time="0.801" timestamp="2025-07-26T16:56:15.323" classname="BrowserMainTest" />
    <testcase name="WindowConfiguration" file="/home/bigattichouse/workspace/headlessweb/tests/browser/test_browser_main.cpp" line="143" status="run" result="completed" time="0." timestamp="2025-07-26T16:56:16.125" classname="BrowserMainTest" />
    <testcase name="DefaultViewportSize" file="/home/bigattichouse/workspace/headlessweb/tests/browser/test_browser_main.cpp" line="149" status="run" result="completed" time="0.002" timestamp="2025-07-26T16:56:16.126" classname="BrowserMainTest" />
    <testcase name="MultipleBrowserInstances" file="/home/bigattichouse/workspace/headlessweb/tests/browser/test_browser_main.cpp" line="161" status="run" result="completed" time="0.003" timestamp="2025-07-26T16:56:16.128" classname="BrowserMainTest" />
    <testcase name="BrowserLifecycleRapidCreateDestroy" file="/home/bigattichouse/workspace/headlessweb/tests/browser/test_browser_main.cpp" line="180" status="run" result="completed" time="0.003" timestamp="2025-07-26T16:56:16.131" classname="BrowserMainTest" />
    <testcase name="LoadSimplePage" file="/home/bigattichouse/workspace/headlessweb/tests/browser/test_browser_main.cpp" line="192" status="run" result="completed" time="1.006" timestamp="2025-07-26T16:56:16.134" classname="BrowserMainTest" />
    <testcase name="GetCurrentUrlInitial" file="/home/bigattichouse/workspace/headlessweb/tests/browser/test_browser_main.cpp" line="221" status="run" result="completed" time="0." timestamp="2025-07-26T16:56:17.141" classname="BrowserMainTest" />
    <testcase name="GetPageTitleInitial" file="/home/bigattichouse/workspace/headlessweb/tests/browser/test_browser_main.cpp" line="227" status="run" result="completed" time="0.001" timestamp="2025-07-26T16:56:17.142" classname="BrowserMainTest" />
    <testcase name="ViewportManagement" file="/home/bigattichouse/workspace/headlessweb/tests/browser/test_browser_main.cpp" line="233" status="run" result="completed" time="0.202" timestamp="2025-07-26T16:56:17.144" classname="BrowserMainTest" />
    <testcase name="UserAgentSetting" file="/home/bigattichouse/workspace/headlessweb/tests/browser/test_browser_main.cpp" line="247" status="run" result="completed" time="1.01" timestamp="2025-07-26T16:56:17.346" classname="BrowserMainTest" />
    <testcase name="BasicJavaScriptExecution" file="/home/bigattichouse/workspace/headlessweb/tests/browser/test_browser_main.cpp" line="276" status="run" result="completed" time="1.108" timestamp="2025-07-26T16:56:18.356" classname="BrowserMainTest" />
    <testcase name="JavaScriptErrorHandling" file="/home/bigattichouse/workspace/headlessweb/tests/browser/test_browser_main.cpp" line="301" status="run" result="completed" time="1.005" timestamp="2025-07-26T16:56:19.465" classname="BrowserMainTest" />
    <testcase name="BasicDOMInteraction" file="/home/bigattichouse/workspace/headlessweb/tests/browser/test_browser_main.cpp" line="316" status="run" result="completed" time="1.233" timestamp="2025-07-26T16:56:20.471" classname="BrowserMainTest">
      <failure message="/home/bigattichouse/workspace/headlessweb/tests/browser/test_browser_main.cpp:351&#x0A;Value of: browser-&gt;clickElement(&quot;#test-btn&quot;)&#x0A;  Actual: false&#x0A;Expected: true&#x0A;" type=""><![CDATA[/home/bigattichouse/workspace/headlessweb/tests/browser/test_browser_main.cpp:351
Value of: browser->clickElement("#test-btn")
  Actual: false
Expected: true
]]></failure>
      <failure message="/home/bigattichouse/workspace/headlessweb/tests/browser/test_browser_main.cpp:356&#x0A;Expected equality of these values:&#x0A;  result&#x0A;    Which is: &quot;&quot;&#x0A;  &quot;Button clicked!&quot;&#x0A;" type=""><![CDATA[/home/bigattichouse/workspace/headlessweb/tests/browser/test_browser_main.cpp:356
Expected equality of these values:
  result
    Which is: ""
  "Button clicked!"
]]></failure>
      <failure message="/home/bigattichouse/workspace/headlessweb/tests/browser/test_browser_main.cpp:360&#x0A;Expected equality of these values:&#x0A;  name_value&#x0A;    Which is: &quot;&quot;&#x0A;  &quot;John Doe&quot;&#x0A;" type=""><![CDATA[/home/bigattichouse/workspace/headlessweb/tests/browser/test_browser_main.cpp:360
Expected equality of these values:
  name_value
    Which is: ""
  "John Doe"
]]></failure>
    </testcase>
    <testcase name="ElementCounting" file="/home/bigattichouse/workspace/headlessweb/tests/browser/test_browser_main.cpp" line="363" status="run" result="completed" time="1.006" timestamp="2025-07-26T16:56:21.704" classname="BrowserMainTest" />
    <testcase name="BasicNavigation" file="/home/bigattichouse/workspace/headlessweb/tests/browser/test_browser_main.cpp" line="392" status="run" result="completed" time="4.011" timestamp="2025-07-26T16:56:22.711" classname="BrowserMainTest">
      <failure message="/home/bigattichouse/workspace/headlessweb/tests/browser/test_browser_main.cpp:413&#x0A;Expected equality of these values:&#x0A;  getPageTitleReliable()&#x0A;    Which is: &quot;Page 2&quot;&#x0A;  &quot;Page 1&quot;&#x0A;" type=""><![CDATA[/home/bigattichouse/workspace/headlessweb/tests/browser/test_browser_main.cpp:413
Expected equality of these values:
  getPageTitleReliable()
    Which is: "Page 2"
  "Page 1"
]]></failure>
    </testcase>
    <testcase name="PageReload" file="/home/bigattichouse/workspace/headlessweb/tests/browser/test_browser_main.cpp" line="422" status="run" result="completed" time="2.11" timestamp="2025-07-26T16:56:26.722" classname="BrowserMainTest" />
    <testcase name="URLValidation" file="/home/bigattichouse/workspace/headlessweb/tests/browser/test_browser_main.cpp" line="460" status="run" result="completed" time="0." timestamp="2025-07-26T16:56:28.833" classname="BrowserMainTest" />
    <testcase name="FileURLValidation" file="/home/bigattichouse/workspace/headlessweb/tests/browser/test_browser_main.cpp" line="476" status="run" result="completed" time="0.001" timestamp="2025-07-26T16:56:28.833" classname="BrowserMainTest" />
    <testcase name="InvalidOperationsHandling" file="/home/bigattichouse/workspace/headlessweb/tests/browser/test_browser_main.cpp" line="486" status="run" result="completed" time="0.204" timestamp="2025-07-26T16:56:28.835" classname="BrowserMainTest" />
    <testcase name="EmptyPageOperations" file="/home/bigattichouse/workspace/headlessweb/tests/browser/test_browser_main.cpp" line="499" status="run" result="completed" time="1.006" timestamp="2025-07-26T16:56:29.040" classname="BrowserMainTest" />
    <testcase name="BrowserStateConsistency" file="/home/bigattichouse/workspace/headlessweb/tests/browser/test_browser_main.cpp" line="518" status="run" result="completed" time="1.007" timestamp="2025-07-26T16:56:30.046" classname="BrowserMainTest">
      <failure message="/home/bigattichouse/workspace/headlessweb/tests/browser/test_browser_main.cpp:542&#x0A;Expected equality of these values:&#x0A;  ready_state&#x0A;    Which is: &quot;loading&quot;&#x0A;  &quot;complete&quot;&#x0A;" type=""><![CDATA[/home/bigattichouse/workspace/headlessweb/tests/browser/test_browser_main.cpp:542
Expected equality of these values:
  ready_state
    Which is: "loading"
  "complete"
]]></failure>
    </testcase>
    <testcase name="ResourceCleanupOnDestruction" file="/home/bigattichouse/workspace/headlessweb/tests/browser/test_browser_main.cpp" line="554" status="run" result="completed" time="0.002" timestamp="2025-07-26T16:56:31.054" classname="BrowserMainTest" />
  </testsuite>
  <testsuite name="BrowserSessionTest" tests="28" failures="11" disabled="0" skipped="0" errors="0" time="70.151" timestamp="2025-07-26T16:56:31.056">
    <testcase name="UpdateSessionStateBasic" file="/home/bigattichouse/workspace/headlessweb/tests/browser/test_browser_session.cpp" line="128" status="run" result="completed" time="2.208" timestamp="2025-07-26T16:56:31.056" classname="BrowserSessionTest" />
    <testcase name="UpdateSessionStateWithFormData" file="/home/bigattichouse/workspace/headlessweb/tests/browser/test_browser_session.cpp" line="139" status="run" result="completed" time="2.507" timestamp="2025-07-26T16:56:33.265" classname="BrowserSessionTest" />
    <testcase name="UpdateSessionStateWithStorage" file="/home/bigattichouse/workspace/headlessweb/tests/browser/test_browser_session.cpp" line="181" status="run" result="completed" time="2.409" timestamp="2025-07-26T16:56:35.772" classname="BrowserSessionTest" />
    <testcase name="UpdateSessionStateWithScrollPosition" file="/home/bigattichouse/workspace/headlessweb/tests/browser/test_browser_session.cpp" line="206" status="run" result="completed" time="2.408" timestamp="2025-07-26T16:56:38.182" classname="BrowserSessionTest">
      <failure message="/home/bigattichouse/workspace/headlessweb/tests/browser/test_browser_session.cpp:216&#x0A;Expected equality of these values:&#x0A;  scrollPos.first&#x0A;    Which is: 0&#x0A;  50&#x0A;" type=""><![CDATA[/home/bigattichouse/workspace/headlessweb/tests/browser/test_browser_session.cpp:216
Expected equality of these values:
  scrollPos.first
    Which is: 0
  50
]]></failure>
      <failure message="/home/bigattichouse/workspace/headlessweb/tests/browser/test_browser_session.cpp:217&#x0A;Expected equality of these values:&#x0A;  scrollPos.second&#x0A;    Which is: 0&#x0A;  100&#x0A;" type=""><![CDATA[/home/bigattichouse/workspace/headlessweb/tests/browser/test_browser_session.cpp:217
Expected equality of these values:
  scrollPos.second
    Which is: 0
  100
]]></failure>
    </testcase>
    <testcase name="UpdateSessionStateWithActiveElements" file="/home/bigattichouse/workspace/headlessweb/tests/browser/test_browser_session.cpp" line="220" status="run" result="completed" time="2.409" timestamp="2025-07-26T16:56:40.590" classname="BrowserSessionTest" />
    <testcase name="UpdateSessionStateWithPageHash" file="/home/bigattichouse/workspace/headlessweb/tests/browser/test_browser_session.cpp" line="234" status="run" result="completed" time="2.409" timestamp="2025-07-26T16:56:43.000" classname="BrowserSessionTest" />
    <testcase name="UpdateSessionStateWithCustomAttributes" file="/home/bigattichouse/workspace/headlessweb/tests/browser/test_browser_session.cpp" line="246" status="run" result="completed" time="2.408" timestamp="2025-07-26T16:56:45.409" classname="BrowserSessionTest" />
    <testcase name="RestoreSessionBasic" file="/home/bigattichouse/workspace/headlessweb/tests/browser/test_browser_session.cpp" line="265" status="run" result="completed" time="3.808" timestamp="2025-07-26T16:56:47.818" classname="BrowserSessionTest" />
    <testcase name="RestoreSessionWithFormState" file="/home/bigattichouse/workspace/headlessweb/tests/browser/test_browser_session.cpp" line="282" status="run" result="completed" time="4.513" timestamp="2025-07-26T16:56:51.627" classname="BrowserSessionTest">
      <failure message="/home/bigattichouse/workspace/headlessweb/tests/browser/test_browser_session.cpp:316&#x0A;Expected equality of these values:&#x0A;  textValue&#x0A;    Which is: &quot;initial&quot;&#x0A;  &quot;restored text&quot;&#x0A;" type=""><![CDATA[/home/bigattichouse/workspace/headlessweb/tests/browser/test_browser_session.cpp:316
Expected equality of these values:
  textValue
    Which is: "initial"
  "restored text"
]]></failure>
      <failure message="/home/bigattichouse/workspace/headlessweb/tests/browser/test_browser_session.cpp:319&#x0A;Expected equality of these values:&#x0A;  checkboxChecked&#x0A;    Which is: &quot;false&quot;&#x0A;  &quot;true&quot;&#x0A;" type=""><![CDATA[/home/bigattichouse/workspace/headlessweb/tests/browser/test_browser_session.cpp:319
Expected equality of these values:
  checkboxChecked
    Which is: "false"
  "true"
]]></failure>
      <failure message="/home/bigattichouse/workspace/headlessweb/tests/browser/test_browser_session.cpp:322&#x0A;Expected equality of these values:&#x0A;  selectValue&#x0A;    Which is: &quot;opt1&quot;&#x0A;  &quot;option3&quot;&#x0A;" type=""><![CDATA[/home/bigattichouse/workspace/headlessweb/tests/browser/test_browser_session.cpp:322
Expected equality of these values:
  selectValue
    Which is: "opt1"
  "option3"
]]></failure>
    </testcase>
    <testcase name="RestoreSessionWithScrollPosition" file="/home/bigattichouse/workspace/headlessweb/tests/browser/test_browser_session.cpp" line="325" status="run" result="completed" time="4.309" timestamp="2025-07-26T16:56:56.140" classname="BrowserSessionTest">
      <failure message="/home/bigattichouse/workspace/headlessweb/tests/browser/test_browser_session.cpp:342&#x0A;Expected equality of these values:&#x0A;  x&#x0A;    Which is: 0&#x0A;  100&#x0A;" type=""><![CDATA[/home/bigattichouse/workspace/headlessweb/tests/browser/test_browser_session.cpp:342
Expected equality of these values:
  x
    Which is: 0
  100
]]></failure>
      <failure message="/home/bigattichouse/workspace/headlessweb/tests/browser/test_browser_session.cpp:343&#x0A;Expected equality of these values:&#x0A;  y&#x0A;    Which is: 0&#x0A;  200&#x0A;" type=""><![CDATA[/home/bigattichouse/workspace/headlessweb/tests/browser/test_browser_session.cpp:343
Expected equality of these values:
  y
    Which is: 0
  200
]]></failure>
    </testcase>
    <testcase name="RestoreSessionWithActiveElements" file="/home/bigattichouse/workspace/headlessweb/tests/browser/test_browser_session.cpp" line="346" status="run" result="completed" time="4.509" timestamp="2025-07-26T16:57:00.449" classname="BrowserSessionTest">
      <failure message="/home/bigattichouse/workspace/headlessweb/tests/browser/test_browser_session.cpp:364&#x0A;Expected equality of these values:&#x0A;  focusedElement&#x0A;    Which is: &quot;&quot;&#x0A;  &quot;focus-btn&quot;&#x0A;" type=""><![CDATA[/home/bigattichouse/workspace/headlessweb/tests/browser/test_browser_session.cpp:364
Expected equality of these values:
  focusedElement
    Which is: ""
  "focus-btn"
]]></failure>
    </testcase>
    <testcase name="RestoreSessionWithCustomState" file="/home/bigattichouse/workspace/headlessweb/tests/browser/test_browser_session.cpp" line="367" status="run" result="completed" time="4.511" timestamp="2025-07-26T16:57:04.959" classname="BrowserSessionTest">
      <failure message="/home/bigattichouse/workspace/headlessweb/tests/browser/test_browser_session.cpp:390&#x0A;Expected equality of these values:&#x0A;  restoredAppData&#x0A;    Which is: &quot;&quot;&#x0A;  &quot;test value&quot;&#x0A;" type=""><![CDATA[/home/bigattichouse/workspace/headlessweb/tests/browser/test_browser_session.cpp:390
Expected equality of these values:
  restoredAppData
    Which is: ""
  "test value"
]]></failure>
      <failure message="/home/bigattichouse/workspace/headlessweb/tests/browser/test_browser_session.cpp:393&#x0A;Expected equality of these values:&#x0A;  restoredTheme&#x0A;    Which is: &quot;&quot;&#x0A;  &quot;dark&quot;&#x0A;" type=""><![CDATA[/home/bigattichouse/workspace/headlessweb/tests/browser/test_browser_session.cpp:393
Expected equality of these values:
  restoredTheme
    Which is: ""
  "dark"
]]></failure>
    </testcase>
    <testcase name="RestoreSessionSafely" file="/home/bigattichouse/workspace/headlessweb/tests/browser/test_browser_session.cpp" line="398" status="run" result="completed" time="2.807" timestamp="2025-07-26T16:57:09.471" classname="BrowserSessionTest" />
    <testcase name="RestoreSessionSafelyWithInvalidUrl" file="/home/bigattichouse/workspace/headlessweb/tests/browser/test_browser_session.cpp" line="406" status="run" result="completed" time="1.305" timestamp="2025-07-26T16:57:12.278" classname="BrowserSessionTest">
      <failure message="/home/bigattichouse/workspace/headlessweb/tests/browser/test_browser_session.cpp:415&#x0A;Value of: result&#x0A;  Actual: true&#x0A;Expected: false&#x0A;Safe restoration should fail for invalid URLs&#x0A;" type=""><![CDATA[/home/bigattichouse/workspace/headlessweb/tests/browser/test_browser_session.cpp:415
Value of: result
  Actual: true
Expected: false
Safe restoration should fail for invalid URLs
]]></failure>
    </testcase>
    <testcase name="ValidateSession" file="/home/bigattichouse/workspace/headlessweb/tests/browser/test_browser_session.cpp" line="420" status="run" result="completed" time="1.205" timestamp="2025-07-26T16:57:13.584" classname="BrowserSessionTest" />
    <testcase name="ExtractFormState" file="/home/bigattichouse/workspace/headlessweb/tests/browser/test_browser_session.cpp" line="431" status="run" result="completed" time="1.464" timestamp="2025-07-26T16:57:14.789" classname="BrowserSessionTest" />
    <testcase name="RestoreFormState" file="/home/bigattichouse/workspace/headlessweb/tests/browser/test_browser_session.cpp" line="468" status="run" result="completed" time="1.903" timestamp="2025-07-26T16:57:16.253" classname="BrowserSessionTest" />
    <testcase name="ExtractActiveElements" file="/home/bigattichouse/workspace/headlessweb/tests/browser/test_browser_session.cpp" line="514" status="run" result="completed" time="1.406" timestamp="2025-07-26T16:57:18.157" classname="BrowserSessionTest" />
    <testcase name="RestoreActiveElements" file="/home/bigattichouse/workspace/headlessweb/tests/browser/test_browser_session.cpp" line="526" status="run" result="completed" time="1.405" timestamp="2025-07-26T16:57:19.564" classname="BrowserSessionTest" />
    <testcase name="ExtractPageHash" file="/home/bigattichouse/workspace/headlessweb/tests/browser/test_browser_session.cpp" line="541" status="run" result="completed" time="1.315" timestamp="2025-07-26T16:57:20.970" classname="BrowserSessionTest" />
    <testcase name="ExtractDocumentReadyState" file="/home/bigattichouse/workspace/headlessweb/tests/browser/test_browser_session.cpp" line="550" status="run" result="completed" time="1.208" timestamp="2025-07-26T16:57:22.285" classname="BrowserSessionTest" />
    <testcase name="ExtractAllScrollPositions" file="/home/bigattichouse/workspace/headlessweb/tests/browser/test_browser_session.cpp" line="557" status="run" result="completed" time="1.408" timestamp="2025-07-26T16:57:23.493" classname="BrowserSessionTest">
      <failure message="/home/bigattichouse/workspace/headlessweb/tests/browser/test_browser_session.cpp:568&#x0A;Expected equality of these values:&#x0A;  windowPos.first&#x0A;    Which is: 0&#x0A;  100&#x0A;" type=""><![CDATA[/home/bigattichouse/workspace/headlessweb/tests/browser/test_browser_session.cpp:568
Expected equality of these values:
  windowPos.first
    Which is: 0
  100
]]></failure>
      <failure message="/home/bigattichouse/workspace/headlessweb/tests/browser/test_browser_session.cpp:569&#x0A;Expected equality of these values:&#x0A;  windowPos.second&#x0A;    Which is: 0&#x0A;  200&#x0A;" type=""><![CDATA[/home/bigattichouse/workspace/headlessweb/tests/browser/test_browser_session.cpp:569
Expected equality of these values:
  windowPos.second
    Which is: 0
  200
]]></failure>
    </testcase>
    <testcase name="RestoreScrollPositions" file="/home/bigattichouse/workspace/headlessweb/tests/browser/test_browser_session.cpp" line="572" status="run" result="completed" time="1.407" timestamp="2025-07-26T16:57:24.902" classname="BrowserSessionTest">
      <failure message="/home/bigattichouse/workspace/headlessweb/tests/browser/test_browser_session.cpp:582&#x0A;Expected equality of these values:&#x0A;  x&#x0A;    Which is: 0&#x0A;  150&#x0A;" type=""><![CDATA[/home/bigattichouse/workspace/headlessweb/tests/browser/test_browser_session.cpp:582
Expected equality of these values:
  x
    Which is: 0
  150
]]></failure>
      <failure message="/home/bigattichouse/workspace/headlessweb/tests/browser/test_browser_session.cpp:583&#x0A;Expected equality of these values:&#x0A;  y&#x0A;    Which is: 0&#x0A;  250&#x0A;" type=""><![CDATA[/home/bigattichouse/workspace/headlessweb/tests/browser/test_browser_session.cpp:583
Expected equality of these values:
  y
    Which is: 0
  250
]]></failure>
    </testcase>
    <testcase name="ExtractCustomState" file="/home/bigattichouse/workspace/headlessweb/tests/browser/test_browser_session.cpp" line="588" status="run" result="completed" time="1.309" timestamp="2025-07-26T16:57:26.309" classname="BrowserSessionTest">
      <failure message="unknown file&#x0A;C++ exception with description &quot;in Json::Value::resolveReference(key, end): requires objectValue&quot; thrown in the test body.&#x0A;" type=""><![CDATA[unknown file
C++ exception with description "in Json::Value::resolveReference(key, end): requires objectValue" thrown in the test body.
]]></failure>
    </testcase>
    <testcase name="RestoreCustomState" file="/home/bigattichouse/workspace/headlessweb/tests/browser/test_browser_session.cpp" line="607" status="run" result="completed" time="1.709" timestamp="2025-07-26T16:57:27.619" classname="BrowserSessionTest">
      <failure message="/home/bigattichouse/workspace/headlessweb/tests/browser/test_browser_session.cpp:632&#x0A;Expected equality of these values:&#x0A;  simpleValue&#x0A;    Which is: &quot;&quot;&#x0A;  &quot;simple string&quot;&#x0A;" type=""><![CDATA[/home/bigattichouse/workspace/headlessweb/tests/browser/test_browser_session.cpp:632
Expected equality of these values:
  simpleValue
    Which is: ""
  "simple string"
]]></failure>
    </testcase>
    <testcase name="SessionHandlingWithEmptyPage" file="/home/bigattichouse/workspace/headlessweb/tests/browser/test_browser_session.cpp" line="637" status="run" result="completed" time="4.312" timestamp="2025-07-26T16:57:29.328" classname="BrowserSessionTest" />
    <testcase name="SessionHandlingWithInvalidOperations" file="/home/bigattichouse/workspace/headlessweb/tests/browser/test_browser_session.cpp" line="653" status="run" result="completed" time="1.463" timestamp="2025-07-26T16:57:33.641" classname="BrowserSessionTest" />
    <testcase name="FullSessionSaveAndRestore" file="/home/bigattichouse/workspace/headlessweb/tests/browser/test_browser_session.cpp" line="671" status="run" result="completed" time="6.103" timestamp="2025-07-26T16:57:35.104" classname="BrowserSessionTest">
      <failure message="unknown file&#x0A;C++ exception with description &quot;Error: Invalid or unsafe URL: file:///tmp/session_tests_1753567055104_1421/session_test.html#full-test&quot; thrown in the test body.&#x0A;" type=""><![CDATA[unknown file
C++ exception with description "Error: Invalid or unsafe URL: file:///tmp/session_tests_1753567055104_1421/session_test.html#full-test" thrown in the test body.
]]></failure>
    </testcase>
  </testsuite>
  <testsuite name="BrowserAdvancedFormOperationsTest" tests="16" failures="8" disabled="0" skipped="0" errors="0" time="31.968" timestamp="2025-07-26T16:57:41.208">
    <testcase name="MultiStepFormNavigation_StepProgression" file="/home/bigattichouse/workspace/headlessweb/tests/browser/test_browser_advanced_form_operations.cpp" line="340" status="run" result="completed" time="1.366" timestamp="2025-07-26T16:57:41.208" classname="BrowserAdvancedFormOperationsTest" />
    <testcase name="MultiStepFormNavigation_StepValidation" file="/home/bigattichouse/workspace/headlessweb/tests/browser/test_browser_advanced_form_operations.cpp" line="364" status="run" result="completed" time="1.885" timestamp="2025-07-26T16:57:42.574" classname="BrowserAdvancedFormOperationsTest">
      <failure message="/home/bigattichouse/workspace/headlessweb/tests/browser/test_browser_advanced_form_operations.cpp:376&#x0A;Value of: browser_-&gt;elementExists(&quot;#step2&quot;)&#x0A;  Actual: true&#x0A;Expected: false&#x0A;" type=""><![CDATA[/home/bigattichouse/workspace/headlessweb/tests/browser/test_browser_advanced_form_operations.cpp:376
Value of: browser_->elementExists("#step2")
  Actual: true
Expected: false
]]></failure>
    </testcase>
    <testcase name="MultiStepFormNavigation_BackNavigation" file="/home/bigattichouse/workspace/headlessweb/tests/browser/test_browser_advanced_form_operations.cpp" line="390" status="run" result="completed" time="1.866" timestamp="2025-07-26T16:57:44.459" classname="BrowserAdvancedFormOperationsTest">
      <failure message="/home/bigattichouse/workspace/headlessweb/tests/browser/test_browser_advanced_form_operations.cpp:408&#x0A;Value of: browser_-&gt;elementExists(&quot;#step2&quot;)&#x0A;  Actual: true&#x0A;Expected: false&#x0A;" type=""><![CDATA[/home/bigattichouse/workspace/headlessweb/tests/browser/test_browser_advanced_form_operations.cpp:408
Value of: browser_->elementExists("#step2")
  Actual: true
Expected: false
]]></failure>
    </testcase>
    <testcase name="ConditionalFieldLogic_CountryStateLogic" file="/home/bigattichouse/workspace/headlessweb/tests/browser/test_browser_advanced_form_operations.cpp" line="417" status="run" result="completed" time="2.542" timestamp="2025-07-26T16:57:46.326" classname="BrowserAdvancedFormOperationsTest">
      <failure message="/home/bigattichouse/workspace/headlessweb/tests/browser/test_browser_advanced_form_operations.cpp:429&#x0A;Value of: browser_-&gt;elementExists(&quot;#state-field&quot;)&#x0A;  Actual: true&#x0A;Expected: false&#x0A;" type=""><![CDATA[/home/bigattichouse/workspace/headlessweb/tests/browser/test_browser_advanced_form_operations.cpp:429
Value of: browser_->elementExists("#state-field")
  Actual: true
Expected: false
]]></failure>
      <failure message="/home/bigattichouse/workspace/headlessweb/tests/browser/test_browser_advanced_form_operations.cpp:454&#x0A;Value of: browser_-&gt;elementExists(&quot;#state-field&quot;)&#x0A;  Actual: true&#x0A;Expected: false&#x0A;" type=""><![CDATA[/home/bigattichouse/workspace/headlessweb/tests/browser/test_browser_advanced_form_operations.cpp:454
Value of: browser_->elementExists("#state-field")
  Actual: true
Expected: false
]]></failure>
    </testcase>
    <testcase name="ConditionalFieldLogic_DependentValidation" file="/home/bigattichouse/workspace/headlessweb/tests/browser/test_browser_advanced_form_operations.cpp" line="457" status="run" result="completed" time="2.232" timestamp="2025-07-26T16:57:48.869" classname="BrowserAdvancedFormOperationsTest" />
    <testcase name="ComplexFieldGroups_CheckboxArrays" file="/home/bigattichouse/workspace/headlessweb/tests/browser/test_browser_advanced_form_operations.cpp" line="490" status="run" result="completed" time="1.96" timestamp="2025-07-26T16:57:51.101" classname="BrowserAdvancedFormOperationsTest" />
    <testcase name="ComplexFieldGroups_RadioButtonLogic" file="/home/bigattichouse/workspace/headlessweb/tests/browser/test_browser_advanced_form_operations.cpp" line="522" status="run" result="completed" time="1.942" timestamp="2025-07-26T16:57:53.062" classname="BrowserAdvancedFormOperationsTest" />
    <testcase name="DynamicFormElements_AddRemoveFields" file="/home/bigattichouse/workspace/headlessweb/tests/browser/test_browser_advanced_form_operations.cpp" line="560" status="run" result="completed" time="1.811" timestamp="2025-07-26T16:57:55.004" classname="BrowserAdvancedFormOperationsTest">
      <failure message="/home/bigattichouse/workspace/headlessweb/tests/browser/test_browser_advanced_form_operations.cpp:572&#x0A;Expected equality of these values:&#x0A;  field_count_after_add&#x0A;    Which is: 0&#x0A;  1&#x0A;" type=""><![CDATA[/home/bigattichouse/workspace/headlessweb/tests/browser/test_browser_advanced_form_operations.cpp:572
Expected equality of these values:
  field_count_after_add
    Which is: 0
  1
]]></failure>
      <failure message="/home/bigattichouse/workspace/headlessweb/tests/browser/test_browser_advanced_form_operations.cpp:576&#x0A;Value of: field_exists&#x0A;  Actual: false&#x0A;Expected: true&#x0A;" type=""><![CDATA[/home/bigattichouse/workspace/headlessweb/tests/browser/test_browser_advanced_form_operations.cpp:576
Value of: field_exists
  Actual: false
Expected: true
]]></failure>
      <failure message="/home/bigattichouse/workspace/headlessweb/tests/browser/test_browser_advanced_form_operations.cpp:589&#x0A;Expected equality of these values:&#x0A;  field_count_after_add&#x0A;    Which is: 0&#x0A;  2&#x0A;" type=""><![CDATA[/home/bigattichouse/workspace/headlessweb/tests/browser/test_browser_advanced_form_operations.cpp:589
Expected equality of these values:
  field_count_after_add
    Which is: 0
  2
]]></failure>
    </testcase>
    <testcase name="DynamicFormElements_CheckboxGeneration" file="/home/bigattichouse/workspace/headlessweb/tests/browser/test_browser_advanced_form_operations.cpp" line="592" status="run" result="completed" time="1.812" timestamp="2025-07-26T16:57:56.816" classname="BrowserAdvancedFormOperationsTest">
      <failure message="/home/bigattichouse/workspace/headlessweb/tests/browser/test_browser_advanced_form_operations.cpp:600&#x0A;Expected equality of these values:&#x0A;  checkbox_count&#x0A;    Which is: 0&#x0A;  1&#x0A;" type=""><![CDATA[/home/bigattichouse/workspace/headlessweb/tests/browser/test_browser_advanced_form_operations.cpp:600
Expected equality of these values:
  checkbox_count
    Which is: 0
  1
]]></failure>
      <failure message="/home/bigattichouse/workspace/headlessweb/tests/browser/test_browser_advanced_form_operations.cpp:604&#x0A;Value of: checkbox_exists&#x0A;  Actual: false&#x0A;Expected: true&#x0A;" type=""><![CDATA[/home/bigattichouse/workspace/headlessweb/tests/browser/test_browser_advanced_form_operations.cpp:604
Value of: checkbox_exists
  Actual: false
Expected: true
]]></failure>
      <failure message="/home/bigattichouse/workspace/headlessweb/tests/browser/test_browser_advanced_form_operations.cpp:618&#x0A;Expected equality of these values:&#x0A;  checkbox_count&#x0A;    Which is: 0&#x0A;  3&#x0A;" type=""><![CDATA[/home/bigattichouse/workspace/headlessweb/tests/browser/test_browser_advanced_form_operations.cpp:618
Expected equality of these values:
  checkbox_count
    Which is: 0
  3
]]></failure>
    </testcase>
    <testcase name="FormStatePersistence_CrossStepData" file="/home/bigattichouse/workspace/headlessweb/tests/browser/test_browser_advanced_form_operations.cpp" line="623" status="run" result="completed" time="2.433" timestamp="2025-07-26T16:57:58.628" classname="BrowserAdvancedFormOperationsTest" />
    <testcase name="ComplexValidation_PasswordMatching" file="/home/bigattichouse/workspace/headlessweb/tests/browser/test_browser_advanced_form_operations.cpp" line="660" status="run" result="completed" time="1.872" timestamp="2025-07-26T16:58:01.062" classname="BrowserAdvancedFormOperationsTest" />
    <testcase name="ComplexValidation_EmailFormat" file="/home/bigattichouse/workspace/headlessweb/tests/browser/test_browser_advanced_form_operations.cpp" line="684" status="run" result="completed" time="2.93" timestamp="2025-07-26T16:58:02.935" classname="BrowserAdvancedFormOperationsTest">
      <failure message="/home/bigattichouse/workspace/headlessweb/tests/browser/test_browser_advanced_form_operations.cpp:710&#x0A;Value of: browser_-&gt;elementExists(&quot;#step2&quot;)&#x0A;  Actual: true&#x0A;Expected: false&#x0A;" type=""><![CDATA[/home/bigattichouse/workspace/headlessweb/tests/browser/test_browser_advanced_form_operations.cpp:710
Value of: browser_->elementExists("#step2")
  Actual: true
Expected: false
]]></failure>
      <failure message="/home/bigattichouse/workspace/headlessweb/tests/browser/test_browser_advanced_form_operations.cpp:710&#x0A;Value of: browser_-&gt;elementExists(&quot;#step2&quot;)&#x0A;  Actual: true&#x0A;Expected: false&#x0A;" type=""><![CDATA[/home/bigattichouse/workspace/headlessweb/tests/browser/test_browser_advanced_form_operations.cpp:710
Value of: browser_->elementExists("#step2")
  Actual: true
Expected: false
]]></failure>
      <failure message="/home/bigattichouse/workspace/headlessweb/tests/browser/test_browser_advanced_form_operations.cpp:710&#x0A;Value of: browser_-&gt;elementExists(&quot;#step2&quot;)&#x0A;  Actual: true&#x0A;Expected: false&#x0A;" type=""><![CDATA[/home/bigattichouse/workspace/headlessweb/tests/browser/test_browser_advanced_form_operations.cpp:710
Value of: browser_->elementExists("#step2")
  Actual: true
Expected: false
]]></failure>
      <failure message="/home/bigattichouse/workspace/headlessweb/tests/browser/test_browser_advanced_form_operations.cpp:710&#x0A;Value of: browser_-&gt;elementExists(&quot;#step2&quot;)&#x0A;  Actual: true&#x0A;Expected: false&#x0A;" type=""><![CDATA[/home/bigattichouse/workspace/headlessweb/tests/browser/test_browser_advanced_form_operations.cpp:710
Value of: browser_->elementExists("#step2")
  Actual: true
Expected: false
]]></failure>
      <failure message="/home/bigattichouse/workspace/headlessweb/tests/browser/test_browser_advanced_form_operations.cpp:710&#x0A;Value of: browser_-&gt;elementExists(&quot;#step2&quot;)&#x0A;  Actual: true&#x0A;Expected: false&#x0A;" type=""><![CDATA[/home/bigattichouse/workspace/headlessweb/tests/browser/test_browser_advanced_form_operations.cpp:710
Value of: browser_->elementExists("#step2")
  Actual: true
Expected: false
]]></failure>
      <failure message="/home/bigattichouse/workspace/headlessweb/tests/browser/test_browser_advanced_form_operations.cpp:710&#x0A;Value of: browser_-&gt;elementExists(&quot;#step2&quot;)&#x0A;  Actual: true&#x0A;Expected: false&#x0A;" type=""><![CDATA[/home/bigattichouse/workspace/headlessweb/tests/browser/test_browser_advanced_form_operations.cpp:710
Value of: browser_->elementExists("#step2")
  Actual: true
Expected: false
]]></failure>
    </testcase>
    <testcase name="ErrorHandling_InvalidFormOperations" file="/home/bigattichouse/workspace/headlessweb/tests/browser/test_browser_advanced_form_operations.cpp" line="725" status="run" result="completed" time="1.599" timestamp="2025-07-26T16:58:05.865" classname="BrowserAdvancedFormOperationsTest">
      <failure message="/home/bigattichouse/workspace/headlessweb/tests/browser/test_browser_advanced_form_operations.cpp:730&#x0A;Value of: browser_-&gt;checkElement(&quot;#terms&quot;)&#x0A;  Actual: true&#x0A;Expected: false&#x0A;" type=""><![CDATA[/home/bigattichouse/workspace/headlessweb/tests/browser/test_browser_advanced_form_operations.cpp:730
Value of: browser_->checkElement("#terms")
  Actual: true
Expected: false
]]></failure>
    </testcase>
    <testcase name="ErrorHandling_FormSubmissionFailure" file="/home/bigattichouse/workspace/headlessweb/tests/browser/test_browser_advanced_form_operations.cpp" line="746" status="run" result="completed" time="1.808" timestamp="2025-07-26T16:58:07.464" classname="BrowserAdvancedFormOperationsTest" />
    <testcase name="Performance_ManyDynamicFields" file="/home/bigattichouse/workspace/headlessweb/tests/browser/test_browser_advanced_form_operations.cpp" line="768" status="run" result="completed" time="1.626" timestamp="2025-07-26T16:58:09.272" classname="BrowserAdvancedFormOperationsTest">
      <failure message="/home/bigattichouse/workspace/headlessweb/tests/browser/test_browser_advanced_form_operations.cpp:789&#x0A;Expected equality of these values:&#x0A;  field_count&#x0A;    Which is: 0&#x0A;  20&#x0A;" type=""><![CDATA[/home/bigattichouse/workspace/headlessweb/tests/browser/test_browser_advanced_form_operations.cpp:789
Expected equality of these values:
  field_count
    Which is: 0
  20
]]></failure>
      <failure message="/home/bigattichouse/workspace/headlessweb/tests/browser/test_browser_advanced_form_operations.cpp:794&#x0A;Expected equality of these values:&#x0A;  value&#x0A;    Which is: &quot;&quot;&#x0A;  &quot;performance test&quot;&#x0A;" type=""><![CDATA[/home/bigattichouse/workspace/headlessweb/tests/browser/test_browser_advanced_form_operations.cpp:794
Expected equality of these values:
  value
    Which is: ""
  "performance test"
]]></failure>
    </testcase>
    <testcase name="Performance_RapidFormNavigation" file="/home/bigattichouse/workspace/headlessweb/tests/browser/test_browser_advanced_form_operations.cpp" line="797" status="run" result="completed" time="2.276" timestamp="2025-07-26T16:58:10.899" classname="BrowserAdvancedFormOperationsTest" />
  </testsuite>
  <testsuite name="BrowserFileOpsIntegrationTest" tests="13" failures="6" disabled="0" skipped="0" errors="0" time="32.444" timestamp="2025-07-26T16:58:13.176">
    <testcase name="SessionPersistsFileUploadState" file="/home/bigattichouse/workspace/headlessweb/tests/integration/test_browser_fileops_integration.cpp" line="279" status="run" result="completed" time="2.62" timestamp="2025-07-26T16:58:13.176" classname="BrowserFileOpsIntegrationTest" />
    <testcase name="SessionRestoresFileOperationState" file="/home/bigattichouse/workspace/headlessweb/tests/integration/test_browser_fileops_integration.cpp" line="345" status="run" result="completed" time="6.238" timestamp="2025-07-26T16:58:15.796" classname="BrowserFileOpsIntegrationTest">
      <failure message="/home/bigattichouse/workspace/headlessweb/tests/integration/test_browser_fileops_integration.cpp:372&#x0A;Expected equality of these values:&#x0A;  selectedFiles&#x0A;    Which is: &quot;None&quot;&#x0A;  &quot;restored_file.txt&quot;&#x0A;" type=""><![CDATA[/home/bigattichouse/workspace/headlessweb/tests/integration/test_browser_fileops_integration.cpp:372
Expected equality of these values:
  selectedFiles
    Which is: "None"
  "restored_file.txt"
]]></failure>
      <failure message="/home/bigattichouse/workspace/headlessweb/tests/integration/test_browser_fileops_integration.cpp:373&#x0A;Expected equality of these values:&#x0A;  uploadProgress&#x0A;    Which is: &quot;0%&quot;&#x0A;  &quot;75%&quot;&#x0A;" type=""><![CDATA[/home/bigattichouse/workspace/headlessweb/tests/integration/test_browser_fileops_integration.cpp:373
Expected equality of these values:
  uploadProgress
    Which is: "0%"
  "75%"
]]></failure>
      <failure message="/home/bigattichouse/workspace/headlessweb/tests/integration/test_browser_fileops_integration.cpp:374&#x0A;Expected equality of these values:&#x0A;  lastAction&#x0A;    Which is: &quot;none&quot;&#x0A;  &quot;upload_in_progress&quot;&#x0A;" type=""><![CDATA[/home/bigattichouse/workspace/headlessweb/tests/integration/test_browser_fileops_integration.cpp:374
Expected equality of these values:
  lastAction
    Which is: "none"
  "upload_in_progress"
]]></failure>
    </testcase>
    <testcase name="FileUploadFormStateIntegration" file="/home/bigattichouse/workspace/headlessweb/tests/integration/test_browser_fileops_integration.cpp" line="377" status="run" result="completed" time="1.419" timestamp="2025-07-26T16:58:22.035" classname="BrowserFileOpsIntegrationTest" />
    <testcase name="DownloadOperationWithSessionTracking" file="/home/bigattichouse/workspace/headlessweb/tests/integration/test_browser_fileops_integration.cpp" line="404" status="run" result="completed" time="2.622" timestamp="2025-07-26T16:58:23.454" classname="BrowserFileOpsIntegrationTest">
      <failure message="/home/bigattichouse/workspace/headlessweb/tests/integration/test_browser_fileops_integration.cpp:411&#x0A;Expected: (downloadStatus.find(&quot;test_file.txt&quot;)) != (std::string::npos), actual: 18446744073709551615 vs 18446744073709551615&#x0A;" type=""><![CDATA[/home/bigattichouse/workspace/headlessweb/tests/integration/test_browser_fileops_integration.cpp:411
Expected: (downloadStatus.find("test_file.txt")) != (std::string::npos), actual: 18446744073709551615 vs 18446744073709551615
]]></failure>
      <failure message="/home/bigattichouse/workspace/headlessweb/tests/integration/test_browser_fileops_integration.cpp:428&#x0A;Expected: (status.find(&quot;test_file.txt&quot;)) != (std::string::npos), actual: 18446744073709551615 vs 18446744073709551615&#x0A;" type=""><![CDATA[/home/bigattichouse/workspace/headlessweb/tests/integration/test_browser_fileops_integration.cpp:428
Expected: (status.find("test_file.txt")) != (std::string::npos), actual: 18446744073709551615 vs 18446744073709551615
]]></failure>
    </testcase>
    <testcase name="UploadManagerWithBrowserIntegration" file="/home/bigattichouse/workspace/headlessweb/tests/integration/test_browser_fileops_integration.cpp" line="433" status="run" result="completed" time="1.009" timestamp="2025-07-26T16:58:26.077" classname="BrowserFileOpsIntegrationTest" />
    <testcase name="UploadManagerValidationIntegration" file="/home/bigattichouse/workspace/headlessweb/tests/integration/test_browser_fileops_integration.cpp" line="461" status="run" result="completed" time="1.009" timestamp="2025-07-26T16:58:27.086" classname="BrowserFileOpsIntegrationTest" />
    <testcase name="MultipleFileUploadIntegration" file="/home/bigattichouse/workspace/headlessweb/tests/integration/test_browser_fileops_integration.cpp" line="489" status="run" result="completed" time="1.014" timestamp="2025-07-26T16:58:28.096" classname="BrowserFileOpsIntegrationTest" />
    <testcase name="DownloadManagerBasicIntegration" file="/home/bigattichouse/workspace/headlessweb/tests/integration/test_browser_fileops_integration.cpp" line="520" status="run" result="completed" time="1.011" timestamp="2025-07-26T16:58:29.111" classname="BrowserFileOpsIntegrationTest" />
    <testcase name="DownloadWithBrowserTrigger" file="/home/bigattichouse/workspace/headlessweb/tests/integration/test_browser_fileops_integration.cpp" line="542" status="run" result="completed" time="2.106" timestamp="2025-07-26T16:58:30.123" classname="BrowserFileOpsIntegrationTest">
      <failure message="/home/bigattichouse/workspace/headlessweb/tests/integration/test_browser_fileops_integration.cpp:549&#x0A;Expected: (downloadStatus.find(&quot;Downloading&quot;)) != (std::string::npos), actual: 18446744073709551615 vs 18446744073709551615&#x0A;" type=""><![CDATA[/home/bigattichouse/workspace/headlessweb/tests/integration/test_browser_fileops_integration.cpp:549
Expected: (downloadStatus.find("Downloading")) != (std::string::npos), actual: 18446744073709551615 vs 18446744073709551615
]]></failure>
      <failure message="/home/bigattichouse/workspace/headlessweb/tests/integration/test_browser_fileops_integration.cpp:555&#x0A;Expected: (downloadStatus.find(&quot;complete&quot;)) != (std::string::npos), actual: 18446744073709551615 vs 18446744073709551615&#x0A;" type=""><![CDATA[/home/bigattichouse/workspace/headlessweb/tests/integration/test_browser_fileops_integration.cpp:555
Expected: (downloadStatus.find("complete")) != (std::string::npos), actual: 18446744073709551615 vs 18446744073709551615
]]></failure>
    </testcase>
    <testcase name="FileOperationStateInSession" file="/home/bigattichouse/workspace/headlessweb/tests/integration/test_browser_fileops_integration.cpp" line="560" status="run" result="completed" time="2.014" timestamp="2025-07-26T16:58:32.229" classname="BrowserFileOpsIntegrationTest">
      <failure message="/home/bigattichouse/workspace/headlessweb/tests/integration/test_browser_fileops_integration.cpp:590&#x0A;Value of: customState.isMember(&quot;downloads&quot;)&#x0A;  Actual: false&#x0A;Expected: true&#x0A;" type=""><![CDATA[/home/bigattichouse/workspace/headlessweb/tests/integration/test_browser_fileops_integration.cpp:590
Value of: customState.isMember("downloads")
  Actual: false
Expected: true
]]></failure>
      <failure message="/home/bigattichouse/workspace/headlessweb/tests/integration/test_browser_fileops_integration.cpp:603&#x0A;Value of: downloadsState.isNull()&#x0A;  Actual: true&#x0A;Expected: false&#x0A;" type=""><![CDATA[/home/bigattichouse/workspace/headlessweb/tests/integration/test_browser_fileops_integration.cpp:603
Value of: downloadsState.isNull()
  Actual: true
Expected: false
]]></failure>
    </testcase>
    <testcase name="CompleteFileOpsSessionWorkflow" file="/home/bigattichouse/workspace/headlessweb/tests/integration/test_browser_fileops_integration.cpp" line="606" status="run" result="completed" time="6.649" timestamp="2025-07-26T16:58:34.243" classname="BrowserFileOpsIntegrationTest">
      <failure message="/home/bigattichouse/workspace/headlessweb/tests/integration/test_browser_fileops_integration.cpp:639&#x0A;Expected equality of these values:&#x0A;  uploadStatus&#x0A;    Which is: &quot;&quot;&#x0A;  &quot;Workflow test completed&quot;&#x0A;" type=""><![CDATA[/home/bigattichouse/workspace/headlessweb/tests/integration/test_browser_fileops_integration.cpp:639
Expected equality of these values:
  uploadStatus
    Which is: ""
  "Workflow test completed"
]]></failure>
      <failure message="/home/bigattichouse/workspace/headlessweb/tests/integration/test_browser_fileops_integration.cpp:643&#x0A;Expected equality of these values:&#x0A;  x&#x0A;    Which is: 0&#x0A;  100&#x0A;" type=""><![CDATA[/home/bigattichouse/workspace/headlessweb/tests/integration/test_browser_fileops_integration.cpp:643
Expected equality of these values:
  x
    Which is: 0
  100
]]></failure>
      <failure message="/home/bigattichouse/workspace/headlessweb/tests/integration/test_browser_fileops_integration.cpp:644&#x0A;Expected equality of these values:&#x0A;  y&#x0A;    Which is: 0&#x0A;  150&#x0A;" type=""><![CDATA[/home/bigattichouse/workspace/headlessweb/tests/integration/test_browser_fileops_integration.cpp:644
Expected equality of these values:
  y
    Which is: 0
  150
]]></failure>
      <failure message="/home/bigattichouse/workspace/headlessweb/tests/integration/test_browser_fileops_integration.cpp:651&#x0A;Expected equality of these values:&#x0A;  lastAction&#x0A;    Which is: &quot;none&quot;&#x0A;  &quot;upload_complete&quot;&#x0A;" type=""><![CDATA[/home/bigattichouse/workspace/headlessweb/tests/integration/test_browser_fileops_integration.cpp:651
Expected equality of these values:
  lastAction
    Which is: "none"
  "upload_complete"
]]></failure>
      <failure message="/home/bigattichouse/workspace/headlessweb/tests/integration/test_browser_fileops_integration.cpp:654&#x0A;Expected equality of these values:&#x0A;  selectedFiles&#x0A;    Which is: &quot;None&quot;&#x0A;  &quot;workflow_test.txt&quot;&#x0A;" type=""><![CDATA[/home/bigattichouse/workspace/headlessweb/tests/integration/test_browser_fileops_integration.cpp:654
Expected equality of these values:
  selectedFiles
    Which is: "None"
  "workflow_test.txt"
]]></failure>
      <failure message="/home/bigattichouse/workspace/headlessweb/tests/integration/test_browser_fileops_integration.cpp:657&#x0A;Expected equality of these values:&#x0A;  progress&#x0A;    Which is: &quot;0%&quot;&#x0A;  &quot;100%&quot;&#x0A;" type=""><![CDATA[/home/bigattichouse/workspace/headlessweb/tests/integration/test_browser_fileops_integration.cpp:657
Expected equality of these values:
  progress
    Which is: "0%"
  "100%"
]]></failure>
    </testcase>
    <testcase name="FileOpsErrorHandlingIntegration" file="/home/bigattichouse/workspace/headlessweb/tests/integration/test_browser_fileops_integration.cpp" line="662" status="run" result="completed" time="2.517" timestamp="2025-07-26T16:58:40.893" classname="BrowserFileOpsIntegrationTest" />
    <testcase name="SessionHandlingWithFileOpsErrors" file="/home/bigattichouse/workspace/headlessweb/tests/integration/test_browser_fileops_integration.cpp" line="684" status="run" result="completed" time="2.209" timestamp="2025-07-26T16:58:43.410" classname="BrowserFileOpsIntegrationTest">
      <failure message="/home/bigattichouse/workspace/headlessweb/tests/integration/test_browser_fileops_integration.cpp:719&#x0A;Value of: errorLog.isArray()&#x0A;  Actual: false&#x0A;Expected: true&#x0A;" type=""><![CDATA[/home/bigattichouse/workspace/headlessweb/tests/integration/test_browser_fileops_integration.cpp:719
Value of: errorLog.isArray()
  Actual: false
Expected: true
]]></failure>
    </testcase>
  </testsuite>
  <testsuite name="ComplexWorkflowChainsTest" tests="7" failures="4" disabled="0" skipped="0" errors="0" time="22.618" timestamp="2025-07-26T16:58:45.620">
    <testcase name="ECommerceWorkflow_BrowseToCheckout" file="/home/bigattichouse/workspace/headlessweb/tests/integration/test_complex_workflow_chains.cpp" line="318" status="run" result="completed" time="3.38" timestamp="2025-07-26T16:58:45.620" classname="ComplexWorkflowChainsTest">
      <failure message="/home/bigattichouse/workspace/headlessweb/tests/integration/test_complex_workflow_chains.cpp:344&#x0A;Expected equality of these values:&#x0A;  cart_count&#x0A;    Which is: &quot;0&quot;&#x0A;  &quot;2&quot;&#x0A;" type=""><![CDATA[/home/bigattichouse/workspace/headlessweb/tests/integration/test_complex_workflow_chains.cpp:344
Expected equality of these values:
  cart_count
    Which is: "0"
  "2"
]]></failure>
      <failure message="/home/bigattichouse/workspace/headlessweb/tests/integration/test_complex_workflow_chains.cpp:353&#x0A;Value of: browser_-&gt;elementExists(&quot;#product-list&quot;)&#x0A;  Actual: true&#x0A;Expected: false&#x0A;" type=""><![CDATA[/home/bigattichouse/workspace/headlessweb/tests/integration/test_complex_workflow_chains.cpp:353
Value of: browser_->elementExists("#product-list")
  Actual: true
Expected: false
]]></failure>
      <failure message="/home/bigattichouse/workspace/headlessweb/tests/integration/test_complex_workflow_chains.cpp:368&#x0A;Value of: confirmation_text.find(&quot;Order #1 Confirmed!&quot;) != std::string::npos&#x0A;  Actual: false&#x0A;Expected: true&#x0A;" type=""><![CDATA[/home/bigattichouse/workspace/headlessweb/tests/integration/test_complex_workflow_chains.cpp:368
Value of: confirmation_text.find("Order #1 Confirmed!") != std::string::npos
  Actual: false
Expected: true
]]></failure>
      <failure message="/home/bigattichouse/workspace/headlessweb/tests/integration/test_complex_workflow_chains.cpp:369&#x0A;Value of: confirmation_text.find(&quot;Test Customer&quot;) != std::string::npos&#x0A;  Actual: false&#x0A;Expected: true&#x0A;" type=""><![CDATA[/home/bigattichouse/workspace/headlessweb/tests/integration/test_complex_workflow_chains.cpp:369
Value of: confirmation_text.find("Test Customer") != std::string::npos
  Actual: false
Expected: true
]]></failure>
    </testcase>
    <testcase name="ECommerceWorkflow_WithSessionPersistence" file="/home/bigattichouse/workspace/headlessweb/tests/integration/test_complex_workflow_chains.cpp" line="372" status="run" result="completed" time="5.777" timestamp="2025-07-26T16:58:49.000" classname="ComplexWorkflowChainsTest" />
    <testcase name="MultiPageNavigation_WithFormData" file="/home/bigattichouse/workspace/headlessweb/tests/integration/test_complex_workflow_chains.cpp" line="413" status="run" result="completed" time="3.065" timestamp="2025-07-26T16:58:54.778" classname="ComplexWorkflowChainsTest" />
    <testcase name="FileOperationWorkflow_UploadProcessDownload" file="/home/bigattichouse/workspace/headlessweb/tests/integration/test_complex_workflow_chains.cpp" line="522" status="run" result="completed" time="3.009" timestamp="2025-07-26T16:58:57.843" classname="ComplexWorkflowChainsTest">
      <failure message="/home/bigattichouse/workspace/headlessweb/tests/integration/test_complex_workflow_chains.cpp:615&#x0A;Value of: browser_-&gt;elementExists(&quot;#results&quot;)&#x0A;  Actual: false&#x0A;Expected: true&#x0A;" type=""><![CDATA[/home/bigattichouse/workspace/headlessweb/tests/integration/test_complex_workflow_chains.cpp:615
Value of: browser_->elementExists("#results")
  Actual: false
Expected: true
]]></failure>
      <failure message="/home/bigattichouse/workspace/headlessweb/tests/integration/test_complex_workflow_chains.cpp:617&#x0A;Value of: results_text.find(&quot;File processed successfully!&quot;) != std::string::npos&#x0A;  Actual: false&#x0A;Expected: true&#x0A;" type=""><![CDATA[/home/bigattichouse/workspace/headlessweb/tests/integration/test_complex_workflow_chains.cpp:617
Value of: results_text.find("File processed successfully!") != std::string::npos
  Actual: false
Expected: true
]]></failure>
      <failure message="/home/bigattichouse/workspace/headlessweb/tests/integration/test_complex_workflow_chains.cpp:622&#x0A;Value of: download_href.find(&quot;data:text/plain&quot;) != std::string::npos&#x0A;  Actual: false&#x0A;Expected: true&#x0A;" type=""><![CDATA[/home/bigattichouse/workspace/headlessweb/tests/integration/test_complex_workflow_chains.cpp:622
Value of: download_href.find("data:text/plain") != std::string::npos
  Actual: false
Expected: true
]]></failure>
    </testcase>
    <testcase name="ScreenshotSessionAssertionWorkflow" file="/home/bigattichouse/workspace/headlessweb/tests/integration/test_complex_workflow_chains.cpp" line="627" status="run" result="completed" time="4.492" timestamp="2025-07-26T16:59:00.853" classname="ComplexWorkflowChainsTest">
      <failure message="/home/bigattichouse/workspace/headlessweb/tests/integration/test_complex_workflow_chains.cpp:733&#x0A;Expected: (size1) != (size2), actual: 21686 vs 21686&#x0A;" type=""><![CDATA[/home/bigattichouse/workspace/headlessweb/tests/integration/test_complex_workflow_chains.cpp:733
Expected: (size1) != (size2), actual: 21686 vs 21686
]]></failure>
    </testcase>
    <testcase name="ErrorRecoveryWorkflow_NavigationFailureRecovery" file="/home/bigattichouse/workspace/headlessweb/tests/integration/test_complex_workflow_chains.cpp" line="738" status="run" result="completed" time="1.02" timestamp="2025-07-26T16:59:05.345" classname="ComplexWorkflowChainsTest" />
    <testcase name="PerformanceStressWorkflow_RapidOperations" file="/home/bigattichouse/workspace/headlessweb/tests/integration/test_complex_workflow_chains.cpp" line="790" status="run" result="completed" time="1.872" timestamp="2025-07-26T16:59:06.366" classname="ComplexWorkflowChainsTest">
      <failure message="/home/bigattichouse/workspace/headlessweb/tests/integration/test_complex_workflow_chains.cpp:834&#x0A;Value of: browser_-&gt;elementExists(&quot;#counter&quot;)&#x0A;  Actual: false&#x0A;Expected: true&#x0A;" type=""><![CDATA[/home/bigattichouse/workspace/headlessweb/tests/integration/test_complex_workflow_chains.cpp:834
Value of: browser_->elementExists("#counter")
  Actual: false
Expected: true
]]></failure>
      <failure message="/home/bigattichouse/workspace/headlessweb/tests/integration/test_complex_workflow_chains.cpp:848&#x0A;Expected equality of these values:&#x0A;  final_counter&#x0A;    Which is: &quot;0&quot;&#x0A;  std::to_string(num_operations)&#x0A;    Which is: &quot;50&quot;&#x0A;" type=""><![CDATA[/home/bigattichouse/workspace/headlessweb/tests/integration/test_complex_workflow_chains.cpp:848
Expected equality of these values:
  final_counter
    Which is: "0"
  std::to_string(num_operations)
    Which is: "50"
]]></failure>
    </testcase>
  </testsuite>
</testsuites>
