<?xml version="1.0" encoding="UTF-8"?>
<testsuites tests="562" failures="48" disabled="0" errors="0" time="563.811" timestamp="2025-07-26T16:49:44.427" name="AllTests">
  <testsuite name="SessionTest" tests="38" failures="0" disabled="0" skipped="0" errors="0" time="1.001" timestamp="2025-07-26T16:49:44.485">
    <testcase name="ConstructorSetsName" file="/home/bigattichouse/workspace/headlessweb/tests/session/test_session.cpp" line="23" status="run" result="completed" time="0." timestamp="2025-07-26T16:49:44.485" classname="SessionTest" />
    <testcase name="SetAndGetCurrentUrl" file="/home/bigattichouse/workspace/headlessweb/tests/session/test_session.cpp" line="27" status="run" result="completed" time="0." timestamp="2025-07-26T16:49:44.485" classname="SessionTest" />
    <testcase name="InitialHistoryIsEmpty" file="/home/bigattichouse/workspace/headlessweb/tests/session/test_session.cpp" line="34" status="run" result="completed" time="0." timestamp="2025-07-26T16:49:44.485" classname="SessionTest" />
    <testcase name="AddToHistoryUpdatesState" file="/home/bigattichouse/workspace/headlessweb/tests/session/test_session.cpp" line="41" status="run" result="completed" time="0." timestamp="2025-07-26T16:49:44.485" classname="SessionTest" />
    <testcase name="HistoryNavigationLogic" file="/home/bigattichouse/workspace/headlessweb/tests/session/test_session.cpp" line="52" status="run" result="completed" time="0." timestamp="2025-07-26T16:49:44.485" classname="SessionTest" />
    <testcase name="InitialCookiesEmpty" file="/home/bigattichouse/workspace/headlessweb/tests/session/test_session.cpp" line="75" status="run" result="completed" time="0." timestamp="2025-07-26T16:49:44.485" classname="SessionTest" />
    <testcase name="AddSingleCookie" file="/home/bigattichouse/workspace/headlessweb/tests/session/test_session.cpp" line="79" status="run" result="completed" time="0." timestamp="2025-07-26T16:49:44.485" classname="SessionTest" />
    <testcase name="SetMultipleCookies" file="/home/bigattichouse/workspace/headlessweb/tests/session/test_session.cpp" line="100" status="run" result="completed" time="0." timestamp="2025-07-26T16:49:44.485" classname="SessionTest" />
    <testcase name="ClearCookies" file="/home/bigattichouse/workspace/headlessweb/tests/session/test_session.cpp" line="119" status="run" result="completed" time="0." timestamp="2025-07-26T16:49:44.485" classname="SessionTest" />
    <testcase name="LocalStorageOperations" file="/home/bigattichouse/workspace/headlessweb/tests/session/test_session.cpp" line="133" status="run" result="completed" time="0." timestamp="2025-07-26T16:49:44.485" classname="SessionTest" />
    <testcase name="SessionStorageOperations" file="/home/bigattichouse/workspace/headlessweb/tests/session/test_session.cpp" line="145" status="run" result="completed" time="0." timestamp="2025-07-26T16:49:44.485" classname="SessionTest" />
    <testcase name="SetCompleteStorageMaps" file="/home/bigattichouse/workspace/headlessweb/tests/session/test_session.cpp" line="155" status="run" result="completed" time="0." timestamp="2025-07-26T16:49:44.485" classname="SessionTest" />
    <testcase name="FormFieldOperations" file="/home/bigattichouse/workspace/headlessweb/tests/session/test_session.cpp" line="172" status="run" result="completed" time="0." timestamp="2025-07-26T16:49:44.485" classname="SessionTest" />
    <testcase name="CheckboxFormField" file="/home/bigattichouse/workspace/headlessweb/tests/session/test_session.cpp" line="193" status="run" result="completed" time="0." timestamp="2025-07-26T16:49:44.485" classname="SessionTest" />
    <testcase name="ClearFormFields" file="/home/bigattichouse/workspace/headlessweb/tests/session/test_session.cpp" line="207" status="run" result="completed" time="0." timestamp="2025-07-26T16:49:44.485" classname="SessionTest" />
    <testcase name="ActiveElementsOperations" file="/home/bigattichouse/workspace/headlessweb/tests/session/test_session.cpp" line="220" status="run" result="completed" time="0." timestamp="2025-07-26T16:49:44.485" classname="SessionTest" />
    <testcase name="SetActiveElements" file="/home/bigattichouse/workspace/headlessweb/tests/session/test_session.cpp" line="233" status="run" result="completed" time="0." timestamp="2025-07-26T16:49:44.486" classname="SessionTest" />
    <testcase name="ScrollPositionOperations" file="/home/bigattichouse/workspace/headlessweb/tests/session/test_session.cpp" line="246" status="run" result="completed" time="0." timestamp="2025-07-26T16:49:44.486" classname="SessionTest" />
    <testcase name="DefaultScrollPosition" file="/home/bigattichouse/workspace/headlessweb/tests/session/test_session.cpp" line="262" status="run" result="completed" time="0." timestamp="2025-07-26T16:49:44.486" classname="SessionTest" />
    <testcase name="PageHashOperations" file="/home/bigattichouse/workspace/headlessweb/tests/session/test_session.cpp" line="270" status="run" result="completed" time="0." timestamp="2025-07-26T16:49:44.486" classname="SessionTest" />
    <testcase name="DocumentReadyState" file="/home/bigattichouse/workspace/headlessweb/tests/session/test_session.cpp" line="275" status="run" result="completed" time="0." timestamp="2025-07-26T16:49:44.486" classname="SessionTest" />
    <testcase name="ReadyConditionsOperations" file="/home/bigattichouse/workspace/headlessweb/tests/session/test_session.cpp" line="282" status="run" result="completed" time="0." timestamp="2025-07-26T16:49:44.486" classname="SessionTest" />
    <testcase name="ClearReadyConditions" file="/home/bigattichouse/workspace/headlessweb/tests/session/test_session.cpp" line="306" status="run" result="completed" time="0." timestamp="2025-07-26T16:49:44.486" classname="SessionTest" />
    <testcase name="ViewportOperations" file="/home/bigattichouse/workspace/headlessweb/tests/session/test_session.cpp" line="320" status="run" result="completed" time="0." timestamp="2025-07-26T16:49:44.486" classname="SessionTest" />
    <testcase name="UserAgentOperations" file="/home/bigattichouse/workspace/headlessweb/tests/session/test_session.cpp" line="330" status="run" result="completed" time="0." timestamp="2025-07-26T16:49:44.486" classname="SessionTest" />
    <testcase name="CustomVariableOperations" file="/home/bigattichouse/workspace/headlessweb/tests/session/test_session.cpp" line="338" status="run" result="completed" time="0." timestamp="2025-07-26T16:49:44.486" classname="SessionTest" />
    <testcase name="MultipleCustomVariables" file="/home/bigattichouse/workspace/headlessweb/tests/session/test_session.cpp" line="348" status="run" result="completed" time="0." timestamp="2025-07-26T16:49:44.486" classname="SessionTest" />
    <testcase name="StateExtractorOperations" file="/home/bigattichouse/workspace/headlessweb/tests/session/test_session.cpp" line="365" status="run" result="completed" time="0." timestamp="2025-07-26T16:49:44.486" classname="SessionTest" />
    <testcase name="ExtractedStateOperations" file="/home/bigattichouse/workspace/headlessweb/tests/session/test_session.cpp" line="377" status="run" result="completed" time="0." timestamp="2025-07-26T16:49:44.486" classname="SessionTest" />
    <testcase name="ActionRecordingOperations" file="/home/bigattichouse/workspace/headlessweb/tests/session/test_session.cpp" line="398" status="run" result="completed" time="0." timestamp="2025-07-26T16:49:44.486" classname="SessionTest" />
    <testcase name="ClearRecordedActions" file="/home/bigattichouse/workspace/headlessweb/tests/session/test_session.cpp" line="428" status="run" result="completed" time="0." timestamp="2025-07-26T16:49:44.486" classname="SessionTest" />
    <testcase name="LastAccessedOperations" file="/home/bigattichouse/workspace/headlessweb/tests/session/test_session.cpp" line="445" status="run" result="completed" time="1.001" timestamp="2025-07-26T16:49:44.486" classname="SessionTest" />
    <testcase name="ApproximateSize" file="/home/bigattichouse/workspace/headlessweb/tests/session/test_session.cpp" line="458" status="run" result="completed" time="0." timestamp="2025-07-26T16:49:45.487" classname="SessionTest" />
    <testcase name="SerializationRoundTrip" file="/home/bigattichouse/workspace/headlessweb/tests/session/test_session.cpp" line="474" status="run" result="completed" time="0." timestamp="2025-07-26T16:49:45.487" classname="SessionTest" />
    <testcase name="SerializationWithComplexData" file="/home/bigattichouse/workspace/headlessweb/tests/session/test_session.cpp" line="510" status="run" result="completed" time="0." timestamp="2025-07-26T16:49:45.487" classname="SessionTest" />
    <testcase name="EmptyStringHandling" file="/home/bigattichouse/workspace/headlessweb/tests/session/test_session.cpp" line="566" status="run" result="completed" time="0." timestamp="2025-07-26T16:49:45.487" classname="SessionTest" />
    <testcase name="LargeDataHandling" file="/home/bigattichouse/workspace/headlessweb/tests/session/test_session.cpp" line="576" status="run" result="completed" time="0." timestamp="2025-07-26T16:49:45.487" classname="SessionTest" />
    <testcase name="UnicodeHandling" file="/home/bigattichouse/workspace/headlessweb/tests/session/test_session.cpp" line="594" status="run" result="completed" time="0." timestamp="2025-07-26T16:49:45.487" classname="SessionTest" />
  </testsuite>
  <testsuite name="SessionManagerTest" tests="19" failures="0" disabled="0" skipped="0" errors="0" time="0.123" timestamp="2025-07-26T16:49:45.487">
    <testcase name="ConstructorCreatesDirectory" file="/home/bigattichouse/workspace/headlessweb/tests/session/test_session_manager.cpp" line="31" status="run" result="completed" time="0." timestamp="2025-07-26T16:49:45.487" classname="SessionManagerTest" />
    <testcase name="LoadOrCreateNewSession" file="/home/bigattichouse/workspace/headlessweb/tests/session/test_session_manager.cpp" line="37" status="run" result="completed" time="0." timestamp="2025-07-26T16:49:45.487" classname="SessionManagerTest" />
    <testcase name="SaveAndLoadSession" file="/home/bigattichouse/workspace/headlessweb/tests/session/test_session_manager.cpp" line="47" status="run" result="completed" time="0." timestamp="2025-07-26T16:49:45.488" classname="SessionManagerTest" />
    <testcase name="SessionFileCreation" file="/home/bigattichouse/workspace/headlessweb/tests/session/test_session_manager.cpp" line="83" status="run" result="completed" time="0." timestamp="2025-07-26T16:49:45.488" classname="SessionManagerTest" />
    <testcase name="DeleteSession" file="/home/bigattichouse/workspace/headlessweb/tests/session/test_session_manager.cpp" line="110" status="run" result="completed" time="0." timestamp="2025-07-26T16:49:45.488" classname="SessionManagerTest" />
    <testcase name="DeleteNonexistentSession" file="/home/bigattichouse/workspace/headlessweb/tests/session/test_session_manager.cpp" line="127" status="run" result="completed" time="0." timestamp="2025-07-26T16:49:45.488" classname="SessionManagerTest" />
    <testcase name="ListEmptySessions" file="/home/bigattichouse/workspace/headlessweb/tests/session/test_session_manager.cpp" line="134" status="run" result="completed" time="0." timestamp="2025-07-26T16:49:45.489" classname="SessionManagerTest" />
    <testcase name="ListSingleSession" file="/home/bigattichouse/workspace/headlessweb/tests/session/test_session_manager.cpp" line="139" status="run" result="completed" time="0." timestamp="2025-07-26T16:49:45.489" classname="SessionManagerTest" />
    <testcase name="ListMultipleSessions" file="/home/bigattichouse/workspace/headlessweb/tests/session/test_session_manager.cpp" line="153" status="run" result="completed" time="0." timestamp="2025-07-26T16:49:45.489" classname="SessionManagerTest" />
    <testcase name="SessionSizeTracking" file="/home/bigattichouse/workspace/headlessweb/tests/session/test_session_manager.cpp" line="195" status="run" result="completed" time="0." timestamp="2025-07-26T16:49:45.489" classname="SessionManagerTest" />
    <testcase name="InvalidSessionNames" file="/home/bigattichouse/workspace/headlessweb/tests/session/test_session_manager.cpp" line="232" status="run" result="completed" time="0." timestamp="2025-07-26T16:49:45.490" classname="SessionManagerTest" />
    <testcase name="VeryLargeSession" file="/home/bigattichouse/workspace/headlessweb/tests/session/test_session_manager.cpp" line="247" status="run" result="completed" time="0.102" timestamp="2025-07-26T16:49:45.491" classname="SessionManagerTest" />
    <testcase name="ConcurrentAccess" file="/home/bigattichouse/workspace/headlessweb/tests/session/test_session_manager.cpp" line="274" status="run" result="completed" time="0." timestamp="2025-07-26T16:49:45.593" classname="SessionManagerTest" />
    <testcase name="CorruptedSessionFile" file="/home/bigattichouse/workspace/headlessweb/tests/session/test_session_manager.cpp" line="291" status="run" result="completed" time="0." timestamp="2025-07-26T16:49:45.594" classname="SessionManagerTest" />
    <testcase name="ReadOnlyDirectory" file="/home/bigattichouse/workspace/headlessweb/tests/session/test_session_manager.cpp" line="304" status="run" result="completed" time="0." timestamp="2025-07-26T16:49:45.594" classname="SessionManagerTest" />
    <testcase name="SessionFileNaming" file="/home/bigattichouse/workspace/headlessweb/tests/session/test_session_manager.cpp" line="332" status="run" result="completed" time="0.001" timestamp="2025-07-26T16:49:45.594" classname="SessionManagerTest" />
    <testcase name="NestedDirectoryCreation" file="/home/bigattichouse/workspace/headlessweb/tests/session/test_session_manager.cpp" line="360" status="run" result="completed" time="0." timestamp="2025-07-26T16:49:45.596" classname="SessionManagerTest" />
    <testcase name="SessionLastAccessedTime" file="/home/bigattichouse/workspace/headlessweb/tests/session/test_session_manager.cpp" line="376" status="run" result="completed" time="0." timestamp="2025-07-26T16:49:45.596" classname="SessionManagerTest" />
    <testcase name="ManySessionsPerformance" file="/home/bigattichouse/workspace/headlessweb/tests/session/test_session_manager.cpp" line="396" status="run" result="completed" time="0.014" timestamp="2025-07-26T16:49:45.597" classname="SessionManagerTest" />
  </testsuite>
  <testsuite name="AssertionTypesTest" tests="22" failures="0" disabled="0" skipped="0" errors="0" time="0.01" timestamp="2025-07-26T16:49:45.611">
    <testcase name="ResultEnumValues" file="/home/bigattichouse/workspace/headlessweb/tests/assertion/test_assertion_types.cpp" line="18" status="run" result="completed" time="0." timestamp="2025-07-26T16:49:45.611" classname="AssertionTypesTest" />
    <testcase name="ComparisonOperatorEnumValues" file="/home/bigattichouse/workspace/headlessweb/tests/assertion/test_assertion_types.cpp" line="26" status="run" result="completed" time="0." timestamp="2025-07-26T16:49:45.611" classname="AssertionTypesTest" />
    <testcase name="CommandDefaultConstruction" file="/home/bigattichouse/workspace/headlessweb/tests/assertion/test_assertion_types.cpp" line="46" status="run" result="completed" time="0." timestamp="2025-07-26T16:49:45.611" classname="AssertionTypesTest" />
    <testcase name="CommandInitialization" file="/home/bigattichouse/workspace/headlessweb/tests/assertion/test_assertion_types.cpp" line="62" status="run" result="completed" time="0." timestamp="2025-07-26T16:49:45.611" classname="AssertionTypesTest" />
    <testcase name="CommandWithDifferentTypes" file="/home/bigattichouse/workspace/headlessweb/tests/assertion/test_assertion_types.cpp" line="85" status="run" result="completed" time="0." timestamp="2025-07-26T16:49:45.611" classname="AssertionTypesTest" />
    <testcase name="CommandWithComplexSelectors" file="/home/bigattichouse/workspace/headlessweb/tests/assertion/test_assertion_types.cpp" line="97" status="run" result="completed" time="0." timestamp="2025-07-26T16:49:45.611" classname="AssertionTypesTest" />
    <testcase name="TestResultDefaultConstruction" file="/home/bigattichouse/workspace/headlessweb/tests/assertion/test_assertion_types.cpp" line="118" status="run" result="completed" time="0." timestamp="2025-07-26T16:49:45.611" classname="AssertionTypesTest" />
    <testcase name="TestResultInitialization" file="/home/bigattichouse/workspace/headlessweb/tests/assertion/test_assertion_types.cpp" line="132" status="run" result="completed" time="0." timestamp="2025-07-26T16:49:45.611" classname="AssertionTypesTest" />
    <testcase name="TestResultWithAllResults" file="/home/bigattichouse/workspace/headlessweb/tests/assertion/test_assertion_types.cpp" line="153" status="run" result="completed" time="0." timestamp="2025-07-26T16:49:45.611" classname="AssertionTypesTest" />
    <testcase name="TestResultDurationHandling" file="/home/bigattichouse/workspace/headlessweb/tests/assertion/test_assertion_types.cpp" line="163" status="run" result="completed" time="0.01" timestamp="2025-07-26T16:49:45.611" classname="AssertionTypesTest" />
    <testcase name="SuiteResultDefaultConstruction" file="/home/bigattichouse/workspace/headlessweb/tests/assertion/test_assertion_types.cpp" line="188" status="run" result="completed" time="0." timestamp="2025-07-26T16:49:45.621" classname="AssertionTypesTest" />
    <testcase name="SuiteResultInitialization" file="/home/bigattichouse/workspace/headlessweb/tests/assertion/test_assertion_types.cpp" line="200" status="run" result="completed" time="0." timestamp="2025-07-26T16:49:45.621" classname="AssertionTypesTest" />
    <testcase name="SuiteResultWithTestResults" file="/home/bigattichouse/workspace/headlessweb/tests/assertion/test_assertion_types.cpp" line="220" status="run" result="completed" time="0." timestamp="2025-07-26T16:49:45.621" classname="AssertionTypesTest" />
    <testcase name="SuiteResultStatisticsConsistency" file="/home/bigattichouse/workspace/headlessweb/tests/assertion/test_assertion_types.cpp" line="250" status="run" result="completed" time="0." timestamp="2025-07-26T16:49:45.621" classname="AssertionTypesTest" />
    <testcase name="EmptyStringHandling" file="/home/bigattichouse/workspace/headlessweb/tests/assertion/test_assertion_types.cpp" line="287" status="run" result="completed" time="0." timestamp="2025-07-26T16:49:45.621" classname="AssertionTypesTest" />
    <testcase name="LargeStringHandling" file="/home/bigattichouse/workspace/headlessweb/tests/assertion/test_assertion_types.cpp" line="301" status="run" result="completed" time="0." timestamp="2025-07-26T16:49:45.621" classname="AssertionTypesTest" />
    <testcase name="UnicodeStringHandling" file="/home/bigattichouse/workspace/headlessweb/tests/assertion/test_assertion_types.cpp" line="311" status="run" result="completed" time="0." timestamp="2025-07-26T16:49:45.621" classname="AssertionTypesTest" />
    <testcase name="SpecialCharacterHandling" file="/home/bigattichouse/workspace/headlessweb/tests/assertion/test_assertion_types.cpp" line="322" status="run" result="completed" time="0." timestamp="2025-07-26T16:49:45.621" classname="AssertionTypesTest" />
    <testcase name="ExtremeTimeoutValues" file="/home/bigattichouse/workspace/headlessweb/tests/assertion/test_assertion_types.cpp" line="346" status="run" result="completed" time="0." timestamp="2025-07-26T16:49:45.621" classname="AssertionTypesTest" />
    <testcase name="SuiteResultTimeCalculations" file="/home/bigattichouse/workspace/headlessweb/tests/assertion/test_assertion_types.cpp" line="364" status="run" result="completed" time="0." timestamp="2025-07-26T16:49:45.621" classname="AssertionTypesTest" />
    <testcase name="CommandCopyAndAssignment" file="/home/bigattichouse/workspace/headlessweb/tests/assertion/test_assertion_types.cpp" line="381" status="run" result="completed" time="0." timestamp="2025-07-26T16:49:45.621" classname="AssertionTypesTest" />
    <testcase name="TestResultCopyAndAssignment" file="/home/bigattichouse/workspace/headlessweb/tests/assertion/test_assertion_types.cpp" line="407" status="run" result="completed" time="0." timestamp="2025-07-26T16:49:45.621" classname="AssertionTypesTest" />
  </testsuite>
  <testsuite name="OutputFormatterTest" tests="18" failures="0" disabled="0" skipped="0" errors="0" time="0." timestamp="2025-07-26T16:49:45.621">
    <testcase name="FormatPassingTestResult" file="/home/bigattichouse/workspace/headlessweb/tests/assertion/test_output_formatter.cpp" line="51" status="run" result="completed" time="0." timestamp="2025-07-26T16:49:45.621" classname="OutputFormatterTest" />
    <testcase name="FormatFailingTestResult" file="/home/bigattichouse/workspace/headlessweb/tests/assertion/test_output_formatter.cpp" line="61" status="run" result="completed" time="0." timestamp="2025-07-26T16:49:45.621" classname="OutputFormatterTest" />
    <testcase name="FormatErrorTestResult" file="/home/bigattichouse/workspace/headlessweb/tests/assertion/test_output_formatter.cpp" line="73" status="run" result="completed" time="0." timestamp="2025-07-26T16:49:45.621" classname="OutputFormatterTest" />
    <testcase name="FormatTestResultAsJson" file="/home/bigattichouse/workspace/headlessweb/tests/assertion/test_output_formatter.cpp" line="85" status="run" result="completed" time="0." timestamp="2025-07-26T16:49:45.621" classname="OutputFormatterTest" />
    <testcase name="FormatErrorMessage" file="/home/bigattichouse/workspace/headlessweb/tests/assertion/test_output_formatter.cpp" line="110" status="run" result="completed" time="0." timestamp="2025-07-26T16:49:45.621" classname="OutputFormatterTest" />
    <testcase name="FormatErrorMessageAsJson" file="/home/bigattichouse/workspace/headlessweb/tests/assertion/test_output_formatter.cpp" line="118" status="run" result="completed" time="0." timestamp="2025-07-26T16:49:45.621" classname="OutputFormatterTest" />
    <testcase name="FormatBasicSuiteResult" file="/home/bigattichouse/workspace/headlessweb/tests/assertion/test_output_formatter.cpp" line="131" status="run" result="completed" time="0." timestamp="2025-07-26T16:49:45.621" classname="OutputFormatterTest" />
    <testcase name="FormatSuiteResultAsJson" file="/home/bigattichouse/workspace/headlessweb/tests/assertion/test_output_formatter.cpp" line="147" status="run" result="completed" time="0." timestamp="2025-07-26T16:49:45.621" classname="OutputFormatterTest" />
    <testcase name="FormatSuiteWithTestResults" file="/home/bigattichouse/workspace/headlessweb/tests/assertion/test_output_formatter.cpp" line="165" status="run" result="completed" time="0." timestamp="2025-07-26T16:49:45.621" classname="OutputFormatterTest" />
    <testcase name="FormatJUnitXMLBasic" file="/home/bigattichouse/workspace/headlessweb/tests/assertion/test_output_formatter.cpp" line="188" status="run" result="completed" time="0." timestamp="2025-07-26T16:49:45.621" classname="OutputFormatterTest" />
    <testcase name="FormatJUnitXMLWithErrors" file="/home/bigattichouse/workspace/headlessweb/tests/assertion/test_output_formatter.cpp" line="213" status="run" result="completed" time="0." timestamp="2025-07-26T16:49:45.621" classname="OutputFormatterTest" />
    <testcase name="FormatResultWithSpecialCharacters" file="/home/bigattichouse/workspace/headlessweb/tests/assertion/test_output_formatter.cpp" line="233" status="run" result="completed" time="0." timestamp="2025-07-26T16:49:45.621" classname="OutputFormatterTest" />
    <testcase name="FormatLongTestNames" file="/home/bigattichouse/workspace/headlessweb/tests/assertion/test_output_formatter.cpp" line="243" status="run" result="completed" time="0." timestamp="2025-07-26T16:49:45.621" classname="OutputFormatterTest" />
    <testcase name="FormatEmptySuite" file="/home/bigattichouse/workspace/headlessweb/tests/assertion/test_output_formatter.cpp" line="255" status="run" result="completed" time="0." timestamp="2025-07-26T16:49:45.621" classname="OutputFormatterTest" />
    <testcase name="FormatResultWithEmptyValues" file="/home/bigattichouse/workspace/headlessweb/tests/assertion/test_output_formatter.cpp" line="269" status="run" result="completed" time="0." timestamp="2025-07-26T16:49:45.621" classname="OutputFormatterTest" />
    <testcase name="FormatResultWithUnicodeCharacters" file="/home/bigattichouse/workspace/headlessweb/tests/assertion/test_output_formatter.cpp" line="282" status="run" result="completed" time="0." timestamp="2025-07-26T16:49:45.621" classname="OutputFormatterTest" />
    <testcase name="FormatDurationInResults" file="/home/bigattichouse/workspace/headlessweb/tests/assertion/test_output_formatter.cpp" line="295" status="run" result="completed" time="0." timestamp="2025-07-26T16:49:45.622" classname="OutputFormatterTest" />
    <testcase name="FormatSuiteDuration" file="/home/bigattichouse/workspace/headlessweb/tests/assertion/test_output_formatter.cpp" line="309" status="run" result="completed" time="0." timestamp="2025-07-26T16:49:45.622" classname="OutputFormatterTest" />
  </testsuite>
  <testsuite name="FileOpsTypesTest" tests="30" failures="0" disabled="0" skipped="0" errors="0" time="0.003" timestamp="2025-07-26T16:49:45.622">
    <testcase name="UploadResultEnumValues" file="/home/bigattichouse/workspace/headlessweb/tests/fileops/test_types.cpp" line="37" status="run" result="completed" time="0." timestamp="2025-07-26T16:49:45.622" classname="FileOpsTypesTest" />
    <testcase name="DownloadResultEnumValues" file="/home/bigattichouse/workspace/headlessweb/tests/fileops/test_types.cpp" line="50" status="run" result="completed" time="0." timestamp="2025-07-26T16:49:45.622" classname="FileOpsTypesTest" />
    <testcase name="WaitConditionEnumValues" file="/home/bigattichouse/workspace/headlessweb/tests/fileops/test_types.cpp" line="60" status="run" result="completed" time="0." timestamp="2025-07-26T16:49:45.622" classname="FileOpsTypesTest" />
    <testcase name="ComparisonOperatorEnumValues" file="/home/bigattichouse/workspace/headlessweb/tests/fileops/test_types.cpp" line="74" status="run" result="completed" time="0." timestamp="2025-07-26T16:49:45.622" classname="FileOpsTypesTest" />
    <testcase name="UploadCommandDefaultValues" file="/home/bigattichouse/workspace/headlessweb/tests/fileops/test_types.cpp" line="87" status="run" result="completed" time="0." timestamp="2025-07-26T16:49:45.622" classname="FileOpsTypesTest" />
    <testcase name="UploadCommandCustomization" file="/home/bigattichouse/workspace/headlessweb/tests/fileops/test_types.cpp" line="102" status="run" result="completed" time="0." timestamp="2025-07-26T16:49:45.622" classname="FileOpsTypesTest" />
    <testcase name="UploadCommandFileTypeValidation" file="/home/bigattichouse/workspace/headlessweb/tests/fileops/test_types.cpp" line="127" status="run" result="completed" time="0." timestamp="2025-07-26T16:49:45.622" classname="FileOpsTypesTest" />
    <testcase name="UploadCommandAllowAllTypes" file="/home/bigattichouse/workspace/headlessweb/tests/fileops/test_types.cpp" line="138" status="run" result="completed" time="0." timestamp="2025-07-26T16:49:45.622" classname="FileOpsTypesTest" />
    <testcase name="UploadCommandFileExtraction" file="/home/bigattichouse/workspace/headlessweb/tests/fileops/test_types.cpp" line="148" status="run" result="completed" time="0." timestamp="2025-07-26T16:49:45.622" classname="FileOpsTypesTest" />
    <testcase name="DownloadCommandDefaultValues" file="/home/bigattichouse/workspace/headlessweb/tests/fileops/test_types.cpp" line="162" status="run" result="completed" time="0." timestamp="2025-07-26T16:49:45.622" classname="FileOpsTypesTest" />
    <testcase name="DownloadCommandCustomization" file="/home/bigattichouse/workspace/headlessweb/tests/fileops/test_types.cpp" line="175" status="run" result="completed" time="0." timestamp="2025-07-26T16:49:45.622" classname="FileOpsTypesTest" />
    <testcase name="DownloadCommandPatternMatching" file="/home/bigattichouse/workspace/headlessweb/tests/fileops/test_types.cpp" line="198" status="run" result="completed" time="0." timestamp="2025-07-26T16:49:45.623" classname="FileOpsTypesTest" />
    <testcase name="DownloadCommandPatternTypes" file="/home/bigattichouse/workspace/headlessweb/tests/fileops/test_types.cpp" line="218" status="run" result="completed" time="0." timestamp="2025-07-26T16:49:45.623" classname="FileOpsTypesTest" />
    <testcase name="WaitCommandDefaultValues" file="/home/bigattichouse/workspace/headlessweb/tests/fileops/test_types.cpp" line="242" status="run" result="completed" time="0." timestamp="2025-07-26T16:49:45.623" classname="FileOpsTypesTest" />
    <testcase name="WaitCommandCustomization" file="/home/bigattichouse/workspace/headlessweb/tests/fileops/test_types.cpp" line="257" status="run" result="completed" time="0." timestamp="2025-07-26T16:49:45.623" classname="FileOpsTypesTest" />
    <testcase name="WaitCommandValidation" file="/home/bigattichouse/workspace/headlessweb/tests/fileops/test_types.cpp" line="284" status="run" result="completed" time="0." timestamp="2025-07-26T16:49:45.623" classname="FileOpsTypesTest" />
    <testcase name="FileInfoCreation" file="/home/bigattichouse/workspace/headlessweb/tests/fileops/test_types.cpp" line="312" status="run" result="completed" time="0." timestamp="2025-07-26T16:49:45.623" classname="FileOpsTypesTest" />
    <testcase name="FileInfoNonexistentFile" file="/home/bigattichouse/workspace/headlessweb/tests/fileops/test_types.cpp" line="326" status="run" result="completed" time="0." timestamp="2025-07-26T16:49:45.623" classname="FileOpsTypesTest" />
    <testcase name="FileInfoSizeString" file="/home/bigattichouse/workspace/headlessweb/tests/fileops/test_types.cpp" line="338" status="run" result="completed" time="0." timestamp="2025-07-26T16:49:45.623" classname="FileOpsTypesTest" />
    <testcase name="FileInfoAgeCheck" file="/home/bigattichouse/workspace/headlessweb/tests/fileops/test_types.cpp" line="357" status="run" result="completed" time="0." timestamp="2025-07-26T16:49:45.624" classname="FileOpsTypesTest" />
    <testcase name="DownloadProgressCalculations" file="/home/bigattichouse/workspace/headlessweb/tests/fileops/test_types.cpp" line="374" status="run" result="completed" time="0." timestamp="2025-07-26T16:49:45.624" classname="FileOpsTypesTest" />
    <testcase name="DownloadProgressZeroSize" file="/home/bigattichouse/workspace/headlessweb/tests/fileops/test_types.cpp" line="390" status="run" result="completed" time="0." timestamp="2025-07-26T16:49:45.624" classname="FileOpsTypesTest" />
    <testcase name="DownloadProgressStability" file="/home/bigattichouse/workspace/headlessweb/tests/fileops/test_types.cpp" line="400" status="run" result="completed" time="0." timestamp="2025-07-26T16:49:45.624" classname="FileOpsTypesTest" />
    <testcase name="NetworkRequestLifecycle" file="/home/bigattichouse/workspace/headlessweb/tests/fileops/test_types.cpp" line="413" status="run" result="completed" time="0." timestamp="2025-07-26T16:49:45.625" classname="FileOpsTypesTest" />
    <testcase name="NetworkStateManagement" file="/home/bigattichouse/workspace/headlessweb/tests/fileops/test_types.cpp" line="436" status="run" result="completed" time="0." timestamp="2025-07-26T16:49:45.625" classname="FileOpsTypesTest" />
    <testcase name="NetworkStateIdleDetection" file="/home/bigattichouse/workspace/headlessweb/tests/fileops/test_types.cpp" line="461" status="run" result="completed" time="0." timestamp="2025-07-26T16:49:45.625" classname="FileOpsTypesTest" />
    <testcase name="ResultToStringConversions" file="/home/bigattichouse/workspace/headlessweb/tests/fileops/test_types.cpp" line="478" status="run" result="completed" time="0." timestamp="2025-07-26T16:49:45.625" classname="FileOpsTypesTest" />
    <testcase name="ValidationUtilities" file="/home/bigattichouse/workspace/headlessweb/tests/fileops/test_types.cpp" line="496" status="run" result="completed" time="0." timestamp="2025-07-26T16:49:45.625" classname="FileOpsTypesTest" />
    <testcase name="PlatformUtilities" file="/home/bigattichouse/workspace/headlessweb/tests/fileops/test_types.cpp" line="524" status="run" result="completed" time="0." timestamp="2025-07-26T16:49:45.625" classname="FileOpsTypesTest" />
    <testcase name="TimeUtilities" file="/home/bigattichouse/workspace/headlessweb/tests/fileops/test_types.cpp" line="539" status="run" result="completed" time="0." timestamp="2025-07-26T16:49:45.625" classname="FileOpsTypesTest" />
  </testsuite>
  <testsuite name="PathUtilsTest" tests="54" failures="0" disabled="0" skipped="0" errors="0" time="0.013" timestamp="2025-07-26T16:49:45.625">
    <testcase name="NormalizePathBasic" file="/home/bigattichouse/workspace/headlessweb/tests/fileops/test_path_utils.cpp" line="37" status="run" result="completed" time="0." timestamp="2025-07-26T16:49:45.625" classname="PathUtilsTest" />
    <testcase name="NormalizePathWithDots" file="/home/bigattichouse/workspace/headlessweb/tests/fileops/test_path_utils.cpp" line="44" status="run" result="completed" time="0." timestamp="2025-07-26T16:49:45.626" classname="PathUtilsTest" />
    <testcase name="NormalizePathWindows" file="/home/bigattichouse/workspace/headlessweb/tests/fileops/test_path_utils.cpp" line="51" status="run" result="completed" time="0." timestamp="2025-07-26T16:49:45.626" classname="PathUtilsTest" />
    <testcase name="ToAbsolutePath" file="/home/bigattichouse/workspace/headlessweb/tests/fileops/test_path_utils.cpp" line="63" status="run" result="completed" time="0." timestamp="2025-07-26T16:49:45.626" classname="PathUtilsTest" />
    <testcase name="ToAbsolutePathAlreadyAbsolute" file="/home/bigattichouse/workspace/headlessweb/tests/fileops/test_path_utils.cpp" line="71" status="run" result="completed" time="0." timestamp="2025-07-26T16:49:45.626" classname="PathUtilsTest" />
    <testcase name="GetFileName" file="/home/bigattichouse/workspace/headlessweb/tests/fileops/test_path_utils.cpp" line="80" status="run" result="completed" time="0." timestamp="2025-07-26T16:49:45.627" classname="PathUtilsTest" />
    <testcase name="GetDirectory" file="/home/bigattichouse/workspace/headlessweb/tests/fileops/test_path_utils.cpp" line="87" status="run" result="completed" time="0." timestamp="2025-07-26T16:49:45.627" classname="PathUtilsTest" />
    <testcase name="GetExtension" file="/home/bigattichouse/workspace/headlessweb/tests/fileops/test_path_utils.cpp" line="93" status="run" result="completed" time="0." timestamp="2025-07-26T16:49:45.627" classname="PathUtilsTest" />
    <testcase name="JoinPaths" file="/home/bigattichouse/workspace/headlessweb/tests/fileops/test_path_utils.cpp" line="101" status="run" result="completed" time="0." timestamp="2025-07-26T16:49:45.627" classname="PathUtilsTest" />
    <testcase name="JoinPathsWithEmpty" file="/home/bigattichouse/workspace/headlessweb/tests/fileops/test_path_utils.cpp" line="110" status="run" result="completed" time="0." timestamp="2025-07-26T16:49:45.627" classname="PathUtilsTest" />
    <testcase name="JoinPathsEmpty" file="/home/bigattichouse/workspace/headlessweb/tests/fileops/test_path_utils.cpp" line="118" status="run" result="completed" time="0." timestamp="2025-07-26T16:49:45.628" classname="PathUtilsTest" />
    <testcase name="GetDefaultDownloadDirectory" file="/home/bigattichouse/workspace/headlessweb/tests/fileops/test_path_utils.cpp" line="127" status="run" result="completed" time="0." timestamp="2025-07-26T16:49:45.628" classname="PathUtilsTest" />
    <testcase name="GetHomeDirectory" file="/home/bigattichouse/workspace/headlessweb/tests/fileops/test_path_utils.cpp" line="137" status="run" result="completed" time="0." timestamp="2025-07-26T16:49:45.628" classname="PathUtilsTest" />
    <testcase name="GetTempDirectory" file="/home/bigattichouse/workspace/headlessweb/tests/fileops/test_path_utils.cpp" line="145" status="run" result="completed" time="0." timestamp="2025-07-26T16:49:45.628" classname="PathUtilsTest" />
    <testcase name="CreateDirectoriesIfNeeded" file="/home/bigattichouse/workspace/headlessweb/tests/fileops/test_path_utils.cpp" line="153" status="run" result="completed" time="0." timestamp="2025-07-26T16:49:45.629" classname="PathUtilsTest" />
    <testcase name="CreateDirectoriesIfNeededAlreadyExists" file="/home/bigattichouse/workspace/headlessweb/tests/fileops/test_path_utils.cpp" line="163" status="run" result="completed" time="0." timestamp="2025-07-26T16:49:45.629" classname="PathUtilsTest" />
    <testcase name="ExistsFile" file="/home/bigattichouse/workspace/headlessweb/tests/fileops/test_path_utils.cpp" line="171" status="run" result="completed" time="0." timestamp="2025-07-26T16:49:45.629" classname="PathUtilsTest" />
    <testcase name="IsFile" file="/home/bigattichouse/workspace/headlessweb/tests/fileops/test_path_utils.cpp" line="176" status="run" result="completed" time="0." timestamp="2025-07-26T16:49:45.629" classname="PathUtilsTest" />
    <testcase name="IsDirectory" file="/home/bigattichouse/workspace/headlessweb/tests/fileops/test_path_utils.cpp" line="182" status="run" result="completed" time="0." timestamp="2025-07-26T16:49:45.630" classname="PathUtilsTest" />
    <testcase name="IsReadable" file="/home/bigattichouse/workspace/headlessweb/tests/fileops/test_path_utils.cpp" line="188" status="run" result="completed" time="0." timestamp="2025-07-26T16:49:45.630" classname="PathUtilsTest" />
    <testcase name="IsWritable" file="/home/bigattichouse/workspace/headlessweb/tests/fileops/test_path_utils.cpp" line="193" status="run" result="completed" time="0." timestamp="2025-07-26T16:49:45.630" classname="PathUtilsTest" />
    <testcase name="GetFileSize" file="/home/bigattichouse/workspace/headlessweb/tests/fileops/test_path_utils.cpp" line="198" status="run" result="completed" time="0." timestamp="2025-07-26T16:49:45.630" classname="PathUtilsTest" />
    <testcase name="GetFileSizeNonExistent" file="/home/bigattichouse/workspace/headlessweb/tests/fileops/test_path_utils.cpp" line="205" status="run" result="completed" time="0." timestamp="2025-07-26T16:49:45.630" classname="PathUtilsTest" />
    <testcase name="GetModificationTime" file="/home/bigattichouse/workspace/headlessweb/tests/fileops/test_path_utils.cpp" line="211" status="run" result="completed" time="0." timestamp="2025-07-26T16:49:45.631" classname="PathUtilsTest" />
    <testcase name="IsSecurePathValid" file="/home/bigattichouse/workspace/headlessweb/tests/fileops/test_path_utils.cpp" line="219" status="run" result="completed" time="0." timestamp="2025-07-26T16:49:45.631" classname="PathUtilsTest" />
    <testcase name="IsSecurePathDangerous" file="/home/bigattichouse/workspace/headlessweb/tests/fileops/test_path_utils.cpp" line="224" status="run" result="completed" time="0." timestamp="2025-07-26T16:49:45.631" classname="PathUtilsTest" />
    <testcase name="SanitizeFileName" file="/home/bigattichouse/workspace/headlessweb/tests/fileops/test_path_utils.cpp" line="236" status="run" result="completed" time="0." timestamp="2025-07-26T16:49:45.632" classname="PathUtilsTest" />
    <testcase name="IsValidPathLength" file="/home/bigattichouse/workspace/headlessweb/tests/fileops/test_path_utils.cpp" line="248" status="run" result="completed" time="0." timestamp="2025-07-26T16:49:45.632" classname="PathUtilsTest" />
    <testcase name="IsAllowedFileType" file="/home/bigattichouse/workspace/headlessweb/tests/fileops/test_path_utils.cpp" line="256" status="run" result="completed" time="0." timestamp="2025-07-26T16:49:45.632" classname="PathUtilsTest" />
    <testcase name="IsAllowedFileTypeWildcard" file="/home/bigattichouse/workspace/headlessweb/tests/fileops/test_path_utils.cpp" line="264" status="run" result="completed" time="0." timestamp="2025-07-26T16:49:45.632" classname="PathUtilsTest" />
    <testcase name="FindFilesMatchingPattern" file="/home/bigattichouse/workspace/headlessweb/tests/fileops/test_path_utils.cpp" line="273" status="run" result="completed" time="0." timestamp="2025-07-26T16:49:45.632" classname="PathUtilsTest" />
    <testcase name="MatchesGlobPattern" file="/home/bigattichouse/workspace/headlessweb/tests/fileops/test_path_utils.cpp" line="288" status="run" result="completed" time="0." timestamp="2025-07-26T16:49:45.633" classname="PathUtilsTest" />
    <testcase name="MatchesRegexPattern" file="/home/bigattichouse/workspace/headlessweb/tests/fileops/test_path_utils.cpp" line="295" status="run" result="completed" time="0." timestamp="2025-07-26T16:49:45.633" classname="PathUtilsTest" />
    <testcase name="IsGlobPattern" file="/home/bigattichouse/workspace/headlessweb/tests/fileops/test_path_utils.cpp" line="300" status="run" result="completed" time="0." timestamp="2025-07-26T16:49:45.633" classname="PathUtilsTest" />
    <testcase name="IsRegexPattern" file="/home/bigattichouse/workspace/headlessweb/tests/fileops/test_path_utils.cpp" line="307" status="run" result="completed" time="0." timestamp="2025-07-26T16:49:45.634" classname="PathUtilsTest" />
    <testcase name="CopyFile" file="/home/bigattichouse/workspace/headlessweb/tests/fileops/test_path_utils.cpp" line="315" status="run" result="completed" time="0." timestamp="2025-07-26T16:49:45.634" classname="PathUtilsTest" />
    <testcase name="CopyFileNonExistent" file="/home/bigattichouse/workspace/headlessweb/tests/fileops/test_path_utils.cpp" line="325" status="run" result="completed" time="0." timestamp="2025-07-26T16:49:45.634" classname="PathUtilsTest" />
    <testcase name="MoveFile" file="/home/bigattichouse/workspace/headlessweb/tests/fileops/test_path_utils.cpp" line="333" status="run" result="completed" time="0." timestamp="2025-07-26T16:49:45.634" classname="PathUtilsTest" />
    <testcase name="DeleteFile" file="/home/bigattichouse/workspace/headlessweb/tests/fileops/test_path_utils.cpp" line="344" status="run" result="completed" time="0." timestamp="2025-07-26T16:49:45.635" classname="PathUtilsTest" />
    <testcase name="DeleteFileNonExistent" file="/home/bigattichouse/workspace/headlessweb/tests/fileops/test_path_utils.cpp" line="353" status="run" result="completed" time="0." timestamp="2025-07-26T16:49:45.635" classname="PathUtilsTest" />
    <testcase name="CreateEmptyFile" file="/home/bigattichouse/workspace/headlessweb/tests/fileops/test_path_utils.cpp" line="359" status="run" result="completed" time="0." timestamp="2025-07-26T16:49:45.635" classname="PathUtilsTest" />
    <testcase name="FormatFileSize" file="/home/bigattichouse/workspace/headlessweb/tests/fileops/test_path_utils.cpp" line="371" status="run" result="completed" time="0." timestamp="2025-07-26T16:49:45.635" classname="PathUtilsTest" />
    <testcase name="PathToUri" file="/home/bigattichouse/workspace/headlessweb/tests/fileops/test_path_utils.cpp" line="378" status="run" result="completed" time="0." timestamp="2025-07-26T16:49:45.636" classname="PathUtilsTest" />
    <testcase name="UriToPath" file="/home/bigattichouse/workspace/headlessweb/tests/fileops/test_path_utils.cpp" line="386" status="run" result="completed" time="0." timestamp="2025-07-26T16:49:45.636" classname="PathUtilsTest" />
    <testcase name="GenerateUniqueFileName" file="/home/bigattichouse/workspace/headlessweb/tests/fileops/test_path_utils.cpp" line="394" status="run" result="completed" time="0." timestamp="2025-07-26T16:49:45.636" classname="PathUtilsTest" />
    <testcase name="EscapeForShell" file="/home/bigattichouse/workspace/headlessweb/tests/fileops/test_path_utils.cpp" line="404" status="run" result="completed" time="0." timestamp="2025-07-26T16:49:45.636" classname="PathUtilsTest" />
    <testcase name="GetPathSeparator" file="/home/bigattichouse/workspace/headlessweb/tests/fileops/test_path_utils.cpp" line="414" status="run" result="completed" time="0." timestamp="2025-07-26T16:49:45.636" classname="PathUtilsTest" />
    <testcase name="IsValidFileNameChar" file="/home/bigattichouse/workspace/headlessweb/tests/fileops/test_path_utils.cpp" line="424" status="run" result="completed" time="0." timestamp="2025-07-26T16:49:45.637" classname="PathUtilsTest" />
    <testcase name="GetForbiddenChars" file="/home/bigattichouse/workspace/headlessweb/tests/fileops/test_path_utils.cpp" line="435" status="run" result="completed" time="0." timestamp="2025-07-26T16:49:45.637" classname="PathUtilsTest" />
    <testcase name="GlobToRegex" file="/home/bigattichouse/workspace/headlessweb/tests/fileops/test_path_utils.cpp" line="444" status="run" result="completed" time="0." timestamp="2025-07-26T16:49:45.637" classname="PathUtilsTest" />
    <testcase name="GetPlatformType" file="/home/bigattichouse/workspace/headlessweb/tests/fileops/test_path_utils.cpp" line="453" status="run" result="completed" time="0." timestamp="2025-07-26T16:49:45.637" classname="PathUtilsTest" />
    <testcase name="HandleEmptyPaths" file="/home/bigattichouse/workspace/headlessweb/tests/fileops/test_path_utils.cpp" line="462" status="run" result="completed" time="0." timestamp="2025-07-26T16:49:45.638" classname="PathUtilsTest" />
    <testcase name="HandleUnicodePaths" file="/home/bigattichouse/workspace/headlessweb/tests/fileops/test_path_utils.cpp" line="469" status="run" result="completed" time="0." timestamp="2025-07-26T16:49:45.638" classname="PathUtilsTest" />
    <testcase name="HandleVeryLongPaths" file="/home/bigattichouse/workspace/headlessweb/tests/fileops/test_path_utils.cpp" line="478" status="run" result="completed" time="0." timestamp="2025-07-26T16:49:45.638" classname="PathUtilsTest" />
  </testsuite>
  <testsuite name="UploadValidationTest" tests="6" failures="0" disabled="0" skipped="0" errors="0" time="0.003" timestamp="2025-07-26T16:49:45.638">
    <testcase name="ValidateExistingFile" file="/home/bigattichouse/workspace/headlessweb/tests/fileops/test_upload_manager.cpp" line="287" status="run" result="completed" time="0." timestamp="2025-07-26T16:49:45.638" classname="UploadValidationTest" />
    <testcase name="ValidateNonExistentFile" file="/home/bigattichouse/workspace/headlessweb/tests/fileops/test_upload_manager.cpp" line="295" status="run" result="completed" time="0." timestamp="2025-07-26T16:49:45.639" classname="UploadValidationTest" />
    <testcase name="ValidateFileSize" file="/home/bigattichouse/workspace/headlessweb/tests/fileops/test_upload_manager.cpp" line="303" status="run" result="completed" time="0." timestamp="2025-07-26T16:49:45.640" classname="UploadValidationTest" />
    <testcase name="ValidateFileTypeAllowed" file="/home/bigattichouse/workspace/headlessweb/tests/fileops/test_upload_manager.cpp" line="313" status="run" result="completed" time="0." timestamp="2025-07-26T16:49:45.640" classname="UploadValidationTest" />
    <testcase name="ValidateFileTypeRestricted" file="/home/bigattichouse/workspace/headlessweb/tests/fileops/test_upload_manager.cpp" line="323" status="run" result="completed" time="0." timestamp="2025-07-26T16:49:45.641" classname="UploadValidationTest" />
    <testcase name="ValidateFileTypeWildcard" file="/home/bigattichouse/workspace/headlessweb/tests/fileops/test_upload_manager.cpp" line="333" status="run" result="completed" time="0." timestamp="2025-07-26T16:49:45.641" classname="UploadValidationTest" />
  </testsuite>
  <testsuite name="UploadManagerTest" tests="38" failures="0" disabled="0" skipped="3" errors="0" time="59.512" timestamp="2025-07-26T16:49:45.642">
    <testcase name="ValidateUploadTargetExists" file="/home/bigattichouse/workspace/headlessweb/tests/fileops/test_upload_manager.cpp" line="343" status="run" result="completed" time="1.661" timestamp="2025-07-26T16:49:45.642" classname="UploadManagerTest" />
    <testcase name="ValidateUploadTargetNotExists" file="/home/bigattichouse/workspace/headlessweb/tests/fileops/test_upload_manager.cpp" line="395" status="run" result="completed" time="1.509" timestamp="2025-07-26T16:49:47.304" classname="UploadManagerTest" />
    <testcase name="PrepareValidFile" file="/home/bigattichouse/workspace/headlessweb/tests/fileops/test_upload_manager.cpp" line="408" status="run" result="completed" time="1.704" timestamp="2025-07-26T16:49:48.813" classname="UploadManagerTest" />
    <testcase name="PrepareNonExistentFile" file="/home/bigattichouse/workspace/headlessweb/tests/fileops/test_upload_manager.cpp" line="418" status="run" result="completed" time="1.506" timestamp="2025-07-26T16:49:50.518" classname="UploadManagerTest" />
    <testcase name="DetectMimeTypeByExtension" file="/home/bigattichouse/workspace/headlessweb/tests/fileops/test_upload_manager.cpp" line="426" status="run" result="completed" time="1.511" timestamp="2025-07-26T16:49:52.024" classname="UploadManagerTest" />
    <testcase name="SanitizeFileName" file="/home/bigattichouse/workspace/headlessweb/tests/fileops/test_upload_manager.cpp" line="434" status="run" result="completed" time="1.507" timestamp="2025-07-26T16:49:53.536" classname="UploadManagerTest" />
    <testcase name="SimulateFileSelection" file="/home/bigattichouse/workspace/headlessweb/tests/fileops/test_upload_manager.cpp" line="444" status="run" result="completed" time="1.508" timestamp="2025-07-26T16:49:55.044" classname="UploadManagerTest" />
    <testcase name="TriggerFileInputEvents" file="/home/bigattichouse/workspace/headlessweb/tests/fileops/test_upload_manager.cpp" line="455" status="run" result="completed" time="1.508" timestamp="2025-07-26T16:49:56.552" classname="UploadManagerTest" />
    <testcase name="SimulateFileDrop" file="/home/bigattichouse/workspace/headlessweb/tests/fileops/test_upload_manager.cpp" line="461" status="run" result="completed" time="1.707" timestamp="2025-07-26T16:49:58.061" classname="UploadManagerTest" />
    <testcase name="WaitForUploadCompletion" file="/home/bigattichouse/workspace/headlessweb/tests/fileops/test_upload_manager.cpp" line="473" status="run" result="completed" time="1.508" timestamp="2025-07-26T16:49:59.769" classname="UploadManagerTest" />
    <testcase name="MonitorUploadProgress" file="/home/bigattichouse/workspace/headlessweb/tests/fileops/test_upload_manager.cpp" line="485" status="run" result="completed" time="1.508" timestamp="2025-07-26T16:50:01.277" classname="UploadManagerTest" />
    <testcase name="VerifyUploadSuccess" file="/home/bigattichouse/workspace/headlessweb/tests/fileops/test_upload_manager.cpp" line="499" status="run" result="completed" time="1.707" timestamp="2025-07-26T16:50:02.786" classname="UploadManagerTest" />
    <testcase name="UploadMultipleFiles" file="/home/bigattichouse/workspace/headlessweb/tests/fileops/test_upload_manager.cpp" line="512" status="run" result="completed" time="1.512" timestamp="2025-07-26T16:50:04.494" classname="UploadManagerTest" />
    <testcase name="UploadMultipleFilesWithMissing" file="/home/bigattichouse/workspace/headlessweb/tests/fileops/test_upload_manager.cpp" line="523" status="run" result="completed" time="1.705" timestamp="2025-07-26T16:50:06.006" classname="UploadManagerTest" />
    <testcase name="UploadWithRetrySuccess" file="/home/bigattichouse/workspace/headlessweb/tests/fileops/test_upload_manager.cpp" line="536" status="run" result="completed" time="1.707" timestamp="2025-07-26T16:50:07.712" classname="UploadManagerTest" />
    <testcase name="UploadWithRetryTimeout" file="/home/bigattichouse/workspace/headlessweb/tests/fileops/test_upload_manager.cpp" line="547" status="run" result="completed" time="1.513" timestamp="2025-07-26T16:50:09.420" classname="UploadManagerTest" />
    <testcase name="ClearUploadState" file="/home/bigattichouse/workspace/headlessweb/tests/fileops/test_upload_manager.cpp" line="556" status="run" result="completed" time="1.707" timestamp="2025-07-26T16:50:10.933" classname="UploadManagerTest" />
    <testcase name="GetErrorMessage" file="/home/bigattichouse/workspace/headlessweb/tests/fileops/test_upload_manager.cpp" line="565" status="run" result="completed" time="1.704" timestamp="2025-07-26T16:50:12.640" classname="UploadManagerTest" />
    <testcase name="SetDefaultTimeout" file="/home/bigattichouse/workspace/headlessweb/tests/fileops/test_upload_manager.cpp" line="574" status="run" result="completed" time="1.511" timestamp="2025-07-26T16:50:14.345" classname="UploadManagerTest" />
    <testcase name="SetMaxFileSize" file="/home/bigattichouse/workspace/headlessweb/tests/fileops/test_upload_manager.cpp" line="581" status="run" result="completed" time="1.51" timestamp="2025-07-26T16:50:15.856" classname="UploadManagerTest" />
    <testcase name="SetProgressMonitoringEnabled" file="/home/bigattichouse/workspace/headlessweb/tests/fileops/test_upload_manager.cpp" line="592" status="run" result="completed" time="1.506" timestamp="2025-07-26T16:50:17.366" classname="UploadManagerTest" />
    <testcase name="GetCommonFileInputSelectors" file="/home/bigattichouse/workspace/headlessweb/tests/fileops/test_upload_manager.cpp" line="600" status="run" result="completed" time="1.512" timestamp="2025-07-26T16:50:18.873" classname="UploadManagerTest" />
    <testcase name="HasFileInputs" file="/home/bigattichouse/workspace/headlessweb/tests/fileops/test_upload_manager.cpp" line="607" status="run" result="completed" time="1.713" timestamp="2025-07-26T16:50:20.385" classname="UploadManagerTest" />
    <testcase name="FindFileInputs" file="/home/bigattichouse/workspace/headlessweb/tests/fileops/test_upload_manager.cpp" line="616" status="run" result="completed" time="1.707" timestamp="2025-07-26T16:50:22.099" classname="UploadManagerTest" />
    <testcase name="UploadResultToString" file="/home/bigattichouse/workspace/headlessweb/tests/fileops/test_upload_manager.cpp" line="626" status="run" result="completed" time="1.508" timestamp="2025-07-26T16:50:23.806" classname="UploadManagerTest" />
    <testcase name="UploadEmptyFile" file="/home/bigattichouse/workspace/headlessweb/tests/fileops/test_upload_manager.cpp" line="636" status="run" result="completed" time="1.512" timestamp="2025-07-26T16:50:25.315" classname="UploadManagerTest" />
    <testcase name="UploadFileWithSpecialCharacters" file="/home/bigattichouse/workspace/headlessweb/tests/fileops/test_upload_manager.cpp" line="645" status="run" result="completed" time="1.517" timestamp="2025-07-26T16:50:26.827" classname="UploadManagerTest" />
    <testcase name="UploadWithInvalidSelector" file="/home/bigattichouse/workspace/headlessweb/tests/fileops/test_upload_manager.cpp" line="656" status="run" result="completed" time="1.512" timestamp="2025-07-26T16:50:28.345" classname="UploadManagerTest" />
    <testcase name="EndToEndUploadWorkflow" file="/home/bigattichouse/workspace/headlessweb/tests/fileops/test_upload_manager.cpp" line="667" status="run" result="completed" time="1.513" timestamp="2025-07-26T16:50:29.857" classname="UploadManagerTest" />
    <testcase name="BrowserPageInteraction" file="/home/bigattichouse/workspace/headlessweb/tests/fileops/test_upload_manager.cpp" line="692" status="run" result="completed" time="1.509" timestamp="2025-07-26T16:50:31.371" classname="UploadManagerTest" />
    <testcase name="EnhancedFileValidation" file="/home/bigattichouse/workspace/headlessweb/tests/fileops/test_upload_manager.cpp" line="703" status="run" result="completed" time="1.51" timestamp="2025-07-26T16:50:32.881" classname="UploadManagerTest" />
    <testcase name="EnhancedMimeTypeDetection" file="/home/bigattichouse/workspace/headlessweb/tests/fileops/test_upload_manager.cpp" line="725" status="run" result="completed" time="1.509" timestamp="2025-07-26T16:50:34.392" classname="UploadManagerTest" />
    <testcase name="Base64Encoding" file="/home/bigattichouse/workspace/headlessweb/tests/fileops/test_upload_manager.cpp" line="750" status="run" result="skipped" time="1.703" timestamp="2025-07-26T16:50:35.901" classname="UploadManagerTest">
      <skipped message="/home/bigattichouse/workspace/headlessweb/tests/fileops/test_upload_manager.cpp:753&#x0A;Base64 encoding method is private&#x0A;"><![CDATA[/home/bigattichouse/workspace/headlessweb/tests/fileops/test_upload_manager.cpp:753
Base64 encoding method is private
]]></skipped>
    </testcase>
    <testcase name="JavaScriptGeneration" file="/home/bigattichouse/workspace/headlessweb/tests/fileops/test_upload_manager.cpp" line="756" status="run" result="skipped" time="1.509" timestamp="2025-07-26T16:50:37.605" classname="UploadManagerTest">
      <skipped message="/home/bigattichouse/workspace/headlessweb/tests/fileops/test_upload_manager.cpp:759&#x0A;JavaScript generation method is private&#x0A;"><![CDATA[/home/bigattichouse/workspace/headlessweb/tests/fileops/test_upload_manager.cpp:759
JavaScript generation method is private
]]></skipped>
    </testcase>
    <testcase name="JavaScriptEscaping" file="/home/bigattichouse/workspace/headlessweb/tests/fileops/test_upload_manager.cpp" line="762" status="run" result="skipped" time="1.513" timestamp="2025-07-26T16:50:39.115" classname="UploadManagerTest">
      <skipped message="/home/bigattichouse/workspace/headlessweb/tests/fileops/test_upload_manager.cpp:765&#x0A;JavaScript escaping method is private&#x0A;"><![CDATA[/home/bigattichouse/workspace/headlessweb/tests/fileops/test_upload_manager.cpp:765
JavaScript escaping method is private
]]></skipped>
    </testcase>
    <testcase name="EnhancedFileSimulation" file="/home/bigattichouse/workspace/headlessweb/tests/fileops/test_upload_manager.cpp" line="768" status="run" result="completed" time="1.508" timestamp="2025-07-26T16:50:40.629" classname="UploadManagerTest" />
    <testcase name="FilePreparationWithMetadata" file="/home/bigattichouse/workspace/headlessweb/tests/fileops/test_upload_manager.cpp" line="780" status="run" result="completed" time="1.505" timestamp="2025-07-26T16:50:42.137" classname="UploadManagerTest" />
    <testcase name="SecurityValidation" file="/home/bigattichouse/workspace/headlessweb/tests/fileops/test_upload_manager.cpp" line="798" status="run" result="completed" time="1.51" timestamp="2025-07-26T16:50:43.643" classname="UploadManagerTest" />
  </testsuite>
  <testsuite name="DownloadManagerTest" tests="47" failures="0" disabled="0" skipped="1" errors="0" time="24.963" timestamp="2025-07-26T16:50:45.154">
    <testcase name="GetDownloadDirectory" file="/home/bigattichouse/workspace/headlessweb/tests/fileops/test_download_manager.cpp" line="100" status="run" result="completed" time="0.2" timestamp="2025-07-26T16:50:45.154" classname="DownloadManagerTest" />
    <testcase name="SetDownloadDirectory_ValidDirectory" file="/home/bigattichouse/workspace/headlessweb/tests/fileops/test_download_manager.cpp" line="105" status="run" result="completed" time="0.2" timestamp="2025-07-26T16:50:45.355" classname="DownloadManagerTest" />
    <testcase name="SetDownloadDirectory_NonExistentDirectory" file="/home/bigattichouse/workspace/headlessweb/tests/fileops/test_download_manager.cpp" line="113" status="run" result="completed" time="0.2" timestamp="2025-07-26T16:50:45.555" classname="DownloadManagerTest" />
    <testcase name="EnsureDownloadDirectoryExists" file="/home/bigattichouse/workspace/headlessweb/tests/fileops/test_download_manager.cpp" line="120" status="run" result="completed" time="0.2" timestamp="2025-07-26T16:50:45.756" classname="DownloadManagerTest" />
    <testcase name="GetPotentialDownloadDirectories" file="/home/bigattichouse/workspace/headlessweb/tests/fileops/test_download_manager.cpp" line="127" status="run" result="completed" time="0.2" timestamp="2025-07-26T16:50:45.956" classname="DownloadManagerTest" />
    <testcase name="FindMatchingFiles_ExactMatch" file="/home/bigattichouse/workspace/headlessweb/tests/fileops/test_download_manager.cpp" line="141" status="run" result="completed" time="0.201" timestamp="2025-07-26T16:50:46.157" classname="DownloadManagerTest" />
    <testcase name="FindMatchingFiles_GlobPattern" file="/home/bigattichouse/workspace/headlessweb/tests/fileops/test_download_manager.cpp" line="150" status="run" result="completed" time="0.2" timestamp="2025-07-26T16:50:46.358" classname="DownloadManagerTest" />
    <testcase name="FileMatchesPattern_ExactMatch" file="/home/bigattichouse/workspace/headlessweb/tests/fileops/test_download_manager.cpp" line="159" status="run" result="completed" time="0.2" timestamp="2025-07-26T16:50:46.559" classname="DownloadManagerTest" />
    <testcase name="FileMatchesPattern_GlobPattern" file="/home/bigattichouse/workspace/headlessweb/tests/fileops/test_download_manager.cpp" line="164" status="run" result="completed" time="0.2" timestamp="2025-07-26T16:50:46.759" classname="DownloadManagerTest" />
    <testcase name="GetMostRecentMatchingFile" file="/home/bigattichouse/workspace/headlessweb/tests/fileops/test_download_manager.cpp" line="170" status="run" result="completed" time="0.301" timestamp="2025-07-26T16:50:46.960" classname="DownloadManagerTest" />
    <testcase name="IsGlobPattern" file="/home/bigattichouse/workspace/headlessweb/tests/fileops/test_download_manager.cpp" line="181" status="run" result="completed" time="0.2" timestamp="2025-07-26T16:50:47.261" classname="DownloadManagerTest" />
    <testcase name="IsRegexPattern" file="/home/bigattichouse/workspace/headlessweb/tests/fileops/test_download_manager.cpp" line="188" status="run" result="completed" time="0.2" timestamp="2025-07-26T16:50:47.461" classname="DownloadManagerTest" />
    <testcase name="GlobToRegex" file="/home/bigattichouse/workspace/headlessweb/tests/fileops/test_download_manager.cpp" line="193" status="run" result="completed" time="0.2" timestamp="2025-07-26T16:50:47.661" classname="DownloadManagerTest" />
    <testcase name="IsBrowserTempFile" file="/home/bigattichouse/workspace/headlessweb/tests/fileops/test_download_manager.cpp" line="202" status="run" result="completed" time="0.2" timestamp="2025-07-26T16:50:47.862" classname="DownloadManagerTest" />
    <testcase name="ResolveBrowserTempFile" file="/home/bigattichouse/workspace/headlessweb/tests/fileops/test_download_manager.cpp" line="211" status="run" result="completed" time="0.2" timestamp="2025-07-26T16:50:48.062" classname="DownloadManagerTest" />
    <testcase name="GetBrowserDownloadPatterns" file="/home/bigattichouse/workspace/headlessweb/tests/fileops/test_download_manager.cpp" line="218" status="run" result="completed" time="0.2" timestamp="2025-07-26T16:50:48.262" classname="DownloadManagerTest" />
    <testcase name="IsFileSizeStable_StableFile" file="/home/bigattichouse/workspace/headlessweb/tests/fileops/test_download_manager.cpp" line="236" status="run" result="completed" time="0.702" timestamp="2025-07-26T16:50:48.463" classname="DownloadManagerTest" />
    <testcase name="IsFileSizeStable_ChangingFile" file="/home/bigattichouse/workspace/headlessweb/tests/fileops/test_download_manager.cpp" line="246" status="run" result="skipped" time="0.2" timestamp="2025-07-26T16:50:49.165" classname="DownloadManagerTest">
      <skipped message="/home/bigattichouse/workspace/headlessweb/tests/fileops/test_download_manager.cpp:252&#x0A;Timing-dependent test skipped - covered by integration tests&#x0A;"><![CDATA[/home/bigattichouse/workspace/headlessweb/tests/fileops/test_download_manager.cpp:252
Timing-dependent test skipped - covered by integration tests
]]></skipped>
    </testcase>
    <testcase name="IsDownloadInProgress_RegularFile" file="/home/bigattichouse/workspace/headlessweb/tests/fileops/test_download_manager.cpp" line="255" status="run" result="completed" time="0.3" timestamp="2025-07-26T16:50:49.365" classname="DownloadManagerTest" />
    <testcase name="IsDownloadInProgress_TempFile" file="/home/bigattichouse/workspace/headlessweb/tests/fileops/test_download_manager.cpp" line="261" status="run" result="completed" time="0.2" timestamp="2025-07-26T16:50:49.666" classname="DownloadManagerTest" />
    <testcase name="WaitForDownloadCompletion_ImmediateComplete" file="/home/bigattichouse/workspace/headlessweb/tests/fileops/test_download_manager.cpp" line="267" status="run" result="completed" time="2.204" timestamp="2025-07-26T16:50:49.866" classname="DownloadManagerTest" />
    <testcase name="WaitForDownloadCompletion_DelayedComplete" file="/home/bigattichouse/workspace/headlessweb/tests/fileops/test_download_manager.cpp" line="277" status="run" result="completed" time="2.706" timestamp="2025-07-26T16:50:52.071" classname="DownloadManagerTest" />
    <testcase name="WaitForDownloadCompletion_Timeout" file="/home/bigattichouse/workspace/headlessweb/tests/fileops/test_download_manager.cpp" line="287" status="run" result="completed" time="0.702" timestamp="2025-07-26T16:50:54.777" classname="DownloadManagerTest" />
    <testcase name="VerifyDownloadIntegrity_ValidFile" file="/home/bigattichouse/workspace/headlessweb/tests/fileops/test_download_manager.cpp" line="297" status="run" result="completed" time="0.2" timestamp="2025-07-26T16:50:55.479" classname="DownloadManagerTest" />
    <testcase name="VerifyDownloadIntegrity_WrongSize" file="/home/bigattichouse/workspace/headlessweb/tests/fileops/test_download_manager.cpp" line="308" status="run" result="completed" time="0.2" timestamp="2025-07-26T16:50:55.680" classname="DownloadManagerTest" />
    <testcase name="VerifyDownloadIntegrity_NonExistentFile" file="/home/bigattichouse/workspace/headlessweb/tests/fileops/test_download_manager.cpp" line="318" status="run" result="completed" time="0.2" timestamp="2025-07-26T16:50:55.880" classname="DownloadManagerTest" />
    <testcase name="VerifyDownloadIntegrity_ZeroByteFile" file="/home/bigattichouse/workspace/headlessweb/tests/fileops/test_download_manager.cpp" line="326" status="run" result="completed" time="0.2" timestamp="2025-07-26T16:50:56.081" classname="DownloadManagerTest" />
    <testcase name="GetDownloadProgress_ValidFile" file="/home/bigattichouse/workspace/headlessweb/tests/fileops/test_download_manager.cpp" line="338" status="run" result="completed" time="0.2" timestamp="2025-07-26T16:50:56.281" classname="DownloadManagerTest" />
    <testcase name="GetDownloadProgress_NonExistentFile" file="/home/bigattichouse/workspace/headlessweb/tests/fileops/test_download_manager.cpp" line="348" status="run" result="completed" time="0.2" timestamp="2025-07-26T16:50:56.481" classname="DownloadManagerTest" />
    <testcase name="GetDownloadStatistics" file="/home/bigattichouse/workspace/headlessweb/tests/fileops/test_download_manager.cpp" line="356" status="run" result="completed" time="0.2" timestamp="2025-07-26T16:50:56.682" classname="DownloadManagerTest" />
    <testcase name="SetDefaultTimeout" file="/home/bigattichouse/workspace/headlessweb/tests/fileops/test_download_manager.cpp" line="365" status="run" result="completed" time="0.2" timestamp="2025-07-26T16:50:56.882" classname="DownloadManagerTest" />
    <testcase name="SetStabilityCheckDuration" file="/home/bigattichouse/workspace/headlessweb/tests/fileops/test_download_manager.cpp" line="371" status="run" result="completed" time="0.2" timestamp="2025-07-26T16:50:57.082" classname="DownloadManagerTest" />
    <testcase name="SetIntegrityVerificationEnabled" file="/home/bigattichouse/workspace/headlessweb/tests/fileops/test_download_manager.cpp" line="376" status="run" result="completed" time="0.2" timestamp="2025-07-26T16:50:57.283" classname="DownloadManagerTest" />
    <testcase name="SetPollingInterval" file="/home/bigattichouse/workspace/headlessweb/tests/fileops/test_download_manager.cpp" line="388" status="run" result="completed" time="0.2" timestamp="2025-07-26T16:50:57.483" classname="DownloadManagerTest" />
    <testcase name="DownloadResultToString" file="/home/bigattichouse/workspace/headlessweb/tests/fileops/test_download_manager.cpp" line="395" status="run" result="completed" time="0.2" timestamp="2025-07-26T16:50:57.683" classname="DownloadManagerTest" />
    <testcase name="GetErrorMessage" file="/home/bigattichouse/workspace/headlessweb/tests/fileops/test_download_manager.cpp" line="401" status="run" result="completed" time="0.2" timestamp="2025-07-26T16:50:57.883" classname="DownloadManagerTest" />
    <testcase name="SetDownloadCompletionHook" file="/home/bigattichouse/workspace/headlessweb/tests/fileops/test_download_manager.cpp" line="409" status="run" result="completed" time="0.2" timestamp="2025-07-26T16:50:58.084" classname="DownloadManagerTest" />
    <testcase name="CreateAndCheckDownloadManifest" file="/home/bigattichouse/workspace/headlessweb/tests/fileops/test_download_manager.cpp" line="444" status="run" result="completed" time="0.2" timestamp="2025-07-26T16:50:58.284" classname="DownloadManagerTest" />
    <testcase name="StartPollingFileMonitor_FileFound" file="/home/bigattichouse/workspace/headlessweb/tests/fileops/test_download_manager.cpp" line="456" status="run" result="completed" time="0.4" timestamp="2025-07-26T16:50:58.484" classname="DownloadManagerTest" />
    <testcase name="StartPollingFileMonitor_Timeout" file="/home/bigattichouse/workspace/headlessweb/tests/fileops/test_download_manager.cpp" line="482" status="run" result="completed" time="0.701" timestamp="2025-07-26T16:50:58.885" classname="DownloadManagerTest" />
    <testcase name="IsNativeFileWatchingAvailable" file="/home/bigattichouse/workspace/headlessweb/tests/fileops/test_download_manager.cpp" line="503" status="run" result="completed" time="0.2" timestamp="2025-07-26T16:50:59.587" classname="DownloadManagerTest" />
    <testcase name="WaitForDownload_ExistingFile" file="/home/bigattichouse/workspace/headlessweb/tests/fileops/test_download_manager.cpp" line="515" status="run" result="completed" time="0.2" timestamp="2025-07-26T16:50:59.787" classname="DownloadManagerTest" />
    <testcase name="WaitForDownload_NewFile" file="/home/bigattichouse/workspace/headlessweb/tests/fileops/test_download_manager.cpp" line="528" status="run" result="completed" time="4.214" timestamp="2025-07-26T16:50:59.988" classname="DownloadManagerTest" />
    <testcase name="WaitForDownload_DirectoryNotFound" file="/home/bigattichouse/workspace/headlessweb/tests/fileops/test_download_manager.cpp" line="542" status="run" result="completed" time="0.2" timestamp="2025-07-26T16:51:04.203" classname="DownloadManagerTest" />
    <testcase name="WaitForMultipleDownloads_Success" file="/home/bigattichouse/workspace/headlessweb/tests/fileops/test_download_manager.cpp" line="552" status="run" result="completed" time="4.812" timestamp="2025-07-26T16:51:04.403" classname="DownloadManagerTest" />
    <testcase name="WaitForMultipleDownloads_Timeout" file="/home/bigattichouse/workspace/headlessweb/tests/fileops/test_download_manager.cpp" line="568" status="run" result="completed" time="0.701" timestamp="2025-07-26T16:51:09.215" classname="DownloadManagerTest" />
    <testcase name="EnhancedBrowserTempFileDetection" file="/home/bigattichouse/workspace/headlessweb/tests/fileops/test_download_manager.cpp" line="582" status="run" result="completed" time="0.201" timestamp="2025-07-26T16:51:09.917" classname="DownloadManagerTest" />
  </testsuite>
  <testsuite name="CommandParsingTest" tests="11" failures="0" disabled="0" skipped="0" errors="0" time="0." timestamp="2025-07-26T16:51:10.118">
    <testcase name="BasicArgumentParsing" file="/home/bigattichouse/workspace/headlessweb/tests/main/test_command_parsing.cpp" line="55" status="run" result="completed" time="0." timestamp="2025-07-26T16:51:10.118" classname="CommandParsingTest" />
    <testcase name="URLValidation" file="/home/bigattichouse/workspace/headlessweb/tests/main/test_command_parsing.cpp" line="75" status="run" result="completed" time="0." timestamp="2025-07-26T16:51:10.118" classname="CommandParsingTest" />
    <testcase name="SessionNameValidation" file="/home/bigattichouse/workspace/headlessweb/tests/main/test_command_parsing.cpp" line="99" status="run" result="completed" time="0." timestamp="2025-07-26T16:51:10.118" classname="CommandParsingTest" />
    <testcase name="CommandStructureValidation" file="/home/bigattichouse/workspace/headlessweb/tests/main/test_command_parsing.cpp" line="128" status="run" result="completed" time="0." timestamp="2025-07-26T16:51:10.118" classname="CommandParsingTest" />
    <testcase name="InvalidCommandStructures" file="/home/bigattichouse/workspace/headlessweb/tests/main/test_command_parsing.cpp" line="142" status="run" result="completed" time="0." timestamp="2025-07-26T16:51:10.118" classname="CommandParsingTest" />
    <testcase name="OptionParsing" file="/home/bigattichouse/workspace/headlessweb/tests/main/test_command_parsing.cpp" line="159" status="run" result="completed" time="0." timestamp="2025-07-26T16:51:10.118" classname="CommandParsingTest" />
    <testcase name="ErrorHandling" file="/home/bigattichouse/workspace/headlessweb/tests/main/test_command_parsing.cpp" line="209" status="run" result="completed" time="0." timestamp="2025-07-26T16:51:10.119" classname="CommandParsingTest" />
    <testcase name="UsageInformation" file="/home/bigattichouse/workspace/headlessweb/tests/main/test_command_parsing.cpp" line="229" status="run" result="completed" time="0." timestamp="2025-07-26T16:51:10.119" classname="CommandParsingTest" />
    <testcase name="DefaultConfiguration" file="/home/bigattichouse/workspace/headlessweb/tests/main/test_command_parsing.cpp" line="252" status="run" result="completed" time="0." timestamp="2025-07-26T16:51:10.119" classname="CommandParsingTest" />
    <testcase name="CommandExecutionPatterns" file="/home/bigattichouse/workspace/headlessweb/tests/main/test_command_parsing.cpp" line="275" status="run" result="completed" time="0." timestamp="2025-07-26T16:51:10.119" classname="CommandParsingTest" />
    <testcase name="SecurityValidation" file="/home/bigattichouse/workspace/headlessweb/tests/main/test_command_parsing.cpp" line="307" status="run" result="completed" time="0." timestamp="2025-07-26T16:51:10.119" classname="CommandParsingTest" />
  </testsuite>
  <testsuite name="OutputTest" tests="6" failures="0" disabled="0" skipped="0" errors="0" time="0." timestamp="2025-07-26T16:51:10.119">
    <testcase name="InfoOutputInNormalMode" file="/home/bigattichouse/workspace/headlessweb/tests/hweb/test_output.cpp" line="27" status="run" result="completed" time="0." timestamp="2025-07-26T16:51:10.119" classname="OutputTest" />
    <testcase name="InfoOutputInSilentMode" file="/home/bigattichouse/workspace/headlessweb/tests/hweb/test_output.cpp" line="33" status="run" result="completed" time="0." timestamp="2025-07-26T16:51:10.119" classname="OutputTest" />
    <testcase name="ErrorOutputAlwaysShows" file="/home/bigattichouse/workspace/headlessweb/tests/hweb/test_output.cpp" line="40" status="run" result="completed" time="0." timestamp="2025-07-26T16:51:10.119" classname="OutputTest" />
    <testcase name="ModeGettersSetters" file="/home/bigattichouse/workspace/headlessweb/tests/hweb/test_output.cpp" line="47" status="run" result="completed" time="0." timestamp="2025-07-26T16:51:10.119" classname="OutputTest" />
    <testcase name="FormatErrorWithContext" file="/home/bigattichouse/workspace/headlessweb/tests/hweb/test_output.cpp" line="58" status="run" result="completed" time="0." timestamp="2025-07-26T16:51:10.119" classname="OutputTest" />
    <testcase name="FormatErrorInJsonMode" file="/home/bigattichouse/workspace/headlessweb/tests/hweb/test_output.cpp" line="64" status="run" result="completed" time="0." timestamp="2025-07-26T16:51:10.119" classname="OutputTest" />
  </testsuite>
  <testsuite name="ConfigParserTest" tests="8" failures="0" disabled="0" skipped="0" errors="0" time="0." timestamp="2025-07-26T16:51:10.119">
    <testcase name="ParseBasicOptions" file="/home/bigattichouse/workspace/headlessweb/tests/hweb/test_config_parser.cpp" line="9" status="run" result="completed" time="0." timestamp="2025-07-26T16:51:10.119" classname="ConfigParserTest" />
    <testcase name="ParseBrowserWidth" file="/home/bigattichouse/workspace/headlessweb/tests/hweb/test_config_parser.cpp" line="22" status="run" result="completed" time="0." timestamp="2025-07-26T16:51:10.119" classname="ConfigParserTest" />
    <testcase name="ParseFormInteractionCommands" file="/home/bigattichouse/workspace/headlessweb/tests/hweb/test_config_parser.cpp" line="30" status="run" result="completed" time="0." timestamp="2025-07-26T16:51:10.119" classname="ConfigParserTest" />
    <testcase name="ParseNavigationCommands" file="/home/bigattichouse/workspace/headlessweb/tests/hweb/test_config_parser.cpp" line="61" status="run" result="completed" time="0." timestamp="2025-07-26T16:51:10.119" classname="ConfigParserTest" />
    <testcase name="ParseDataExtractionCommands" file="/home/bigattichouse/workspace/headlessweb/tests/hweb/test_config_parser.cpp" line="72" status="run" result="completed" time="0." timestamp="2025-07-26T16:51:10.119" classname="ConfigParserTest" />
    <testcase name="ParseAdvancedWaitCommands" file="/home/bigattichouse/workspace/headlessweb/tests/hweb/test_config_parser.cpp" line="102" status="run" result="completed" time="0." timestamp="2025-07-26T16:51:10.119" classname="ConfigParserTest" />
    <testcase name="ParseFileOperationSettings" file="/home/bigattichouse/workspace/headlessweb/tests/hweb/test_config_parser.cpp" line="128" status="run" result="completed" time="0." timestamp="2025-07-26T16:51:10.119" classname="ConfigParserTest" />
    <testcase name="ParseAssertionCommands" file="/home/bigattichouse/workspace/headlessweb/tests/hweb/test_config_parser.cpp" line="145" status="run" result="completed" time="0." timestamp="2025-07-26T16:51:10.119" classname="ConfigParserTest" />
  </testsuite>
  <testsuite name="ManagerRegistryTest" tests="4" failures="0" disabled="0" skipped="0" errors="0" time="0." timestamp="2025-07-26T16:51:10.119">
    <testcase name="InitializationAndCleanup" file="/home/bigattichouse/workspace/headlessweb/tests/hweb/test_manager_registry.cpp" line="16" status="run" result="completed" time="0." timestamp="2025-07-26T16:51:10.119" classname="ManagerRegistryTest" />
    <testcase name="ManagerAccess" file="/home/bigattichouse/workspace/headlessweb/tests/hweb/test_manager_registry.cpp" line="26" status="run" result="completed" time="0." timestamp="2025-07-26T16:51:10.119" classname="ManagerRegistryTest" />
    <testcase name="AccessWithoutInitializationThrows" file="/home/bigattichouse/workspace/headlessweb/tests/hweb/test_manager_registry.cpp" line="42" status="run" result="completed" time="0." timestamp="2025-07-26T16:51:10.119" classname="ManagerRegistryTest" />
    <testcase name="MultipleInitializationsAreHandled" file="/home/bigattichouse/workspace/headlessweb/tests/hweb/test_manager_registry.cpp" line="48" status="run" result="completed" time="0." timestamp="2025-07-26T16:51:10.119" classname="ManagerRegistryTest" />
  </testsuite>
  <testsuite name="NavigationServiceTest" tests="4" failures="0" disabled="0" skipped="0" errors="0" time="0." timestamp="2025-07-26T16:51:10.119">
    <testcase name="DetermineNavigationStrategy" file="/home/bigattichouse/workspace/headlessweb/tests/hweb/test_navigation_service.cpp" line="9" status="run" result="completed" time="0." timestamp="2025-07-26T16:51:10.119" classname="NavigationServiceTest" />
    <testcase name="CreateNavigationPlan" file="/home/bigattichouse/workspace/headlessweb/tests/hweb/test_navigation_service.cpp" line="44" status="run" result="completed" time="0." timestamp="2025-07-26T16:51:10.120" classname="NavigationServiceTest" />
    <testcase name="CreateNavigationPlanForSessionRestore" file="/home/bigattichouse/workspace/headlessweb/tests/hweb/test_navigation_service.cpp" line="58" status="run" result="completed" time="0." timestamp="2025-07-26T16:51:10.120" classname="NavigationServiceTest" />
[...]
      <failure message="/home/bigattichouse/workspace/headlessweb/tests/browser/test_browser_advanced_form_operations.cpp:789&#x0A;Expected equality of these values:&#x0A;  field_count&#x0A;    Which is: 0&#x0A;  20&#x0A;" type=""><![CDATA[/home/bigattichouse/workspace/headlessweb/tests/browser/test_browser_advanced_form_operations.cpp:789
Expected equality of these values:
  field_count
    Which is: 0
  20
]]></failure>
      <failure message="/home/bigattichouse/workspace/headlessweb/tests/browser/test_browser_advanced_form_operations.cpp:794&#x0A;Expected equality of these values:&#x0A;  value&#x0A;    Which is: &quot;&quot;&#x0A;  &quot;performance test&quot;&#x0A;" type=""><![CDATA[/home/bigattichouse/workspace/headlessweb/tests/browser/test_browser_advanced_form_operations.cpp:794
Expected equality of these values:
  value
    Which is: ""
  "performance test"
]]></failure>
    </testcase>
    <testcase name="Performance_RapidFormNavigation" file="/home/bigattichouse/workspace/headlessweb/tests/browser/test_browser_advanced_form_operations.cpp" line="797" status="run" result="completed" time="2.276" timestamp="2025-07-26T16:58:10.899" classname="BrowserAdvancedFormOperationsTest" />
  </testsuite>
  <testsuite name="BrowserFileOpsIntegrationTest" tests="13" failures="6" disabled="0" skipped="0" errors="0" time="32.444" timestamp="2025-07-26T16:58:13.176">
    <testcase name="SessionPersistsFileUploadState" file="/home/bigattichouse/workspace/headlessweb/tests/integration/test_browser_fileops_integration.cpp" line="279" status="run" result="completed" time="2.62" timestamp="2025-07-26T16:58:13.176" classname="BrowserFileOpsIntegrationTest" />
    <testcase name="SessionRestoresFileOperationState" file="/home/bigattichouse/workspace/headlessweb/tests/integration/test_browser_fileops_integration.cpp" line="345" status="run" result="completed" time="6.238" timestamp="2025-07-26T16:58:15.796" classname="BrowserFileOpsIntegrationTest">
      <failure message="/home/bigattichouse/workspace/headlessweb/tests/integration/test_browser_fileops_integration.cpp:372&#x0A;Expected equality of these values:&#x0A;  selectedFiles&#x0A;    Which is: &quot;None&quot;&#x0A;  &quot;restored_file.txt&quot;&#x0A;" type=""><![CDATA[/home/bigattichouse/workspace/headlessweb/tests/integration/test_browser_fileops_integration.cpp:372
Expected equality of these values:
  selectedFiles
    Which is: "None"
  "restored_file.txt"
]]></failure>
      <failure message="/home/bigattichouse/workspace/headlessweb/tests/integration/test_browser_fileops_integration.cpp:373&#x0A;Expected equality of these values:&#x0A;  uploadProgress&#x0A;    Which is: &quot;0%&quot;&#x0A;  &quot;75%&quot;&#x0A;" type=""><![CDATA[/home/bigattichouse/workspace/headlessweb/tests/integration/test_browser_fileops_integration.cpp:373
Expected equality of these values:
  uploadProgress
    Which is: "0%"
  "75%"
]]></failure>
      <failure message="/home/bigattichouse/workspace/headlessweb/tests/integration/test_browser_fileops_integration.cpp:374&#x0A;Expected equality of these values:&#x0A;  lastAction&#x0A;    Which is: &quot;none&quot;&#x0A;  &quot;upload_in_progress&quot;&#x0A;" type=""><![CDATA[/home/bigattichouse/workspace/headlessweb/tests/integration/test_browser_fileops_integration.cpp:374
Expected equality of these values:
  lastAction
    Which is: "none"
  "upload_in_progress"
]]></failure>
    </testcase>
    <testcase name="FileUploadFormStateIntegration" file="/home/bigattichouse/workspace/headlessweb/tests/integration/test_browser_fileops_integration.cpp" line="377" status="run" result="completed" time="1.419" timestamp="2025-07-26T16:58:22.035" classname="BrowserFileOpsIntegrationTest" />
    <testcase name="DownloadOperationWithSessionTracking" file="/home/bigattichouse/workspace/headlessweb/tests/integration/test_browser_fileops_integration.cpp" line="404" status="run" result="completed" time="2.622" timestamp="2025-07-26T16:58:23.454" classname="BrowserFileOpsIntegrationTest">
      <failure message="/home/bigattichouse/workspace/headlessweb/tests/integration/test_browser_fileops_integration.cpp:411&#x0A;Expected: (downloadStatus.find(&quot;test_file.txt&quot;)) != (std::string::npos), actual: 18446744073709551615 vs 18446744073709551615&#x0A;" type=""><![CDATA[/home/bigattichouse/workspace/headlessweb/tests/integration/test_browser_fileops_integration.cpp:411
Expected: (downloadStatus.find("test_file.txt")) != (std::string::npos), actual: 18446744073709551615 vs 18446744073709551615
]]></failure>
      <failure message="/home/bigattichouse/workspace/headlessweb/tests/integration/test_browser_fileops_integration.cpp:428&#x0A;Expected: (status.find(&quot;test_file.txt&quot;)) != (std::string::npos), actual: 18446744073709551615 vs 18446744073709551615&#x0A;" type=""><![CDATA[/home/bigattichouse/workspace/headlessweb/tests/integration/test_browser_fileops_integration.cpp:428
Expected: (status.find("test_file.txt")) != (std::string::npos), actual: 18446744073709551615 vs 18446744073709551615
]]></failure>
    </testcase>
    <testcase name="UploadManagerWithBrowserIntegration" file="/home/bigattichouse/workspace/headlessweb/tests/integration/test_browser_fileops_integration.cpp" line="433" status="run" result="completed" time="1.009" timestamp="2025-07-26T16:58:26.077" classname="BrowserFileOpsIntegrationTest" />
    <testcase name="UploadManagerValidationIntegration" file="/home/bigattichouse/workspace/headlessweb/tests/integration/test_browser_fileops_integration.cpp" line="461" status="run" result="completed" time="1.009" timestamp="2025-07-26T16:58:27.086" classname="BrowserFileOpsIntegrationTest" />
    <testcase name="MultipleFileUploadIntegration" file="/home/bigattichouse/workspace/headlessweb/tests/integration/test_browser_fileops_integration.cpp" line="489" status="run" result="completed" time="1.014" timestamp="2025-07-26T16:58:28.096" classname="BrowserFileOpsIntegrationTest" />
    <testcase name="DownloadManagerBasicIntegration" file="/home/bigattichouse/workspace/headlessweb/tests/integration/test_browser_fileops_integration.cpp" line="520" status="run" result="completed" time="1.011" timestamp="2025-07-26T16:58:29.111" classname="BrowserFileOpsIntegrationTest" />
    <testcase name="DownloadWithBrowserTrigger" file="/home/bigattichouse/workspace/headlessweb/tests/integration/test_browser_fileops_integration.cpp" line="542" status="run" result="completed" time="2.106" timestamp="2025-07-26T16:58:30.123" classname="BrowserFileOpsIntegrationTest">
      <failure message="/home/bigattichouse/workspace/headlessweb/tests/integration/test_browser_fileops_integration.cpp:549&#x0A;Expected: (downloadStatus.find(&quot;Downloading&quot;)) != (std::string::npos), actual: 18446744073709551615 vs 18446744073709551615&#x0A;" type=""><![CDATA[/home/bigattichouse/workspace/headlessweb/tests/integration/test_browser_fileops_integration.cpp:549
Expected: (downloadStatus.find("Downloading")) != (std::string::npos), actual: 18446744073709551615 vs 18446744073709551615
]]></failure>
      <failure message="/home/bigattichouse/workspace/headlessweb/tests/integration/test_browser_fileops_integration.cpp:555&#x0A;Expected: (downloadStatus.find(&quot;complete&quot;)) != (std::string::npos), actual: 18446744073709551615 vs 18446744073709551615&#x0A;" type=""><![CDATA[/home/bigattichouse/workspace/headlessweb/tests/integration/test_browser_fileops_integration.cpp:555
Expected: (downloadStatus.find("complete")) != (std::string::npos), actual: 18446744073709551615 vs 18446744073709551615
]]></failure>
    </testcase>
    <testcase name="FileOperationStateInSession" file="/home/bigattichouse/workspace/headlessweb/tests/integration/test_browser_fileops_integration.cpp" line="560" status="run" result="completed" time="2.014" timestamp="2025-07-26T16:58:32.229" classname="BrowserFileOpsIntegrationTest">
      <failure message="/home/bigattichouse/workspace/headlessweb/tests/integration/test_browser_fileops_integration.cpp:590&#x0A;Value of: customState.isMember(&quot;downloads&quot;)&#x0A;  Actual: false&#x0A;Expected: true&#x0A;" type=""><![CDATA[/home/bigattichouse/workspace/headlessweb/tests/integration/test_browser_fileops_integration.cpp:590
Value of: customState.isMember("downloads")
  Actual: false
Expected: true
]]></failure>
      <failure message="/home/bigattichouse/workspace/headlessweb/tests/integration/test_browser_fileops_integration.cpp:603&#x0A;Value of: downloadsState.isNull()&#x0A;  Actual: true&#x0A;Expected: false&#x0A;" type=""><![CDATA[/home/bigattichouse/workspace/headlessweb/tests/integration/test_browser_fileops_integration.cpp:603
Value of: downloadsState.isNull()
  Actual: true
Expected: false
]]></failure>
    </testcase>
    <testcase name="CompleteFileOpsSessionWorkflow" file="/home/bigattichouse/workspace/headlessweb/tests/integration/test_browser_fileops_integration.cpp" line="606" status="run" result="completed" time="6.649" timestamp="2025-07-26T16:58:34.243" classname="BrowserFileOpsIntegrationTest">
      <failure message="/home/bigattichouse/workspace/headlessweb/tests/integration/test_browser_fileops_integration.cpp:639&#x0A;Expected equality of these values:&#x0A;  uploadStatus&#x0A;    Which is: &quot;&quot;&#x0A;  &quot;Workflow test completed&quot;&#x0A;" type=""><![CDATA[/home/bigattichouse/workspace/headlessweb/tests/integration/test_browser_fileops_integration.cpp:639
Expected equality of these values:
  uploadStatus
    Which is: ""
  "Workflow test completed"
]]></failure>
      <failure message="/home/bigattichouse/workspace/headlessweb/tests/integration/test_browser_fileops_integration.cpp:643&#x0A;Expected equality of these values:&#x0A;  x&#x0A;    Which is: 0&#x0A;  100&#x0A;" type=""><![CDATA[/home/bigattichouse/workspace/headlessweb/tests/integration/test_browser_fileops_integration.cpp:643
Expected equality of these values:
  x
    Which is: 0
  100
]]></failure>
      <failure message="/home/bigattichouse/workspace/headlessweb/tests/integration/test_browser_fileops_integration.cpp:644&#x0A;Expected equality of these values:&#x0A;  y&#x0A;    Which is: 0&#x0A;  150&#x0A;" type=""><![CDATA[/home/bigattichouse/workspace/headlessweb/tests/integration/test_browser_fileops_integration.cpp:644
Expected equality of these values:
  y
    Which is: 0
  150
]]></failure>
      <failure message="/home/bigattichouse/workspace/headlessweb/tests/integration/test_browser_fileops_integration.cpp:651&#x0A;Expected equality of these values:&#x0A;  lastAction&#x0A;    Which is: &quot;none&quot;&#x0A;  &quot;upload_complete&quot;&#x0A;" type=""><![CDATA[/home/bigattichouse/workspace/headlessweb/tests/integration/test_browser_fileops_integration.cpp:651
Expected equality of these values:
  lastAction
    Which is: "none"
  "upload_complete"
]]></failure>
      <failure message="/home/bigattichouse/workspace/headlessweb/tests/integration/test_browser_fileops_integration.cpp:654&#x0A;Expected equality of these values:&#x0A;  selectedFiles&#x0A;    Which is: &quot;None&quot;&#x0A;  &quot;workflow_test.txt&quot;&#x0A;" type=""><![CDATA[/home/bigattichouse/workspace/headlessweb/tests/integration/test_browser_fileops_integration.cpp:654
Expected equality of these values:
  selectedFiles
    Which is: "None"
  "workflow_test.txt"
]]></failure>
      <failure message="/home/bigattichouse/workspace/headlessweb/tests/integration/test_browser_fileops_integration.cpp:657&#x0A;Expected equality of these values:&#x0A;  progress&#x0A;    Which is: &quot;0%&quot;&#x0A;  &quot;100%&quot;&#x0A;" type=""><![CDATA[/home/bigattichouse/workspace/headlessweb/tests/integration/test_browser_fileops_integration.cpp:657
Expected equality of these values:
  progress
    Which is: "0%"
  "100%"
]]></failure>
    </testcase>
    <testcase name="FileOpsErrorHandlingIntegration" file="/home/bigattichouse/workspace/headlessweb/tests/integration/test_browser_fileops_integration.cpp" line="662" status="run" result="completed" time="2.517" timestamp="2025-07-26T16:58:40.893" classname="BrowserFileOpsIntegrationTest" />
    <testcase name="SessionHandlingWithFileOpsErrors" file="/home/bigattichouse/workspace/headlessweb/tests/integration/test_browser_fileops_integration.cpp" line="684" status="run" result="completed" time="2.209" timestamp="2025-07-26T16:58:43.410" classname="BrowserFileOpsIntegrationTest">
      <failure message="/home/bigattichouse/workspace/headlessweb/tests/integration/test_browser_fileops_integration.cpp:719&#x0A;Value of: errorLog.isArray()&#x0A;  Actual: false&#x0A;Expected: true&#x0A;" type=""><![CDATA[/home/bigattichouse/workspace/headlessweb/tests/integration/test_browser_fileops_integration.cpp:719
Value of: errorLog.isArray()
  Actual: false
Expected: true
]]></failure>
    </testcase>
  </testsuite>
  <testsuite name="ComplexWorkflowChainsTest" tests="7" failures="4" disabled="0" skipped="0" errors="0" time="22.618" timestamp="2025-07-26T16:58:45.620">
    <testcase name="ECommerceWorkflow_BrowseToCheckout" file="/home/bigattichouse/workspace/headlessweb/tests/integration/test_complex_workflow_chains.cpp" line="318" status="run" result="completed" time="3.38" timestamp="2025-07-26T16:58:45.620" classname="ComplexWorkflowChainsTest">
      <failure message="/home/bigattichouse/workspace/headlessweb/tests/integration/test_complex_workflow_chains.cpp:344&#x0A;Expected equality of these values:&#x0A;  cart_count&#x0A;    Which is: &quot;0&quot;&#x0A;  &quot;2&quot;&#x0A;" type=""><![CDATA[/home/bigattichouse/workspace/headlessweb/tests/integration/test_complex_workflow_chains.cpp:344
Expected equality of these values:
  cart_count
    Which is: "0"
  "2"
]]></failure>
      <failure message="/home/bigattichouse/workspace/headlessweb/tests/integration/test_complex_workflow_chains.cpp:353&#x0A;Value of: browser_-&gt;elementExists(&quot;#product-list&quot;)&#x0A;  Actual: true&#x0A;Expected: false&#x0A;" type=""><![CDATA[/home/bigattichouse/workspace/headlessweb/tests/integration/test_complex_workflow_chains.cpp:353
Value of: browser_->elementExists("#product-list")
  Actual: true
Expected: false
]]></failure>
      <failure message="/home/bigattichouse/workspace/headlessweb/tests/integration/test_complex_workflow_chains.cpp:368&#x0A;Value of: confirmation_text.find(&quot;Order #1 Confirmed!&quot;) != std::string::npos&#x0A;  Actual: false&#x0A;Expected: true&#x0A;" type=""><![CDATA[/home/bigattichouse/workspace/headlessweb/tests/integration/test_complex_workflow_chains.cpp:368
Value of: confirmation_text.find("Order #1 Confirmed!") != std::string::npos
  Actual: false
Expected: true
]]></failure>
      <failure message="/home/bigattichouse/workspace/headlessweb/tests/integration/test_complex_workflow_chains.cpp:369&#x0A;Value of: confirmation_text.find(&quot;Test Customer&quot;) != std::string::npos&#x0A;  Actual: false&#x0A;Expected: true&#x0A;" type=""><![CDATA[/home/bigattichouse/workspace/headlessweb/tests/integration/test_complex_workflow_chains.cpp:369
Value of: confirmation_text.find("Test Customer") != std::string::npos
  Actual: false
Expected: true
]]></failure>
    </testcase>
    <testcase name="ECommerceWorkflow_WithSessionPersistence" file="/home/bigattichouse/workspace/headlessweb/tests/integration/test_complex_workflow_chains.cpp" line="372" status="run" result="completed" time="5.777" timestamp="2025-07-26T16:58:49.000" classname="ComplexWorkflowChainsTest" />
    <testcase name="MultiPageNavigation_WithFormData" file="/home/bigattichouse/workspace/headlessweb/tests/integration/test_complex_workflow_chains.cpp" line="413" status="run" result="completed" time="3.065" timestamp="2025-07-26T16:58:54.778" classname="ComplexWorkflowChainsTest" />
    <testcase name="FileOperationWorkflow_UploadProcessDownload" file="/home/bigattichouse/workspace/headlessweb/tests/integration/test_complex_workflow_chains.cpp" line="522" status="run" result="completed" time="3.009" timestamp="2025-07-26T16:58:57.843" classname="ComplexWorkflowChainsTest">
      <failure message="/home/bigattichouse/workspace/headlessweb/tests/integration/test_complex_workflow_chains.cpp:615&#x0A;Value of: browser_-&gt;elementExists(&quot;#results&quot;)&#x0A;  Actual: false&#x0A;Expected: true&#x0A;" type=""><![CDATA[/home/bigattichouse/workspace/headlessweb/tests/integration/test_complex_workflow_chains.cpp:615
Value of: browser_->elementExists("#results")
  Actual: false
Expected: true
]]></failure>
      <failure message="/home/bigattichouse/workspace/headlessweb/tests/integration/test_complex_workflow_chains.cpp:617&#x0A;Value of: results_text.find(&quot;File processed successfully!&quot;) != std::string::npos&#x0A;  Actual: false&#x0A;Expected: true&#x0A;" type=""><![CDATA[/home/bigattichouse/workspace/headlessweb/tests/integration/test_complex_workflow_chains.cpp:617
Value of: results_text.find("File processed successfully!") != std::string::npos
  Actual: false
Expected: true
]]></failure>
      <failure message="/home/bigattichouse/workspace/headlessweb/tests/integration/test_complex_workflow_chains.cpp:622&#x0A;Value of: download_href.find(&quot;data:text/plain&quot;) != std::string::npos&#x0A;  Actual: false&#x0A;Expected: true&#x0A;" type=""><![CDATA[/home/bigattichouse/workspace/headlessweb/tests/integration/test_complex_workflow_chains.cpp:622
Value of: download_href.find("data:text/plain") != std::string::npos
  Actual: false
Expected: true
]]></failure>
    </testcase>
    <testcase name="ScreenshotSessionAssertionWorkflow" file="/home/bigattichouse/workspace/headlessweb/tests/integration/test_complex_workflow_chains.cpp" line="627" status="run" result="completed" time="4.492" timestamp="2025-07-26T16:59:00.853" classname="ComplexWorkflowChainsTest">
      <failure message="/home/bigattichouse/workspace/headlessweb/tests/integration/test_complex_workflow_chains.cpp:733&#x0A;Expected: (size1) != (size2), actual: 21686 vs 21686&#x0A;" type=""><![CDATA[/home/bigattichouse/workspace/headlessweb/tests/integration/test_complex_workflow_chains.cpp:733
Expected: (size1) != (size2), actual: 21686 vs 21686
]]></failure>
    </testcase>
    <testcase name="ErrorRecoveryWorkflow_NavigationFailureRecovery" file="/home/bigattichouse/workspace/headlessweb/tests/integration/test_complex_workflow_chains.cpp" line="738" status="run" result="completed" time="1.02" timestamp="2025-07-26T16:59:05.345" classname="ComplexWorkflowChainsTest" />
    <testcase name="PerformanceStressWorkflow_RapidOperations" file="/home/bigattichouse/workspace/headlessweb/tests/integration/test_complex_workflow_chains.cpp" line="790" status="run" result="completed" time="1.872" timestamp="2025-07-26T16:59:06.366" classname="ComplexWorkflowChainsTest">
      <failure message="/home/bigattichouse/workspace/headlessweb/tests/integration/test_complex_workflow_chains.cpp:834&#x0A;Value of: browser_-&gt;elementExists(&quot;#counter&quot;)&#x0A;  Actual: false&#x0A;Expected: true&#x0A;" type=""><![CDATA[/home/bigattichouse/workspace/headlessweb/tests/integration/test_complex_workflow_chains.cpp:834
Value of: browser_->elementExists("#counter")
  Actual: false
Expected: true
]]></failure>
      <failure message="/home/bigattichouse/workspace/headlessweb/tests/integration/test_complex_workflow_chains.cpp:848&#x0A;Expected equality of these values:&#x0A;  final_counter&#x0A;    Which is: &quot;0&quot;&#x0A;  std::to_string(num_operations)&#x0A;    Which is: &quot;50&quot;&#x0A;" type=""><![CDATA[/home/bigattichouse/workspace/headlessweb/tests/integration/test_complex_workflow_chains.cpp:848
Expected equality of these values:
  final_counter
    Which is: "0"
  std::to_string(num_operations)
    Which is: "50"
]]></failure>
    </testcase>
  </testsuite>
</testsuites>
